09-18-2015 10:14:31 autobot      INFO     ============================================================================================
09-18-2015 10:14:31 autobot      INFO     Test execution starts 18-Sep-2015 at 10:14:31 PDT
09-18-2015 10:14:31 autobot      INFO     Test execution based on autobot.cfg file.
09-18-2015 10:14:31 autobot      INFO     ============================================================================================
09-18-2015 10:14:31 autobot      INFO     Getting TestRail configuration.
09-18-2015 10:14:31 autobot      DEBUG    Will use TestRail at 'http://172.24.1.33/testrail' using 'qa-auto@connecteddata.com/automatethis'.
09-18-2015 10:14:31 autobot      INFO     Creating connection to the TestRail.
09-18-2015 10:14:31 autobot      INFO     ===> Test suite 'S360: AUTO: Graceful shutdown'.
09-18-2015 10:14:31 autobot      INFO     Starts at 18-Sep-2015 at 10:14:31 PDT
09-18-2015 10:14:31 autobot      INFO     Test suite 'S360 - AUTO: Graceful shutdown' has 1 test case.
09-18-2015 10:14:31 taTestbed    DEBUG    Will read information from config file 'S360.cfg'.
09-18-2015 10:14:31 taTestbed    INFO     Check availability of all testbed components.
09-18-2015 10:14:31 taTestbed    DEBUG    Getting testbed configuration.
09-18-2015 10:14:31 taTestbed    DEBUG    Will read list of targets.
09-18-2015 10:14:31 taTestbed    DEBUG    Found 2 targets.
09-18-2015 10:14:31 taTestbed    DEBUG    Target's list: ['auto-tfb30-01', 'auto-tfb15-01']
09-18-2015 10:14:31 taTestbed    DEBUG    Successfully got information about targets, to use in test suite.
09-18-2015 10:14:31 taTestbed    DEBUG    Will read list of clients.
09-18-2015 10:14:31 taTestbed    DEBUG    Found 1 client.
09-18-2015 10:14:31 taTestbed    DEBUG    Client's list: ['win7x64-01']
09-18-2015 10:14:31 taTestbed    DEBUG    Successfully got information about clients, to use in test suite.
09-18-2015 10:14:31 taTestbed    DEBUG    Will read list of users.
09-18-2015 10:14:31 taTestbed    DEBUG    Found 2 users.
09-18-2015 10:14:31 taTestbed    DEBUG    User's list: ['automation', 'auto-qa02']
09-18-2015 10:14:31 taTestbed    DEBUG    Successfully got information about users, to use in test suite.
09-18-2015 10:14:31 taClient     DEBUG    Will read information from config file 'win7x64-01.cfg'.
09-18-2015 10:14:31 taClient     DEBUG    Getting OS on 'win7x64-01'.
09-18-2015 10:14:32 taClient     DEBUG    Computer 'win7x64-01' (IP address 172.18.34.169) is running Windows.
09-18-2015 10:14:32 taClient     DEBUG    Check availability of client 'win7x64-01'.
09-18-2015 10:14:32 taClient     DEBUG    Getting OS on 'win7x64-01'.
09-18-2015 10:14:32 taClient     DEBUG    Computer 'win7x64-01' (IP address 172.18.34.169) is running Windows.
09-18-2015 10:14:32 taClient     INFO     Will get UUID for current user on 'win7x64-01'.
09-18-2015 10:14:32 taClient     DEBUG    Get current local user name.
09-18-2015 10:14:32 taClient     INFO     Check user name currently logged on 'win7x64-01'.
09-18-2015 10:14:32 taClient     DEBUG    Will use: 'automation'.
09-18-2015 10:14:32 taClient     DEBUG    Successfully connected to RPYC running on 'win7x64-01' over corporate IP '172.18.34.169'.
09-18-2015 10:14:32 taClient     DEBUG    Got Connected data account from 'C:\Users\automation\AppData\Roaming\Connected Data\configuration.ini'.
09-18-2015 10:14:32 taBackend    DEBUG    Attempt to get customer ID by account name.
09-18-2015 10:14:33 requests.packages.urllib3.connectionpool INFO     Starting new HTTPS connection (1): dws.connecteddata.com
09-18-2015 10:14:34 requests.packages.urllib3.connectionpool DEBUG    "GET /polcentral/v1_0/customers/auto1.org1/accountname HTTP/1.1" 200 133
09-18-2015 10:14:34 taClient     ERROR    Wrong UUID for customer 'auto1.org1'. CS responde '54c8041383b37d9136d465b9' instead of expected '55cd2aea62f16bd87d7e99aa'.
09-18-2015 10:14:34 taTestbed    ERROR    Client 'win7x64-01' is not available for test execution.
09-18-2015 10:14:34 autobot      ERROR    Testbed is not ready for execution tests from 'S360: AUTO: Graceful shutdown'.
09-18-2015 10:14:34 taTestbed    INFO     Attempt to bring testbed into default state.
09-18-2015 10:14:34 taTestbed    DEBUG    Getting testbed configuration.
09-18-2015 10:14:34 taTestbed    DEBUG    Will read list of targets.
09-18-2015 10:14:34 taTestbed    DEBUG    Found 2 targets.
09-18-2015 10:14:34 taTestbed    DEBUG    Target's list: ['auto-tfb30-01', 'auto-tfb15-01']
09-18-2015 10:14:34 taTestbed    DEBUG    Successfully got information about targets, to use in test suite.
09-18-2015 10:14:34 taTestbed    DEBUG    Will read list of clients.
09-18-2015 10:14:34 taTestbed    DEBUG    Found 1 client.
09-18-2015 10:14:34 taTestbed    DEBUG    Client's list: ['win7x64-01']
09-18-2015 10:14:34 taTestbed    DEBUG    Successfully got information about clients, to use in test suite.
09-18-2015 10:14:34 taTestbed    DEBUG    Will read list of users.
09-18-2015 10:14:34 taTestbed    DEBUG    Found 2 users.
09-18-2015 10:14:34 taTestbed    DEBUG    User's list: ['automation', 'auto-qa02']
09-18-2015 10:14:34 taTestbed    DEBUG    Successfully got information about users, to use in test suite.
09-18-2015 10:14:34 taClient     DEBUG    Will read information from config file 'win7x64-01.cfg'.
09-18-2015 10:14:34 taClient     DEBUG    Getting OS on 'win7x64-01'.
09-18-2015 10:14:34 taClient     DEBUG    Computer 'win7x64-01' (IP address 172.18.34.169) is running Windows.
09-18-2015 10:14:34 taClient     INFO     Attempt to set client according to config file.
09-18-2015 10:14:34 taClient     DEBUG    Disconnect all attached storages if any.
09-18-2015 10:14:34 taClient     INFO     Check and remove all network file systems attached to the client 'win7x64-01'.
09-18-2015 10:14:34 taClient     INFO     Checking for network file systems attached to the client 'win7x64-01'.
09-18-2015 10:14:34 taClient     DEBUG    Client 'win7x64-01' doesn't have any network file systems attached.
09-18-2015 10:14:34 taClient     DEBUG    All attacheg network storages should be already disconnected.
09-18-2015 10:14:34 taClient     DEBUG    Delete everything from Transporter directory.
09-18-2015 10:14:34 taClient     DEBUG    Will delete everything in Transporter folder
09-18-2015 10:14:35 taClient     DEBUG    Deleting AUTO_S358.
09-18-2015 10:14:35 taClient     DEBUG    Will delete everything in AUTO_S358
09-18-2015 10:14:35 taClient     DEBUG    auto_s358 does not exist.
09-18-2015 10:14:35 taClient     DEBUG    Deleting desktop.ini.
09-18-2015 10:14:35 taClient     DEBUG    Will delete everything in desktop.ini
09-18-2015 10:14:35 taClient     DEBUG    desktop.ini does not exist.
09-18-2015 10:14:35 taClient     DEBUG    Deleting vault.
09-18-2015 10:14:35 taClient     DEBUG    Will delete everything in vault
09-18-2015 10:14:35 taClient     DEBUG    vault does not exist.
09-18-2015 10:14:35 taClient     DEBUG    Everything should be already removed from Transporter directory.
09-18-2015 10:14:35 taTestbed    INFO     Client 'win7x64-01' was successfully reset.
09-18-2015 10:14:35 taTransporter DEBUG    Will read information from config file 'auto-tfb30-01.target'.
09-18-2015 10:14:35 taTransporter INFO     Attempt to bring TFB 'auto-tfb30-01' to default state.
09-18-2015 10:14:35 taTransporter DEBUG    Will wait for TFB 'auto-tfb30-01' to start SSH deamon.
09-18-2015 10:14:35 taTransporter DEBUG    Connecting with SSH to the host: '10.25.1.63' over port 2294.
09-18-2015 10:14:35 paramiko.transport DEBUG    starting thread (client mode): 0x4c71e50L
09-18-2015 10:14:35 paramiko.transport INFO     Connected (version 2.0, client OpenSSH_6.6.1p1)
09-18-2015 10:14:35 paramiko.transport DEBUG    kex algos:[u'curve25519-sha256@libssh.org', u'ecdh-sha2-nistp256', u'ecdh-sha2-nistp384', u'ecdh-sha2-nistp521', u'diffie-hellman-group-exchange-sha256', u'diffie-hellman-group-exchange-sha1', u'diffie-hellman-group14-sha1', u'diffie-hellman-group1-sha1'] server key:[u'ssh-rsa', u'ssh-dss', u'ecdsa-sha2-nistp256', u'ssh-ed25519'] client encrypt:[u'aes128-ctr', u'aes192-ctr', u'aes256-ctr', u'arcfour256', u'arcfour128', u'aes128-gcm@openssh.com', u'aes256-gcm@openssh.com', u'chacha20-poly1305@openssh.com', u'aes128-cbc', u'3des-cbc', u'blowfish-cbc', u'cast128-cbc', u'aes192-cbc', u'aes256-cbc', u'arcfour', u'rijndael-cbc@lysator.liu.se'] server encrypt:[u'aes128-ctr', u'aes192-ctr', u'aes256-ctr', u'arcfour256', u'arcfour128', u'aes128-gcm@openssh.com', u'aes256-gcm@openssh.com', u'chacha20-poly1305@openssh.com', u'aes128-cbc', u'3des-cbc', u'blowfish-cbc', u'cast128-cbc', u'aes192-cbc', u'aes256-cbc', u'arcfour', u'rijndael-cbc@lysator.liu.se'] client mac:[u'hmac-md5-etm@openssh.com', u'hmac-sha1-etm@openssh.com', u'umac-64-etm@openssh.com', u'umac-128-etm@openssh.com', u'hmac-sha2-256-etm@openssh.com', u'hmac-sha2-512-etm@openssh.com', u'hmac-ripemd160-etm@openssh.com', u'hmac-sha1-96-etm@openssh.com', u'hmac-md5-96-etm@openssh.com', u'hmac-md5', u'hmac-sha1', u'umac-64@openssh.com', u'umac-128@openssh.com', u'hmac-sha2-256', u'hmac-sha2-512', u'hmac-ripemd160', u'hmac-ripemd160@openssh.com', u'hmac-sha1-96', u'hmac-md5-96'] server mac:[u'hmac-md5-etm@openssh.com', u'hmac-sha1-etm@openssh.com', u'umac-64-etm@openssh.com', u'umac-128-etm@openssh.com', u'hmac-sha2-256-etm@openssh.com', u'hmac-sha2-512-etm@openssh.com', u'hmac-ripemd160-etm@openssh.com', u'hmac-sha1-96-etm@openssh.com', u'hmac-md5-96-etm@openssh.com', u'hmac-md5', u'hmac-sha1', u'umac-64@openssh.com', u'umac-128@openssh.com', u'hmac-sha2-256', u'hmac-sha2-512', u'hmac-ripemd160', u'hmac-ripemd160@openssh.com', u'hmac-sha1-96', u'hmac-md5-96'] client compress:[u'none', u'zlib@openssh.com'] server compress:[u'none', u'zlib@openssh.com'] client lang:[u''] server lang:[u''] kex follows?False
09-18-2015 10:14:35 paramiko.transport DEBUG    Ciphers agreed: local=aes128-ctr, remote=aes128-ctr
09-18-2015 10:14:35 paramiko.transport DEBUG    using kex diffie-hellman-group14-sha1; server key type ssh-rsa; cipher: local aes128-ctr, remote aes128-ctr; mac: local hmac-sha1, remote hmac-sha1; compression: local none, remote none
09-18-2015 10:14:35 paramiko.transport DEBUG    Switch to new keys ...
09-18-2015 10:14:35 paramiko.transport DEBUG    Adding ssh-rsa host key for [10.25.1.63]:2294: df188a0939a851e67390c874b2ec75a3
09-18-2015 10:14:35 paramiko.transport DEBUG    Trying SSH agent key 6d2ac6a9b80aec10f7e124fce99c24c9
09-18-2015 10:14:35 paramiko.transport DEBUG    userauth is OK
09-18-2015 10:14:36 paramiko.transport INFO     Authentication (publickey) failed.
09-18-2015 10:14:36 paramiko.transport DEBUG    userauth is OK
09-18-2015 10:14:36 paramiko.transport INFO     Authentication (password) successful!
09-18-2015 10:14:36 taTransporter DEBUG    Executing command 'hostname' on remote host.
09-18-2015 10:14:36 paramiko.transport DEBUG    [chan 0] Max packet in: 32768 bytes
09-18-2015 10:14:36 paramiko.transport DEBUG    [chan 0] Max packet out: 32768 bytes
09-18-2015 10:14:36 paramiko.transport DEBUG    Secsh channel 0 opened.
09-18-2015 10:14:36 paramiko.transport DEBUG    [chan 0] Sesch channel 0 request ok
09-18-2015 10:14:36 paramiko.transport DEBUG    [chan 0] Sesch channel 0 request ok
09-18-2015 10:14:36 paramiko.transport DEBUG    [chan 0] EOF received (0)
09-18-2015 10:14:36 taTransporter DEBUG    Device accessable over SSH. Response was tfb

09-18-2015 10:14:36 taTransporter DEBUG    Will wait for TFB 'auto-tfb30-01' to start replicator.
09-18-2015 10:14:36 taTransporter DEBUG    Will check process id for 'replicator' process on TFB 'auto-tfb30-01'.
09-18-2015 10:14:36 taTransporter DEBUG    Connecting with SSH to the host: '10.25.1.63' over port 2294.
09-18-2015 10:14:36 paramiko.transport DEBUG    starting thread (client mode): 0x4c9ded0L
09-18-2015 10:14:36 paramiko.transport INFO     Connected (version 2.0, client OpenSSH_6.6.1p1)
09-18-2015 10:14:36 paramiko.transport DEBUG    kex algos:[u'curve25519-sha256@libssh.org', u'ecdh-sha2-nistp256', u'ecdh-sha2-nistp384', u'ecdh-sha2-nistp521', u'diffie-hellman-group-exchange-sha256', u'diffie-hellman-group-exchange-sha1', u'diffie-hellman-group14-sha1', u'diffie-hellman-group1-sha1'] server key:[u'ssh-rsa', u'ssh-dss', u'ecdsa-sha2-nistp256', u'ssh-ed25519'] client encrypt:[u'aes128-ctr', u'aes192-ctr', u'aes256-ctr', u'arcfour256', u'arcfour128', u'aes128-gcm@openssh.com', u'aes256-gcm@openssh.com', u'chacha20-poly1305@openssh.com', u'aes128-cbc', u'3des-cbc', u'blowfish-cbc', u'cast128-cbc', u'aes192-cbc', u'aes256-cbc', u'arcfour', u'rijndael-cbc@lysator.liu.se'] server encrypt:[u'aes128-ctr', u'aes192-ctr', u'aes256-ctr', u'arcfour256', u'arcfour128', u'aes128-gcm@openssh.com', u'aes256-gcm@openssh.com', u'chacha20-poly1305@openssh.com', u'aes128-cbc', u'3des-cbc', u'blowfish-cbc', u'cast128-cbc', u'aes192-cbc', u'aes256-cbc', u'arcfour', u'rijndael-cbc@lysator.liu.se'] client mac:[u'hmac-md5-etm@openssh.com', u'hmac-sha1-etm@openssh.com', u'umac-64-etm@openssh.com', u'umac-128-etm@openssh.com', u'hmac-sha2-256-etm@openssh.com', u'hmac-sha2-512-etm@openssh.com', u'hmac-ripemd160-etm@openssh.com', u'hmac-sha1-96-etm@openssh.com', u'hmac-md5-96-etm@openssh.com', u'hmac-md5', u'hmac-sha1', u'umac-64@openssh.com', u'umac-128@openssh.com', u'hmac-sha2-256', u'hmac-sha2-512', u'hmac-ripemd160', u'hmac-ripemd160@openssh.com', u'hmac-sha1-96', u'hmac-md5-96'] server mac:[u'hmac-md5-etm@openssh.com', u'hmac-sha1-etm@openssh.com', u'umac-64-etm@openssh.com', u'umac-128-etm@openssh.com', u'hmac-sha2-256-etm@openssh.com', u'hmac-sha2-512-etm@openssh.com', u'hmac-ripemd160-etm@openssh.com', u'hmac-sha1-96-etm@openssh.com', u'hmac-md5-96-etm@openssh.com', u'hmac-md5', u'hmac-sha1', u'umac-64@openssh.com', u'umac-128@openssh.com', u'hmac-sha2-256', u'hmac-sha2-512', u'hmac-ripemd160', u'hmac-ripemd160@openssh.com', u'hmac-sha1-96', u'hmac-md5-96'] client compress:[u'none', u'zlib@openssh.com'] server compress:[u'none', u'zlib@openssh.com'] client lang:[u''] server lang:[u''] kex follows?False
09-18-2015 10:14:36 paramiko.transport DEBUG    Ciphers agreed: local=aes128-ctr, remote=aes128-ctr
09-18-2015 10:14:36 paramiko.transport DEBUG    using kex diffie-hellman-group14-sha1; server key type ssh-rsa; cipher: local aes128-ctr, remote aes128-ctr; mac: local hmac-sha1, remote hmac-sha1; compression: local none, remote none
09-18-2015 10:14:36 paramiko.transport DEBUG    Switch to new keys ...
09-18-2015 10:14:36 paramiko.transport DEBUG    Adding ssh-rsa host key for [10.25.1.63]:2294: df188a0939a851e67390c874b2ec75a3
09-18-2015 10:14:36 paramiko.transport DEBUG    Trying SSH agent key 6d2ac6a9b80aec10f7e124fce99c24c9
09-18-2015 10:14:36 paramiko.transport DEBUG    userauth is OK
09-18-2015 10:14:36 paramiko.transport INFO     Authentication (publickey) failed.
09-18-2015 10:14:36 paramiko.transport DEBUG    userauth is OK
09-18-2015 10:14:36 paramiko.transport INFO     Authentication (password) successful!
09-18-2015 10:14:36 taTransporter DEBUG    Executing command 'pidof replicator' on remote host.
09-18-2015 10:14:36 paramiko.transport DEBUG    [chan 0] Max packet in: 32768 bytes
09-18-2015 10:14:37 paramiko.transport DEBUG    [chan 0] Max packet out: 32768 bytes
09-18-2015 10:14:37 paramiko.transport DEBUG    Secsh channel 0 opened.
09-18-2015 10:14:37 paramiko.transport DEBUG    [chan 0] Sesch channel 0 request ok
09-18-2015 10:14:37 paramiko.transport DEBUG    [chan 0] Sesch channel 0 request ok
09-18-2015 10:14:37 paramiko.transport DEBUG    [chan 0] EOF received (0)
09-18-2015 10:14:37 taTransporter DEBUG    Replicator process is running. Process ID is 6783
09-18-2015 10:14:37 taTransporter DEBUG    Validate availability of TFB 'auto-tfb30-01'.
09-18-2015 10:14:37 taTransporter DEBUG    First of all check is replicator running.
09-18-2015 10:14:37 taTransporter DEBUG    Will check process id for 'replicator' process on TFB 'auto-tfb30-01'.
09-18-2015 10:14:37 taTransporter DEBUG    Connecting with SSH to the host: '10.25.1.63' over port 2294.
09-18-2015 10:14:37 paramiko.transport DEBUG    starting thread (client mode): 0x4c71c50L
09-18-2015 10:14:37 paramiko.transport INFO     Connected (version 2.0, client OpenSSH_6.6.1p1)
09-18-2015 10:14:37 paramiko.transport DEBUG    kex algos:[u'curve25519-sha256@libssh.org', u'ecdh-sha2-nistp256', u'ecdh-sha2-nistp384', u'ecdh-sha2-nistp521', u'diffie-hellman-group-exchange-sha256', u'diffie-hellman-group-exchange-sha1', u'diffie-hellman-group14-sha1', u'diffie-hellman-group1-sha1'] server key:[u'ssh-rsa', u'ssh-dss', u'ecdsa-sha2-nistp256', u'ssh-ed25519'] client encrypt:[u'aes128-ctr', u'aes192-ctr', u'aes256-ctr', u'arcfour256', u'arcfour128', u'aes128-gcm@openssh.com', u'aes256-gcm@openssh.com', u'chacha20-poly1305@openssh.com', u'aes128-cbc', u'3des-cbc', u'blowfish-cbc', u'cast128-cbc', u'aes192-cbc', u'aes256-cbc', u'arcfour', u'rijndael-cbc@lysator.liu.se'] server encrypt:[u'aes128-ctr', u'aes192-ctr', u'aes256-ctr', u'arcfour256', u'arcfour128', u'aes128-gcm@openssh.com', u'aes256-gcm@openssh.com', u'chacha20-poly1305@openssh.com', u'aes128-cbc', u'3des-cbc', u'blowfish-cbc', u'cast128-cbc', u'aes192-cbc', u'aes256-cbc', u'arcfour', u'rijndael-cbc@lysator.liu.se'] client mac:[u'hmac-md5-etm@openssh.com', u'hmac-sha1-etm@openssh.com', u'umac-64-etm@openssh.com', u'umac-128-etm@openssh.com', u'hmac-sha2-256-etm@openssh.com', u'hmac-sha2-512-etm@openssh.com', u'hmac-ripemd160-etm@openssh.com', u'hmac-sha1-96-etm@openssh.com', u'hmac-md5-96-etm@openssh.com', u'hmac-md5', u'hmac-sha1', u'umac-64@openssh.com', u'umac-128@openssh.com', u'hmac-sha2-256', u'hmac-sha2-512', u'hmac-ripemd160', u'hmac-ripemd160@openssh.com', u'hmac-sha1-96', u'hmac-md5-96'] server mac:[u'hmac-md5-etm@openssh.com', u'hmac-sha1-etm@openssh.com', u'umac-64-etm@openssh.com', u'umac-128-etm@openssh.com', u'hmac-sha2-256-etm@openssh.com', u'hmac-sha2-512-etm@openssh.com', u'hmac-ripemd160-etm@openssh.com', u'hmac-sha1-96-etm@openssh.com', u'hmac-md5-96-etm@openssh.com', u'hmac-md5', u'hmac-sha1', u'umac-64@openssh.com', u'umac-128@openssh.com', u'hmac-sha2-256', u'hmac-sha2-512', u'hmac-ripemd160', u'hmac-ripemd160@openssh.com', u'hmac-sha1-96', u'hmac-md5-96'] client compress:[u'none', u'zlib@openssh.com'] server compress:[u'none', u'zlib@openssh.com'] client lang:[u''] server lang:[u''] kex follows?False
09-18-2015 10:14:37 paramiko.transport DEBUG    Ciphers agreed: local=aes128-ctr, remote=aes128-ctr
09-18-2015 10:14:37 paramiko.transport DEBUG    using kex diffie-hellman-group14-sha1; server key type ssh-rsa; cipher: local aes128-ctr, remote aes128-ctr; mac: local hmac-sha1, remote hmac-sha1; compression: local none, remote none
09-18-2015 10:14:37 paramiko.transport DEBUG    Switch to new keys ...
09-18-2015 10:14:37 paramiko.transport DEBUG    Adding ssh-rsa host key for [10.25.1.63]:2294: df188a0939a851e67390c874b2ec75a3
09-18-2015 10:14:37 paramiko.transport DEBUG    Trying SSH agent key 6d2ac6a9b80aec10f7e124fce99c24c9
09-18-2015 10:14:37 paramiko.transport DEBUG    userauth is OK
09-18-2015 10:14:37 paramiko.transport INFO     Authentication (publickey) failed.
09-18-2015 10:14:37 paramiko.transport DEBUG    userauth is OK
09-18-2015 10:14:37 paramiko.transport INFO     Authentication (password) successful!
09-18-2015 10:14:37 taTransporter DEBUG    Executing command 'pidof replicator' on remote host.
09-18-2015 10:14:37 paramiko.transport DEBUG    [chan 0] Max packet in: 32768 bytes
09-18-2015 10:14:38 paramiko.transport DEBUG    [chan 0] Max packet out: 32768 bytes
09-18-2015 10:14:38 paramiko.transport DEBUG    Secsh channel 0 opened.
09-18-2015 10:14:38 paramiko.transport DEBUG    [chan 0] Sesch channel 0 request ok
09-18-2015 10:14:38 paramiko.transport DEBUG    [chan 0] Sesch channel 0 request ok
09-18-2015 10:14:38 paramiko.transport DEBUG    [chan 0] EOF received (0)
09-18-2015 10:14:38 taTransporter DEBUG    Got process ID for replicator: 6783.
09-18-2015 10:14:38 taTransporter DEBUG    Connecting with SSH to the host: '10.25.1.63' over port 2294.
09-18-2015 10:14:38 paramiko.transport DEBUG    starting thread (client mode): 0x4c9de50L
09-18-2015 10:14:38 paramiko.transport INFO     Connected (version 2.0, client OpenSSH_6.6.1p1)
09-18-2015 10:14:38 paramiko.transport DEBUG    kex algos:[u'curve25519-sha256@libssh.org', u'ecdh-sha2-nistp256', u'ecdh-sha2-nistp384', u'ecdh-sha2-nistp521', u'diffie-hellman-group-exchange-sha256', u'diffie-hellman-group-exchange-sha1', u'diffie-hellman-group14-sha1', u'diffie-hellman-group1-sha1'] server key:[u'ssh-rsa', u'ssh-dss', u'ecdsa-sha2-nistp256', u'ssh-ed25519'] client encrypt:[u'aes128-ctr', u'aes192-ctr', u'aes256-ctr', u'arcfour256', u'arcfour128', u'aes128-gcm@openssh.com', u'aes256-gcm@openssh.com', u'chacha20-poly1305@openssh.com', u'aes128-cbc', u'3des-cbc', u'blowfish-cbc', u'cast128-cbc', u'aes192-cbc', u'aes256-cbc', u'arcfour', u'rijndael-cbc@lysator.liu.se'] server encrypt:[u'aes128-ctr', u'aes192-ctr', u'aes256-ctr', u'arcfour256', u'arcfour128', u'aes128-gcm@openssh.com', u'aes256-gcm@openssh.com', u'chacha20-poly1305@openssh.com', u'aes128-cbc', u'3des-cbc', u'blowfish-cbc', u'cast128-cbc', u'aes192-cbc', u'aes256-cbc', u'arcfour', u'rijndael-cbc@lysator.liu.se'] client mac:[u'hmac-md5-etm@openssh.com', u'hmac-sha1-etm@openssh.com', u'umac-64-etm@openssh.com', u'umac-128-etm@openssh.com', u'hmac-sha2-256-etm@openssh.com', u'hmac-sha2-512-etm@openssh.com', u'hmac-ripemd160-etm@openssh.com', u'hmac-sha1-96-etm@openssh.com', u'hmac-md5-96-etm@openssh.com', u'hmac-md5', u'hmac-sha1', u'umac-64@openssh.com', u'umac-128@openssh.com', u'hmac-sha2-256', u'hmac-sha2-512', u'hmac-ripemd160', u'hmac-ripemd160@openssh.com', u'hmac-sha1-96', u'hmac-md5-96'] server mac:[u'hmac-md5-etm@openssh.com', u'hmac-sha1-etm@openssh.com', u'umac-64-etm@openssh.com', u'umac-128-etm@openssh.com', u'hmac-sha2-256-etm@openssh.com', u'hmac-sha2-512-etm@openssh.com', u'hmac-ripemd160-etm@openssh.com', u'hmac-sha1-96-etm@openssh.com', u'hmac-md5-96-etm@openssh.com', u'hmac-md5', u'hmac-sha1', u'umac-64@openssh.com', u'umac-128@openssh.com', u'hmac-sha2-256', u'hmac-sha2-512', u'hmac-ripemd160', u'hmac-ripemd160@openssh.com', u'hmac-sha1-96', u'hmac-md5-96'] client compress:[u'none', u'zlib@openssh.com'] server compress:[u'none', u'zlib@openssh.com'] client lang:[u''] server lang:[u''] kex follows?False
09-18-2015 10:14:38 paramiko.transport DEBUG    Ciphers agreed: local=aes128-ctr, remote=aes128-ctr
09-18-2015 10:14:38 paramiko.transport DEBUG    using kex diffie-hellman-group14-sha1; server key type ssh-rsa; cipher: local aes128-ctr, remote aes128-ctr; mac: local hmac-sha1, remote hmac-sha1; compression: local none, remote none
09-18-2015 10:14:38 paramiko.transport DEBUG    Switch to new keys ...
09-18-2015 10:14:38 paramiko.transport DEBUG    Adding ssh-rsa host key for [10.25.1.63]:2294: df188a0939a851e67390c874b2ec75a3
09-18-2015 10:14:38 paramiko.transport DEBUG    Trying SSH agent key 6d2ac6a9b80aec10f7e124fce99c24c9
09-18-2015 10:14:38 paramiko.transport DEBUG    userauth is OK
09-18-2015 10:14:38 paramiko.transport INFO     Authentication (publickey) failed.
09-18-2015 10:14:38 paramiko.transport DEBUG    userauth is OK
09-18-2015 10:14:38 paramiko.transport INFO     Authentication (password) successful!
09-18-2015 10:14:38 taTransporter DEBUG    Executing command 'cmd diag config' on remote host.
09-18-2015 10:14:38 paramiko.transport DEBUG    [chan 0] Max packet in: 32768 bytes
09-18-2015 10:14:39 paramiko.transport DEBUG    [chan 0] Max packet out: 32768 bytes
09-18-2015 10:14:39 paramiko.transport DEBUG    Secsh channel 0 opened.
09-18-2015 10:14:39 paramiko.transport DEBUG    [chan 0] Sesch channel 0 request ok
09-18-2015 10:14:39 paramiko.transport DEBUG    [chan 0] Sesch channel 0 request ok
09-18-2015 10:14:39 paramiko.transport DEBUG    [chan 0] EOF received (0)
09-18-2015 10:14:39 taTransporter DEBUG    Got expected result from command 'cmd diag config'.
09-18-2015 10:14:39 taTransporter DEBUG    Owner ID from 'diag config' retrived as '000000000000000000000000'.
09-18-2015 10:14:39 taTransporter DEBUG    Device 'auto-tfb30-01' is in default state.
09-18-2015 10:14:39 taTestbed    INFO     Target 'auto-tfb30-01' was successfully reset.
09-18-2015 10:14:39 taTransporter DEBUG    Will read information from config file 'auto-tfb15-01.target'.
09-18-2015 10:14:39 taTransporter INFO     Attempt to bring TFB 'auto-tfb15-01' to default state.
09-18-2015 10:14:39 taTransporter DEBUG    Will wait for TFB 'auto-tfb15-01' to start SSH deamon.
09-18-2015 10:14:39 taTransporter DEBUG    Connecting with SSH to the host: '10.25.1.82' over port 2226.
09-18-2015 10:14:39 paramiko.transport DEBUG    starting thread (client mode): 0x4c71dd0L
09-18-2015 10:14:39 paramiko.transport INFO     Connected (version 2.0, client OpenSSH_6.6.1p1)
09-18-2015 10:14:39 paramiko.transport DEBUG    kex algos:[u'curve25519-sha256@libssh.org', u'ecdh-sha2-nistp256', u'ecdh-sha2-nistp384', u'ecdh-sha2-nistp521', u'diffie-hellman-group-exchange-sha256', u'diffie-hellman-group-exchange-sha1', u'diffie-hellman-group14-sha1', u'diffie-hellman-group1-sha1'] server key:[u'ssh-rsa', u'ssh-dss', u'ecdsa-sha2-nistp256', u'ssh-ed25519'] client encrypt:[u'aes128-ctr', u'aes192-ctr', u'aes256-ctr', u'arcfour256', u'arcfour128', u'aes128-gcm@openssh.com', u'aes256-gcm@openssh.com', u'chacha20-poly1305@openssh.com', u'aes128-cbc', u'3des-cbc', u'blowfish-cbc', u'cast128-cbc', u'aes192-cbc', u'aes256-cbc', u'arcfour', u'rijndael-cbc@lysator.liu.se'] server encrypt:[u'aes128-ctr', u'aes192-ctr', u'aes256-ctr', u'arcfour256', u'arcfour128', u'aes128-gcm@openssh.com', u'aes256-gcm@openssh.com', u'chacha20-poly1305@openssh.com', u'aes128-cbc', u'3des-cbc', u'blowfish-cbc', u'cast128-cbc', u'aes192-cbc', u'aes256-cbc', u'arcfour', u'rijndael-cbc@lysator.liu.se'] client mac:[u'hmac-md5-etm@openssh.com', u'hmac-sha1-etm@openssh.com', u'umac-64-etm@openssh.com', u'umac-128-etm@openssh.com', u'hmac-sha2-256-etm@openssh.com', u'hmac-sha2-512-etm@openssh.com', u'hmac-ripemd160-etm@openssh.com', u'hmac-sha1-96-etm@openssh.com', u'hmac-md5-96-etm@openssh.com', u'hmac-md5', u'hmac-sha1', u'umac-64@openssh.com', u'umac-128@openssh.com', u'hmac-sha2-256', u'hmac-sha2-512', u'hmac-ripemd160', u'hmac-ripemd160@openssh.com', u'hmac-sha1-96', u'hmac-md5-96'] server mac:[u'hmac-md5-etm@openssh.com', u'hmac-sha1-etm@openssh.com', u'umac-64-etm@openssh.com', u'umac-128-etm@openssh.com', u'hmac-sha2-256-etm@openssh.com', u'hmac-sha2-512-etm@openssh.com', u'hmac-ripemd160-etm@openssh.com', u'hmac-sha1-96-etm@openssh.com', u'hmac-md5-96-etm@openssh.com', u'hmac-md5', u'hmac-sha1', u'umac-64@openssh.com', u'umac-128@openssh.com', u'hmac-sha2-256', u'hmac-sha2-512', u'hmac-ripemd160', u'hmac-ripemd160@openssh.com', u'hmac-sha1-96', u'hmac-md5-96'] client compress:[u'none', u'zlib@openssh.com'] server compress:[u'none', u'zlib@openssh.com'] client lang:[u''] server lang:[u''] kex follows?False
09-18-2015 10:14:39 paramiko.transport DEBUG    Ciphers agreed: local=aes128-ctr, remote=aes128-ctr
09-18-2015 10:14:39 paramiko.transport DEBUG    using kex diffie-hellman-group14-sha1; server key type ssh-rsa; cipher: local aes128-ctr, remote aes128-ctr; mac: local hmac-sha1, remote hmac-sha1; compression: local none, remote none
09-18-2015 10:14:39 paramiko.transport DEBUG    Switch to new keys ...
09-18-2015 10:14:39 paramiko.transport DEBUG    Adding ssh-rsa host key for [10.25.1.82]:2226: a88cef8821fe42edfa76b9c49aa2e6a2
09-18-2015 10:14:39 paramiko.transport DEBUG    Trying SSH agent key 6d2ac6a9b80aec10f7e124fce99c24c9
09-18-2015 10:14:39 paramiko.transport DEBUG    userauth is OK
09-18-2015 10:14:39 paramiko.transport INFO     Authentication (publickey) failed.
09-18-2015 10:14:39 paramiko.transport DEBUG    userauth is OK
09-18-2015 10:14:39 paramiko.transport INFO     Authentication (password) successful!
09-18-2015 10:14:39 taTransporter DEBUG    Executing command 'hostname' on remote host.
09-18-2015 10:14:39 paramiko.transport DEBUG    [chan 0] Max packet in: 32768 bytes
09-18-2015 10:14:44 paramiko.transport DEBUG    [chan 0] Max packet out: 32768 bytes
09-18-2015 10:14:44 paramiko.transport DEBUG    Secsh channel 0 opened.
09-18-2015 10:14:44 paramiko.transport DEBUG    [chan 0] Sesch channel 0 request ok
09-18-2015 10:14:44 paramiko.transport DEBUG    [chan 0] Sesch channel 0 request ok
09-18-2015 10:14:44 paramiko.transport DEBUG    [chan 0] EOF received (0)
09-18-2015 10:14:44 taTransporter DEBUG    Device accessable over SSH. Response was tfb

09-18-2015 10:14:44 taTransporter DEBUG    Will wait for TFB 'auto-tfb15-01' to start replicator.
09-18-2015 10:14:44 taTransporter DEBUG    Will check process id for 'replicator' process on TFB 'auto-tfb15-01'.
09-18-2015 10:14:44 taTransporter DEBUG    Connecting with SSH to the host: '10.25.1.82' over port 2226.
09-18-2015 10:14:44 paramiko.transport DEBUG    starting thread (client mode): 0x4f98110L
09-18-2015 10:14:44 paramiko.transport INFO     Connected (version 2.0, client OpenSSH_6.6.1p1)
09-18-2015 10:14:44 paramiko.transport DEBUG    kex algos:[u'curve25519-sha256@libssh.org', u'ecdh-sha2-nistp256', u'ecdh-sha2-nistp384', u'ecdh-sha2-nistp521', u'diffie-hellman-group-exchange-sha256', u'diffie-hellman-group-exchange-sha1', u'diffie-hellman-group14-sha1', u'diffie-hellman-group1-sha1'] server key:[u'ssh-rsa', u'ssh-dss', u'ecdsa-sha2-nistp256', u'ssh-ed25519'] client encrypt:[u'aes128-ctr', u'aes192-ctr', u'aes256-ctr', u'arcfour256', u'arcfour128', u'aes128-gcm@openssh.com', u'aes256-gcm@openssh.com', u'chacha20-poly1305@openssh.com', u'aes128-cbc', u'3des-cbc', u'blowfish-cbc', u'cast128-cbc', u'aes192-cbc', u'aes256-cbc', u'arcfour', u'rijndael-cbc@lysator.liu.se'] server encrypt:[u'aes128-ctr', u'aes192-ctr', u'aes256-ctr', u'arcfour256', u'arcfour128', u'aes128-gcm@openssh.com', u'aes256-gcm@openssh.com', u'chacha20-poly1305@openssh.com', u'aes128-cbc', u'3des-cbc', u'blowfish-cbc', u'cast128-cbc', u'aes192-cbc', u'aes256-cbc', u'arcfour', u'rijndael-cbc@lysator.liu.se'] client mac:[u'hmac-md5-etm@openssh.com', u'hmac-sha1-etm@openssh.com', u'umac-64-etm@openssh.com', u'umac-128-etm@openssh.com', u'hmac-sha2-256-etm@openssh.com', u'hmac-sha2-512-etm@openssh.com', u'hmac-ripemd160-etm@openssh.com', u'hmac-sha1-96-etm@openssh.com', u'hmac-md5-96-etm@openssh.com', u'hmac-md5', u'hmac-sha1', u'umac-64@openssh.com', u'umac-128@openssh.com', u'hmac-sha2-256', u'hmac-sha2-512', u'hmac-ripemd160', u'hmac-ripemd160@openssh.com', u'hmac-sha1-96', u'hmac-md5-96'] server mac:[u'hmac-md5-etm@openssh.com', u'hmac-sha1-etm@openssh.com', u'umac-64-etm@openssh.com', u'umac-128-etm@openssh.com', u'hmac-sha2-256-etm@openssh.com', u'hmac-sha2-512-etm@openssh.com', u'hmac-ripemd160-etm@openssh.com', u'hmac-sha1-96-etm@openssh.com', u'hmac-md5-96-etm@openssh.com', u'hmac-md5', u'hmac-sha1', u'umac-64@openssh.com', u'umac-128@openssh.com', u'hmac-sha2-256', u'hmac-sha2-512', u'hmac-ripemd160', u'hmac-ripemd160@openssh.com', u'hmac-sha1-96', u'hmac-md5-96'] client compress:[u'none', u'zlib@openssh.com'] server compress:[u'none', u'zlib@openssh.com'] client lang:[u''] server lang:[u''] kex follows?False
09-18-2015 10:14:44 paramiko.transport DEBUG    Ciphers agreed: local=aes128-ctr, remote=aes128-ctr
09-18-2015 10:14:44 paramiko.transport DEBUG    using kex diffie-hellman-group14-sha1; server key type ssh-rsa; cipher: local aes128-ctr, remote aes128-ctr; mac: local hmac-sha1, remote hmac-sha1; compression: local none, remote none
09-18-2015 10:14:44 paramiko.transport DEBUG    Switch to new keys ...
09-18-2015 10:14:44 paramiko.transport DEBUG    Adding ssh-rsa host key for [10.25.1.82]:2226: a88cef8821fe42edfa76b9c49aa2e6a2
09-18-2015 10:14:44 paramiko.transport DEBUG    Trying SSH agent key 6d2ac6a9b80aec10f7e124fce99c24c9
09-18-2015 10:14:44 paramiko.transport DEBUG    userauth is OK
09-18-2015 10:14:44 paramiko.transport INFO     Authentication (publickey) failed.
09-18-2015 10:14:44 paramiko.transport DEBUG    userauth is OK
09-18-2015 10:14:44 paramiko.transport INFO     Authentication (password) successful!
09-18-2015 10:14:44 taTransporter DEBUG    Executing command 'pidof replicator' on remote host.
09-18-2015 10:14:44 paramiko.transport DEBUG    [chan 0] Max packet in: 32768 bytes
09-18-2015 10:14:45 paramiko.transport DEBUG    [chan 0] Max packet out: 32768 bytes
09-18-2015 10:14:45 paramiko.transport DEBUG    Secsh channel 0 opened.
09-18-2015 10:14:45 paramiko.transport DEBUG    [chan 0] Sesch channel 0 request ok
09-18-2015 10:14:45 paramiko.transport DEBUG    [chan 0] Sesch channel 0 request ok
09-18-2015 10:14:45 paramiko.transport DEBUG    [chan 0] EOF received (0)
09-18-2015 10:14:45 taTransporter DEBUG    Replicator process is running. Process ID is 5346
09-18-2015 10:14:45 taTransporter DEBUG    Validate availability of TFB 'auto-tfb15-01'.
09-18-2015 10:14:45 taTransporter DEBUG    First of all check is replicator running.
09-18-2015 10:14:45 taTransporter DEBUG    Will check process id for 'replicator' process on TFB 'auto-tfb15-01'.
09-18-2015 10:14:45 taTransporter DEBUG    Connecting with SSH to the host: '10.25.1.82' over port 2226.
09-18-2015 10:14:45 paramiko.transport DEBUG    starting thread (client mode): 0x4c9ded0L
09-18-2015 10:14:45 paramiko.transport INFO     Connected (version 2.0, client OpenSSH_6.6.1p1)
09-18-2015 10:14:45 paramiko.transport DEBUG    kex algos:[u'curve25519-sha256@libssh.org', u'ecdh-sha2-nistp256', u'ecdh-sha2-nistp384', u'ecdh-sha2-nistp521', u'diffie-hellman-group-exchange-sha256', u'diffie-hellman-group-exchange-sha1', u'diffie-hellman-group14-sha1', u'diffie-hellman-group1-sha1'] server key:[u'ssh-rsa', u'ssh-dss', u'ecdsa-sha2-nistp256', u'ssh-ed25519'] client encrypt:[u'aes128-ctr', u'aes192-ctr', u'aes256-ctr', u'arcfour256', u'arcfour128', u'aes128-gcm@openssh.com', u'aes256-gcm@openssh.com', u'chacha20-poly1305@openssh.com', u'aes128-cbc', u'3des-cbc', u'blowfish-cbc', u'cast128-cbc', u'aes192-cbc', u'aes256-cbc', u'arcfour', u'rijndael-cbc@lysator.liu.se'] server encrypt:[u'aes128-ctr', u'aes192-ctr', u'aes256-ctr', u'arcfour256', u'arcfour128', u'aes128-gcm@openssh.com', u'aes256-gcm@openssh.com', u'chacha20-poly1305@openssh.com', u'aes128-cbc', u'3des-cbc', u'blowfish-cbc', u'cast128-cbc', u'aes192-cbc', u'aes256-cbc', u'arcfour', u'rijndael-cbc@lysator.liu.se'] client mac:[u'hmac-md5-etm@openssh.com', u'hmac-sha1-etm@openssh.com', u'umac-64-etm@openssh.com', u'umac-128-etm@openssh.com', u'hmac-sha2-256-etm@openssh.com', u'hmac-sha2-512-etm@openssh.com', u'hmac-ripemd160-etm@openssh.com', u'hmac-sha1-96-etm@openssh.com', u'hmac-md5-96-etm@openssh.com', u'hmac-md5', u'hmac-sha1', u'umac-64@openssh.com', u'umac-128@openssh.com', u'hmac-sha2-256', u'hmac-sha2-512', u'hmac-ripemd160', u'hmac-ripemd160@openssh.com', u'hmac-sha1-96', u'hmac-md5-96'] server mac:[u'hmac-md5-etm@openssh.com', u'hmac-sha1-etm@openssh.com', u'umac-64-etm@openssh.com', u'umac-128-etm@openssh.com', u'hmac-sha2-256-etm@openssh.com', u'hmac-sha2-512-etm@openssh.com', u'hmac-ripemd160-etm@openssh.com', u'hmac-sha1-96-etm@openssh.com', u'hmac-md5-96-etm@openssh.com', u'hmac-md5', u'hmac-sha1', u'umac-64@openssh.com', u'umac-128@openssh.com', u'hmac-sha2-256', u'hmac-sha2-512', u'hmac-ripemd160', u'hmac-ripemd160@openssh.com', u'hmac-sha1-96', u'hmac-md5-96'] client compress:[u'none', u'zlib@openssh.com'] server compress:[u'none', u'zlib@openssh.com'] client lang:[u''] server lang:[u''] kex follows?False
09-18-2015 10:14:45 paramiko.transport DEBUG    Ciphers agreed: local=aes128-ctr, remote=aes128-ctr
09-18-2015 10:14:45 paramiko.transport DEBUG    using kex diffie-hellman-group14-sha1; server key type ssh-rsa; cipher: local aes128-ctr, remote aes128-ctr; mac: local hmac-sha1, remote hmac-sha1; compression: local none, remote none
09-18-2015 10:14:45 paramiko.transport DEBUG    Switch to new keys ...
09-18-2015 10:14:45 paramiko.transport DEBUG    Adding ssh-rsa host key for [10.25.1.82]:2226: a88cef8821fe42edfa76b9c49aa2e6a2
09-18-2015 10:14:45 paramiko.transport DEBUG    Trying SSH agent key 6d2ac6a9b80aec10f7e124fce99c24c9
09-18-2015 10:14:45 paramiko.transport DEBUG    userauth is OK
09-18-2015 10:14:45 paramiko.transport INFO     Authentication (publickey) failed.
09-18-2015 10:14:45 paramiko.transport DEBUG    userauth is OK
09-18-2015 10:14:45 paramiko.transport INFO     Authentication (password) successful!
09-18-2015 10:14:45 taTransporter DEBUG    Executing command 'pidof replicator' on remote host.
09-18-2015 10:14:45 paramiko.transport DEBUG    [chan 0] Max packet in: 32768 bytes
09-18-2015 10:14:46 paramiko.transport DEBUG    [chan 0] Max packet out: 32768 bytes
09-18-2015 10:14:46 paramiko.transport DEBUG    Secsh channel 0 opened.
09-18-2015 10:14:46 paramiko.transport DEBUG    [chan 0] Sesch channel 0 request ok
09-18-2015 10:14:46 paramiko.transport DEBUG    [chan 0] Sesch channel 0 request ok
09-18-2015 10:14:46 paramiko.transport DEBUG    [chan 0] EOF received (0)
09-18-2015 10:14:46 taTransporter DEBUG    Got process ID for replicator: 5346.
09-18-2015 10:14:46 taTransporter DEBUG    Connecting with SSH to the host: '10.25.1.82' over port 2226.
09-18-2015 10:14:46 paramiko.transport DEBUG    starting thread (client mode): 0x4c9ded0L
09-18-2015 10:14:46 paramiko.transport INFO     Connected (version 2.0, client OpenSSH_6.6.1p1)
09-18-2015 10:14:46 paramiko.transport DEBUG    kex algos:[u'curve25519-sha256@libssh.org', u'ecdh-sha2-nistp256', u'ecdh-sha2-nistp384', u'ecdh-sha2-nistp521', u'diffie-hellman-group-exchange-sha256', u'diffie-hellman-group-exchange-sha1', u'diffie-hellman-group14-sha1', u'diffie-hellman-group1-sha1'] server key:[u'ssh-rsa', u'ssh-dss', u'ecdsa-sha2-nistp256', u'ssh-ed25519'] client encrypt:[u'aes128-ctr', u'aes192-ctr', u'aes256-ctr', u'arcfour256', u'arcfour128', u'aes128-gcm@openssh.com', u'aes256-gcm@openssh.com', u'chacha20-poly1305@openssh.com', u'aes128-cbc', u'3des-cbc', u'blowfish-cbc', u'cast128-cbc', u'aes192-cbc', u'aes256-cbc', u'arcfour', u'rijndael-cbc@lysator.liu.se'] server encrypt:[u'aes128-ctr', u'aes192-ctr', u'aes256-ctr', u'arcfour256', u'arcfour128', u'aes128-gcm@openssh.com', u'aes256-gcm@openssh.com', u'chacha20-poly1305@openssh.com', u'aes128-cbc', u'3des-cbc', u'blowfish-cbc', u'cast128-cbc', u'aes192-cbc', u'aes256-cbc', u'arcfour', u'rijndael-cbc@lysator.liu.se'] client mac:[u'hmac-md5-etm@openssh.com', u'hmac-sha1-etm@openssh.com', u'umac-64-etm@openssh.com', u'umac-128-etm@openssh.com', u'hmac-sha2-256-etm@openssh.com', u'hmac-sha2-512-etm@openssh.com', u'hmac-ripemd160-etm@openssh.com', u'hmac-sha1-96-etm@openssh.com', u'hmac-md5-96-etm@openssh.com', u'hmac-md5', u'hmac-sha1', u'umac-64@openssh.com', u'umac-128@openssh.com', u'hmac-sha2-256', u'hmac-sha2-512', u'hmac-ripemd160', u'hmac-ripemd160@openssh.com', u'hmac-sha1-96', u'hmac-md5-96'] server mac:[u'hmac-md5-etm@openssh.com', u'hmac-sha1-etm@openssh.com', u'umac-64-etm@openssh.com', u'umac-128-etm@openssh.com', u'hmac-sha2-256-etm@openssh.com', u'hmac-sha2-512-etm@openssh.com', u'hmac-ripemd160-etm@openssh.com', u'hmac-sha1-96-etm@openssh.com', u'hmac-md5-96-etm@openssh.com', u'hmac-md5', u'hmac-sha1', u'umac-64@openssh.com', u'umac-128@openssh.com', u'hmac-sha2-256', u'hmac-sha2-512', u'hmac-ripemd160', u'hmac-ripemd160@openssh.com', u'hmac-sha1-96', u'hmac-md5-96'] client compress:[u'none', u'zlib@openssh.com'] server compress:[u'none', u'zlib@openssh.com'] client lang:[u''] server lang:[u''] kex follows?False
09-18-2015 10:14:46 paramiko.transport DEBUG    Ciphers agreed: local=aes128-ctr, remote=aes128-ctr
09-18-2015 10:14:46 paramiko.transport DEBUG    using kex diffie-hellman-group14-sha1; server key type ssh-rsa; cipher: local aes128-ctr, remote aes128-ctr; mac: local hmac-sha1, remote hmac-sha1; compression: local none, remote none
09-18-2015 10:14:46 paramiko.transport DEBUG    Switch to new keys ...
09-18-2015 10:14:46 paramiko.transport DEBUG    Adding ssh-rsa host key for [10.25.1.82]:2226: a88cef8821fe42edfa76b9c49aa2e6a2
09-18-2015 10:14:46 paramiko.transport DEBUG    Trying SSH agent key 6d2ac6a9b80aec10f7e124fce99c24c9
09-18-2015 10:14:46 paramiko.transport DEBUG    userauth is OK
09-18-2015 10:14:46 paramiko.transport INFO     Authentication (publickey) failed.
09-18-2015 10:14:46 paramiko.transport DEBUG    userauth is OK
09-18-2015 10:14:46 paramiko.transport INFO     Authentication (password) successful!
09-18-2015 10:14:46 taTransporter DEBUG    Executing command 'cmd diag config' on remote host.
09-18-2015 10:14:46 paramiko.transport DEBUG    [chan 0] Max packet in: 32768 bytes
09-18-2015 10:14:47 paramiko.transport DEBUG    [chan 0] Max packet out: 32768 bytes
09-18-2015 10:14:47 paramiko.transport DEBUG    Secsh channel 0 opened.
09-18-2015 10:14:47 paramiko.transport DEBUG    [chan 0] Sesch channel 0 request ok
09-18-2015 10:14:47 paramiko.transport DEBUG    [chan 0] Sesch channel 0 request ok
09-18-2015 10:14:47 paramiko.transport DEBUG    [chan 0] EOF received (0)
09-18-2015 10:14:47 taTransporter DEBUG    Got expected result from command 'cmd diag config'.
09-18-2015 10:14:47 taTransporter DEBUG    Owner ID from 'diag config' retrived as '000000000000000000000000'.
09-18-2015 10:14:47 taTransporter DEBUG    Device 'auto-tfb15-01' is in default state.
09-18-2015 10:14:47 taTestbed    INFO     Target 'auto-tfb15-01' was successfully reset.
09-18-2015 10:15:47 taTestbed    INFO     Check availability of all testbed components.
09-18-2015 10:15:47 taTestbed    DEBUG    Getting testbed configuration.
09-18-2015 10:15:47 taTestbed    DEBUG    Will read list of targets.
09-18-2015 10:15:47 taTestbed    DEBUG    Found 2 targets.
09-18-2015 10:15:47 taTestbed    DEBUG    Target's list: ['auto-tfb30-01', 'auto-tfb15-01']
09-18-2015 10:15:47 taTestbed    DEBUG    Successfully got information about targets, to use in test suite.
09-18-2015 10:15:47 taTestbed    DEBUG    Will read list of clients.
09-18-2015 10:15:47 taTestbed    DEBUG    Found 1 client.
09-18-2015 10:15:47 taTestbed    DEBUG    Client's list: ['win7x64-01']
09-18-2015 10:15:47 taTestbed    DEBUG    Successfully got information about clients, to use in test suite.
09-18-2015 10:15:47 taTestbed    DEBUG    Will read list of users.
09-18-2015 10:15:47 taTestbed    DEBUG    Found 2 users.
09-18-2015 10:15:47 taTestbed    DEBUG    User's list: ['automation', 'auto-qa02']
09-18-2015 10:15:47 taTestbed    DEBUG    Successfully got information about users, to use in test suite.
09-18-2015 10:15:47 taClient     DEBUG    Will read information from config file 'win7x64-01.cfg'.
09-18-2015 10:15:47 taClient     DEBUG    Getting OS on 'win7x64-01'.
09-18-2015 10:15:47 taClient     DEBUG    Computer 'win7x64-01' (IP address 172.18.34.169) is running Windows.
09-18-2015 10:15:47 taClient     DEBUG    Check availability of client 'win7x64-01'.
09-18-2015 10:15:47 taClient     DEBUG    Getting OS on 'win7x64-01'.
09-18-2015 10:15:47 taClient     DEBUG    Computer 'win7x64-01' (IP address 172.18.34.169) is running Windows.
09-18-2015 10:15:47 taClient     INFO     Will get UUID for current user on 'win7x64-01'.
09-18-2015 10:15:47 taClient     DEBUG    Get current local user name.
09-18-2015 10:15:47 taClient     INFO     Check user name currently logged on 'win7x64-01'.
09-18-2015 10:15:48 taClient     DEBUG    Will use: 'automation'.
09-18-2015 10:15:48 taClient     DEBUG    Successfully connected to RPYC running on 'win7x64-01' over corporate IP '172.18.34.169'.
09-18-2015 10:15:48 taClient     DEBUG    Got Connected data account from 'C:\Users\automation\AppData\Roaming\Connected Data\configuration.ini'.
09-18-2015 10:15:48 taBackend    DEBUG    Attempt to get customer ID by account name.
09-18-2015 10:15:48 requests.packages.urllib3.connectionpool INFO     Starting new HTTPS connection (1): dws.connecteddata.com
09-18-2015 10:15:49 requests.packages.urllib3.connectionpool DEBUG    "GET /polcentral/v1_0/customers/auto1.org1/accountname HTTP/1.1" 200 133
09-18-2015 10:15:49 taClient     ERROR    Wrong UUID for customer 'auto1.org1'. CS responde '54c8041383b37d9136d465b9' instead of expected '55cd2aea62f16bd87d7e99aa'.
09-18-2015 10:15:49 taTestbed    ERROR    Client 'win7x64-01' is not available for test execution.
09-18-2015 10:15:49 autobot      ERROR    Testbed is not ready for execution tests from 'S360: AUTO: Graceful shutdown'.
09-18-2015 10:15:49 taTestbed    INFO     Attempt to bring testbed into default state.
09-18-2015 10:15:49 taTestbed    DEBUG    Getting testbed configuration.
09-18-2015 10:15:49 taTestbed    DEBUG    Will read list of targets.
09-18-2015 10:15:49 taTestbed    DEBUG    Found 2 targets.
09-18-2015 10:15:49 taTestbed    DEBUG    Target's list: ['auto-tfb30-01', 'auto-tfb15-01']
09-18-2015 10:15:49 taTestbed    DEBUG    Successfully got information about targets, to use in test suite.
09-18-2015 10:15:49 taTestbed    DEBUG    Will read list of clients.
09-18-2015 10:15:49 taTestbed    DEBUG    Found 1 client.
09-18-2015 10:15:49 taTestbed    DEBUG    Client's list: ['win7x64-01']
09-18-2015 10:15:49 taTestbed    DEBUG    Successfully got information about clients, to use in test suite.
09-18-2015 10:15:49 taTestbed    DEBUG    Will read list of users.
09-18-2015 10:15:49 taTestbed    DEBUG    Found 2 users.
09-18-2015 10:15:49 taTestbed    DEBUG    User's list: ['automation', 'auto-qa02']
09-18-2015 10:15:49 taTestbed    DEBUG    Successfully got information about users, to use in test suite.
09-18-2015 10:15:49 taClient     DEBUG    Will read information from config file 'win7x64-01.cfg'.
09-18-2015 10:15:49 taClient     DEBUG    Getting OS on 'win7x64-01'.
09-18-2015 10:15:49 taClient     DEBUG    Computer 'win7x64-01' (IP address 172.18.34.169) is running Windows.
09-18-2015 10:15:49 taClient     INFO     Attempt to set client according to config file.
09-18-2015 10:15:49 taClient     DEBUG    Disconnect all attached storages if any.
09-18-2015 10:15:49 taClient     INFO     Check and remove all network file systems attached to the client 'win7x64-01'.
09-18-2015 10:15:49 taClient     INFO     Checking for network file systems attached to the client 'win7x64-01'.
09-18-2015 10:15:50 taClient     DEBUG    Client 'win7x64-01' doesn't have any network file systems attached.
09-18-2015 10:15:50 taClient     DEBUG    All attacheg network storages should be already disconnected.
09-18-2015 10:15:50 taClient     DEBUG    Delete everything from Transporter directory.
09-18-2015 10:15:50 taClient     DEBUG    Will delete everything in Transporter folder
09-18-2015 10:15:50 taClient     DEBUG    Deleting AUTO_S358.
09-18-2015 10:15:50 taClient     DEBUG    Will delete everything in AUTO_S358
09-18-2015 10:15:50 taClient     DEBUG    auto_s358 does not exist.
09-18-2015 10:15:50 taClient     DEBUG    Deleting desktop.ini.
09-18-2015 10:15:50 taClient     DEBUG    Will delete everything in desktop.ini
09-18-2015 10:15:50 taClient     DEBUG    desktop.ini does not exist.
09-18-2015 10:15:50 taClient     DEBUG    Deleting vault.
09-18-2015 10:15:50 taClient     DEBUG    Will delete everything in vault
09-18-2015 10:15:51 taClient     DEBUG    vault does not exist.
09-18-2015 10:15:51 taClient     DEBUG    Everything should be already removed from Transporter directory.
09-18-2015 10:15:51 taTestbed    INFO     Client 'win7x64-01' was successfully reset.
09-18-2015 10:15:51 taTransporter DEBUG    Will read information from config file 'auto-tfb30-01.target'.
09-18-2015 10:15:51 taTransporter INFO     Attempt to bring TFB 'auto-tfb30-01' to default state.
09-18-2015 10:15:51 taTransporter DEBUG    Will wait for TFB 'auto-tfb30-01' to start SSH deamon.
09-18-2015 10:15:51 taTransporter DEBUG    Connecting with SSH to the host: '10.25.1.63' over port 2294.
09-18-2015 10:15:51 paramiko.transport DEBUG    starting thread (client mode): 0x4c9ded0L
09-18-2015 10:15:51 paramiko.transport INFO     Connected (version 2.0, client OpenSSH_6.6.1p1)
09-18-2015 10:15:51 paramiko.transport DEBUG    kex algos:[u'curve25519-sha256@libssh.org', u'ecdh-sha2-nistp256', u'ecdh-sha2-nistp384', u'ecdh-sha2-nistp521', u'diffie-hellman-group-exchange-sha256', u'diffie-hellman-group-exchange-sha1', u'diffie-hellman-group14-sha1', u'diffie-hellman-group1-sha1'] server key:[u'ssh-rsa', u'ssh-dss', u'ecdsa-sha2-nistp256', u'ssh-ed25519'] client encrypt:[u'aes128-ctr', u'aes192-ctr', u'aes256-ctr', u'arcfour256', u'arcfour128', u'aes128-gcm@openssh.com', u'aes256-gcm@openssh.com', u'chacha20-poly1305@openssh.com', u'aes128-cbc', u'3des-cbc', u'blowfish-cbc', u'cast128-cbc', u'aes192-cbc', u'aes256-cbc', u'arcfour', u'rijndael-cbc@lysator.liu.se'] server encrypt:[u'aes128-ctr', u'aes192-ctr', u'aes256-ctr', u'arcfour256', u'arcfour128', u'aes128-gcm@openssh.com', u'aes256-gcm@openssh.com', u'chacha20-poly1305@openssh.com', u'aes128-cbc', u'3des-cbc', u'blowfish-cbc', u'cast128-cbc', u'aes192-cbc', u'aes256-cbc', u'arcfour', u'rijndael-cbc@lysator.liu.se'] client mac:[u'hmac-md5-etm@openssh.com', u'hmac-sha1-etm@openssh.com', u'umac-64-etm@openssh.com', u'umac-128-etm@openssh.com', u'hmac-sha2-256-etm@openssh.com', u'hmac-sha2-512-etm@openssh.com', u'hmac-ripemd160-etm@openssh.com', u'hmac-sha1-96-etm@openssh.com', u'hmac-md5-96-etm@openssh.com', u'hmac-md5', u'hmac-sha1', u'umac-64@openssh.com', u'umac-128@openssh.com', u'hmac-sha2-256', u'hmac-sha2-512', u'hmac-ripemd160', u'hmac-ripemd160@openssh.com', u'hmac-sha1-96', u'hmac-md5-96'] server mac:[u'hmac-md5-etm@openssh.com', u'hmac-sha1-etm@openssh.com', u'umac-64-etm@openssh.com', u'umac-128-etm@openssh.com', u'hmac-sha2-256-etm@openssh.com', u'hmac-sha2-512-etm@openssh.com', u'hmac-ripemd160-etm@openssh.com', u'hmac-sha1-96-etm@openssh.com', u'hmac-md5-96-etm@openssh.com', u'hmac-md5', u'hmac-sha1', u'umac-64@openssh.com', u'umac-128@openssh.com', u'hmac-sha2-256', u'hmac-sha2-512', u'hmac-ripemd160', u'hmac-ripemd160@openssh.com', u'hmac-sha1-96', u'hmac-md5-96'] client compress:[u'none', u'zlib@openssh.com'] server compress:[u'none', u'zlib@openssh.com'] client lang:[u''] server lang:[u''] kex follows?False
09-18-2015 10:15:51 paramiko.transport DEBUG    Ciphers agreed: local=aes128-ctr, remote=aes128-ctr
09-18-2015 10:15:51 paramiko.transport DEBUG    using kex diffie-hellman-group14-sha1; server key type ssh-rsa; cipher: local aes128-ctr, remote aes128-ctr; mac: local hmac-sha1, remote hmac-sha1; compression: local none, remote none
09-18-2015 10:15:51 paramiko.transport DEBUG    Switch to new keys ...
09-18-2015 10:15:51 paramiko.transport DEBUG    Adding ssh-rsa host key for [10.25.1.63]:2294: df188a0939a851e67390c874b2ec75a3
09-18-2015 10:15:51 paramiko.transport DEBUG    Trying SSH agent key 6d2ac6a9b80aec10f7e124fce99c24c9
09-18-2015 10:15:51 paramiko.transport DEBUG    userauth is OK
09-18-2015 10:15:51 paramiko.transport INFO     Authentication (publickey) failed.
09-18-2015 10:15:51 paramiko.transport DEBUG    userauth is OK
09-18-2015 10:15:51 paramiko.transport INFO     Authentication (password) successful!
09-18-2015 10:15:51 taTransporter DEBUG    Executing command 'hostname' on remote host.
09-18-2015 10:15:51 paramiko.transport DEBUG    [chan 0] Max packet in: 32768 bytes
09-18-2015 10:15:51 paramiko.transport DEBUG    [chan 0] Max packet out: 32768 bytes
09-18-2015 10:15:51 paramiko.transport DEBUG    Secsh channel 0 opened.
09-18-2015 10:15:52 paramiko.transport DEBUG    [chan 0] Sesch channel 0 request ok
09-18-2015 10:15:52 paramiko.transport DEBUG    [chan 0] Sesch channel 0 request ok
09-18-2015 10:15:52 paramiko.transport DEBUG    [chan 0] EOF received (0)
09-18-2015 10:15:52 taTransporter DEBUG    Device accessable over SSH. Response was tfb

09-18-2015 10:15:52 taTransporter DEBUG    Will wait for TFB 'auto-tfb30-01' to start replicator.
09-18-2015 10:15:52 taTransporter DEBUG    Will check process id for 'replicator' process on TFB 'auto-tfb30-01'.
09-18-2015 10:15:52 taTransporter DEBUG    Connecting with SSH to the host: '10.25.1.63' over port 2294.
09-18-2015 10:15:52 paramiko.transport DEBUG    starting thread (client mode): 0x4fc3710L
09-18-2015 10:15:52 paramiko.transport INFO     Connected (version 2.0, client OpenSSH_6.6.1p1)
09-18-2015 10:15:52 paramiko.transport DEBUG    kex algos:[u'curve25519-sha256@libssh.org', u'ecdh-sha2-nistp256', u'ecdh-sha2-nistp384', u'ecdh-sha2-nistp521', u'diffie-hellman-group-exchange-sha256', u'diffie-hellman-group-exchange-sha1', u'diffie-hellman-group14-sha1', u'diffie-hellman-group1-sha1'] server key:[u'ssh-rsa', u'ssh-dss', u'ecdsa-sha2-nistp256', u'ssh-ed25519'] client encrypt:[u'aes128-ctr', u'aes192-ctr', u'aes256-ctr', u'arcfour256', u'arcfour128', u'aes128-gcm@openssh.com', u'aes256-gcm@openssh.com', u'chacha20-poly1305@openssh.com', u'aes128-cbc', u'3des-cbc', u'blowfish-cbc', u'cast128-cbc', u'aes192-cbc', u'aes256-cbc', u'arcfour', u'rijndael-cbc@lysator.liu.se'] server encrypt:[u'aes128-ctr', u'aes192-ctr', u'aes256-ctr', u'arcfour256', u'arcfour128', u'aes128-gcm@openssh.com', u'aes256-gcm@openssh.com', u'chacha20-poly1305@openssh.com', u'aes128-cbc', u'3des-cbc', u'blowfish-cbc', u'cast128-cbc', u'aes192-cbc', u'aes256-cbc', u'arcfour', u'rijndael-cbc@lysator.liu.se'] client mac:[u'hmac-md5-etm@openssh.com', u'hmac-sha1-etm@openssh.com', u'umac-64-etm@openssh.com', u'umac-128-etm@openssh.com', u'hmac-sha2-256-etm@openssh.com', u'hmac-sha2-512-etm@openssh.com', u'hmac-ripemd160-etm@openssh.com', u'hmac-sha1-96-etm@openssh.com', u'hmac-md5-96-etm@openssh.com', u'hmac-md5', u'hmac-sha1', u'umac-64@openssh.com', u'umac-128@openssh.com', u'hmac-sha2-256', u'hmac-sha2-512', u'hmac-ripemd160', u'hmac-ripemd160@openssh.com', u'hmac-sha1-96', u'hmac-md5-96'] server mac:[u'hmac-md5-etm@openssh.com', u'hmac-sha1-etm@openssh.com', u'umac-64-etm@openssh.com', u'umac-128-etm@openssh.com', u'hmac-sha2-256-etm@openssh.com', u'hmac-sha2-512-etm@openssh.com', u'hmac-ripemd160-etm@openssh.com', u'hmac-sha1-96-etm@openssh.com', u'hmac-md5-96-etm@openssh.com', u'hmac-md5', u'hmac-sha1', u'umac-64@openssh.com', u'umac-128@openssh.com', u'hmac-sha2-256', u'hmac-sha2-512', u'hmac-ripemd160', u'hmac-ripemd160@openssh.com', u'hmac-sha1-96', u'hmac-md5-96'] client compress:[u'none', u'zlib@openssh.com'] server compress:[u'none', u'zlib@openssh.com'] client lang:[u''] server lang:[u''] kex follows?False
09-18-2015 10:15:52 paramiko.transport DEBUG    Ciphers agreed: local=aes128-ctr, remote=aes128-ctr
09-18-2015 10:15:52 paramiko.transport DEBUG    using kex diffie-hellman-group14-sha1; server key type ssh-rsa; cipher: local aes128-ctr, remote aes128-ctr; mac: local hmac-sha1, remote hmac-sha1; compression: local none, remote none
09-18-2015 10:15:52 paramiko.transport DEBUG    Switch to new keys ...
09-18-2015 10:15:52 paramiko.transport DEBUG    Adding ssh-rsa host key for [10.25.1.63]:2294: df188a0939a851e67390c874b2ec75a3
09-18-2015 10:15:52 paramiko.transport DEBUG    Trying SSH agent key 6d2ac6a9b80aec10f7e124fce99c24c9
09-18-2015 10:15:52 paramiko.transport DEBUG    userauth is OK
09-18-2015 10:15:52 paramiko.transport INFO     Authentication (publickey) failed.
09-18-2015 10:15:52 paramiko.transport DEBUG    userauth is OK
09-18-2015 10:15:52 paramiko.transport INFO     Authentication (password) successful!
09-18-2015 10:15:52 taTransporter DEBUG    Executing command 'pidof replicator' on remote host.
09-18-2015 10:15:52 paramiko.transport DEBUG    [chan 0] Max packet in: 32768 bytes
09-18-2015 10:15:52 paramiko.transport DEBUG    [chan 0] Max packet out: 32768 bytes
09-18-2015 10:15:52 paramiko.transport DEBUG    Secsh channel 0 opened.
09-18-2015 10:15:52 paramiko.transport DEBUG    [chan 0] Sesch channel 0 request ok
09-18-2015 10:15:52 paramiko.transport DEBUG    [chan 0] Sesch channel 0 request ok
09-18-2015 10:15:52 paramiko.transport DEBUG    [chan 0] EOF received (0)
09-18-2015 10:15:52 taTransporter DEBUG    Replicator process is running. Process ID is 6783
09-18-2015 10:15:52 taTransporter DEBUG    Validate availability of TFB 'auto-tfb30-01'.
09-18-2015 10:15:52 taTransporter DEBUG    First of all check is replicator running.
09-18-2015 10:15:52 taTransporter DEBUG    Will check process id for 'replicator' process on TFB 'auto-tfb30-01'.
09-18-2015 10:15:52 taTransporter DEBUG    Connecting with SSH to the host: '10.25.1.63' over port 2294.
09-18-2015 10:15:52 paramiko.transport DEBUG    starting thread (client mode): 0x4f983d0L
09-18-2015 10:15:52 paramiko.transport INFO     Connected (version 2.0, client OpenSSH_6.6.1p1)
09-18-2015 10:15:52 paramiko.transport DEBUG    kex algos:[u'curve25519-sha256@libssh.org', u'ecdh-sha2-nistp256', u'ecdh-sha2-nistp384', u'ecdh-sha2-nistp521', u'diffie-hellman-group-exchange-sha256', u'diffie-hellman-group-exchange-sha1', u'diffie-hellman-group14-sha1', u'diffie-hellman-group1-sha1'] server key:[u'ssh-rsa', u'ssh-dss', u'ecdsa-sha2-nistp256', u'ssh-ed25519'] client encrypt:[u'aes128-ctr', u'aes192-ctr', u'aes256-ctr', u'arcfour256', u'arcfour128', u'aes128-gcm@openssh.com', u'aes256-gcm@openssh.com', u'chacha20-poly1305@openssh.com', u'aes128-cbc', u'3des-cbc', u'blowfish-cbc', u'cast128-cbc', u'aes192-cbc', u'aes256-cbc', u'arcfour', u'rijndael-cbc@lysator.liu.se'] server encrypt:[u'aes128-ctr', u'aes192-ctr', u'aes256-ctr', u'arcfour256', u'arcfour128', u'aes128-gcm@openssh.com', u'aes256-gcm@openssh.com', u'chacha20-poly1305@openssh.com', u'aes128-cbc', u'3des-cbc', u'blowfish-cbc', u'cast128-cbc', u'aes192-cbc', u'aes256-cbc', u'arcfour', u'rijndael-cbc@lysator.liu.se'] client mac:[u'hmac-md5-etm@openssh.com', u'hmac-sha1-etm@openssh.com', u'umac-64-etm@openssh.com', u'umac-128-etm@openssh.com', u'hmac-sha2-256-etm@openssh.com', u'hmac-sha2-512-etm@openssh.com', u'hmac-ripemd160-etm@openssh.com', u'hmac-sha1-96-etm@openssh.com', u'hmac-md5-96-etm@openssh.com', u'hmac-md5', u'hmac-sha1', u'umac-64@openssh.com', u'umac-128@openssh.com', u'hmac-sha2-256', u'hmac-sha2-512', u'hmac-ripemd160', u'hmac-ripemd160@openssh.com', u'hmac-sha1-96', u'hmac-md5-96'] server mac:[u'hmac-md5-etm@openssh.com', u'hmac-sha1-etm@openssh.com', u'umac-64-etm@openssh.com', u'umac-128-etm@openssh.com', u'hmac-sha2-256-etm@openssh.com', u'hmac-sha2-512-etm@openssh.com', u'hmac-ripemd160-etm@openssh.com', u'hmac-sha1-96-etm@openssh.com', u'hmac-md5-96-etm@openssh.com', u'hmac-md5', u'hmac-sha1', u'umac-64@openssh.com', u'umac-128@openssh.com', u'hmac-sha2-256', u'hmac-sha2-512', u'hmac-ripemd160', u'hmac-ripemd160@openssh.com', u'hmac-sha1-96', u'hmac-md5-96'] client compress:[u'none', u'zlib@openssh.com'] server compress:[u'none', u'zlib@openssh.com'] client lang:[u''] server lang:[u''] kex follows?False
09-18-2015 10:15:52 paramiko.transport DEBUG    Ciphers agreed: local=aes128-ctr, remote=aes128-ctr
09-18-2015 10:15:52 paramiko.transport DEBUG    using kex diffie-hellman-group14-sha1; server key type ssh-rsa; cipher: local aes128-ctr, remote aes128-ctr; mac: local hmac-sha1, remote hmac-sha1; compression: local none, remote none
09-18-2015 10:15:52 paramiko.transport DEBUG    Switch to new keys ...
09-18-2015 10:15:52 paramiko.transport DEBUG    Adding ssh-rsa host key for [10.25.1.63]:2294: df188a0939a851e67390c874b2ec75a3
09-18-2015 10:15:52 paramiko.transport DEBUG    Trying SSH agent key 6d2ac6a9b80aec10f7e124fce99c24c9
09-18-2015 10:15:52 paramiko.transport DEBUG    userauth is OK
09-18-2015 10:15:53 paramiko.transport INFO     Authentication (publickey) failed.
09-18-2015 10:15:53 paramiko.transport DEBUG    userauth is OK
09-18-2015 10:15:53 paramiko.transport INFO     Authentication (password) successful!
09-18-2015 10:15:53 taTransporter DEBUG    Executing command 'pidof replicator' on remote host.
09-18-2015 10:15:53 paramiko.transport DEBUG    [chan 0] Max packet in: 32768 bytes
09-18-2015 10:15:53 paramiko.transport DEBUG    [chan 0] Max packet out: 32768 bytes
09-18-2015 10:15:53 paramiko.transport DEBUG    Secsh channel 0 opened.
09-18-2015 10:15:53 paramiko.transport DEBUG    [chan 0] Sesch channel 0 request ok
09-18-2015 10:15:53 paramiko.transport DEBUG    [chan 0] Sesch channel 0 request ok
09-18-2015 10:15:53 paramiko.transport DEBUG    [chan 0] EOF received (0)
09-18-2015 10:15:53 taTransporter DEBUG    Got process ID for replicator: 6783.
09-18-2015 10:15:53 taTransporter DEBUG    Connecting with SSH to the host: '10.25.1.63' over port 2294.
09-18-2015 10:15:53 paramiko.transport DEBUG    starting thread (client mode): 0x4fc3390L
09-18-2015 10:15:53 paramiko.transport INFO     Connected (version 2.0, client OpenSSH_6.6.1p1)
09-18-2015 10:15:53 paramiko.transport DEBUG    kex algos:[u'curve25519-sha256@libssh.org', u'ecdh-sha2-nistp256', u'ecdh-sha2-nistp384', u'ecdh-sha2-nistp521', u'diffie-hellman-group-exchange-sha256', u'diffie-hellman-group-exchange-sha1', u'diffie-hellman-group14-sha1', u'diffie-hellman-group1-sha1'] server key:[u'ssh-rsa', u'ssh-dss', u'ecdsa-sha2-nistp256', u'ssh-ed25519'] client encrypt:[u'aes128-ctr', u'aes192-ctr', u'aes256-ctr', u'arcfour256', u'arcfour128', u'aes128-gcm@openssh.com', u'aes256-gcm@openssh.com', u'chacha20-poly1305@openssh.com', u'aes128-cbc', u'3des-cbc', u'blowfish-cbc', u'cast128-cbc', u'aes192-cbc', u'aes256-cbc', u'arcfour', u'rijndael-cbc@lysator.liu.se'] server encrypt:[u'aes128-ctr', u'aes192-ctr', u'aes256-ctr', u'arcfour256', u'arcfour128', u'aes128-gcm@openssh.com', u'aes256-gcm@openssh.com', u'chacha20-poly1305@openssh.com', u'aes128-cbc', u'3des-cbc', u'blowfish-cbc', u'cast128-cbc', u'aes192-cbc', u'aes256-cbc', u'arcfour', u'rijndael-cbc@lysator.liu.se'] client mac:[u'hmac-md5-etm@openssh.com', u'hmac-sha1-etm@openssh.com', u'umac-64-etm@openssh.com', u'umac-128-etm@openssh.com', u'hmac-sha2-256-etm@openssh.com', u'hmac-sha2-512-etm@openssh.com', u'hmac-ripemd160-etm@openssh.com', u'hmac-sha1-96-etm@openssh.com', u'hmac-md5-96-etm@openssh.com', u'hmac-md5', u'hmac-sha1', u'umac-64@openssh.com', u'umac-128@openssh.com', u'hmac-sha2-256', u'hmac-sha2-512', u'hmac-ripemd160', u'hmac-ripemd160@openssh.com', u'hmac-sha1-96', u'hmac-md5-96'] server mac:[u'hmac-md5-etm@openssh.com', u'hmac-sha1-etm@openssh.com', u'umac-64-etm@openssh.com', u'umac-128-etm@openssh.com', u'hmac-sha2-256-etm@openssh.com', u'hmac-sha2-512-etm@openssh.com', u'hmac-ripemd160-etm@openssh.com', u'hmac-sha1-96-etm@openssh.com', u'hmac-md5-96-etm@openssh.com', u'hmac-md5', u'hmac-sha1', u'umac-64@openssh.com', u'umac-128@openssh.com', u'hmac-sha2-256', u'hmac-sha2-512', u'hmac-ripemd160', u'hmac-ripemd160@openssh.com', u'hmac-sha1-96', u'hmac-md5-96'] client compress:[u'none', u'zlib@openssh.com'] server compress:[u'none', u'zlib@openssh.com'] client lang:[u''] server lang:[u''] kex follows?False
09-18-2015 10:15:53 paramiko.transport DEBUG    Ciphers agreed: local=aes128-ctr, remote=aes128-ctr
09-18-2015 10:15:53 paramiko.transport DEBUG    using kex diffie-hellman-group14-sha1; server key type ssh-rsa; cipher: local aes128-ctr, remote aes128-ctr; mac: local hmac-sha1, remote hmac-sha1; compression: local none, remote none
09-18-2015 10:15:53 paramiko.transport DEBUG    Switch to new keys ...
09-18-2015 10:15:53 paramiko.transport DEBUG    Adding ssh-rsa host key for [10.25.1.63]:2294: df188a0939a851e67390c874b2ec75a3
09-18-2015 10:15:53 paramiko.transport DEBUG    Trying SSH agent key 6d2ac6a9b80aec10f7e124fce99c24c9
09-18-2015 10:15:53 paramiko.transport DEBUG    userauth is OK
09-18-2015 10:15:53 paramiko.transport INFO     Authentication (publickey) failed.
09-18-2015 10:15:53 paramiko.transport DEBUG    userauth is OK
09-18-2015 10:15:53 paramiko.transport INFO     Authentication (password) successful!
09-18-2015 10:15:53 taTransporter DEBUG    Executing command 'cmd diag config' on remote host.
09-18-2015 10:15:53 paramiko.transport DEBUG    [chan 0] Max packet in: 32768 bytes
09-18-2015 10:15:54 paramiko.transport DEBUG    [chan 0] Max packet out: 32768 bytes
09-18-2015 10:15:54 paramiko.transport DEBUG    Secsh channel 0 opened.
09-18-2015 10:15:54 paramiko.transport DEBUG    [chan 0] Sesch channel 0 request ok
09-18-2015 10:15:54 paramiko.transport DEBUG    [chan 0] Sesch channel 0 request ok
09-18-2015 10:15:54 paramiko.transport DEBUG    [chan 0] EOF received (0)
09-18-2015 10:15:54 taTransporter DEBUG    Got expected result from command 'cmd diag config'.
09-18-2015 10:15:54 taTransporter DEBUG    Owner ID from 'diag config' retrived as '000000000000000000000000'.
09-18-2015 10:15:54 taTransporter DEBUG    Device 'auto-tfb30-01' is in default state.
09-18-2015 10:15:54 taTestbed    INFO     Target 'auto-tfb30-01' was successfully reset.
09-18-2015 10:15:54 taTransporter DEBUG    Will read information from config file 'auto-tfb15-01.target'.
09-18-2015 10:15:54 taTransporter INFO     Attempt to bring TFB 'auto-tfb15-01' to default state.
09-18-2015 10:15:54 taTransporter DEBUG    Will wait for TFB 'auto-tfb15-01' to start SSH deamon.
09-18-2015 10:15:54 taTransporter DEBUG    Connecting with SSH to the host: '10.25.1.82' over port 2226.
09-18-2015 10:15:54 paramiko.transport DEBUG    starting thread (client mode): 0x4fc3d10L
09-18-2015 10:15:54 paramiko.transport INFO     Connected (version 2.0, client OpenSSH_6.6.1p1)
09-18-2015 10:15:54 paramiko.transport DEBUG    kex algos:[u'curve25519-sha256@libssh.org', u'ecdh-sha2-nistp256', u'ecdh-sha2-nistp384', u'ecdh-sha2-nistp521', u'diffie-hellman-group-exchange-sha256', u'diffie-hellman-group-exchange-sha1', u'diffie-hellman-group14-sha1', u'diffie-hellman-group1-sha1'] server key:[u'ssh-rsa', u'ssh-dss', u'ecdsa-sha2-nistp256', u'ssh-ed25519'] client encrypt:[u'aes128-ctr', u'aes192-ctr', u'aes256-ctr', u'arcfour256', u'arcfour128', u'aes128-gcm@openssh.com', u'aes256-gcm@openssh.com', u'chacha20-poly1305@openssh.com', u'aes128-cbc', u'3des-cbc', u'blowfish-cbc', u'cast128-cbc', u'aes192-cbc', u'aes256-cbc', u'arcfour', u'rijndael-cbc@lysator.liu.se'] server encrypt:[u'aes128-ctr', u'aes192-ctr', u'aes256-ctr', u'arcfour256', u'arcfour128', u'aes128-gcm@openssh.com', u'aes256-gcm@openssh.com', u'chacha20-poly1305@openssh.com', u'aes128-cbc', u'3des-cbc', u'blowfish-cbc', u'cast128-cbc', u'aes192-cbc', u'aes256-cbc', u'arcfour', u'rijndael-cbc@lysator.liu.se'] client mac:[u'hmac-md5-etm@openssh.com', u'hmac-sha1-etm@openssh.com', u'umac-64-etm@openssh.com', u'umac-128-etm@openssh.com', u'hmac-sha2-256-etm@openssh.com', u'hmac-sha2-512-etm@openssh.com', u'hmac-ripemd160-etm@openssh.com', u'hmac-sha1-96-etm@openssh.com', u'hmac-md5-96-etm@openssh.com', u'hmac-md5', u'hmac-sha1', u'umac-64@openssh.com', u'umac-128@openssh.com', u'hmac-sha2-256', u'hmac-sha2-512', u'hmac-ripemd160', u'hmac-ripemd160@openssh.com', u'hmac-sha1-96', u'hmac-md5-96'] server mac:[u'hmac-md5-etm@openssh.com', u'hmac-sha1-etm@openssh.com', u'umac-64-etm@openssh.com', u'umac-128-etm@openssh.com', u'hmac-sha2-256-etm@openssh.com', u'hmac-sha2-512-etm@openssh.com', u'hmac-ripemd160-etm@openssh.com', u'hmac-sha1-96-etm@openssh.com', u'hmac-md5-96-etm@openssh.com', u'hmac-md5', u'hmac-sha1', u'umac-64@openssh.com', u'umac-128@openssh.com', u'hmac-sha2-256', u'hmac-sha2-512', u'hmac-ripemd160', u'hmac-ripemd160@openssh.com', u'hmac-sha1-96', u'hmac-md5-96'] client compress:[u'none', u'zlib@openssh.com'] server compress:[u'none', u'zlib@openssh.com'] client lang:[u''] server lang:[u''] kex follows?False
09-18-2015 10:15:54 paramiko.transport DEBUG    Ciphers agreed: local=aes128-ctr, remote=aes128-ctr
09-18-2015 10:15:54 paramiko.transport DEBUG    using kex diffie-hellman-group14-sha1; server key type ssh-rsa; cipher: local aes128-ctr, remote aes128-ctr; mac: local hmac-sha1, remote hmac-sha1; compression: local none, remote none
09-18-2015 10:15:54 paramiko.transport DEBUG    Switch to new keys ...
09-18-2015 10:15:54 paramiko.transport DEBUG    Adding ssh-rsa host key for [10.25.1.82]:2226: a88cef8821fe42edfa76b9c49aa2e6a2
09-18-2015 10:15:54 paramiko.transport DEBUG    Trying SSH agent key 6d2ac6a9b80aec10f7e124fce99c24c9
09-18-2015 10:15:54 paramiko.transport DEBUG    userauth is OK
09-18-2015 10:15:54 paramiko.transport INFO     Authentication (publickey) failed.
09-18-2015 10:15:54 paramiko.transport DEBUG    userauth is OK
09-18-2015 10:15:54 paramiko.transport INFO     Authentication (password) successful!
09-18-2015 10:15:54 taTransporter DEBUG    Executing command 'hostname' on remote host.
09-18-2015 10:15:54 paramiko.transport DEBUG    [chan 0] Max packet in: 32768 bytes
09-18-2015 10:15:55 paramiko.transport DEBUG    [chan 0] Max packet out: 32768 bytes
09-18-2015 10:15:55 paramiko.transport DEBUG    Secsh channel 0 opened.
09-18-2015 10:15:55 paramiko.transport DEBUG    [chan 0] Sesch channel 0 request ok
09-18-2015 10:15:55 paramiko.transport DEBUG    [chan 0] Sesch channel 0 request ok
09-18-2015 10:15:55 paramiko.transport DEBUG    [chan 0] EOF received (0)
09-18-2015 10:15:55 taTransporter DEBUG    Device accessable over SSH. Response was tfb

09-18-2015 10:15:55 taTransporter DEBUG    Will wait for TFB 'auto-tfb15-01' to start replicator.
09-18-2015 10:15:55 taTransporter DEBUG    Will check process id for 'replicator' process on TFB 'auto-tfb15-01'.
09-18-2015 10:15:55 taTransporter DEBUG    Connecting with SSH to the host: '10.25.1.82' over port 2226.
09-18-2015 10:15:55 paramiko.transport DEBUG    starting thread (client mode): 0x4fc3150L
09-18-2015 10:15:55 paramiko.transport INFO     Connected (version 2.0, client OpenSSH_6.6.1p1)
09-18-2015 10:15:55 paramiko.transport DEBUG    kex algos:[u'curve25519-sha256@libssh.org', u'ecdh-sha2-nistp256', u'ecdh-sha2-nistp384', u'ecdh-sha2-nistp521', u'diffie-hellman-group-exchange-sha256', u'diffie-hellman-group-exchange-sha1', u'diffie-hellman-group14-sha1', u'diffie-hellman-group1-sha1'] server key:[u'ssh-rsa', u'ssh-dss', u'ecdsa-sha2-nistp256', u'ssh-ed25519'] client encrypt:[u'aes128-ctr', u'aes192-ctr', u'aes256-ctr', u'arcfour256', u'arcfour128', u'aes128-gcm@openssh.com', u'aes256-gcm@openssh.com', u'chacha20-poly1305@openssh.com', u'aes128-cbc', u'3des-cbc', u'blowfish-cbc', u'cast128-cbc', u'aes192-cbc', u'aes256-cbc', u'arcfour', u'rijndael-cbc@lysator.liu.se'] server encrypt:[u'aes128-ctr', u'aes192-ctr', u'aes256-ctr', u'arcfour256', u'arcfour128', u'aes128-gcm@openssh.com', u'aes256-gcm@openssh.com', u'chacha20-poly1305@openssh.com', u'aes128-cbc', u'3des-cbc', u'blowfish-cbc', u'cast128-cbc', u'aes192-cbc', u'aes256-cbc', u'arcfour', u'rijndael-cbc@lysator.liu.se'] client mac:[u'hmac-md5-etm@openssh.com', u'hmac-sha1-etm@openssh.com', u'umac-64-etm@openssh.com', u'umac-128-etm@openssh.com', u'hmac-sha2-256-etm@openssh.com', u'hmac-sha2-512-etm@openssh.com', u'hmac-ripemd160-etm@openssh.com', u'hmac-sha1-96-etm@openssh.com', u'hmac-md5-96-etm@openssh.com', u'hmac-md5', u'hmac-sha1', u'umac-64@openssh.com', u'umac-128@openssh.com', u'hmac-sha2-256', u'hmac-sha2-512', u'hmac-ripemd160', u'hmac-ripemd160@openssh.com', u'hmac-sha1-96', u'hmac-md5-96'] server mac:[u'hmac-md5-etm@openssh.com', u'hmac-sha1-etm@openssh.com', u'umac-64-etm@openssh.com', u'umac-128-etm@openssh.com', u'hmac-sha2-256-etm@openssh.com', u'hmac-sha2-512-etm@openssh.com', u'hmac-ripemd160-etm@openssh.com', u'hmac-sha1-96-etm@openssh.com', u'hmac-md5-96-etm@openssh.com', u'hmac-md5', u'hmac-sha1', u'umac-64@openssh.com', u'umac-128@openssh.com', u'hmac-sha2-256', u'hmac-sha2-512', u'hmac-ripemd160', u'hmac-ripemd160@openssh.com', u'hmac-sha1-96', u'hmac-md5-96'] client compress:[u'none', u'zlib@openssh.com'] server compress:[u'none', u'zlib@openssh.com'] client lang:[u''] server lang:[u''] kex follows?False
09-18-2015 10:15:55 paramiko.transport DEBUG    Ciphers agreed: local=aes128-ctr, remote=aes128-ctr
09-18-2015 10:15:55 paramiko.transport DEBUG    using kex diffie-hellman-group14-sha1; server key type ssh-rsa; cipher: local aes128-ctr, remote aes128-ctr; mac: local hmac-sha1, remote hmac-sha1; compression: local none, remote none
09-18-2015 10:15:55 paramiko.transport DEBUG    Switch to new keys ...
09-18-2015 10:15:55 paramiko.transport DEBUG    Adding ssh-rsa host key for [10.25.1.82]:2226: a88cef8821fe42edfa76b9c49aa2e6a2
09-18-2015 10:15:55 paramiko.transport DEBUG    Trying SSH agent key 6d2ac6a9b80aec10f7e124fce99c24c9
09-18-2015 10:15:55 paramiko.transport DEBUG    userauth is OK
09-18-2015 10:15:55 paramiko.transport INFO     Authentication (publickey) failed.
09-18-2015 10:15:55 paramiko.transport DEBUG    userauth is OK
09-18-2015 10:15:55 paramiko.transport INFO     Authentication (password) successful!
09-18-2015 10:15:55 taTransporter DEBUG    Executing command 'pidof replicator' on remote host.
09-18-2015 10:15:55 paramiko.transport DEBUG    [chan 0] Max packet in: 32768 bytes
09-18-2015 10:15:56 paramiko.transport DEBUG    [chan 0] Max packet out: 32768 bytes
09-18-2015 10:15:56 paramiko.transport DEBUG    Secsh channel 0 opened.
09-18-2015 10:15:56 paramiko.transport DEBUG    [chan 0] Sesch channel 0 request ok
09-18-2015 10:15:56 paramiko.transport DEBUG    [chan 0] Sesch channel 0 request ok
09-18-2015 10:15:56 paramiko.transport DEBUG    [chan 0] EOF received (0)
09-18-2015 10:15:56 taTransporter DEBUG    Replicator process is running. Process ID is 5346
09-18-2015 10:15:56 taTransporter DEBUG    Validate availability of TFB 'auto-tfb15-01'.
09-18-2015 10:15:56 taTransporter DEBUG    First of all check is replicator running.
09-18-2015 10:15:56 taTransporter DEBUG    Will check process id for 'replicator' process on TFB 'auto-tfb15-01'.
09-18-2015 10:15:56 taTransporter DEBUG    Connecting with SSH to the host: '10.25.1.82' over port 2226.
09-18-2015 10:15:56 paramiko.transport DEBUG    starting thread (client mode): 0x4fc39d0L
09-18-2015 10:15:56 paramiko.transport INFO     Connected (version 2.0, client OpenSSH_6.6.1p1)
09-18-2015 10:15:56 paramiko.transport DEBUG    kex algos:[u'curve25519-sha256@libssh.org', u'ecdh-sha2-nistp256', u'ecdh-sha2-nistp384', u'ecdh-sha2-nistp521', u'diffie-hellman-group-exchange-sha256', u'diffie-hellman-group-exchange-sha1', u'diffie-hellman-group14-sha1', u'diffie-hellman-group1-sha1'] server key:[u'ssh-rsa', u'ssh-dss', u'ecdsa-sha2-nistp256', u'ssh-ed25519'] client encrypt:[u'aes128-ctr', u'aes192-ctr', u'aes256-ctr', u'arcfour256', u'arcfour128', u'aes128-gcm@openssh.com', u'aes256-gcm@openssh.com', u'chacha20-poly1305@openssh.com', u'aes128-cbc', u'3des-cbc', u'blowfish-cbc', u'cast128-cbc', u'aes192-cbc', u'aes256-cbc', u'arcfour', u'rijndael-cbc@lysator.liu.se'] server encrypt:[u'aes128-ctr', u'aes192-ctr', u'aes256-ctr', u'arcfour256', u'arcfour128', u'aes128-gcm@openssh.com', u'aes256-gcm@openssh.com', u'chacha20-poly1305@openssh.com', u'aes128-cbc', u'3des-cbc', u'blowfish-cbc', u'cast128-cbc', u'aes192-cbc', u'aes256-cbc', u'arcfour', u'rijndael-cbc@lysator.liu.se'] client mac:[u'hmac-md5-etm@openssh.com', u'hmac-sha1-etm@openssh.com', u'umac-64-etm@openssh.com', u'umac-128-etm@openssh.com', u'hmac-sha2-256-etm@openssh.com', u'hmac-sha2-512-etm@openssh.com', u'hmac-ripemd160-etm@openssh.com', u'hmac-sha1-96-etm@openssh.com', u'hmac-md5-96-etm@openssh.com', u'hmac-md5', u'hmac-sha1', u'umac-64@openssh.com', u'umac-128@openssh.com', u'hmac-sha2-256', u'hmac-sha2-512', u'hmac-ripemd160', u'hmac-ripemd160@openssh.com', u'hmac-sha1-96', u'hmac-md5-96'] server mac:[u'hmac-md5-etm@openssh.com', u'hmac-sha1-etm@openssh.com', u'umac-64-etm@openssh.com', u'umac-128-etm@openssh.com', u'hmac-sha2-256-etm@openssh.com', u'hmac-sha2-512-etm@openssh.com', u'hmac-ripemd160-etm@openssh.com', u'hmac-sha1-96-etm@openssh.com', u'hmac-md5-96-etm@openssh.com', u'hmac-md5', u'hmac-sha1', u'umac-64@openssh.com', u'umac-128@openssh.com', u'hmac-sha2-256', u'hmac-sha2-512', u'hmac-ripemd160', u'hmac-ripemd160@openssh.com', u'hmac-sha1-96', u'hmac-md5-96'] client compress:[u'none', u'zlib@openssh.com'] server compress:[u'none', u'zlib@openssh.com'] client lang:[u''] server lang:[u''] kex follows?False
09-18-2015 10:15:56 paramiko.transport DEBUG    Ciphers agreed: local=aes128-ctr, remote=aes128-ctr
09-18-2015 10:15:56 paramiko.transport DEBUG    using kex diffie-hellman-group14-sha1; server key type ssh-rsa; cipher: local aes128-ctr, remote aes128-ctr; mac: local hmac-sha1, remote hmac-sha1; compression: local none, remote none
09-18-2015 10:15:56 paramiko.transport DEBUG    Switch to new keys ...
09-18-2015 10:15:56 paramiko.transport DEBUG    Adding ssh-rsa host key for [10.25.1.82]:2226: a88cef8821fe42edfa76b9c49aa2e6a2
09-18-2015 10:15:56 paramiko.transport DEBUG    Trying SSH agent key 6d2ac6a9b80aec10f7e124fce99c24c9
09-18-2015 10:15:56 paramiko.transport DEBUG    userauth is OK
09-18-2015 10:15:56 paramiko.transport INFO     Authentication (publickey) failed.
09-18-2015 10:15:56 paramiko.transport DEBUG    userauth is OK
09-18-2015 10:15:56 paramiko.transport INFO     Authentication (password) successful!
09-18-2015 10:15:56 taTransporter DEBUG    Executing command 'pidof replicator' on remote host.
09-18-2015 10:15:56 paramiko.transport DEBUG    [chan 0] Max packet in: 32768 bytes
09-18-2015 10:15:57 paramiko.transport DEBUG    [chan 0] Max packet out: 32768 bytes
09-18-2015 10:15:57 paramiko.transport DEBUG    Secsh channel 0 opened.
09-18-2015 10:15:57 paramiko.transport DEBUG    [chan 0] Sesch channel 0 request ok
09-18-2015 10:15:57 paramiko.transport DEBUG    [chan 0] Sesch channel 0 request ok
09-18-2015 10:15:57 paramiko.transport DEBUG    [chan 0] EOF received (0)
09-18-2015 10:15:57 taTransporter DEBUG    Got process ID for replicator: 5346.
09-18-2015 10:15:57 taTransporter DEBUG    Connecting with SSH to the host: '10.25.1.82' over port 2226.
09-18-2015 10:15:57 paramiko.transport DEBUG    starting thread (client mode): 0x4f98390L
09-18-2015 10:15:57 paramiko.transport INFO     Connected (version 2.0, client OpenSSH_6.6.1p1)
09-18-2015 10:15:57 paramiko.transport DEBUG    kex algos:[u'curve25519-sha256@libssh.org', u'ecdh-sha2-nistp256', u'ecdh-sha2-nistp384', u'ecdh-sha2-nistp521', u'diffie-hellman-group-exchange-sha256', u'diffie-hellman-group-exchange-sha1', u'diffie-hellman-group14-sha1', u'diffie-hellman-group1-sha1'] server key:[u'ssh-rsa', u'ssh-dss', u'ecdsa-sha2-nistp256', u'ssh-ed25519'] client encrypt:[u'aes128-ctr', u'aes192-ctr', u'aes256-ctr', u'arcfour256', u'arcfour128', u'aes128-gcm@openssh.com', u'aes256-gcm@openssh.com', u'chacha20-poly1305@openssh.com', u'aes128-cbc', u'3des-cbc', u'blowfish-cbc', u'cast128-cbc', u'aes192-cbc', u'aes256-cbc', u'arcfour', u'rijndael-cbc@lysator.liu.se'] server encrypt:[u'aes128-ctr', u'aes192-ctr', u'aes256-ctr', u'arcfour256', u'arcfour128', u'aes128-gcm@openssh.com', u'aes256-gcm@openssh.com', u'chacha20-poly1305@openssh.com', u'aes128-cbc', u'3des-cbc', u'blowfish-cbc', u'cast128-cbc', u'aes192-cbc', u'aes256-cbc', u'arcfour', u'rijndael-cbc@lysator.liu.se'] client mac:[u'hmac-md5-etm@openssh.com', u'hmac-sha1-etm@openssh.com', u'umac-64-etm@openssh.com', u'umac-128-etm@openssh.com', u'hmac-sha2-256-etm@openssh.com', u'hmac-sha2-512-etm@openssh.com', u'hmac-ripemd160-etm@openssh.com', u'hmac-sha1-96-etm@openssh.com', u'hmac-md5-96-etm@openssh.com', u'hmac-md5', u'hmac-sha1', u'umac-64@openssh.com', u'umac-128@openssh.com', u'hmac-sha2-256', u'hmac-sha2-512', u'hmac-ripemd160', u'hmac-ripemd160@openssh.com', u'hmac-sha1-96', u'hmac-md5-96'] server mac:[u'hmac-md5-etm@openssh.com', u'hmac-sha1-etm@openssh.com', u'umac-64-etm@openssh.com', u'umac-128-etm@openssh.com', u'hmac-sha2-256-etm@openssh.com', u'hmac-sha2-512-etm@openssh.com', u'hmac-ripemd160-etm@openssh.com', u'hmac-sha1-96-etm@openssh.com', u'hmac-md5-96-etm@openssh.com', u'hmac-md5', u'hmac-sha1', u'umac-64@openssh.com', u'umac-128@openssh.com', u'hmac-sha2-256', u'hmac-sha2-512', u'hmac-ripemd160', u'hmac-ripemd160@openssh.com', u'hmac-sha1-96', u'hmac-md5-96'] client compress:[u'none', u'zlib@openssh.com'] server compress:[u'none', u'zlib@openssh.com'] client lang:[u''] server lang:[u''] kex follows?False
09-18-2015 10:15:57 paramiko.transport DEBUG    Ciphers agreed: local=aes128-ctr, remote=aes128-ctr
09-18-2015 10:15:57 paramiko.transport DEBUG    using kex diffie-hellman-group14-sha1; server key type ssh-rsa; cipher: local aes128-ctr, remote aes128-ctr; mac: local hmac-sha1, remote hmac-sha1; compression: local none, remote none
09-18-2015 10:15:57 paramiko.transport DEBUG    Switch to new keys ...
09-18-2015 10:15:57 paramiko.transport DEBUG    Adding ssh-rsa host key for [10.25.1.82]:2226: a88cef8821fe42edfa76b9c49aa2e6a2
09-18-2015 10:15:57 paramiko.transport DEBUG    Trying SSH agent key 6d2ac6a9b80aec10f7e124fce99c24c9
09-18-2015 10:15:57 paramiko.transport DEBUG    userauth is OK
09-18-2015 10:15:57 paramiko.transport INFO     Authentication (publickey) failed.
09-18-2015 10:15:57 paramiko.transport DEBUG    userauth is OK
09-18-2015 10:15:57 paramiko.transport INFO     Authentication (password) successful!
09-18-2015 10:15:57 taTransporter DEBUG    Executing command 'cmd diag config' on remote host.
09-18-2015 10:15:57 paramiko.transport DEBUG    [chan 0] Max packet in: 32768 bytes
09-18-2015 10:15:57 paramiko.transport DEBUG    [chan 0] Max packet out: 32768 bytes
09-18-2015 10:15:57 paramiko.transport DEBUG    Secsh channel 0 opened.
09-18-2015 10:15:57 paramiko.transport DEBUG    [chan 0] Sesch channel 0 request ok
09-18-2015 10:15:57 paramiko.transport DEBUG    [chan 0] Sesch channel 0 request ok
09-18-2015 10:15:57 paramiko.transport DEBUG    [chan 0] EOF received (0)
09-18-2015 10:15:57 taTransporter DEBUG    Got expected result from command 'cmd diag config'.
09-18-2015 10:15:57 taTransporter DEBUG    Owner ID from 'diag config' retrived as '000000000000000000000000'.
09-18-2015 10:15:57 taTransporter DEBUG    Device 'auto-tfb15-01' is in default state.
09-18-2015 10:15:57 taTestbed    INFO     Target 'auto-tfb15-01' was successfully reset.
09-18-2015 10:16:57 taTestbed    INFO     Check availability of all testbed components.
09-18-2015 10:16:57 taTestbed    DEBUG    Getting testbed configuration.
09-18-2015 10:16:57 taTestbed    DEBUG    Will read list of targets.
09-18-2015 10:16:57 taTestbed    DEBUG    Found 2 targets.
09-18-2015 10:16:57 taTestbed    DEBUG    Target's list: ['auto-tfb30-01', 'auto-tfb15-01']
09-18-2015 10:16:57 taTestbed    DEBUG    Successfully got information about targets, to use in test suite.
09-18-2015 10:16:57 taTestbed    DEBUG    Will read list of clients.
09-18-2015 10:16:57 taTestbed    DEBUG    Found 1 client.
09-18-2015 10:16:57 taTestbed    DEBUG    Client's list: ['win7x64-01']
09-18-2015 10:16:57 taTestbed    DEBUG    Successfully got information about clients, to use in test suite.
09-18-2015 10:16:57 taTestbed    DEBUG    Will read list of users.
09-18-2015 10:16:57 taTestbed    DEBUG    Found 2 users.
09-18-2015 10:16:57 taTestbed    DEBUG    User's list: ['automation', 'auto-qa02']
09-18-2015 10:16:57 taTestbed    DEBUG    Successfully got information about users, to use in test suite.
09-18-2015 10:16:57 taClient     DEBUG    Will read information from config file 'win7x64-01.cfg'.
09-18-2015 10:16:57 taClient     DEBUG    Getting OS on 'win7x64-01'.
09-18-2015 10:16:58 taClient     DEBUG    Computer 'win7x64-01' (IP address 172.18.34.169) is running Windows.
09-18-2015 10:16:58 taClient     DEBUG    Check availability of client 'win7x64-01'.
09-18-2015 10:16:58 taClient     DEBUG    Getting OS on 'win7x64-01'.
09-18-2015 10:16:58 taClient     DEBUG    Computer 'win7x64-01' (IP address 172.18.34.169) is running Windows.
09-18-2015 10:16:58 taClient     INFO     Will get UUID for current user on 'win7x64-01'.
09-18-2015 10:16:58 taClient     DEBUG    Get current local user name.
09-18-2015 10:16:58 taClient     INFO     Check user name currently logged on 'win7x64-01'.
09-18-2015 10:16:58 taClient     DEBUG    Will use: 'automation'.
09-18-2015 10:16:58 taClient     DEBUG    Successfully connected to RPYC running on 'win7x64-01' over corporate IP '172.18.34.169'.
