09-18-2015 11:14:49 autobot      INFO     ============================================================================================
09-18-2015 11:14:49 autobot      INFO     Test execution starts 18-Sep-2015 at 11:14:49 PDT
09-18-2015 11:14:49 autobot      INFO     Test execution based on autobot.cfg file.
09-18-2015 11:14:49 autobot      INFO     ============================================================================================
09-18-2015 11:14:49 autobot      INFO     Getting TestRail configuration.
09-18-2015 11:14:49 autobot      DEBUG    Will use TestRail at 'http://172.24.1.33/testrail' using 'qa-auto@connecteddata.com/automatethis'.
09-18-2015 11:14:49 autobot      INFO     Creating connection to the TestRail.
09-18-2015 11:14:49 autobot      INFO     ===> Test suite 'S360: AUTO: Graceful shutdown'.
09-18-2015 11:14:49 autobot      INFO     Starts at 18-Sep-2015 at 11:14:49 PDT
09-18-2015 11:14:49 autobot      INFO     Test suite 'S360 - AUTO: Graceful shutdown' has 1 test case.
09-18-2015 11:14:49 taTestbed    DEBUG    Will read information from config file 'S360.cfg'.
09-18-2015 11:14:49 taTestbed    INFO     Check availability of all testbed components.
09-18-2015 11:14:49 taTestbed    DEBUG    Getting testbed configuration.
09-18-2015 11:14:49 taTestbed    DEBUG    Will read list of targets.
09-18-2015 11:14:49 taTestbed    DEBUG    Found 2 targets.
09-18-2015 11:14:49 taTestbed    DEBUG    Target's list: ['auto-tfb30-01', 'auto-tfb15-01']
09-18-2015 11:14:49 taTestbed    DEBUG    Successfully got information about targets, to use in test suite.
09-18-2015 11:14:49 taTestbed    DEBUG    Will read list of clients.
09-18-2015 11:14:49 taTestbed    DEBUG    Found 1 client.
09-18-2015 11:14:49 taTestbed    DEBUG    Client's list: ['win7x64-01']
09-18-2015 11:14:49 taTestbed    DEBUG    Successfully got information about clients, to use in test suite.
09-18-2015 11:14:49 taTestbed    DEBUG    Will read list of users.
09-18-2015 11:14:49 taTestbed    DEBUG    Found 2 users.
09-18-2015 11:14:49 taTestbed    DEBUG    User's list: ['automation', 'auto-qa02']
09-18-2015 11:14:49 taTestbed    DEBUG    Successfully got information about users, to use in test suite.
09-18-2015 11:14:49 taClient     DEBUG    Will read information from config file 'win7x64-01.cfg'.
09-18-2015 11:14:49 taClient     DEBUG    Getting OS on 'win7x64-01'.
09-18-2015 11:14:49 taClient     DEBUG    Computer 'win7x64-01' (IP address 172.18.34.169) is running Windows.
09-18-2015 11:14:49 taClient     DEBUG    Check availability of client 'win7x64-01'.
09-18-2015 11:14:49 taClient     DEBUG    Getting OS on 'win7x64-01'.
09-18-2015 11:14:49 taClient     DEBUG    Computer 'win7x64-01' (IP address 172.18.34.169) is running Windows.
09-18-2015 11:14:49 taClient     DEBUG    Client 'win7x64-01' is running WIN.
09-18-2015 11:14:49 taClient     INFO     Check user name currently logged on 'win7x64-01'.
09-18-2015 11:14:50 taClient     DEBUG    Current user on 'win7x64-01' has login 'automation'.
09-18-2015 11:14:50 taClient     DEBUG    Successfully connected to RPYC running on 'win7x64-01' over IP '172.18.34.169'.
09-18-2015 11:14:50 taClient     DEBUG    Client's desktop information was retrived from local file 'C:\Users\automation\AppData\Roaming\Connected Data\configuration.ini'.
09-18-2015 11:14:50 taClient     INFO     Client will use desk app version '4.1.1.19860'.
09-18-2015 11:14:50 taClient     INFO     Check and remove all network file systems attached to the client 'win7x64-01'.
09-18-2015 11:14:50 taClient     INFO     Checking for network file systems attached to the client 'win7x64-01'.
09-18-2015 11:14:50 taClient     DEBUG    Client 'win7x64-01' doesn't have any network file systems attached.
09-18-2015 11:14:50 taTestbed    DEBUG    Client 'win7x64-01' is available for test execution. It runs WIN.
09-18-2015 11:14:50 taTransporter DEBUG    Will read information from config file 'auto-tfb30-01.target'.
09-18-2015 11:14:50 taTransporter DEBUG    Validate availability of TFB 'auto-tfb30-01'.
09-18-2015 11:14:50 taTransporter DEBUG    First of all check is replicator running.
09-18-2015 11:14:50 taTransporter DEBUG    Will check process id for 'replicator' process on TFB 'auto-tfb30-01'.
09-18-2015 11:14:50 taTransporter DEBUG    Connecting with SSH to the host: '10.25.1.63' over port 2294.
09-18-2015 11:14:50 taTransporter DEBUG    Executing command 'pidof replicator' on remote host.
09-18-2015 11:14:51 taTransporter DEBUG    Got process ID for replicator: 6783.
09-18-2015 11:14:51 taTransporter DEBUG    Connecting with SSH to the host: '10.25.1.63' over port 2294.
09-18-2015 11:14:51 taTransporter DEBUG    Executing command 'cmd diag config' on remote host.
09-18-2015 11:14:52 taTransporter DEBUG    Got expected result from command 'cmd diag config'.
09-18-2015 11:14:52 taTransporter DEBUG    Owner ID from 'diag config' retrived as '000000000000000000000000'.
09-18-2015 11:14:52 taTestbed    DEBUG    Target 'auto-tfb30-01' passed pre-fly check. It is unclaimed.
09-18-2015 11:14:52 taTransporter DEBUG    Will read information from config file 'auto-tfb15-01.target'.
09-18-2015 11:14:52 taTransporter DEBUG    Validate availability of TFB 'auto-tfb15-01'.
09-18-2015 11:14:52 taTransporter DEBUG    First of all check is replicator running.
09-18-2015 11:14:52 taTransporter DEBUG    Will check process id for 'replicator' process on TFB 'auto-tfb15-01'.
09-18-2015 11:14:52 taTransporter DEBUG    Connecting with SSH to the host: '10.25.1.82' over port 2226.
09-18-2015 11:14:52 taTransporter DEBUG    Executing command 'pidof replicator' on remote host.
09-18-2015 11:14:53 taTransporter DEBUG    Got process ID for replicator: 5346.
09-18-2015 11:14:53 taTransporter DEBUG    Connecting with SSH to the host: '10.25.1.82' over port 2226.
09-18-2015 11:14:53 taTransporter DEBUG    Executing command 'cmd diag config' on remote host.
09-18-2015 11:14:54 taTransporter DEBUG    Got expected result from command 'cmd diag config'.
09-18-2015 11:14:54 taTransporter DEBUG    Owner ID from 'diag config' retrived as '000000000000000000000000'.
09-18-2015 11:14:54 taTestbed    DEBUG    Target 'auto-tfb15-01' passed pre-fly check. It is unclaimed.
09-18-2015 11:14:54 taUser       DEBUG    Will read information from config file 'automation.cfg'.
09-18-2015 11:14:54 taBackend    DEBUG    Attempt to get customer ID by account name.
09-18-2015 11:14:55 taTestbed    DEBUG    User 'automation' passed pre-fly check. Has CID 54c7b9b883b37d1421d465b9.
09-18-2015 11:14:55 taUser       DEBUG    Will read information from config file 'auto-qa02.cfg'.
09-18-2015 11:14:55 taBackend    DEBUG    Attempt to get customer ID by account name.
09-18-2015 11:14:55 taTestbed    DEBUG    User 'auto-qa02' passed pre-fly check. Has CID 55dcd3d8bc05399c6d7b23c9.
09-18-2015 11:14:55 autobot      INFO     Testbed is ready for execution tests from 'S360: AUTO: Graceful shutdown'.
09-18-2015 11:14:55 autobot      INFO     ---> Summary for 'S360: AUTO: Graceful shutdown'.
09-18-2015 11:14:55 autobot      INFO     Executed 1 test cases.
09-18-2015 11:14:55 autobot      INFO     Execution time is 00:00:06
09-18-2015 11:14:55 autobot      INFO     ============================================================================================
09-18-2015 11:14:55 autobot      INFO     Total test execution time is 00:00:06
