09-18-2015 15:31:56 autobot      INFO     ============================================================================================
09-18-2015 15:31:56 autobot      INFO     Test execution starts 18-Sep-2015 at 15:31:56 PDT
09-18-2015 15:31:56 autobot      INFO     Test execution based on autobot.cfg file.
09-18-2015 15:31:56 autobot      INFO     ============================================================================================
09-18-2015 15:31:56 autobot      INFO     Getting TestRail configuration.
09-18-2015 15:31:56 autobot      DEBUG    Will use TestRail at 'http://172.24.1.33/testrail' using 'qa-auto@connecteddata.com/automatethis'.
09-18-2015 15:31:56 autobot      INFO     Creating connection to the TestRail.
09-18-2015 15:31:57 autobot      INFO     ===> Test suite 'S360: AUTO: Graceful shutdown'.
09-18-2015 15:31:57 autobot      INFO     Starts at 18-Sep-2015 at 15:31:57 PDT
09-18-2015 15:31:57 autobot      INFO     Test suite 'S360 - AUTO: Graceful shutdown' has 1 test case.
09-18-2015 15:31:57 testbed      DEBUG    Will read information from config file 'S360.cfg'.
09-18-2015 15:31:57 testbed      INFO     Check availability of all testbed components.
09-18-2015 15:31:57 testbed      DEBUG    Getting testbed configuration.
09-18-2015 15:31:57 testbed      DEBUG    Will read list of targets.
09-18-2015 15:31:57 testbed      DEBUG    Found 2 targets.
09-18-2015 15:31:57 testbed      DEBUG    Target's list: ['auto-tfb30-01', 'auto-tfb15-01']
09-18-2015 15:31:57 testbed      DEBUG    Successfully got information about targets, to use in test suite.
09-18-2015 15:31:57 testbed      DEBUG    Will read list of clients.
09-18-2015 15:31:57 testbed      DEBUG    Found 1 client.
09-18-2015 15:31:57 testbed      DEBUG    Client's list: ['win7x64-01']
09-18-2015 15:31:57 testbed      DEBUG    Successfully got information about clients, to use in test suite.
09-18-2015 15:31:57 testbed      DEBUG    Will read list of users.
09-18-2015 15:31:57 testbed      DEBUG    Found 2 users.
09-18-2015 15:31:57 testbed      DEBUG    User's list: ['automation', 'auto-qa02']
09-18-2015 15:31:57 testbed      DEBUG    Successfully got information about users, to use in test suite.
09-18-2015 15:31:57 client-lib   DEBUG    Will read information from config file 'win7x64-01.cfg'.
09-18-2015 15:31:57 client-lib   DEBUG    Getting OS on 'win7x64-01'.
09-18-2015 15:31:57 client-lib   DEBUG    Computer 'win7x64-01' (IP address 172.18.34.169) is running Windows.
09-18-2015 15:31:57 client-lib   DEBUG    Check availability of client 'win7x64-01'.
09-18-2015 15:31:57 client-lib   DEBUG    Getting OS on 'win7x64-01'.
09-18-2015 15:31:58 client-lib   DEBUG    Computer 'win7x64-01' (IP address 172.18.34.169) is running Windows.
09-18-2015 15:31:58 client-lib   DEBUG    Client 'win7x64-01' is running WIN.
09-18-2015 15:31:58 client-lib   INFO     Check user name currently logged on 'win7x64-01'.
09-18-2015 15:31:58 client-lib   DEBUG    Current user on 'win7x64-01' has login 'automation'.
09-18-2015 15:31:58 client-lib   DEBUG    Successfully connected to RPYC running on 'win7x64-01' over IP '172.18.34.169'.
09-18-2015 15:31:58 client-lib   DEBUG    Client's desktop information was retrived from local file 'C:\Users\automation\AppData\Roaming\Connected Data\configuration.ini'.
09-18-2015 15:31:58 client-lib   INFO     Client will use desk app version '4.1.1.19860'.
09-18-2015 15:31:58 client-lib   INFO     Check and remove all network file systems attached to the client 'win7x64-01'.
09-18-2015 15:31:58 client-lib   INFO     Checking for network file systems attached to the client 'win7x64-01'.
09-18-2015 15:31:59 client-lib   DEBUG    Client 'win7x64-01' doesn't have any network file systems attached.
09-18-2015 15:31:59 testbed      DEBUG    Client 'win7x64-01' is available for test execution. It runs WIN.
09-18-2015 15:31:59 tfb-lib      DEBUG    Will read information from config file 'auto-tfb30-01.target'.
09-18-2015 15:31:59 tfb-lib      DEBUG    Validate availability of TFB 'auto-tfb30-01'.
09-18-2015 15:31:59 tfb-lib      DEBUG    First of all check is replicator running.
09-18-2015 15:31:59 tfb-lib      DEBUG    Will check process id for 'replicator' process on TFB 'auto-tfb30-01'.
09-18-2015 15:31:59 tfb-lib      DEBUG    Connecting with SSH to the host: '10.25.1.63' over port 2294.
09-18-2015 15:31:59 tfb-lib      DEBUG    Executing command 'pidof replicator' on remote host.
09-18-2015 15:32:00 tfb-lib      DEBUG    Got process ID for replicator: 1799.
09-18-2015 15:32:00 tfb-lib      DEBUG    Connecting with SSH to the host: '10.25.1.63' over port 2294.
09-18-2015 15:32:01 tfb-lib      DEBUG    Executing command 'cmd diag config' on remote host.
09-18-2015 15:32:02 tfb-lib      DEBUG    Got expected result from command 'cmd diag config'.
09-18-2015 15:32:02 tfb-lib      DEBUG    Owner ID from 'diag config' retrived as '000000000000000000000000'.
09-18-2015 15:32:02 testbed      DEBUG    Target 'auto-tfb30-01' passed pre-fly check. It is unclaimed.
09-18-2015 15:32:02 tfb-lib      DEBUG    Will read information from config file 'auto-tfb15-01.target'.
09-18-2015 15:32:02 tfb-lib      DEBUG    Validate availability of TFB 'auto-tfb15-01'.
09-18-2015 15:32:02 tfb-lib      DEBUG    First of all check is replicator running.
09-18-2015 15:32:02 tfb-lib      DEBUG    Will check process id for 'replicator' process on TFB 'auto-tfb15-01'.
09-18-2015 15:32:02 tfb-lib      DEBUG    Connecting with SSH to the host: '10.25.1.82' over port 2226.
09-18-2015 15:32:02 tfb-lib      DEBUG    Executing command 'pidof replicator' on remote host.
09-18-2015 15:32:03 tfb-lib      DEBUG    Got process ID for replicator: 1644.
09-18-2015 15:32:03 tfb-lib      DEBUG    Connecting with SSH to the host: '10.25.1.82' over port 2226.
09-18-2015 15:32:03 tfb-lib      DEBUG    Executing command 'cmd diag config' on remote host.
09-18-2015 15:32:03 tfb-lib      DEBUG    Got expected result from command 'cmd diag config'.
09-18-2015 15:32:03 tfb-lib      DEBUG    Owner ID from 'diag config' retrived as '000000000000000000000000'.
09-18-2015 15:32:03 testbed      DEBUG    Target 'auto-tfb15-01' passed pre-fly check. It is unclaimed.
09-18-2015 15:32:03 user-lib     DEBUG    Will read information from config file 'automation.cfg'.
09-18-2015 15:32:03 cs-lib       DEBUG    Attempt to get customer ID by account name.
09-18-2015 15:32:05 testbed      DEBUG    User 'automation' passed pre-fly check. Has CID 54c7b9b883b37d1421d465b9.
09-18-2015 15:32:05 user-lib     DEBUG    Will read information from config file 'auto-qa02.cfg'.
09-18-2015 15:32:05 cs-lib       DEBUG    Attempt to get customer ID by account name.
09-18-2015 15:32:05 testbed      DEBUG    User 'auto-qa02' passed pre-fly check. Has CID 55dcd3d8bc05399c6d7b23c9.
09-18-2015 15:32:05 autobot      INFO     Testbed is ready for execution tests from 'S360: AUTO: Graceful shutdown'.
09-18-2015 15:32:05 tfb-lib      DEBUG    Will read information from config file 'auto-tfb30-01.target'.
09-18-2015 15:32:05 tfb-lib      DEBUG    Configuration requires to install latest build.
09-18-2015 15:32:05 tfb-lib      DEBUG    Will search for latest build for '4.2.x' version.
09-18-2015 15:32:05 tfb-lib      DEBUG    Working with build from BuildBot.
09-18-2015 15:32:05 tfb-lib      DEBUG    Delete old version of temporary file.
09-18-2015 15:32:10 tfb-lib      DEBUG    Build path is: http://172.24.12.10/builds/data/buildbot/940/Product/Device/installation/tfb/tfb64-4.2.X.XXXXX.tar.gz
09-18-2015 15:32:10 tfb-lib      DEBUG    Will compare FW version on device versus build version.
09-18-2015 15:32:10 tfb-lib      DEBUG    First of all check is replicator running.
09-18-2015 15:32:10 tfb-lib      DEBUG    Will check process id for 'replicator' process on TFB 'auto-tfb30-01'.
09-18-2015 15:32:10 tfb-lib      DEBUG    Connecting with SSH to the host: '10.25.1.63' over port 2294.
09-18-2015 15:32:10 tfb-lib      DEBUG    Executing command 'pidof replicator' on remote host.
09-18-2015 15:32:11 tfb-lib      DEBUG    Got process ID for replicator: 1799.
09-18-2015 15:32:11 tfb-lib      DEBUG    Connecting with SSH to the host: '10.25.1.63' over port 2294.
09-18-2015 15:32:11 tfb-lib      DEBUG    Executing command 'cmd diag config' on remote host.
09-18-2015 15:32:12 tfb-lib      DEBUG    Got expected result from command 'cmd diag config'.
09-18-2015 15:32:12 tfb-lib      DEBUG    FW version from 'diag config' retrived as '4.2.0 (19872) '.
09-18-2015 15:32:12 tfb-lib      INFO     Build has same version as FW installed on TFB 'auto-tfb30-01'. Will skip installation.
09-18-2015 15:32:12 tfb-lib      DEBUG    Will read information from config file 'auto-tfb15-01.target'.
09-18-2015 15:32:12 tfb-lib      DEBUG    Configuration requires to install latest build.
09-18-2015 15:32:12 tfb-lib      DEBUG    Will search for latest build for '4.2.x' version.
09-18-2015 15:32:12 tfb-lib      DEBUG    Working with build from BuildBot.
09-18-2015 15:32:12 tfb-lib      DEBUG    Delete old version of temporary file.
09-18-2015 15:32:17 tfb-lib      DEBUG    Build path is: http://172.24.12.10/builds/data/buildbot/940/Product/Device/installation/tfb/tfb64-4.2.X.XXXXX.tar.gz
09-18-2015 15:32:17 tfb-lib      DEBUG    Will compare FW version on device versus build version.
09-18-2015 15:32:17 tfb-lib      DEBUG    First of all check is replicator running.
09-18-2015 15:32:17 tfb-lib      DEBUG    Will check process id for 'replicator' process on TFB 'auto-tfb15-01'.
09-18-2015 15:32:17 tfb-lib      DEBUG    Connecting with SSH to the host: '10.25.1.82' over port 2226.
09-18-2015 15:32:18 tfb-lib      DEBUG    Executing command 'pidof replicator' on remote host.
09-18-2015 15:32:18 tfb-lib      DEBUG    Got process ID for replicator: 1644.
09-18-2015 15:32:18 tfb-lib      DEBUG    Connecting with SSH to the host: '10.25.1.82' over port 2226.
09-18-2015 15:32:19 tfb-lib      DEBUG    Executing command 'cmd diag config' on remote host.
09-18-2015 15:32:19 tfb-lib      DEBUG    Got expected result from command 'cmd diag config'.
09-18-2015 15:32:19 tfb-lib      DEBUG    FW version from 'diag config' retrived as '4.2.0 (19872) '.
09-18-2015 15:32:19 tfb-lib      INFO     Build has same version as FW installed on TFB 'auto-tfb15-01'. Will skip installation.
09-18-2015 15:32:19 tfb-lib      DEBUG    Will read information from config file 'auto-tfb30-01.target'.
09-18-2015 15:32:19 tfb-lib      DEBUG    First of all check is replicator running.
09-18-2015 15:32:19 tfb-lib      DEBUG    Will check process id for 'replicator' process on TFB 'auto-tfb30-01'.
09-18-2015 15:32:19 tfb-lib      DEBUG    Connecting with SSH to the host: '10.25.1.63' over port 2294.
09-18-2015 15:32:20 tfb-lib      DEBUG    Executing command 'pidof replicator' on remote host.
09-18-2015 15:32:21 tfb-lib      DEBUG    Got process ID for replicator: 1799.
09-18-2015 15:32:21 tfb-lib      DEBUG    Connecting with SSH to the host: '10.25.1.63' over port 2294.
09-18-2015 15:32:21 tfb-lib      DEBUG    Executing command 'cmd diag config' on remote host.
09-18-2015 15:32:22 tfb-lib      DEBUG    Got expected result from command 'cmd diag config'.
09-18-2015 15:32:22 tfb-lib      DEBUG    FW version from 'diag config' retrived as '4.2.0 (19872) '.
09-18-2015 15:32:22 tfb-lib      DEBUG    Will read information from config file 'auto-tfb15-01.target'.
09-18-2015 15:32:22 tfb-lib      DEBUG    First of all check is replicator running.
09-18-2015 15:32:22 tfb-lib      DEBUG    Will check process id for 'replicator' process on TFB 'auto-tfb15-01'.
09-18-2015 15:32:22 tfb-lib      DEBUG    Connecting with SSH to the host: '10.25.1.82' over port 2226.
09-18-2015 15:32:22 tfb-lib      DEBUG    Executing command 'pidof replicator' on remote host.
09-18-2015 15:32:23 tfb-lib      DEBUG    Got process ID for replicator: 1644.
09-18-2015 15:32:23 tfb-lib      DEBUG    Connecting with SSH to the host: '10.25.1.82' over port 2226.
09-18-2015 15:32:23 tfb-lib      DEBUG    Executing command 'cmd diag config' on remote host.
09-18-2015 15:32:23 tfb-lib      DEBUG    Got expected result from command 'cmd diag config'.
09-18-2015 15:32:23 tfb-lib      DEBUG    FW version from 'diag config' retrived as '4.2.0 (19872) '.
09-18-2015 15:32:23 testbed      DEBUG    All transporters are running version '4.2.0 (19872) '.
09-18-2015 15:32:23 autobot      INFO     ------>>
09-18-2015 15:32:23 autobot      INFO     Going to execute test case 'C34209'.
09-18-2015 15:32:23 S360         DEBUG    Start replicator after crash.
09-18-2015 15:32:23 S360         INFO     Transporter will perform crash, then nothing and then check start-up scan.
09-18-2015 15:32:23 S360         DEBUG    Getting list of devices and users.
09-18-2015 15:32:23 testbed      DEBUG    Will read list of targets.
09-18-2015 15:32:23 testbed      DEBUG    Found 2 targets.
09-18-2015 15:32:23 testbed      DEBUG    Target's list: ['auto-tfb30-01', 'auto-tfb15-01']
09-18-2015 15:32:23 testbed      DEBUG    Will read list of users.
09-18-2015 15:32:23 testbed      DEBUG    Found 2 users.
09-18-2015 15:32:23 testbed      DEBUG    User's list: ['automation', 'auto-qa02']
09-18-2015 15:32:23 testbed      DEBUG    Will read list of clients.
09-18-2015 15:32:23 testbed      DEBUG    Found 1 client.
09-18-2015 15:32:23 testbed      DEBUG    Client's list: ['win7x64-01']
09-18-2015 15:32:23 S360         DEBUG    Got URL to send requests to CS - https://dws.connecteddata.com:8078.
09-18-2015 15:32:23 user-lib     DEBUG    Will read information from config file 'automation.cfg'.
09-18-2015 15:32:23 cs-lib       DEBUG    Attempt to get customer ID by account name.
09-18-2015 15:32:24 S360         DEBUG    Got customer ID (54c7b9b883b37d1421d465b9) for org admin (automation).
09-18-2015 15:32:24 user-lib     DEBUG    Will read information from config file 'auto-qa02.cfg'.
09-18-2015 15:32:24 cs-lib       DEBUG    Attempt to get customer ID by account name.
09-18-2015 15:32:24 S360         DEBUG    Got customer ID (55dcd3d8bc05399c6d7b23c9) for regular user (auto-qa02).
09-18-2015 15:32:24 client-lib   DEBUG    Will read information from config file 'win7x64-01.cfg'.
09-18-2015 15:32:24 client-lib   DEBUG    Getting OS on 'win7x64-01'.
09-18-2015 15:32:24 client-lib   DEBUG    Computer 'win7x64-01' (IP address 172.18.34.169) is running Windows.
09-18-2015 15:32:24 cs-lib       DEBUG    Will create pool 'AUTO_S360-01'.
09-18-2015 15:32:24 cs-lib       DEBUG    Attempting to create pool.
09-18-2015 15:32:24 cs-lib       DEBUG    Configuration required 'MW' type of AUTO_S360-01 pool.
09-18-2015 15:32:24 cs-lib       WARNING  NAS info is missing. Pool will be created as 'MW' type.
09-18-2015 15:32:25 cs-lib       DEBUG    Pool 'AUTO_S360-01' was successfully created.
09-18-2015 15:32:25 cs-lib       DEBUG    Pool 'AUTO_S360-01' successfully created. Pool ID is '55fc90f962f16bd159df4f40'.
09-18-2015 15:32:25 cs-lib       DEBUG    Attempt to send invitation to the pool.
09-18-2015 15:32:25 cs-lib       DEBUG    Invitation was successfully send.
09-18-2015 15:32:25 cs-lib       DEBUG    Invitation '55fc90f9b7d99aea7c0b3950' for pool 'AUTO_S360-01' was send to the used with ID '55dcd3d8bc05399c6d7b23c9'.
09-18-2015 15:32:25 cs-lib       DEBUG    Attempt to reply to the pool invitation.
09-18-2015 15:32:25 cs-lib       DEBUG    Will accept invitation.
09-18-2015 15:32:26 cs-lib       DEBUG    Successfully replyed to the invitation.
09-18-2015 15:32:26 cs-lib       DEBUG    Invitation was successfully accepted.
09-18-2015 15:32:26 S360         DEBUG    Pool 'AUTO_S360-01' was successfully setup. It has ID '55fc90f962f16bd159df4f40'.
