09-15-2015 12:18:30 autobot      INFO     ============================================================================================
09-15-2015 12:18:30 autobot      INFO     Test execution starts 15-Sep-2015 at 12:18:30 PDT
09-15-2015 12:18:30 autobot      INFO     Test execution based on autobot.cfg file.
09-15-2015 12:18:30 autobot      INFO     ============================================================================================
09-15-2015 12:18:30 autobot      INFO     Getting TestRail configuration.
09-15-2015 12:18:30 autobot      DEBUG    Will use TestRail at 'http://172.24.1.33/testrail' using 'qa-auto@connecteddata.com/automatethis'.
09-15-2015 12:18:30 autobot      INFO     Creating connection to the TestRail.
09-15-2015 12:18:31 autobot      INFO     ===> Test suite 'S360: AUTO: Graceful shutdown'.
09-15-2015 12:18:31 autobot      INFO     Starts at 15-Sep-2015 at 12:18:31 PDT
09-15-2015 12:18:31 autobot      INFO     Test suite 'S360 - AUTO: Graceful shutdown' has 1 test case.
09-15-2015 12:18:31 taTestbed    DEBUG    Will read information from config file 'S360.cfg'.
09-15-2015 12:18:31 taTestbed    DEBUG    Check availability of all testbed components.
09-15-2015 12:18:31 taTestbed    DEBUG    Getting testbed configuration.
09-15-2015 12:18:31 taTestbed    DEBUG    Will read list of targets.
09-15-2015 12:18:31 taTestbed    DEBUG    Found 2 targets.
09-15-2015 12:18:31 taTestbed    DEBUG    Target's list: ['auto-tfb30-01', 'auto-tfb15-01']
09-15-2015 12:18:31 taTestbed    DEBUG    Successfully got information about targets, to use in test suite.
09-15-2015 12:18:31 taTestbed    DEBUG    Will read list of clients.
09-15-2015 12:18:31 taTestbed    DEBUG    Found 1 client.
09-15-2015 12:18:31 taTestbed    DEBUG    Client's list: ['win7x64-02']
09-15-2015 12:18:31 taTestbed    DEBUG    Successfully got information about clients, to use in test suite.
09-15-2015 12:18:31 taTestbed    DEBUG    Will read list of users.
09-15-2015 12:18:31 taTestbed    DEBUG    Found 2 users.
09-15-2015 12:18:31 taTestbed    DEBUG    User's list: ['automation', 'auto-qa02']
09-15-2015 12:18:31 taTestbed    DEBUG    Successfully got information about users, to use in test suite.
09-15-2015 12:18:31 taClient     DEBUG    Will read information from config file 'win7x64-02.cfg'.
09-15-2015 12:18:31 taClient     DEBUG    Getting OS on 'win7x64-02'.
09-15-2015 12:18:31 taClient     DEBUG    Computer 'win7x64-02' (IP address 172.18.34.163) is running Windows.
09-15-2015 12:18:31 taClient     DEBUG    Check availability of client 'win7x64-02'.
09-15-2015 12:18:31 taClient     DEBUG    Getting OS on 'win7x64-02'.
09-15-2015 12:18:32 taClient     DEBUG    Computer 'win7x64-02' (IP address 172.18.34.163) is running Windows.
09-15-2015 12:18:32 taTestbed    DEBUG    Client 'win7x64-02' is available for test execution. It runs WIN.
09-15-2015 12:18:32 taTransporter DEBUG    Will read information from config file 'auto-tfb30-01.target'.
09-15-2015 12:18:32 taTransporter DEBUG    Validate availability of TFB 'auto-tfb30-01'.
09-15-2015 12:18:32 taTransporter DEBUG    First of all check is replicator running.
09-15-2015 12:18:32 taTransporter DEBUG    Will check process id for 'replicator' process on TFB 'auto-tfb30-01'.
09-15-2015 12:18:32 taTransporter DEBUG    Connecting with SSH to the host: '10.25.1.63' over port 2294.
09-15-2015 12:18:32 paramiko.transport DEBUG    starting thread (client mode): 0x3071850L
09-15-2015 12:18:32 paramiko.transport INFO     Connected (version 2.0, client OpenSSH_6.6.1p1)
09-15-2015 12:18:32 paramiko.transport DEBUG    kex algos:[u'curve25519-sha256@libssh.org', u'ecdh-sha2-nistp256', u'ecdh-sha2-nistp384', u'ecdh-sha2-nistp521', u'diffie-hellman-group-exchange-sha256', u'diffie-hellman-group-exchange-sha1', u'diffie-hellman-group14-sha1', u'diffie-hellman-group1-sha1'] server key:[u'ssh-rsa', u'ssh-dss', u'ecdsa-sha2-nistp256', u'ssh-ed25519'] client encrypt:[u'aes128-ctr', u'aes192-ctr', u'aes256-ctr', u'arcfour256', u'arcfour128', u'aes128-gcm@openssh.com', u'aes256-gcm@openssh.com', u'chacha20-poly1305@openssh.com', u'aes128-cbc', u'3des-cbc', u'blowfish-cbc', u'cast128-cbc', u'aes192-cbc', u'aes256-cbc', u'arcfour', u'rijndael-cbc@lysator.liu.se'] server encrypt:[u'aes128-ctr', u'aes192-ctr', u'aes256-ctr', u'arcfour256', u'arcfour128', u'aes128-gcm@openssh.com', u'aes256-gcm@openssh.com', u'chacha20-poly1305@openssh.com', u'aes128-cbc', u'3des-cbc', u'blowfish-cbc', u'cast128-cbc', u'aes192-cbc', u'aes256-cbc', u'arcfour', u'rijndael-cbc@lysator.liu.se'] client mac:[u'hmac-md5-etm@openssh.com', u'hmac-sha1-etm@openssh.com', u'umac-64-etm@openssh.com', u'umac-128-etm@openssh.com', u'hmac-sha2-256-etm@openssh.com', u'hmac-sha2-512-etm@openssh.com', u'hmac-ripemd160-etm@openssh.com', u'hmac-sha1-96-etm@openssh.com', u'hmac-md5-96-etm@openssh.com', u'hmac-md5', u'hmac-sha1', u'umac-64@openssh.com', u'umac-128@openssh.com', u'hmac-sha2-256', u'hmac-sha2-512', u'hmac-ripemd160', u'hmac-ripemd160@openssh.com', u'hmac-sha1-96', u'hmac-md5-96'] server mac:[u'hmac-md5-etm@openssh.com', u'hmac-sha1-etm@openssh.com', u'umac-64-etm@openssh.com', u'umac-128-etm@openssh.com', u'hmac-sha2-256-etm@openssh.com', u'hmac-sha2-512-etm@openssh.com', u'hmac-ripemd160-etm@openssh.com', u'hmac-sha1-96-etm@openssh.com', u'hmac-md5-96-etm@openssh.com', u'hmac-md5', u'hmac-sha1', u'umac-64@openssh.com', u'umac-128@openssh.com', u'hmac-sha2-256', u'hmac-sha2-512', u'hmac-ripemd160', u'hmac-ripemd160@openssh.com', u'hmac-sha1-96', u'hmac-md5-96'] client compress:[u'none', u'zlib@openssh.com'] server compress:[u'none', u'zlib@openssh.com'] client lang:[u''] server lang:[u''] kex follows?False
09-15-2015 12:18:32 paramiko.transport DEBUG    Ciphers agreed: local=aes128-ctr, remote=aes128-ctr
09-15-2015 12:18:32 paramiko.transport DEBUG    using kex diffie-hellman-group14-sha1; server key type ssh-rsa; cipher: local aes128-ctr, remote aes128-ctr; mac: local hmac-sha1, remote hmac-sha1; compression: local none, remote none
09-15-2015 12:18:32 paramiko.transport DEBUG    Switch to new keys ...
09-15-2015 12:18:32 paramiko.transport DEBUG    Adding ssh-rsa host key for [10.25.1.63]:2294: df188a0939a851e67390c874b2ec75a3
09-15-2015 12:18:32 paramiko.transport DEBUG    userauth is OK
09-15-2015 12:18:32 paramiko.transport INFO     Authentication (password) successful!
09-15-2015 12:18:32 taTransporter DEBUG    Executing command 'pidof replicator' on remote host.
09-15-2015 12:18:32 paramiko.transport DEBUG    [chan 0] Max packet in: 32768 bytes
09-15-2015 12:18:33 paramiko.transport DEBUG    [chan 0] Max packet out: 32768 bytes
09-15-2015 12:18:33 paramiko.transport DEBUG    Secsh channel 0 opened.
09-15-2015 12:18:33 paramiko.transport DEBUG    [chan 0] Sesch channel 0 request ok
09-15-2015 12:18:33 paramiko.transport DEBUG    [chan 0] Sesch channel 0 request ok
09-15-2015 12:18:33 paramiko.transport DEBUG    [chan 0] EOF received (0)
09-15-2015 12:18:33 taTransporter DEBUG    Got process ID for replicator: 6190.
09-15-2015 12:18:33 taTransporter DEBUG    Connecting with SSH to the host: '10.25.1.63' over port 2294.
09-15-2015 12:18:33 paramiko.transport DEBUG    starting thread (client mode): 0x30a1ed0L
09-15-2015 12:18:33 paramiko.transport INFO     Connected (version 2.0, client OpenSSH_6.6.1p1)
09-15-2015 12:18:33 paramiko.transport DEBUG    kex algos:[u'curve25519-sha256@libssh.org', u'ecdh-sha2-nistp256', u'ecdh-sha2-nistp384', u'ecdh-sha2-nistp521', u'diffie-hellman-group-exchange-sha256', u'diffie-hellman-group-exchange-sha1', u'diffie-hellman-group14-sha1', u'diffie-hellman-group1-sha1'] server key:[u'ssh-rsa', u'ssh-dss', u'ecdsa-sha2-nistp256', u'ssh-ed25519'] client encrypt:[u'aes128-ctr', u'aes192-ctr', u'aes256-ctr', u'arcfour256', u'arcfour128', u'aes128-gcm@openssh.com', u'aes256-gcm@openssh.com', u'chacha20-poly1305@openssh.com', u'aes128-cbc', u'3des-cbc', u'blowfish-cbc', u'cast128-cbc', u'aes192-cbc', u'aes256-cbc', u'arcfour', u'rijndael-cbc@lysator.liu.se'] server encrypt:[u'aes128-ctr', u'aes192-ctr', u'aes256-ctr', u'arcfour256', u'arcfour128', u'aes128-gcm@openssh.com', u'aes256-gcm@openssh.com', u'chacha20-poly1305@openssh.com', u'aes128-cbc', u'3des-cbc', u'blowfish-cbc', u'cast128-cbc', u'aes192-cbc', u'aes256-cbc', u'arcfour', u'rijndael-cbc@lysator.liu.se'] client mac:[u'hmac-md5-etm@openssh.com', u'hmac-sha1-etm@openssh.com', u'umac-64-etm@openssh.com', u'umac-128-etm@openssh.com', u'hmac-sha2-256-etm@openssh.com', u'hmac-sha2-512-etm@openssh.com', u'hmac-ripemd160-etm@openssh.com', u'hmac-sha1-96-etm@openssh.com', u'hmac-md5-96-etm@openssh.com', u'hmac-md5', u'hmac-sha1', u'umac-64@openssh.com', u'umac-128@openssh.com', u'hmac-sha2-256', u'hmac-sha2-512', u'hmac-ripemd160', u'hmac-ripemd160@openssh.com', u'hmac-sha1-96', u'hmac-md5-96'] server mac:[u'hmac-md5-etm@openssh.com', u'hmac-sha1-etm@openssh.com', u'umac-64-etm@openssh.com', u'umac-128-etm@openssh.com', u'hmac-sha2-256-etm@openssh.com', u'hmac-sha2-512-etm@openssh.com', u'hmac-ripemd160-etm@openssh.com', u'hmac-sha1-96-etm@openssh.com', u'hmac-md5-96-etm@openssh.com', u'hmac-md5', u'hmac-sha1', u'umac-64@openssh.com', u'umac-128@openssh.com', u'hmac-sha2-256', u'hmac-sha2-512', u'hmac-ripemd160', u'hmac-ripemd160@openssh.com', u'hmac-sha1-96', u'hmac-md5-96'] client compress:[u'none', u'zlib@openssh.com'] server compress:[u'none', u'zlib@openssh.com'] client lang:[u''] server lang:[u''] kex follows?False
09-15-2015 12:18:33 paramiko.transport DEBUG    Ciphers agreed: local=aes128-ctr, remote=aes128-ctr
09-15-2015 12:18:33 paramiko.transport DEBUG    using kex diffie-hellman-group14-sha1; server key type ssh-rsa; cipher: local aes128-ctr, remote aes128-ctr; mac: local hmac-sha1, remote hmac-sha1; compression: local none, remote none
09-15-2015 12:18:33 paramiko.transport DEBUG    Switch to new keys ...
09-15-2015 12:18:33 paramiko.transport DEBUG    Adding ssh-rsa host key for [10.25.1.63]:2294: df188a0939a851e67390c874b2ec75a3
09-15-2015 12:18:34 paramiko.transport DEBUG    userauth is OK
09-15-2015 12:18:34 paramiko.transport INFO     Authentication (password) successful!
09-15-2015 12:18:34 taTransporter DEBUG    Executing command 'cmd diag config' on remote host.
09-15-2015 12:18:34 paramiko.transport DEBUG    [chan 0] Max packet in: 32768 bytes
09-15-2015 12:18:35 paramiko.transport DEBUG    [chan 0] Max packet out: 32768 bytes
09-15-2015 12:18:35 paramiko.transport DEBUG    Secsh channel 0 opened.
09-15-2015 12:18:35 paramiko.transport DEBUG    [chan 0] Sesch channel 0 request ok
09-15-2015 12:18:35 paramiko.transport DEBUG    [chan 0] Sesch channel 0 request ok
09-15-2015 12:18:35 paramiko.transport DEBUG    [chan 0] EOF received (0)
09-15-2015 12:18:35 taTransporter DEBUG    Got expected result from command 'cmd diag config'.
09-15-2015 12:18:35 taTransporter DEBUG    Owner ID from 'diag config' retrived as '000000000000000000000000'.
09-15-2015 12:18:35 taTestbed    DEBUG    Target 'auto-tfb30-01' passed pre-fly check. It is unclaimed.
09-15-2015 12:18:35 taTransporter DEBUG    Will read information from config file 'auto-tfb15-01.target'.
09-15-2015 12:18:35 taTransporter DEBUG    Validate availability of TFB 'auto-tfb15-01'.
09-15-2015 12:18:35 taTransporter DEBUG    First of all check is replicator running.
09-15-2015 12:18:35 taTransporter DEBUG    Will check process id for 'replicator' process on TFB 'auto-tfb15-01'.
09-15-2015 12:18:35 taTransporter DEBUG    Connecting with SSH to the host: '10.25.1.82' over port 2226.
09-15-2015 12:18:35 paramiko.transport DEBUG    starting thread (client mode): 0x308f250L
09-15-2015 12:18:35 paramiko.transport INFO     Connected (version 2.0, client OpenSSH_6.6.1p1)
09-15-2015 12:18:35 paramiko.transport DEBUG    kex algos:[u'curve25519-sha256@libssh.org', u'ecdh-sha2-nistp256', u'ecdh-sha2-nistp384', u'ecdh-sha2-nistp521', u'diffie-hellman-group-exchange-sha256', u'diffie-hellman-group-exchange-sha1', u'diffie-hellman-group14-sha1', u'diffie-hellman-group1-sha1'] server key:[u'ssh-rsa', u'ssh-dss', u'ecdsa-sha2-nistp256', u'ssh-ed25519'] client encrypt:[u'aes128-ctr', u'aes192-ctr', u'aes256-ctr', u'arcfour256', u'arcfour128', u'aes128-gcm@openssh.com', u'aes256-gcm@openssh.com', u'chacha20-poly1305@openssh.com', u'aes128-cbc', u'3des-cbc', u'blowfish-cbc', u'cast128-cbc', u'aes192-cbc', u'aes256-cbc', u'arcfour', u'rijndael-cbc@lysator.liu.se'] server encrypt:[u'aes128-ctr', u'aes192-ctr', u'aes256-ctr', u'arcfour256', u'arcfour128', u'aes128-gcm@openssh.com', u'aes256-gcm@openssh.com', u'chacha20-poly1305@openssh.com', u'aes128-cbc', u'3des-cbc', u'blowfish-cbc', u'cast128-cbc', u'aes192-cbc', u'aes256-cbc', u'arcfour', u'rijndael-cbc@lysator.liu.se'] client mac:[u'hmac-md5-etm@openssh.com', u'hmac-sha1-etm@openssh.com', u'umac-64-etm@openssh.com', u'umac-128-etm@openssh.com', u'hmac-sha2-256-etm@openssh.com', u'hmac-sha2-512-etm@openssh.com', u'hmac-ripemd160-etm@openssh.com', u'hmac-sha1-96-etm@openssh.com', u'hmac-md5-96-etm@openssh.com', u'hmac-md5', u'hmac-sha1', u'umac-64@openssh.com', u'umac-128@openssh.com', u'hmac-sha2-256', u'hmac-sha2-512', u'hmac-ripemd160', u'hmac-ripemd160@openssh.com', u'hmac-sha1-96', u'hmac-md5-96'] server mac:[u'hmac-md5-etm@openssh.com', u'hmac-sha1-etm@openssh.com', u'umac-64-etm@openssh.com', u'umac-128-etm@openssh.com', u'hmac-sha2-256-etm@openssh.com', u'hmac-sha2-512-etm@openssh.com', u'hmac-ripemd160-etm@openssh.com', u'hmac-sha1-96-etm@openssh.com', u'hmac-md5-96-etm@openssh.com', u'hmac-md5', u'hmac-sha1', u'umac-64@openssh.com', u'umac-128@openssh.com', u'hmac-sha2-256', u'hmac-sha2-512', u'hmac-ripemd160', u'hmac-ripemd160@openssh.com', u'hmac-sha1-96', u'hmac-md5-96'] client compress:[u'none', u'zlib@openssh.com'] server compress:[u'none', u'zlib@openssh.com'] client lang:[u''] server lang:[u''] kex follows?False
09-15-2015 12:18:35 paramiko.transport DEBUG    Ciphers agreed: local=aes128-ctr, remote=aes128-ctr
09-15-2015 12:18:35 paramiko.transport DEBUG    using kex diffie-hellman-group14-sha1; server key type ssh-rsa; cipher: local aes128-ctr, remote aes128-ctr; mac: local hmac-sha1, remote hmac-sha1; compression: local none, remote none
09-15-2015 12:18:35 paramiko.transport DEBUG    Switch to new keys ...
09-15-2015 12:18:35 paramiko.transport DEBUG    Adding ssh-rsa host key for [10.25.1.82]:2226: a88cef8821fe42edfa76b9c49aa2e6a2
09-15-2015 12:18:35 paramiko.transport DEBUG    userauth is OK
09-15-2015 12:18:35 paramiko.transport INFO     Authentication (password) successful!
09-15-2015 12:18:35 taTransporter DEBUG    Executing command 'pidof replicator' on remote host.
09-15-2015 12:18:35 paramiko.transport DEBUG    [chan 0] Max packet in: 32768 bytes
09-15-2015 12:18:36 paramiko.transport DEBUG    [chan 0] Max packet out: 32768 bytes
09-15-2015 12:18:36 paramiko.transport DEBUG    Secsh channel 0 opened.
09-15-2015 12:18:36 paramiko.transport DEBUG    [chan 0] Sesch channel 0 request ok
09-15-2015 12:18:36 paramiko.transport DEBUG    [chan 0] Sesch channel 0 request ok
09-15-2015 12:18:36 paramiko.transport DEBUG    [chan 0] EOF received (0)
09-15-2015 12:18:36 taTransporter DEBUG    Got process ID for replicator: 5372.
09-15-2015 12:18:36 taTransporter DEBUG    Connecting with SSH to the host: '10.25.1.82' over port 2226.
09-15-2015 12:18:36 paramiko.transport DEBUG    starting thread (client mode): 0x30a1d10L
09-15-2015 12:18:36 paramiko.transport INFO     Connected (version 2.0, client OpenSSH_6.6.1p1)
09-15-2015 12:18:36 paramiko.transport DEBUG    kex algos:[u'curve25519-sha256@libssh.org', u'ecdh-sha2-nistp256', u'ecdh-sha2-nistp384', u'ecdh-sha2-nistp521', u'diffie-hellman-group-exchange-sha256', u'diffie-hellman-group-exchange-sha1', u'diffie-hellman-group14-sha1', u'diffie-hellman-group1-sha1'] server key:[u'ssh-rsa', u'ssh-dss', u'ecdsa-sha2-nistp256', u'ssh-ed25519'] client encrypt:[u'aes128-ctr', u'aes192-ctr', u'aes256-ctr', u'arcfour256', u'arcfour128', u'aes128-gcm@openssh.com', u'aes256-gcm@openssh.com', u'chacha20-poly1305@openssh.com', u'aes128-cbc', u'3des-cbc', u'blowfish-cbc', u'cast128-cbc', u'aes192-cbc', u'aes256-cbc', u'arcfour', u'rijndael-cbc@lysator.liu.se'] server encrypt:[u'aes128-ctr', u'aes192-ctr', u'aes256-ctr', u'arcfour256', u'arcfour128', u'aes128-gcm@openssh.com', u'aes256-gcm@openssh.com', u'chacha20-poly1305@openssh.com', u'aes128-cbc', u'3des-cbc', u'blowfish-cbc', u'cast128-cbc', u'aes192-cbc', u'aes256-cbc', u'arcfour', u'rijndael-cbc@lysator.liu.se'] client mac:[u'hmac-md5-etm@openssh.com', u'hmac-sha1-etm@openssh.com', u'umac-64-etm@openssh.com', u'umac-128-etm@openssh.com', u'hmac-sha2-256-etm@openssh.com', u'hmac-sha2-512-etm@openssh.com', u'hmac-ripemd160-etm@openssh.com', u'hmac-sha1-96-etm@openssh.com', u'hmac-md5-96-etm@openssh.com', u'hmac-md5', u'hmac-sha1', u'umac-64@openssh.com', u'umac-128@openssh.com', u'hmac-sha2-256', u'hmac-sha2-512', u'hmac-ripemd160', u'hmac-ripemd160@openssh.com', u'hmac-sha1-96', u'hmac-md5-96'] server mac:[u'hmac-md5-etm@openssh.com', u'hmac-sha1-etm@openssh.com', u'umac-64-etm@openssh.com', u'umac-128-etm@openssh.com', u'hmac-sha2-256-etm@openssh.com', u'hmac-sha2-512-etm@openssh.com', u'hmac-ripemd160-etm@openssh.com', u'hmac-sha1-96-etm@openssh.com', u'hmac-md5-96-etm@openssh.com', u'hmac-md5', u'hmac-sha1', u'umac-64@openssh.com', u'umac-128@openssh.com', u'hmac-sha2-256', u'hmac-sha2-512', u'hmac-ripemd160', u'hmac-ripemd160@openssh.com', u'hmac-sha1-96', u'hmac-md5-96'] client compress:[u'none', u'zlib@openssh.com'] server compress:[u'none', u'zlib@openssh.com'] client lang:[u''] server lang:[u''] kex follows?False
09-15-2015 12:18:36 paramiko.transport DEBUG    Ciphers agreed: local=aes128-ctr, remote=aes128-ctr
09-15-2015 12:18:36 paramiko.transport DEBUG    using kex diffie-hellman-group14-sha1; server key type ssh-rsa; cipher: local aes128-ctr, remote aes128-ctr; mac: local hmac-sha1, remote hmac-sha1; compression: local none, remote none
09-15-2015 12:18:36 paramiko.transport DEBUG    Switch to new keys ...
09-15-2015 12:18:36 paramiko.transport DEBUG    Adding ssh-rsa host key for [10.25.1.82]:2226: a88cef8821fe42edfa76b9c49aa2e6a2
09-15-2015 12:18:36 paramiko.transport DEBUG    userauth is OK
09-15-2015 12:18:36 paramiko.transport INFO     Authentication (password) successful!
09-15-2015 12:18:36 taTransporter DEBUG    Executing command 'cmd diag config' on remote host.
09-15-2015 12:18:36 paramiko.transport DEBUG    [chan 0] Max packet in: 32768 bytes
09-15-2015 12:18:37 paramiko.transport DEBUG    [chan 0] Max packet out: 32768 bytes
09-15-2015 12:18:37 paramiko.transport DEBUG    Secsh channel 0 opened.
09-15-2015 12:18:37 paramiko.transport DEBUG    [chan 0] Sesch channel 0 request ok
09-15-2015 12:18:37 paramiko.transport DEBUG    [chan 0] Sesch channel 0 request ok
09-15-2015 12:18:37 paramiko.transport DEBUG    [chan 0] EOF received (0)
09-15-2015 12:18:37 taTransporter DEBUG    Got expected result from command 'cmd diag config'.
09-15-2015 12:18:37 taTransporter DEBUG    Owner ID from 'diag config' retrived as '000000000000000000000000'.
09-15-2015 12:18:37 taTestbed    DEBUG    Target 'auto-tfb15-01' passed pre-fly check. It is unclaimed.
09-15-2015 12:18:37 taUser       DEBUG    Will read information from config file 'automation.cfg'.
09-15-2015 12:18:37 taBackend    DEBUG    Attempt to get customer ID by account name.
09-15-2015 12:18:37 requests.packages.urllib3.connectionpool INFO     Starting new HTTPS connection (1): dws.connecteddata.com
09-15-2015 12:18:38 requests.packages.urllib3.connectionpool DEBUG    "GET /polcentral/v1_0/customers/automation/accountname HTTP/1.1" 200 131
09-15-2015 12:18:38 taTestbed    DEBUG    User 'automation' passed pre-fly check. Has CID 54c7b9b883b37d1421d465b9.
09-15-2015 12:18:38 taUser       DEBUG    Will read information from config file 'auto-qa02.cfg'.
09-15-2015 12:18:38 taBackend    DEBUG    Attempt to get customer ID by account name.
09-15-2015 12:18:38 requests.packages.urllib3.connectionpool INFO     Starting new HTTPS connection (1): dws.connecteddata.com
09-15-2015 12:18:38 requests.packages.urllib3.connectionpool DEBUG    "GET /polcentral/v1_0/customers/auto2.org1/accountname HTTP/1.1" 200 135
09-15-2015 12:18:38 taTestbed    DEBUG    User 'auto-qa02' passed pre-fly check. Has CID 55dcd3d8bc05399c6d7b23c9.
09-15-2015 12:18:38 autobot      INFO     ---> Summary for 'S360: AUTO: Graceful shutdown'.
09-15-2015 12:18:38 autobot      INFO     Executed 1 test cases.
09-15-2015 12:18:38 autobot      INFO     Execution time is 00:00:06
09-15-2015 12:18:38 autobot      INFO     ============================================================================================
09-15-2015 12:18:38 autobot      INFO     Total test execution time is 00:00:08
