09-21-2015 13:06:37 autobot      INFO     ============================================================================================
09-21-2015 13:06:37 autobot      INFO     Test execution starts 21-Sep-2015 at 13:06:37 PDT
09-21-2015 13:06:37 autobot      INFO     Test execution based on autobot.cfg file.
09-21-2015 13:06:37 autobot      INFO     ============================================================================================
09-21-2015 13:06:37 autobot      INFO     Getting TestRail configuration.
09-21-2015 13:06:37 autobot      DEBUG    Will use TestRail at 'http://172.24.1.33/testrail' using 'qa-auto@connecteddata.com/automatethis'.
09-21-2015 13:06:37 autobot      INFO     Creating connection to the TestRail.
09-21-2015 13:06:38 autobot      INFO     ===> Test suite 'S360: AUTO: Graceful shutdown'.
09-21-2015 13:06:38 autobot      INFO     Starts at 21-Sep-2015 at 13:06:38 PDT
09-21-2015 13:06:38 autobot      INFO     Test suite 'S360 - AUTO: Graceful shutdown' has 1 test case.
09-21-2015 13:06:38 testbed      DEBUG    Will read information from config file 'S360.cfg'.
09-21-2015 13:06:38 testbed      INFO     Check availability of all testbed components.
09-21-2015 13:06:38 testbed      DEBUG    Getting testbed configuration.
09-21-2015 13:06:38 testbed      DEBUG    Will read list of targets.
09-21-2015 13:06:38 testbed      DEBUG    Found 2 targets.
09-21-2015 13:06:38 testbed      DEBUG    Target's list: ['auto-tfb30-01', 'auto-tfb15-01']
09-21-2015 13:06:38 testbed      DEBUG    Successfully got information about targets, to use in test suite.
09-21-2015 13:06:38 testbed      DEBUG    Will read list of clients.
09-21-2015 13:06:38 testbed      DEBUG    Found 1 client.
09-21-2015 13:06:38 testbed      DEBUG    Client's list: ['win7x64-01']
09-21-2015 13:06:38 testbed      DEBUG    Successfully got information about clients, to use in test suite.
09-21-2015 13:06:38 testbed      DEBUG    Will read list of users.
09-21-2015 13:06:38 testbed      DEBUG    Found 2 users.
09-21-2015 13:06:38 testbed      DEBUG    User's list: ['automation', 'auto-qa02']
09-21-2015 13:06:38 testbed      DEBUG    Successfully got information about users, to use in test suite.
09-21-2015 13:06:38 client-lib   DEBUG    Will read information from config file 'win7x64-01.cfg'.
09-21-2015 13:06:38 client-lib   DEBUG    Getting OS on 'win7x64-01'.
09-21-2015 13:06:38 client-lib   DEBUG    Computer 'win7x64-01' (IP address 172.18.34.169) is running Windows.
09-21-2015 13:06:38 client-lib   DEBUG    Check availability of client 'win7x64-01'.
09-21-2015 13:06:38 client-lib   DEBUG    Getting OS on 'win7x64-01'.
09-21-2015 13:06:39 client-lib   DEBUG    Computer 'win7x64-01' (IP address 172.18.34.169) is running Windows.
09-21-2015 13:06:39 client-lib   DEBUG    Client 'win7x64-01' is running WIN.
09-21-2015 13:06:39 client-lib   INFO     Check user name currently logged on 'win7x64-01'.
09-21-2015 13:06:39 client-lib   DEBUG    Current user on 'win7x64-01' has login 'automation'.
09-21-2015 13:06:39 client-lib   DEBUG    Successfully connected to RPYC running on 'win7x64-01' over IP '172.18.34.169'.
09-21-2015 13:06:39 client-lib   DEBUG    Client's desktop information was retrived from local file 'C:\Users\automation\AppData\Roaming\Connected Data\configuration.ini'.
09-21-2015 13:06:39 client-lib   INFO     Client will use desk app version '4.1.1.19860'.
09-21-2015 13:06:39 client-lib   INFO     Check and remove all network file systems attached to the client 'win7x64-01'.
09-21-2015 13:06:39 client-lib   INFO     Checking for network file systems attached to the client 'win7x64-01'.
09-21-2015 13:06:40 client-lib   DEBUG    Client 'win7x64-01' doesn't have any network file systems attached.
09-21-2015 13:06:40 testbed      DEBUG    Client 'win7x64-01' is available for test execution. It runs WIN.
09-21-2015 13:06:40 tfb-lib      DEBUG    Will read information from config file 'auto-tfb30-01.target'.
09-21-2015 13:06:40 tfb-lib      DEBUG    Validate availability of TFB 'auto-tfb30-01'.
09-21-2015 13:06:40 tfb-lib      DEBUG    First of all check is replicator running.
09-21-2015 13:06:40 tfb-lib      DEBUG    Will check process id for 'replicator' process on TFB 'auto-tfb30-01'.
09-21-2015 13:06:40 tfb-lib      DEBUG    Connecting with SSH to the host: '10.25.1.63' over port 2294.
09-21-2015 13:06:40 tfb-lib      DEBUG    Executing command 'pidof replicator' on remote host.
09-21-2015 13:06:41 tfb-lib      WARNING  Process ID for replicator returns empty string.
09-21-2015 13:06:41 tfb-lib      WARNING  Replicator is down. Will try to start it.
09-21-2015 13:06:41 tfb-lib      DEBUG    Connecting with SSH to the host: '10.25.1.63' over port 2294.
09-21-2015 13:06:41 tfb-lib      DEBUG    Executing command 'echo 2iko.8gas|sudo -S -p '' /etc/init.d/replicator start' on remote host.
09-21-2015 13:06:42 tfb-lib      DEBUG    Replicator process is going to start on TFB 'auto-tfb30-01'. Waiting 60 seconds.
09-21-2015 13:08:42 tfb-lib      DEBUG    Will check process id for 'replicator' process on TFB 'auto-tfb30-01'.
09-21-2015 13:08:42 tfb-lib      DEBUG    Connecting with SSH to the host: '10.25.1.63' over port 2294.
09-21-2015 13:08:42 tfb-lib      DEBUG    Executing command 'pidof replicator' on remote host.
09-21-2015 13:08:43 tfb-lib      WARNING  Process ID for replicator returns empty string.
09-21-2015 13:08:43 tfb-lib      WARNING  Replicator is down. Will try to start it.
09-21-2015 13:08:43 tfb-lib      DEBUG    Connecting with SSH to the host: '10.25.1.63' over port 2294.
09-21-2015 13:08:44 tfb-lib      DEBUG    Executing command 'echo 2iko.8gas|sudo -S -p '' /etc/init.d/replicator start' on remote host.
09-21-2015 13:08:45 tfb-lib      DEBUG    Replicator process is going to start on TFB 'auto-tfb30-01'. Waiting 60 seconds.
09-21-2015 13:10:45 tfb-lib      DEBUG    Will check process id for 'replicator' process on TFB 'auto-tfb30-01'.
09-21-2015 13:10:45 tfb-lib      DEBUG    Connecting with SSH to the host: '10.25.1.63' over port 2294.
09-21-2015 13:10:45 tfb-lib      DEBUG    Executing command 'pidof replicator' on remote host.
09-21-2015 13:10:46 tfb-lib      DEBUG    Got process ID for replicator: 4666.
09-21-2015 13:10:46 tfb-lib      DEBUG    Connecting with SSH to the host: '10.25.1.63' over port 2294.
09-21-2015 13:10:46 tfb-lib      DEBUG    Executing command 'cmd diag config' on remote host.
09-21-2015 13:10:47 tfb-lib      DEBUG    Got expected result from command 'cmd diag config'.
09-21-2015 13:10:47 tfb-lib      DEBUG    Owner ID from 'diag config' retrived as '000000000000000000000000'.
09-21-2015 13:10:47 testbed      DEBUG    Target 'auto-tfb30-01' passed pre-fly check. It is unclaimed.
09-21-2015 13:10:47 tfb-lib      DEBUG    Will read information from config file 'auto-tfb15-01.target'.
09-21-2015 13:10:47 tfb-lib      DEBUG    Validate availability of TFB 'auto-tfb15-01'.
09-21-2015 13:10:47 tfb-lib      DEBUG    First of all check is replicator running.
09-21-2015 13:10:47 tfb-lib      DEBUG    Will check process id for 'replicator' process on TFB 'auto-tfb15-01'.
09-21-2015 13:10:47 tfb-lib      DEBUG    Connecting with SSH to the host: '10.25.1.82' over port 2226.
09-21-2015 13:10:48 tfb-lib      DEBUG    Executing command 'pidof replicator' on remote host.
09-21-2015 13:10:50 tfb-lib      DEBUG    Got process ID for replicator: 2784.
09-21-2015 13:10:50 tfb-lib      DEBUG    Connecting with SSH to the host: '10.25.1.82' over port 2226.
09-21-2015 13:10:50 tfb-lib      DEBUG    Executing command 'cmd diag config' on remote host.
09-21-2015 13:10:51 tfb-lib      DEBUG    Got expected result from command 'cmd diag config'.
09-21-2015 13:10:51 tfb-lib      DEBUG    Owner ID from 'diag config' retrived as '54c7b9b883b37d1421d465b9'.
09-21-2015 13:10:51 testbed      ERROR    Target 'auto-tfb15-01' is not ready for test execution.
09-21-2015 13:10:51 autobot      ERROR    Testbed is not ready for execution tests from 'S360: AUTO: Graceful shutdown'.
09-21-2015 13:10:51 testbed      INFO     Attempt to bring testbed into default state.
09-21-2015 13:10:51 testbed      DEBUG    Getting testbed configuration.
09-21-2015 13:10:51 testbed      DEBUG    Will read list of targets.
09-21-2015 13:10:51 testbed      DEBUG    Found 2 targets.
09-21-2015 13:10:51 testbed      DEBUG    Target's list: ['auto-tfb30-01', 'auto-tfb15-01']
09-21-2015 13:10:51 testbed      DEBUG    Successfully got information about targets, to use in test suite.
09-21-2015 13:10:51 testbed      DEBUG    Will read list of clients.
09-21-2015 13:10:51 testbed      DEBUG    Found 1 client.
09-21-2015 13:10:51 testbed      DEBUG    Client's list: ['win7x64-01']
09-21-2015 13:10:51 testbed      DEBUG    Successfully got information about clients, to use in test suite.
09-21-2015 13:10:51 testbed      DEBUG    Will read list of users.
09-21-2015 13:10:51 testbed      DEBUG    Found 2 users.
09-21-2015 13:10:51 testbed      DEBUG    User's list: ['automation', 'auto-qa02']
09-21-2015 13:10:51 testbed      DEBUG    Successfully got information about users, to use in test suite.
09-21-2015 13:10:51 client-lib   DEBUG    Will read information from config file 'win7x64-01.cfg'.
09-21-2015 13:10:51 client-lib   DEBUG    Getting OS on 'win7x64-01'.
09-21-2015 13:10:51 client-lib   DEBUG    Computer 'win7x64-01' (IP address 172.18.34.169) is running Windows.
09-21-2015 13:10:51 client-lib   INFO     Attempt to set client according to config file.
09-21-2015 13:10:51 client-lib   DEBUG    Disconnect all attached storages if any.
09-21-2015 13:10:51 client-lib   INFO     Check and remove all network file systems attached to the client 'win7x64-01'.
09-21-2015 13:10:51 client-lib   INFO     Checking for network file systems attached to the client 'win7x64-01'.
09-21-2015 13:10:52 client-lib   DEBUG    Client 'win7x64-01' doesn't have any network file systems attached.
09-21-2015 13:10:52 client-lib   DEBUG    All attacheg network storages should be already disconnected.
09-21-2015 13:10:52 client-lib   DEBUG    Delete everything from Transporter directory.
09-21-2015 13:10:52 client-lib   DEBUG    Will delete everything in Transporter folder
09-21-2015 13:10:52 client-lib   DEBUG    Deleting AUTO_S358.
09-21-2015 13:10:52 client-lib   DEBUG    Will delete everything in AUTO_S358
09-21-2015 13:10:52 client-lib   DEBUG    auto_s358 does not exist.
09-21-2015 13:10:52 client-lib   DEBUG    Deleting desktop.ini.
09-21-2015 13:10:52 client-lib   DEBUG    Will delete everything in desktop.ini
09-21-2015 13:10:52 client-lib   DEBUG    desktop.ini does not exist.
09-21-2015 13:10:52 client-lib   DEBUG    Will not delete Transporter Library because it is part of 'Transporter Library'.
09-21-2015 13:10:52 client-lib   DEBUG    Everything should be already removed from Transporter directory.
09-21-2015 13:10:52 testbed      INFO     Client 'win7x64-01' was successfully reset.
09-21-2015 13:10:52 tfb-lib      DEBUG    Will read information from config file 'auto-tfb30-01.target'.
09-21-2015 13:10:52 tfb-lib      INFO     Attempt to bring TFB 'auto-tfb30-01' to default state.
09-21-2015 13:10:52 tfb-lib      DEBUG    Will wait for TFB 'auto-tfb30-01' to start SSH deamon.
09-21-2015 13:10:52 tfb-lib      DEBUG    Connecting with SSH to the host: '10.25.1.63' over port 2294.
09-21-2015 13:10:53 tfb-lib      DEBUG    Executing command 'hostname' on remote host.
09-21-2015 13:10:54 tfb-lib      DEBUG    Device accessable over SSH. Response was tfb

09-21-2015 13:10:54 tfb-lib      DEBUG    Will wait for TFB 'auto-tfb30-01' to start replicator.
09-21-2015 13:10:54 tfb-lib      DEBUG    Will check process id for 'replicator' process on TFB 'auto-tfb30-01'.
09-21-2015 13:10:54 tfb-lib      DEBUG    Connecting with SSH to the host: '10.25.1.63' over port 2294.
09-21-2015 13:10:54 tfb-lib      DEBUG    Executing command 'pidof replicator' on remote host.
09-21-2015 13:10:55 tfb-lib      DEBUG    Replicator process is running. Process ID is 4666
09-21-2015 13:10:55 tfb-lib      DEBUG    Validate availability of TFB 'auto-tfb30-01'.
09-21-2015 13:10:55 tfb-lib      DEBUG    First of all check is replicator running.
09-21-2015 13:10:55 tfb-lib      DEBUG    Will check process id for 'replicator' process on TFB 'auto-tfb30-01'.
09-21-2015 13:10:55 tfb-lib      DEBUG    Connecting with SSH to the host: '10.25.1.63' over port 2294.
09-21-2015 13:10:55 tfb-lib      DEBUG    Executing command 'pidof replicator' on remote host.
09-21-2015 13:10:56 tfb-lib      DEBUG    Got process ID for replicator: 4666.
09-21-2015 13:10:56 tfb-lib      DEBUG    Connecting with SSH to the host: '10.25.1.63' over port 2294.
09-21-2015 13:10:56 tfb-lib      DEBUG    Executing command 'cmd diag config' on remote host.
09-21-2015 13:10:57 tfb-lib      DEBUG    Got expected result from command 'cmd diag config'.
09-21-2015 13:10:57 tfb-lib      DEBUG    Owner ID from 'diag config' retrived as '000000000000000000000000'.
09-21-2015 13:10:57 tfb-lib      DEBUG    Device 'auto-tfb30-01' is in default state.
09-21-2015 13:10:57 testbed      INFO     Target 'auto-tfb30-01' was successfully reset.
09-21-2015 13:10:57 tfb-lib      DEBUG    Will read information from config file 'auto-tfb15-01.target'.
09-21-2015 13:10:57 tfb-lib      INFO     Attempt to bring TFB 'auto-tfb15-01' to default state.
09-21-2015 13:10:57 tfb-lib      DEBUG    Will wait for TFB 'auto-tfb15-01' to start SSH deamon.
09-21-2015 13:10:57 tfb-lib      DEBUG    Connecting with SSH to the host: '10.25.1.82' over port 2226.
09-21-2015 13:10:57 tfb-lib      DEBUG    Executing command 'hostname' on remote host.
09-21-2015 13:10:58 tfb-lib      DEBUG    Device accessable over SSH. Response was tfb

09-21-2015 13:10:58 tfb-lib      DEBUG    Will wait for TFB 'auto-tfb15-01' to start replicator.
09-21-2015 13:10:58 tfb-lib      DEBUG    Will check process id for 'replicator' process on TFB 'auto-tfb15-01'.
09-21-2015 13:10:58 tfb-lib      DEBUG    Connecting with SSH to the host: '10.25.1.82' over port 2226.
09-21-2015 13:10:58 tfb-lib      DEBUG    Executing command 'pidof replicator' on remote host.
09-21-2015 13:10:59 tfb-lib      DEBUG    Replicator process is running. Process ID is 2784
09-21-2015 13:10:59 tfb-lib      DEBUG    Validate availability of TFB 'auto-tfb15-01'.
09-21-2015 13:10:59 tfb-lib      DEBUG    First of all check is replicator running.
09-21-2015 13:10:59 tfb-lib      DEBUG    Will check process id for 'replicator' process on TFB 'auto-tfb15-01'.
09-21-2015 13:10:59 tfb-lib      DEBUG    Connecting with SSH to the host: '10.25.1.82' over port 2226.
09-21-2015 13:10:59 tfb-lib      DEBUG    Executing command 'pidof replicator' on remote host.
09-21-2015 13:11:00 tfb-lib      DEBUG    Got process ID for replicator: 2784.
09-21-2015 13:11:00 tfb-lib      DEBUG    Connecting with SSH to the host: '10.25.1.82' over port 2226.
09-21-2015 13:11:00 tfb-lib      DEBUG    Executing command 'cmd diag config' on remote host.
09-21-2015 13:11:01 tfb-lib      DEBUG    Got expected result from command 'cmd diag config'.
09-21-2015 13:11:01 tfb-lib      DEBUG    Owner ID from 'diag config' retrived as '54c7b9b883b37d1421d465b9'.
09-21-2015 13:11:01 tfb-lib      DEBUG    First of all check is replicator running.
09-21-2015 13:11:01 tfb-lib      DEBUG    Will check process id for 'replicator' process on TFB 'auto-tfb15-01'.
09-21-2015 13:11:01 tfb-lib      DEBUG    Connecting with SSH to the host: '10.25.1.82' over port 2226.
09-21-2015 13:11:01 tfb-lib      DEBUG    Executing command 'pidof replicator' on remote host.
09-21-2015 13:11:02 tfb-lib      DEBUG    Got process ID for replicator: 2784.
09-21-2015 13:11:02 tfb-lib      DEBUG    Connecting with SSH to the host: '10.25.1.82' over port 2226.
09-21-2015 13:11:02 tfb-lib      DEBUG    Executing command 'cmd diag config' on remote host.
09-21-2015 13:11:02 tfb-lib      DEBUG    Got expected result from command 'cmd diag config'.
09-21-2015 13:11:02 tfb-lib      DEBUG    Device ID from 'diag config' retrived as '5490a7b0a01f46b8350000e2'.
09-21-2015 13:11:02 tfb-lib      DEBUG    First of all check is replicator running.
09-21-2015 13:11:02 tfb-lib      DEBUG    Will check process id for 'replicator' process on TFB 'auto-tfb15-01'.
09-21-2015 13:11:02 tfb-lib      DEBUG    Connecting with SSH to the host: '10.25.1.82' over port 2226.
09-21-2015 13:11:03 tfb-lib      DEBUG    Executing command 'pidof replicator' on remote host.
09-21-2015 13:11:03 tfb-lib      DEBUG    Got process ID for replicator: 2784.
09-21-2015 13:11:03 tfb-lib      DEBUG    Connecting with SSH to the host: '10.25.1.82' over port 2226.
09-21-2015 13:11:03 tfb-lib      DEBUG    Executing command 'cmd diag config' on remote host.
09-21-2015 13:11:04 tfb-lib      DEBUG    Got expected result from command 'cmd diag config'.
09-21-2015 13:11:04 tfb-lib      DEBUG    Owner ID from 'diag config' retrived as '54c7b9b883b37d1421d465b9'.
09-21-2015 13:11:04 cs-lib       DEBUG    Attempting to reset device
09-21-2015 13:11:06 cs-lib       DEBUG    Device with ID '5490a7b0a01f46b8350000e2' was successfully reset.
09-21-2015 13:11:06 tfb-lib      DEBUG    Archiving and storing replicator logs.
09-21-2015 13:11:06 tfb-lib      DEBUG    Connecting with SSH to the host: '10.25.1.82' over port 2226.
09-21-2015 13:11:06 tfb-lib      DEBUG    Executing command 'tar -zcvf 2015Sep21-131106_replicator_logs_from_TFB_auto-tfb15-01.tar.gz /replicator/logs' on remote host.
09-21-2015 13:11:07 tfb-lib      DEBUG    Connecting with SSH to the host: '10.25.1.82' over port 2226.
09-21-2015 13:11:07 tfb-lib      DEBUG    Executing command 'echo 2iko.8gas|sudo -S -p '' /etc/init.d/replicator restart' on remote host.
09-21-2015 13:11:17 tfb-lib      DEBUG    Replicator process is going to restart on TFB 'auto-tfb15-01'. Waiting 60 seconds.
09-21-2015 13:13:17 tfb-lib      DEBUG    Connecting with SSH to the host: '10.25.1.82' over port 2226.
09-21-2015 13:13:18 tfb-lib      DEBUG    Executing command 'echo 2iko.8gas|sudo -S -p '' /etc/init.d/replicator restart' on remote host.
09-21-2015 13:15:21 tfb-lib      DEBUG    Replicator process is going to restart on TFB 'auto-tfb15-01'. Waiting 60 seconds.
09-21-2015 13:18:21 tfb-lib      DEBUG    Validate availability of TFB 'auto-tfb15-01'.
09-21-2015 13:18:21 tfb-lib      DEBUG    First of all check is replicator running.
09-21-2015 13:18:21 tfb-lib      DEBUG    Will check process id for 'replicator' process on TFB 'auto-tfb15-01'.
09-21-2015 13:18:21 tfb-lib      DEBUG    Connecting with SSH to the host: '10.25.1.82' over port 2226.
09-21-2015 13:18:22 tfb-lib      DEBUG    Executing command 'pidof replicator' on remote host.
09-21-2015 13:18:22 tfb-lib      WARNING  Process ID for replicator returns empty string.
09-21-2015 13:18:22 tfb-lib      WARNING  Replicator is down. Will try to start it.
09-21-2015 13:18:22 tfb-lib      DEBUG    Connecting with SSH to the host: '10.25.1.82' over port 2226.
09-21-2015 13:18:23 tfb-lib      DEBUG    Executing command 'echo 2iko.8gas|sudo -S -p '' /etc/init.d/replicator start' on remote host.
09-21-2015 13:18:23 tfb-lib      DEBUG    Replicator process is going to start on TFB 'auto-tfb15-01'. Waiting 60 seconds.
09-21-2015 13:20:23 tfb-lib      DEBUG    Will check process id for 'replicator' process on TFB 'auto-tfb15-01'.
09-21-2015 13:20:23 tfb-lib      DEBUG    Connecting with SSH to the host: '10.25.1.82' over port 2226.
09-21-2015 13:20:24 tfb-lib      DEBUG    Executing command 'pidof replicator' on remote host.
09-21-2015 13:20:24 tfb-lib      DEBUG    Got process ID for replicator: 5935.
09-21-2015 13:20:24 tfb-lib      DEBUG    Connecting with SSH to the host: '10.25.1.82' over port 2226.
09-21-2015 13:20:24 tfb-lib      DEBUG    Executing command 'cmd diag config' on remote host.
09-21-2015 13:20:25 tfb-lib      DEBUG    Got expected result from command 'cmd diag config'.
09-21-2015 13:20:25 tfb-lib      DEBUG    Owner ID from 'diag config' retrived as '000000000000000000000000'.
09-21-2015 13:20:25 tfb-lib      DEBUG    TFB 'auto-tfb15-01' was successfully reset with CS call.
09-21-2015 13:21:25 tfb-lib      DEBUG    Validate availability of TFB 'auto-tfb15-01'.
09-21-2015 13:21:25 tfb-lib      DEBUG    First of all check is replicator running.
09-21-2015 13:21:25 tfb-lib      DEBUG    Will check process id for 'replicator' process on TFB 'auto-tfb15-01'.
09-21-2015 13:21:25 tfb-lib      DEBUG    Connecting with SSH to the host: '10.25.1.82' over port 2226.
09-21-2015 13:21:25 tfb-lib      DEBUG    Executing command 'pidof replicator' on remote host.
09-21-2015 13:21:26 tfb-lib      DEBUG    Got process ID for replicator: 5935.
09-21-2015 13:21:26 tfb-lib      DEBUG    Connecting with SSH to the host: '10.25.1.82' over port 2226.
09-21-2015 13:21:26 tfb-lib      DEBUG    Executing command 'cmd diag config' on remote host.
09-21-2015 13:21:27 tfb-lib      DEBUG    Got expected result from command 'cmd diag config'.
09-21-2015 13:21:27 tfb-lib      DEBUG    Owner ID from 'diag config' retrived as '000000000000000000000000'.
09-21-2015 13:21:27 tfb-lib      DEBUG    Device 'auto-tfb15-01' is in default state.
09-21-2015 13:21:27 testbed      INFO     Target 'auto-tfb15-01' was successfully reset.
09-21-2015 13:22:27 testbed      INFO     Check availability of all testbed components.
09-21-2015 13:22:27 testbed      DEBUG    Getting testbed configuration.
09-21-2015 13:22:27 testbed      DEBUG    Will read list of targets.
09-21-2015 13:22:27 testbed      DEBUG    Found 2 targets.
09-21-2015 13:22:27 testbed      DEBUG    Target's list: ['auto-tfb30-01', 'auto-tfb15-01']
09-21-2015 13:22:27 testbed      DEBUG    Successfully got information about targets, to use in test suite.
09-21-2015 13:22:27 testbed      DEBUG    Will read list of clients.
09-21-2015 13:22:27 testbed      DEBUG    Found 1 client.
09-21-2015 13:22:27 testbed      DEBUG    Client's list: ['win7x64-01']
09-21-2015 13:22:27 testbed      DEBUG    Successfully got information about clients, to use in test suite.
09-21-2015 13:22:27 testbed      DEBUG    Will read list of users.
09-21-2015 13:22:27 testbed      DEBUG    Found 2 users.
09-21-2015 13:22:27 testbed      DEBUG    User's list: ['automation', 'auto-qa02']
09-21-2015 13:22:27 testbed      DEBUG    Successfully got information about users, to use in test suite.
09-21-2015 13:22:27 client-lib   DEBUG    Will read information from config file 'win7x64-01.cfg'.
09-21-2015 13:22:27 client-lib   DEBUG    Getting OS on 'win7x64-01'.
09-21-2015 13:22:27 client-lib   DEBUG    Computer 'win7x64-01' (IP address 172.18.34.169) is running Windows.
09-21-2015 13:22:27 client-lib   DEBUG    Check availability of client 'win7x64-01'.
09-21-2015 13:22:27 client-lib   DEBUG    Getting OS on 'win7x64-01'.
09-21-2015 13:22:27 client-lib   DEBUG    Computer 'win7x64-01' (IP address 172.18.34.169) is running Windows.
09-21-2015 13:22:27 client-lib   DEBUG    Client 'win7x64-01' is running WIN.
09-21-2015 13:22:27 client-lib   INFO     Check user name currently logged on 'win7x64-01'.
09-21-2015 13:22:28 client-lib   DEBUG    Current user on 'win7x64-01' has login 'automation'.
09-21-2015 13:22:28 client-lib   DEBUG    Successfully connected to RPYC running on 'win7x64-01' over IP '172.18.34.169'.
09-21-2015 13:22:28 client-lib   DEBUG    Client's desktop information was retrived from local file 'C:\Users\automation\AppData\Roaming\Connected Data\configuration.ini'.
09-21-2015 13:22:28 client-lib   INFO     Client will use desk app version '4.1.1.19860'.
09-21-2015 13:22:28 client-lib   INFO     Check and remove all network file systems attached to the client 'win7x64-01'.
09-21-2015 13:22:28 client-lib   INFO     Checking for network file systems attached to the client 'win7x64-01'.
09-21-2015 13:22:28 client-lib   DEBUG    Client 'win7x64-01' doesn't have any network file systems attached.
09-21-2015 13:22:28 testbed      DEBUG    Client 'win7x64-01' is available for test execution. It runs WIN.
09-21-2015 13:22:28 tfb-lib      DEBUG    Will read information from config file 'auto-tfb30-01.target'.
09-21-2015 13:22:28 tfb-lib      DEBUG    Validate availability of TFB 'auto-tfb30-01'.
09-21-2015 13:22:28 tfb-lib      DEBUG    First of all check is replicator running.
09-21-2015 13:22:28 tfb-lib      DEBUG    Will check process id for 'replicator' process on TFB 'auto-tfb30-01'.
09-21-2015 13:22:28 tfb-lib      DEBUG    Connecting with SSH to the host: '10.25.1.63' over port 2294.
09-21-2015 13:22:29 tfb-lib      DEBUG    Executing command 'pidof replicator' on remote host.
09-21-2015 13:22:30 tfb-lib      DEBUG    Got process ID for replicator: 4666.
09-21-2015 13:22:30 tfb-lib      DEBUG    Connecting with SSH to the host: '10.25.1.63' over port 2294.
09-21-2015 13:22:30 tfb-lib      DEBUG    Executing command 'cmd diag config' on remote host.
09-21-2015 13:22:31 tfb-lib      DEBUG    Got expected result from command 'cmd diag config'.
09-21-2015 13:22:31 tfb-lib      DEBUG    Owner ID from 'diag config' retrived as '000000000000000000000000'.
09-21-2015 13:22:31 testbed      DEBUG    Target 'auto-tfb30-01' passed pre-fly check. It is unclaimed.
09-21-2015 13:22:31 tfb-lib      DEBUG    Will read information from config file 'auto-tfb15-01.target'.
09-21-2015 13:22:31 tfb-lib      DEBUG    Validate availability of TFB 'auto-tfb15-01'.
09-21-2015 13:22:31 tfb-lib      DEBUG    First of all check is replicator running.
09-21-2015 13:22:31 tfb-lib      DEBUG    Will check process id for 'replicator' process on TFB 'auto-tfb15-01'.
09-21-2015 13:22:31 tfb-lib      DEBUG    Connecting with SSH to the host: '10.25.1.82' over port 2226.
09-21-2015 13:22:31 tfb-lib      DEBUG    Executing command 'pidof replicator' on remote host.
09-21-2015 13:22:32 tfb-lib      DEBUG    Got process ID for replicator: 5935.
09-21-2015 13:22:32 tfb-lib      DEBUG    Connecting with SSH to the host: '10.25.1.82' over port 2226.
09-21-2015 13:22:32 tfb-lib      DEBUG    Executing command 'cmd diag config' on remote host.
09-21-2015 13:22:33 tfb-lib      DEBUG    Got expected result from command 'cmd diag config'.
09-21-2015 13:22:33 tfb-lib      DEBUG    Owner ID from 'diag config' retrived as '000000000000000000000000'.
09-21-2015 13:22:33 testbed      DEBUG    Target 'auto-tfb15-01' passed pre-fly check. It is unclaimed.
09-21-2015 13:22:33 user-lib     DEBUG    Will read information from config file 'automation.cfg'.
09-21-2015 13:22:33 cs-lib       DEBUG    Attempt to get customer ID by account name.
09-21-2015 13:22:34 testbed      DEBUG    User 'automation' passed pre-fly check. Has CID 54c7b9b883b37d1421d465b9.
09-21-2015 13:22:34 user-lib     DEBUG    Will read information from config file 'auto-qa02.cfg'.
09-21-2015 13:22:34 cs-lib       DEBUG    Attempt to get customer ID by account name.
09-21-2015 13:22:34 testbed      DEBUG    User 'auto-qa02' passed pre-fly check. Has CID 55dcd3d8bc05399c6d7b23c9.
09-21-2015 13:22:34 autobot      INFO     Testbed is ready for execution tests from 'S360: AUTO: Graceful shutdown'.
09-21-2015 13:22:34 tfb-lib      DEBUG    Will read information from config file 'auto-tfb30-01.target'.
09-21-2015 13:22:34 tfb-lib      DEBUG    Configuration requires to install latest build.
09-21-2015 13:22:34 tfb-lib      DEBUG    Will search for latest build for '4.2.x' version.
09-21-2015 13:22:34 tfb-lib      DEBUG    Working with build from BuildBot.
09-21-2015 13:22:34 tfb-lib      DEBUG    Delete old version of temporary file.
09-21-2015 13:22:39 tfb-lib      DEBUG    Build path is: http://172.24.12.10/builds/data/buildbot/944/Product/Device/installation/tfb/tfb64-4.2.X.XXXXX.tar.gz
09-21-2015 13:22:39 tfb-lib      DEBUG    Will compare FW version on device versus build version.
09-21-2015 13:22:39 tfb-lib      DEBUG    First of all check is replicator running.
09-21-2015 13:22:39 tfb-lib      DEBUG    Will check process id for 'replicator' process on TFB 'auto-tfb30-01'.
09-21-2015 13:22:39 tfb-lib      DEBUG    Connecting with SSH to the host: '10.25.1.63' over port 2294.
09-21-2015 13:22:39 tfb-lib      DEBUG    Executing command 'pidof replicator' on remote host.
09-21-2015 13:22:40 tfb-lib      DEBUG    Got process ID for replicator: 4666.
09-21-2015 13:22:40 tfb-lib      DEBUG    Connecting with SSH to the host: '10.25.1.63' over port 2294.
09-21-2015 13:22:40 tfb-lib      DEBUG    Executing command 'cmd diag config' on remote host.
09-21-2015 13:22:41 tfb-lib      DEBUG    Got expected result from command 'cmd diag config'.
09-21-2015 13:22:41 tfb-lib      DEBUG    FW version from 'diag config' retrived as '4.2.0 (19879) '.
09-21-2015 13:22:41 tfb-lib      INFO     Build has same version as FW installed on TFB 'auto-tfb30-01'. Will skip installation.
09-21-2015 13:22:41 tfb-lib      DEBUG    Will read information from config file 'auto-tfb15-01.target'.
09-21-2015 13:22:41 tfb-lib      DEBUG    Configuration requires to install latest build.
09-21-2015 13:22:41 tfb-lib      DEBUG    Will search for latest build for '4.2.x' version.
09-21-2015 13:22:41 tfb-lib      DEBUG    Working with build from BuildBot.
09-21-2015 13:22:41 tfb-lib      DEBUG    Delete old version of temporary file.
09-21-2015 13:22:46 tfb-lib      DEBUG    Build path is: http://172.24.12.10/builds/data/buildbot/944/Product/Device/installation/tfb/tfb64-4.2.X.XXXXX.tar.gz
09-21-2015 13:22:46 tfb-lib      DEBUG    Will compare FW version on device versus build version.
09-21-2015 13:22:46 tfb-lib      DEBUG    First of all check is replicator running.
09-21-2015 13:22:46 tfb-lib      DEBUG    Will check process id for 'replicator' process on TFB 'auto-tfb15-01'.
09-21-2015 13:22:46 tfb-lib      DEBUG    Connecting with SSH to the host: '10.25.1.82' over port 2226.
09-21-2015 13:22:47 tfb-lib      DEBUG    Executing command 'pidof replicator' on remote host.
09-21-2015 13:22:47 tfb-lib      DEBUG    Got process ID for replicator: 5935.
09-21-2015 13:22:47 tfb-lib      DEBUG    Connecting with SSH to the host: '10.25.1.82' over port 2226.
09-21-2015 13:22:48 tfb-lib      DEBUG    Executing command 'cmd diag config' on remote host.
09-21-2015 13:22:48 tfb-lib      DEBUG    Got expected result from command 'cmd diag config'.
09-21-2015 13:22:48 tfb-lib      DEBUG    FW version from 'diag config' retrived as '4.2.0 (19879) '.
09-21-2015 13:22:48 tfb-lib      INFO     Build has same version as FW installed on TFB 'auto-tfb15-01'. Will skip installation.
09-21-2015 13:22:48 tfb-lib      DEBUG    Will read information from config file 'auto-tfb30-01.target'.
09-21-2015 13:22:48 tfb-lib      DEBUG    First of all check is replicator running.
09-21-2015 13:22:48 tfb-lib      DEBUG    Will check process id for 'replicator' process on TFB 'auto-tfb30-01'.
09-21-2015 13:22:48 tfb-lib      DEBUG    Connecting with SSH to the host: '10.25.1.63' over port 2294.
09-21-2015 13:22:48 tfb-lib      DEBUG    Executing command 'pidof replicator' on remote host.
09-21-2015 13:22:49 tfb-lib      DEBUG    Got process ID for replicator: 4666.
09-21-2015 13:22:49 tfb-lib      DEBUG    Connecting with SSH to the host: '10.25.1.63' over port 2294.
09-21-2015 13:22:50 tfb-lib      DEBUG    Executing command 'cmd diag config' on remote host.
09-21-2015 13:22:51 tfb-lib      DEBUG    Got expected result from command 'cmd diag config'.
09-21-2015 13:22:51 tfb-lib      DEBUG    FW version from 'diag config' retrived as '4.2.0 (19879) '.
09-21-2015 13:22:51 tfb-lib      DEBUG    Will read information from config file 'auto-tfb15-01.target'.
09-21-2015 13:22:51 tfb-lib      DEBUG    First of all check is replicator running.
09-21-2015 13:22:51 tfb-lib      DEBUG    Will check process id for 'replicator' process on TFB 'auto-tfb15-01'.
09-21-2015 13:22:51 tfb-lib      DEBUG    Connecting with SSH to the host: '10.25.1.82' over port 2226.
09-21-2015 13:22:51 tfb-lib      DEBUG    Executing command 'pidof replicator' on remote host.
09-21-2015 13:22:52 tfb-lib      DEBUG    Got process ID for replicator: 5935.
09-21-2015 13:22:52 tfb-lib      DEBUG    Connecting with SSH to the host: '10.25.1.82' over port 2226.
09-21-2015 13:22:52 tfb-lib      DEBUG    Executing command 'cmd diag config' on remote host.
09-21-2015 13:22:53 tfb-lib      DEBUG    Got expected result from command 'cmd diag config'.
09-21-2015 13:22:53 tfb-lib      DEBUG    FW version from 'diag config' retrived as '4.2.0 (19879) '.
09-21-2015 13:22:53 testbed      DEBUG    All transporters are running version '4.2.0 (19879) '.
09-21-2015 13:22:53 autobot      INFO     ------>>
09-21-2015 13:22:53 autobot      INFO     Going to execute test case 'C34209'.
09-21-2015 13:22:53 S360         DEBUG    Start replicator after crash.
09-21-2015 13:22:53 S360         INFO     Transporter will perform crash, then nothing and then check start-up scan.
09-21-2015 13:22:53 S360         DEBUG    Getting list of devices and users.
09-21-2015 13:22:53 testbed      DEBUG    Will read list of targets.
09-21-2015 13:22:53 testbed      DEBUG    Found 2 targets.
09-21-2015 13:22:53 testbed      DEBUG    Target's list: ['auto-tfb30-01', 'auto-tfb15-01']
09-21-2015 13:22:53 testbed      DEBUG    Will read list of users.
09-21-2015 13:22:53 testbed      DEBUG    Found 2 users.
09-21-2015 13:22:53 testbed      DEBUG    User's list: ['automation', 'auto-qa02']
09-21-2015 13:22:53 testbed      DEBUG    Will read list of clients.
09-21-2015 13:22:53 testbed      DEBUG    Found 1 client.
09-21-2015 13:22:53 testbed      DEBUG    Client's list: ['win7x64-01']
09-21-2015 13:22:53 S360         DEBUG    Got URL to send requests to CS - https://dws.connecteddata.com:8078.
09-21-2015 13:22:53 user-lib     DEBUG    Will read information from config file 'automation.cfg'.
09-21-2015 13:22:53 cs-lib       DEBUG    Attempt to get customer ID by account name.
09-21-2015 13:22:53 S360         DEBUG    Got customer ID (54c7b9b883b37d1421d465b9) for org admin (automation).
09-21-2015 13:22:53 user-lib     DEBUG    Will read information from config file 'auto-qa02.cfg'.
09-21-2015 13:22:53 cs-lib       DEBUG    Attempt to get customer ID by account name.
09-21-2015 13:22:54 S360         DEBUG    Got customer ID (55dcd3d8bc05399c6d7b23c9) for regular user (auto-qa02).
09-21-2015 13:22:54 tfb-lib      DEBUG    Will read information from config file 'auto-tfb30-01.target'.
09-21-2015 13:22:54 tfb-lib      DEBUG    Validate availability of TFB 'auto-tfb30-01'.
09-21-2015 13:22:54 tfb-lib      DEBUG    First of all check is replicator running.
09-21-2015 13:22:54 tfb-lib      DEBUG    Will check process id for 'replicator' process on TFB 'auto-tfb30-01'.
09-21-2015 13:22:54 tfb-lib      DEBUG    Connecting with SSH to the host: '10.25.1.63' over port 2294.
09-21-2015 13:22:54 tfb-lib      DEBUG    Executing command 'pidof replicator' on remote host.
09-21-2015 13:22:55 tfb-lib      DEBUG    Got process ID for replicator: 4666.
09-21-2015 13:22:55 tfb-lib      DEBUG    Connecting with SSH to the host: '10.25.1.63' over port 2294.
09-21-2015 13:22:55 tfb-lib      DEBUG    Executing command 'cmd diag config' on remote host.
09-21-2015 13:22:56 tfb-lib      DEBUG    Got expected result from command 'cmd diag config'.
09-21-2015 13:22:56 tfb-lib      DEBUG    Owner ID from 'diag config' retrived as '000000000000000000000000'.
09-21-2015 13:22:56 tfb-lib      DEBUG    First of all check is replicator running.
09-21-2015 13:22:56 tfb-lib      DEBUG    Will check process id for 'replicator' process on TFB 'auto-tfb30-01'.
09-21-2015 13:22:56 tfb-lib      DEBUG    Connecting with SSH to the host: '10.25.1.63' over port 2294.
09-21-2015 13:22:57 tfb-lib      DEBUG    Executing command 'pidof replicator' on remote host.
09-21-2015 13:22:58 tfb-lib      DEBUG    Got process ID for replicator: 4666.
09-21-2015 13:22:58 tfb-lib      DEBUG    Connecting with SSH to the host: '10.25.1.63' over port 2294.
09-21-2015 13:22:58 tfb-lib      DEBUG    Executing command 'cmd diag config' on remote host.
09-21-2015 13:22:59 tfb-lib      DEBUG    Got expected result from command 'cmd diag config'.
09-21-2015 13:22:59 tfb-lib      DEBUG    Device ID from 'diag config' retrived as '5490a7b0a01f46b8350000e9'.
09-21-2015 13:22:59 cs-lib       DEBUG    Attempting to claim device '5490a7b0a01f46b8350000e9' by user '54c7b9b883b37d1421d465b9'.
09-21-2015 13:23:00 cs-lib       DEBUG    Device with ID '5490a7b0a01f46b8350000e9' was successfully claimed.
09-21-2015 13:23:00 tfb-lib      DEBUG    Connecting with SSH to the host: '10.25.1.63' over port 2294.
09-21-2015 13:23:00 tfb-lib      DEBUG    Executing command 'echo 2iko.8gas|sudo -S -p '' /etc/init.d/replicator restart' on remote host.
09-21-2015 13:23:06 tfb-lib      DEBUG    Replicator process is going to restart on TFB 'auto-tfb30-01'. Waiting 60 seconds.
09-21-2015 13:25:06 tfb-lib      DEBUG    Validate availability of TFB 'auto-tfb30-01'.
09-21-2015 13:25:06 tfb-lib      DEBUG    First of all check is replicator running.
09-21-2015 13:25:06 tfb-lib      DEBUG    Will check process id for 'replicator' process on TFB 'auto-tfb30-01'.
09-21-2015 13:25:06 tfb-lib      DEBUG    Connecting with SSH to the host: '10.25.1.63' over port 2294.
09-21-2015 13:25:06 tfb-lib      DEBUG    Executing command 'pidof replicator' on remote host.
09-21-2015 13:25:07 tfb-lib      DEBUG    Got process ID for replicator: 6778.
09-21-2015 13:25:07 tfb-lib      DEBUG    Connecting with SSH to the host: '10.25.1.63' over port 2294.
09-21-2015 13:25:07 tfb-lib      DEBUG    Executing command 'cmd diag config' on remote host.
09-21-2015 13:25:08 tfb-lib      DEBUG    Got expected result from command 'cmd diag config'.
09-21-2015 13:25:08 tfb-lib      DEBUG    Owner ID from 'diag config' retrived as '54c7b9b883b37d1421d465b9'.
09-21-2015 13:25:08 tfb-lib      DEBUG    TFB 'auto-tfb30-01' was successfully claimed with CS call.
09-21-2015 13:25:08 tfb-lib      DEBUG    Rename TFB.
09-21-2015 13:25:08 cs-lib       DEBUG    Rename device to 'auto-tfb30-01'.
09-21-2015 13:25:09 S360         DEBUG    TFB 'auto-tfb30-01' was successfully claimed.
09-21-2015 13:25:09 tfb-lib      DEBUG    Will read information from config file 'auto-tfb15-01.target'.
09-21-2015 13:25:09 tfb-lib      DEBUG    Validate availability of TFB 'auto-tfb15-01'.
09-21-2015 13:25:09 tfb-lib      DEBUG    First of all check is replicator running.
09-21-2015 13:25:09 tfb-lib      DEBUG    Will check process id for 'replicator' process on TFB 'auto-tfb15-01'.
09-21-2015 13:25:09 tfb-lib      DEBUG    Connecting with SSH to the host: '10.25.1.82' over port 2226.
09-21-2015 13:25:10 tfb-lib      DEBUG    Executing command 'pidof replicator' on remote host.
09-21-2015 13:25:10 tfb-lib      DEBUG    Got process ID for replicator: 5935.
09-21-2015 13:25:10 tfb-lib      DEBUG    Connecting with SSH to the host: '10.25.1.82' over port 2226.
09-21-2015 13:25:10 tfb-lib      DEBUG    Executing command 'cmd diag config' on remote host.
09-21-2015 13:25:11 tfb-lib      DEBUG    Got expected result from command 'cmd diag config'.
09-21-2015 13:25:11 tfb-lib      DEBUG    Owner ID from 'diag config' retrived as '000000000000000000000000'.
09-21-2015 13:25:11 tfb-lib      DEBUG    First of all check is replicator running.
09-21-2015 13:25:11 tfb-lib      DEBUG    Will check process id for 'replicator' process on TFB 'auto-tfb15-01'.
09-21-2015 13:25:11 tfb-lib      DEBUG    Connecting with SSH to the host: '10.25.1.82' over port 2226.
09-21-2015 13:25:11 tfb-lib      DEBUG    Executing command 'pidof replicator' on remote host.
09-21-2015 13:25:12 tfb-lib      DEBUG    Got process ID for replicator: 5935.
09-21-2015 13:25:12 tfb-lib      DEBUG    Connecting with SSH to the host: '10.25.1.82' over port 2226.
09-21-2015 13:25:12 tfb-lib      DEBUG    Executing command 'cmd diag config' on remote host.
09-21-2015 13:25:13 tfb-lib      DEBUG    Got expected result from command 'cmd diag config'.
09-21-2015 13:25:13 tfb-lib      DEBUG    Device ID from 'diag config' retrived as '5490a7b0a01f46b8350000e2'.
09-21-2015 13:25:13 cs-lib       DEBUG    Attempting to claim device '5490a7b0a01f46b8350000e2' by user '54c7b9b883b37d1421d465b9'.
09-21-2015 13:25:14 cs-lib       DEBUG    Device with ID '5490a7b0a01f46b8350000e2' was successfully claimed.
09-21-2015 13:25:14 tfb-lib      DEBUG    Connecting with SSH to the host: '10.25.1.82' over port 2226.
09-21-2015 13:25:14 tfb-lib      DEBUG    Executing command 'echo 2iko.8gas|sudo -S -p '' /etc/init.d/replicator restart' on remote host.
09-21-2015 13:25:19 tfb-lib      DEBUG    Replicator process is going to restart on TFB 'auto-tfb15-01'. Waiting 60 seconds.
09-21-2015 13:27:19 tfb-lib      DEBUG    Validate availability of TFB 'auto-tfb15-01'.
09-21-2015 13:27:19 tfb-lib      DEBUG    First of all check is replicator running.
09-21-2015 13:27:19 tfb-lib      DEBUG    Will check process id for 'replicator' process on TFB 'auto-tfb15-01'.
09-21-2015 13:27:19 tfb-lib      DEBUG    Connecting with SSH to the host: '10.25.1.82' over port 2226.
09-21-2015 13:27:19 tfb-lib      DEBUG    Executing command 'pidof replicator' on remote host.
09-21-2015 13:27:20 tfb-lib      DEBUG    Got process ID for replicator: 7281.
09-21-2015 13:27:20 tfb-lib      DEBUG    Connecting with SSH to the host: '10.25.1.82' over port 2226.
09-21-2015 13:27:20 tfb-lib      DEBUG    Executing command 'cmd diag config' on remote host.
09-21-2015 13:27:21 tfb-lib      DEBUG    Got expected result from command 'cmd diag config'.
09-21-2015 13:27:21 tfb-lib      DEBUG    Owner ID from 'diag config' retrived as '54c7b9b883b37d1421d465b9'.
09-21-2015 13:27:21 tfb-lib      DEBUG    TFB 'auto-tfb15-01' was successfully claimed with CS call.
09-21-2015 13:27:21 tfb-lib      DEBUG    Rename TFB.
09-21-2015 13:27:21 cs-lib       DEBUG    Rename device to 'auto-tfb15-01'.
09-21-2015 13:27:22 S360         DEBUG    TFB 'auto-tfb15-01' was claimed.
09-21-2015 13:27:22 client-lib   DEBUG    Will read information from config file 'win7x64-01.cfg'.
09-21-2015 13:27:22 client-lib   DEBUG    Getting OS on 'win7x64-01'.
09-21-2015 13:27:22 client-lib   DEBUG    Computer 'win7x64-01' (IP address 172.18.34.169) is running Windows.
09-21-2015 13:27:22 cs-lib       DEBUG    Will create pool 'AUTO_S360-01'.
09-21-2015 13:27:22 cs-lib       DEBUG    Attempting to create pool.
09-21-2015 13:27:23 cs-lib       ERROR    Pool 'AUTO_S360-01' was not created. Error code is 409.
09-21-2015 13:27:23 cs-lib       ERROR    Failed to create pool 'AUTO_S360-01'.
09-21-2015 13:27:23 S360         ERROR    Unable to setup pool 'AUTO_S360-01'.
09-21-2015 13:27:23 S360         ERROR    There are not enough shared pools on client 'win7x64-01'.
09-21-2015 13:27:23 S360         ERROR    Test case C34209 didn't pass. Returned code is '13'.
09-21-2015 13:27:23 autobot      WARNING  Test case 'C34209' cannot run because of error not related to the case.
09-21-2015 13:27:23 autobot      INFO     Will retry to execute test case on clean setup.
09-21-2015 13:27:23 testbed      INFO     Attempt to bring testbed into default state.
09-21-2015 13:27:23 testbed      DEBUG    Getting testbed configuration.
09-21-2015 13:27:23 testbed      DEBUG    Will read list of targets.
09-21-2015 13:27:23 testbed      DEBUG    Found 2 targets.
09-21-2015 13:27:23 testbed      DEBUG    Target's list: ['auto-tfb30-01', 'auto-tfb15-01']
09-21-2015 13:27:23 testbed      DEBUG    Successfully got information about targets, to use in test suite.
09-21-2015 13:27:23 testbed      DEBUG    Will read list of clients.
09-21-2015 13:27:23 testbed      DEBUG    Found 1 client.
09-21-2015 13:27:23 testbed      DEBUG    Client's list: ['win7x64-01']
09-21-2015 13:27:23 testbed      DEBUG    Successfully got information about clients, to use in test suite.
09-21-2015 13:27:23 testbed      DEBUG    Will read list of users.
09-21-2015 13:27:23 testbed      DEBUG    Found 2 users.
09-21-2015 13:27:23 testbed      DEBUG    User's list: ['automation', 'auto-qa02']
09-21-2015 13:27:23 testbed      DEBUG    Successfully got information about users, to use in test suite.
09-21-2015 13:27:23 client-lib   DEBUG    Will read information from config file 'win7x64-01.cfg'.
09-21-2015 13:27:23 client-lib   DEBUG    Getting OS on 'win7x64-01'.
09-21-2015 13:27:23 client-lib   DEBUG    Computer 'win7x64-01' (IP address 172.18.34.169) is running Windows.
09-21-2015 13:27:23 client-lib   INFO     Attempt to set client according to config file.
09-21-2015 13:27:23 client-lib   DEBUG    Disconnect all attached storages if any.
09-21-2015 13:27:23 client-lib   INFO     Check and remove all network file systems attached to the client 'win7x64-01'.
09-21-2015 13:27:23 client-lib   INFO     Checking for network file systems attached to the client 'win7x64-01'.
09-21-2015 13:27:23 client-lib   DEBUG    Client 'win7x64-01' doesn't have any network file systems attached.
09-21-2015 13:27:23 client-lib   DEBUG    All attacheg network storages should be already disconnected.
09-21-2015 13:27:23 client-lib   DEBUG    Delete everything from Transporter directory.
09-21-2015 13:27:23 client-lib   DEBUG    Will delete everything in Transporter folder
09-21-2015 13:27:23 client-lib   DEBUG    Deleting AUTO_S358.
09-21-2015 13:27:23 client-lib   DEBUG    Will delete everything in AUTO_S358
09-21-2015 13:27:24 client-lib   DEBUG    auto_s358 does not exist.
09-21-2015 13:27:24 client-lib   DEBUG    Deleting desktop.ini.
09-21-2015 13:27:24 client-lib   DEBUG    Will delete everything in desktop.ini
09-21-2015 13:27:24 client-lib   DEBUG    desktop.ini does not exist.
09-21-2015 13:27:24 client-lib   DEBUG    Will not delete Transporter Library because it is part of 'Transporter Library'.
09-21-2015 13:27:24 client-lib   DEBUG    Everything should be already removed from Transporter directory.
09-21-2015 13:27:24 testbed      INFO     Client 'win7x64-01' was successfully reset.
09-21-2015 13:27:24 tfb-lib      DEBUG    Will read information from config file 'auto-tfb30-01.target'.
09-21-2015 13:27:24 tfb-lib      INFO     Attempt to bring TFB 'auto-tfb30-01' to default state.
09-21-2015 13:27:24 tfb-lib      DEBUG    Will wait for TFB 'auto-tfb30-01' to start SSH deamon.
09-21-2015 13:27:24 tfb-lib      DEBUG    Connecting with SSH to the host: '10.25.1.63' over port 2294.
09-21-2015 13:27:24 tfb-lib      DEBUG    Executing command 'hostname' on remote host.
09-21-2015 13:27:25 tfb-lib      DEBUG    Device accessable over SSH. Response was tfb

09-21-2015 13:27:25 tfb-lib      DEBUG    Will wait for TFB 'auto-tfb30-01' to start replicator.
09-21-2015 13:27:25 tfb-lib      DEBUG    Will check process id for 'replicator' process on TFB 'auto-tfb30-01'.
09-21-2015 13:27:25 tfb-lib      DEBUG    Connecting with SSH to the host: '10.25.1.63' over port 2294.
09-21-2015 13:27:25 tfb-lib      DEBUG    Executing command 'pidof replicator' on remote host.
09-21-2015 13:27:27 tfb-lib      DEBUG    Replicator process is running. Process ID is 6778
09-21-2015 13:27:27 tfb-lib      DEBUG    Validate availability of TFB 'auto-tfb30-01'.
09-21-2015 13:27:27 tfb-lib      DEBUG    First of all check is replicator running.
09-21-2015 13:27:27 tfb-lib      DEBUG    Will check process id for 'replicator' process on TFB 'auto-tfb30-01'.
09-21-2015 13:27:27 tfb-lib      DEBUG    Connecting with SSH to the host: '10.25.1.63' over port 2294.
09-21-2015 13:27:27 tfb-lib      DEBUG    Executing command 'pidof replicator' on remote host.
09-21-2015 13:27:28 tfb-lib      DEBUG    Got process ID for replicator: 6778.
09-21-2015 13:27:28 tfb-lib      DEBUG    Connecting with SSH to the host: '10.25.1.63' over port 2294.
09-21-2015 13:27:28 tfb-lib      DEBUG    Executing command 'cmd diag config' on remote host.
09-21-2015 13:27:29 tfb-lib      DEBUG    Got expected result from command 'cmd diag config'.
09-21-2015 13:27:29 tfb-lib      DEBUG    Owner ID from 'diag config' retrived as '54c7b9b883b37d1421d465b9'.
09-21-2015 13:27:29 tfb-lib      DEBUG    First of all check is replicator running.
09-21-2015 13:27:29 tfb-lib      DEBUG    Will check process id for 'replicator' process on TFB 'auto-tfb30-01'.
09-21-2015 13:27:29 tfb-lib      DEBUG    Connecting with SSH to the host: '10.25.1.63' over port 2294.
09-21-2015 13:27:29 tfb-lib      DEBUG    Executing command 'pidof replicator' on remote host.
09-21-2015 13:27:30 tfb-lib      DEBUG    Got process ID for replicator: 6778.
09-21-2015 13:27:30 tfb-lib      DEBUG    Connecting with SSH to the host: '10.25.1.63' over port 2294.
09-21-2015 13:27:30 tfb-lib      DEBUG    Executing command 'cmd diag config' on remote host.
09-21-2015 13:27:31 tfb-lib      DEBUG    Got expected result from command 'cmd diag config'.
09-21-2015 13:27:31 tfb-lib      DEBUG    Device ID from 'diag config' retrived as '5490a7b0a01f46b8350000e9'.
09-21-2015 13:27:31 tfb-lib      DEBUG    First of all check is replicator running.
09-21-2015 13:27:31 tfb-lib      DEBUG    Will check process id for 'replicator' process on TFB 'auto-tfb30-01'.
09-21-2015 13:27:31 tfb-lib      DEBUG    Connecting with SSH to the host: '10.25.1.63' over port 2294.
09-21-2015 13:27:32 tfb-lib      DEBUG    Executing command 'pidof replicator' on remote host.
09-21-2015 13:27:33 tfb-lib      DEBUG    Got process ID for replicator: 6778.
09-21-2015 13:27:33 tfb-lib      DEBUG    Connecting with SSH to the host: '10.25.1.63' over port 2294.
09-21-2015 13:27:33 tfb-lib      DEBUG    Executing command 'cmd diag config' on remote host.
09-21-2015 13:27:34 tfb-lib      DEBUG    Got expected result from command 'cmd diag config'.
09-21-2015 13:27:34 tfb-lib      DEBUG    Owner ID from 'diag config' retrived as '54c7b9b883b37d1421d465b9'.
09-21-2015 13:27:34 cs-lib       DEBUG    Attempting to reset device
09-21-2015 13:27:35 cs-lib       DEBUG    Device with ID '5490a7b0a01f46b8350000e9' was successfully reset.
09-21-2015 13:27:35 tfb-lib      DEBUG    Archiving and storing replicator logs.
09-21-2015 13:27:35 tfb-lib      DEBUG    Connecting with SSH to the host: '10.25.1.63' over port 2294.
09-21-2015 13:27:35 tfb-lib      DEBUG    Executing command 'tar -zcvf 2015Sep21-132735_replicator_logs_from_TFB_auto-tfb30-01.tar.gz /replicator/logs' on remote host.
09-21-2015 13:27:36 tfb-lib      DEBUG    Connecting with SSH to the host: '10.25.1.63' over port 2294.
09-21-2015 13:27:36 tfb-lib      DEBUG    Executing command 'echo 2iko.8gas|sudo -S -p '' /etc/init.d/replicator restart' on remote host.
