09-18-2015 10:23:04 autobot      INFO     ============================================================================================
09-18-2015 10:23:04 autobot      INFO     Test execution starts 18-Sep-2015 at 10:23:04 PDT
09-18-2015 10:23:04 autobot      INFO     Test execution based on autobot.cfg file.
09-18-2015 10:23:04 autobot      INFO     ============================================================================================
09-18-2015 10:23:04 autobot      INFO     Getting TestRail configuration.
09-18-2015 10:23:04 autobot      DEBUG    Will use TestRail at 'http://172.24.1.33/testrail' using 'qa-auto@connecteddata.com/automatethis'.
09-18-2015 10:23:04 autobot      INFO     Creating connection to the TestRail.
09-18-2015 10:23:05 autobot      INFO     ===> Test suite 'S360: AUTO: Graceful shutdown'.
09-18-2015 10:23:05 autobot      INFO     Starts at 18-Sep-2015 at 10:23:05 PDT
09-18-2015 10:23:05 autobot      INFO     Test suite 'S360 - AUTO: Graceful shutdown' has 1 test case.
09-18-2015 10:23:05 taTestbed    DEBUG    Will read information from config file 'S360.cfg'.
09-18-2015 10:23:05 taTestbed    INFO     Check availability of all testbed components.
09-18-2015 10:23:05 taTestbed    DEBUG    Getting testbed configuration.
09-18-2015 10:23:05 taTestbed    DEBUG    Will read list of targets.
09-18-2015 10:23:05 taTestbed    DEBUG    Found 2 targets.
09-18-2015 10:23:05 taTestbed    DEBUG    Target's list: ['auto-tfb30-01', 'auto-tfb15-01']
09-18-2015 10:23:05 taTestbed    DEBUG    Successfully got information about targets, to use in test suite.
09-18-2015 10:23:05 taTestbed    DEBUG    Will read list of clients.
09-18-2015 10:23:05 taTestbed    DEBUG    Found 1 client.
09-18-2015 10:23:05 taTestbed    DEBUG    Client's list: ['win7x64-01']
09-18-2015 10:23:05 taTestbed    DEBUG    Successfully got information about clients, to use in test suite.
09-18-2015 10:23:05 taTestbed    DEBUG    Will read list of users.
09-18-2015 10:23:05 taTestbed    DEBUG    Found 2 users.
09-18-2015 10:23:05 taTestbed    DEBUG    User's list: ['automation', 'auto-qa02']
09-18-2015 10:23:05 taTestbed    DEBUG    Successfully got information about users, to use in test suite.
09-18-2015 10:23:05 taClient     DEBUG    Will read information from config file 'win7x64-01.cfg'.
09-18-2015 10:23:05 taClient     DEBUG    Getting OS on 'win7x64-01'.
09-18-2015 10:23:05 taClient     DEBUG    Computer 'win7x64-01' (IP address 172.18.34.169) is running Windows.
09-18-2015 10:23:05 taClient     DEBUG    Check availability of client 'win7x64-01'.
09-18-2015 10:23:05 taClient     DEBUG    Getting OS on 'win7x64-01'.
09-18-2015 10:23:05 taClient     DEBUG    Computer 'win7x64-01' (IP address 172.18.34.169) is running Windows.
09-18-2015 10:23:05 taClient     INFO     Will get UUID for current user on 'win7x64-01'.
09-18-2015 10:23:05 taClient     DEBUG    Get current local user name.
09-18-2015 10:23:05 taClient     INFO     Check user name currently logged on 'win7x64-01'.
09-18-2015 10:23:06 taClient     DEBUG    Will use: 'automation'.
09-18-2015 10:23:06 taClient     DEBUG    Successfully connected to RPYC running on 'win7x64-01' over corporate IP '172.18.34.169'.
09-18-2015 10:23:06 taClient     DEBUG    Got Connected data account from 'C:\Users\automation\AppData\Roaming\Connected Data\configuration.ini'.
09-18-2015 10:23:06 taClient     INFO     Client will use desk app version '4.1.1.19860'.
09-18-2015 10:23:06 taClient     INFO     Check and remove all network file systems attached to the client 'win7x64-01'.
09-18-2015 10:23:06 taClient     INFO     Checking for network file systems attached to the client 'win7x64-01'.
09-18-2015 10:23:06 taClient     DEBUG    Client 'win7x64-01' doesn't have any network file systems attached.
09-18-2015 10:23:06 taTestbed    DEBUG    Client 'win7x64-01' is available for test execution. It runs WIN.
09-18-2015 10:23:06 taTransporter DEBUG    Will read information from config file 'auto-tfb30-01.target'.
09-18-2015 10:23:06 taTransporter DEBUG    Validate availability of TFB 'auto-tfb30-01'.
09-18-2015 10:23:06 taTransporter DEBUG    First of all check is replicator running.
09-18-2015 10:23:06 taTransporter DEBUG    Will check process id for 'replicator' process on TFB 'auto-tfb30-01'.
09-18-2015 10:23:06 taTransporter DEBUG    Connecting with SSH to the host: '10.25.1.63' over port 2294.
09-18-2015 10:23:06 paramiko.transport DEBUG    starting thread (client mode): 0x317bbd0L
09-18-2015 10:23:06 paramiko.transport INFO     Connected (version 2.0, client OpenSSH_6.6.1p1)
09-18-2015 10:23:06 paramiko.transport DEBUG    kex algos:[u'curve25519-sha256@libssh.org', u'ecdh-sha2-nistp256', u'ecdh-sha2-nistp384', u'ecdh-sha2-nistp521', u'diffie-hellman-group-exchange-sha256', u'diffie-hellman-group-exchange-sha1', u'diffie-hellman-group14-sha1', u'diffie-hellman-group1-sha1'] server key:[u'ssh-rsa', u'ssh-dss', u'ecdsa-sha2-nistp256', u'ssh-ed25519'] client encrypt:[u'aes128-ctr', u'aes192-ctr', u'aes256-ctr', u'arcfour256', u'arcfour128', u'aes128-gcm@openssh.com', u'aes256-gcm@openssh.com', u'chacha20-poly1305@openssh.com', u'aes128-cbc', u'3des-cbc', u'blowfish-cbc', u'cast128-cbc', u'aes192-cbc', u'aes256-cbc', u'arcfour', u'rijndael-cbc@lysator.liu.se'] server encrypt:[u'aes128-ctr', u'aes192-ctr', u'aes256-ctr', u'arcfour256', u'arcfour128', u'aes128-gcm@openssh.com', u'aes256-gcm@openssh.com', u'chacha20-poly1305@openssh.com', u'aes128-cbc', u'3des-cbc', u'blowfish-cbc', u'cast128-cbc', u'aes192-cbc', u'aes256-cbc', u'arcfour', u'rijndael-cbc@lysator.liu.se'] client mac:[u'hmac-md5-etm@openssh.com', u'hmac-sha1-etm@openssh.com', u'umac-64-etm@openssh.com', u'umac-128-etm@openssh.com', u'hmac-sha2-256-etm@openssh.com', u'hmac-sha2-512-etm@openssh.com', u'hmac-ripemd160-etm@openssh.com', u'hmac-sha1-96-etm@openssh.com', u'hmac-md5-96-etm@openssh.com', u'hmac-md5', u'hmac-sha1', u'umac-64@openssh.com', u'umac-128@openssh.com', u'hmac-sha2-256', u'hmac-sha2-512', u'hmac-ripemd160', u'hmac-ripemd160@openssh.com', u'hmac-sha1-96', u'hmac-md5-96'] server mac:[u'hmac-md5-etm@openssh.com', u'hmac-sha1-etm@openssh.com', u'umac-64-etm@openssh.com', u'umac-128-etm@openssh.com', u'hmac-sha2-256-etm@openssh.com', u'hmac-sha2-512-etm@openssh.com', u'hmac-ripemd160-etm@openssh.com', u'hmac-sha1-96-etm@openssh.com', u'hmac-md5-96-etm@openssh.com', u'hmac-md5', u'hmac-sha1', u'umac-64@openssh.com', u'umac-128@openssh.com', u'hmac-sha2-256', u'hmac-sha2-512', u'hmac-ripemd160', u'hmac-ripemd160@openssh.com', u'hmac-sha1-96', u'hmac-md5-96'] client compress:[u'none', u'zlib@openssh.com'] server compress:[u'none', u'zlib@openssh.com'] client lang:[u''] server lang:[u''] kex follows?False
09-18-2015 10:23:06 paramiko.transport DEBUG    Ciphers agreed: local=aes128-ctr, remote=aes128-ctr
09-18-2015 10:23:06 paramiko.transport DEBUG    using kex diffie-hellman-group14-sha1; server key type ssh-rsa; cipher: local aes128-ctr, remote aes128-ctr; mac: local hmac-sha1, remote hmac-sha1; compression: local none, remote none
09-18-2015 10:23:06 paramiko.transport DEBUG    Switch to new keys ...
09-18-2015 10:23:06 paramiko.transport DEBUG    Adding ssh-rsa host key for [10.25.1.63]:2294: df188a0939a851e67390c874b2ec75a3
09-18-2015 10:23:06 paramiko.transport DEBUG    Trying SSH agent key 6d2ac6a9b80aec10f7e124fce99c24c9
09-18-2015 10:23:06 paramiko.transport DEBUG    userauth is OK
09-18-2015 10:23:07 paramiko.transport INFO     Authentication (publickey) failed.
09-18-2015 10:23:07 paramiko.transport DEBUG    userauth is OK
09-18-2015 10:23:07 paramiko.transport INFO     Authentication (password) successful!
09-18-2015 10:23:07 taTransporter DEBUG    Executing command 'pidof replicator' on remote host.
09-18-2015 10:23:07 paramiko.transport DEBUG    [chan 0] Max packet in: 32768 bytes
09-18-2015 10:23:07 paramiko.transport DEBUG    [chan 0] Max packet out: 32768 bytes
09-18-2015 10:23:07 paramiko.transport DEBUG    Secsh channel 0 opened.
09-18-2015 10:23:07 paramiko.transport DEBUG    [chan 0] Sesch channel 0 request ok
09-18-2015 10:23:07 paramiko.transport DEBUG    [chan 0] Sesch channel 0 request ok
09-18-2015 10:23:07 paramiko.transport DEBUG    [chan 0] EOF received (0)
09-18-2015 10:23:07 taTransporter DEBUG    Got process ID for replicator: 6783.
09-18-2015 10:23:07 taTransporter DEBUG    Connecting with SSH to the host: '10.25.1.63' over port 2294.
09-18-2015 10:23:07 paramiko.transport DEBUG    starting thread (client mode): 0x31a5290L
09-18-2015 10:23:07 paramiko.transport INFO     Connected (version 2.0, client OpenSSH_6.6.1p1)
09-18-2015 10:23:07 paramiko.transport DEBUG    kex algos:[u'curve25519-sha256@libssh.org', u'ecdh-sha2-nistp256', u'ecdh-sha2-nistp384', u'ecdh-sha2-nistp521', u'diffie-hellman-group-exchange-sha256', u'diffie-hellman-group-exchange-sha1', u'diffie-hellman-group14-sha1', u'diffie-hellman-group1-sha1'] server key:[u'ssh-rsa', u'ssh-dss', u'ecdsa-sha2-nistp256', u'ssh-ed25519'] client encrypt:[u'aes128-ctr', u'aes192-ctr', u'aes256-ctr', u'arcfour256', u'arcfour128', u'aes128-gcm@openssh.com', u'aes256-gcm@openssh.com', u'chacha20-poly1305@openssh.com', u'aes128-cbc', u'3des-cbc', u'blowfish-cbc', u'cast128-cbc', u'aes192-cbc', u'aes256-cbc', u'arcfour', u'rijndael-cbc@lysator.liu.se'] server encrypt:[u'aes128-ctr', u'aes192-ctr', u'aes256-ctr', u'arcfour256', u'arcfour128', u'aes128-gcm@openssh.com', u'aes256-gcm@openssh.com', u'chacha20-poly1305@openssh.com', u'aes128-cbc', u'3des-cbc', u'blowfish-cbc', u'cast128-cbc', u'aes192-cbc', u'aes256-cbc', u'arcfour', u'rijndael-cbc@lysator.liu.se'] client mac:[u'hmac-md5-etm@openssh.com', u'hmac-sha1-etm@openssh.com', u'umac-64-etm@openssh.com', u'umac-128-etm@openssh.com', u'hmac-sha2-256-etm@openssh.com', u'hmac-sha2-512-etm@openssh.com', u'hmac-ripemd160-etm@openssh.com', u'hmac-sha1-96-etm@openssh.com', u'hmac-md5-96-etm@openssh.com', u'hmac-md5', u'hmac-sha1', u'umac-64@openssh.com', u'umac-128@openssh.com', u'hmac-sha2-256', u'hmac-sha2-512', u'hmac-ripemd160', u'hmac-ripemd160@openssh.com', u'hmac-sha1-96', u'hmac-md5-96'] server mac:[u'hmac-md5-etm@openssh.com', u'hmac-sha1-etm@openssh.com', u'umac-64-etm@openssh.com', u'umac-128-etm@openssh.com', u'hmac-sha2-256-etm@openssh.com', u'hmac-sha2-512-etm@openssh.com', u'hmac-ripemd160-etm@openssh.com', u'hmac-sha1-96-etm@openssh.com', u'hmac-md5-96-etm@openssh.com', u'hmac-md5', u'hmac-sha1', u'umac-64@openssh.com', u'umac-128@openssh.com', u'hmac-sha2-256', u'hmac-sha2-512', u'hmac-ripemd160', u'hmac-ripemd160@openssh.com', u'hmac-sha1-96', u'hmac-md5-96'] client compress:[u'none', u'zlib@openssh.com'] server compress:[u'none', u'zlib@openssh.com'] client lang:[u''] server lang:[u''] kex follows?False
09-18-2015 10:23:07 paramiko.transport DEBUG    Ciphers agreed: local=aes128-ctr, remote=aes128-ctr
09-18-2015 10:23:07 paramiko.transport DEBUG    using kex diffie-hellman-group14-sha1; server key type ssh-rsa; cipher: local aes128-ctr, remote aes128-ctr; mac: local hmac-sha1, remote hmac-sha1; compression: local none, remote none
09-18-2015 10:23:07 paramiko.transport DEBUG    Switch to new keys ...
09-18-2015 10:23:07 paramiko.transport DEBUG    Adding ssh-rsa host key for [10.25.1.63]:2294: df188a0939a851e67390c874b2ec75a3
09-18-2015 10:23:07 paramiko.transport DEBUG    Trying SSH agent key 6d2ac6a9b80aec10f7e124fce99c24c9
09-18-2015 10:23:07 paramiko.transport DEBUG    userauth is OK
09-18-2015 10:23:07 paramiko.transport INFO     Authentication (publickey) failed.
09-18-2015 10:23:07 paramiko.transport DEBUG    userauth is OK
09-18-2015 10:23:07 paramiko.transport INFO     Authentication (password) successful!
09-18-2015 10:23:07 taTransporter DEBUG    Executing command 'cmd diag config' on remote host.
09-18-2015 10:23:07 paramiko.transport DEBUG    [chan 0] Max packet in: 32768 bytes
09-18-2015 10:23:08 paramiko.transport DEBUG    [chan 0] Max packet out: 32768 bytes
09-18-2015 10:23:08 paramiko.transport DEBUG    Secsh channel 0 opened.
09-18-2015 10:23:08 paramiko.transport DEBUG    [chan 0] Sesch channel 0 request ok
09-18-2015 10:23:08 paramiko.transport DEBUG    [chan 0] Sesch channel 0 request ok
09-18-2015 10:23:08 paramiko.transport DEBUG    [chan 0] EOF received (0)
09-18-2015 10:23:08 taTransporter DEBUG    Got expected result from command 'cmd diag config'.
09-18-2015 10:23:08 taTransporter DEBUG    Owner ID from 'diag config' retrived as '000000000000000000000000'.
09-18-2015 10:23:08 taTestbed    DEBUG    Target 'auto-tfb30-01' passed pre-fly check. It is unclaimed.
09-18-2015 10:23:08 taTransporter DEBUG    Will read information from config file 'auto-tfb15-01.target'.
09-18-2015 10:23:08 taTransporter DEBUG    Validate availability of TFB 'auto-tfb15-01'.
09-18-2015 10:23:08 taTransporter DEBUG    First of all check is replicator running.
09-18-2015 10:23:08 taTransporter DEBUG    Will check process id for 'replicator' process on TFB 'auto-tfb15-01'.
09-18-2015 10:23:08 taTransporter DEBUG    Connecting with SSH to the host: '10.25.1.82' over port 2226.
09-18-2015 10:23:08 paramiko.transport DEBUG    starting thread (client mode): 0x317bed0L
09-18-2015 10:23:08 paramiko.transport INFO     Connected (version 2.0, client OpenSSH_6.6.1p1)
09-18-2015 10:23:08 paramiko.transport DEBUG    kex algos:[u'curve25519-sha256@libssh.org', u'ecdh-sha2-nistp256', u'ecdh-sha2-nistp384', u'ecdh-sha2-nistp521', u'diffie-hellman-group-exchange-sha256', u'diffie-hellman-group-exchange-sha1', u'diffie-hellman-group14-sha1', u'diffie-hellman-group1-sha1'] server key:[u'ssh-rsa', u'ssh-dss', u'ecdsa-sha2-nistp256', u'ssh-ed25519'] client encrypt:[u'aes128-ctr', u'aes192-ctr', u'aes256-ctr', u'arcfour256', u'arcfour128', u'aes128-gcm@openssh.com', u'aes256-gcm@openssh.com', u'chacha20-poly1305@openssh.com', u'aes128-cbc', u'3des-cbc', u'blowfish-cbc', u'cast128-cbc', u'aes192-cbc', u'aes256-cbc', u'arcfour', u'rijndael-cbc@lysator.liu.se'] server encrypt:[u'aes128-ctr', u'aes192-ctr', u'aes256-ctr', u'arcfour256', u'arcfour128', u'aes128-gcm@openssh.com', u'aes256-gcm@openssh.com', u'chacha20-poly1305@openssh.com', u'aes128-cbc', u'3des-cbc', u'blowfish-cbc', u'cast128-cbc', u'aes192-cbc', u'aes256-cbc', u'arcfour', u'rijndael-cbc@lysator.liu.se'] client mac:[u'hmac-md5-etm@openssh.com', u'hmac-sha1-etm@openssh.com', u'umac-64-etm@openssh.com', u'umac-128-etm@openssh.com', u'hmac-sha2-256-etm@openssh.com', u'hmac-sha2-512-etm@openssh.com', u'hmac-ripemd160-etm@openssh.com', u'hmac-sha1-96-etm@openssh.com', u'hmac-md5-96-etm@openssh.com', u'hmac-md5', u'hmac-sha1', u'umac-64@openssh.com', u'umac-128@openssh.com', u'hmac-sha2-256', u'hmac-sha2-512', u'hmac-ripemd160', u'hmac-ripemd160@openssh.com', u'hmac-sha1-96', u'hmac-md5-96'] server mac:[u'hmac-md5-etm@openssh.com', u'hmac-sha1-etm@openssh.com', u'umac-64-etm@openssh.com', u'umac-128-etm@openssh.com', u'hmac-sha2-256-etm@openssh.com', u'hmac-sha2-512-etm@openssh.com', u'hmac-ripemd160-etm@openssh.com', u'hmac-sha1-96-etm@openssh.com', u'hmac-md5-96-etm@openssh.com', u'hmac-md5', u'hmac-sha1', u'umac-64@openssh.com', u'umac-128@openssh.com', u'hmac-sha2-256', u'hmac-sha2-512', u'hmac-ripemd160', u'hmac-ripemd160@openssh.com', u'hmac-sha1-96', u'hmac-md5-96'] client compress:[u'none', u'zlib@openssh.com'] server compress:[u'none', u'zlib@openssh.com'] client lang:[u''] server lang:[u''] kex follows?False
09-18-2015 10:23:08 paramiko.transport DEBUG    Ciphers agreed: local=aes128-ctr, remote=aes128-ctr
09-18-2015 10:23:08 paramiko.transport DEBUG    using kex diffie-hellman-group14-sha1; server key type ssh-rsa; cipher: local aes128-ctr, remote aes128-ctr; mac: local hmac-sha1, remote hmac-sha1; compression: local none, remote none
09-18-2015 10:23:08 paramiko.transport DEBUG    Switch to new keys ...
09-18-2015 10:23:08 paramiko.transport DEBUG    Adding ssh-rsa host key for [10.25.1.82]:2226: a88cef8821fe42edfa76b9c49aa2e6a2
09-18-2015 10:23:08 paramiko.transport DEBUG    Trying SSH agent key 6d2ac6a9b80aec10f7e124fce99c24c9
09-18-2015 10:23:08 paramiko.transport DEBUG    userauth is OK
09-18-2015 10:23:08 paramiko.transport INFO     Authentication (publickey) failed.
09-18-2015 10:23:08 paramiko.transport DEBUG    userauth is OK
09-18-2015 10:23:08 paramiko.transport INFO     Authentication (password) successful!
09-18-2015 10:23:08 taTransporter DEBUG    Executing command 'pidof replicator' on remote host.
09-18-2015 10:23:08 paramiko.transport DEBUG    [chan 0] Max packet in: 32768 bytes
09-18-2015 10:23:09 paramiko.transport DEBUG    [chan 0] Max packet out: 32768 bytes
09-18-2015 10:23:09 paramiko.transport DEBUG    Secsh channel 0 opened.
09-18-2015 10:23:09 paramiko.transport DEBUG    [chan 0] Sesch channel 0 request ok
09-18-2015 10:23:09 paramiko.transport DEBUG    [chan 0] Sesch channel 0 request ok
09-18-2015 10:23:09 paramiko.transport DEBUG    [chan 0] EOF received (0)
09-18-2015 10:23:09 taTransporter DEBUG    Got process ID for replicator: 5346.
09-18-2015 10:23:09 taTransporter DEBUG    Connecting with SSH to the host: '10.25.1.82' over port 2226.
09-18-2015 10:23:09 paramiko.transport DEBUG    starting thread (client mode): 0x319be90L
09-18-2015 10:23:09 paramiko.transport INFO     Connected (version 2.0, client OpenSSH_6.6.1p1)
09-18-2015 10:23:09 paramiko.transport DEBUG    kex algos:[u'curve25519-sha256@libssh.org', u'ecdh-sha2-nistp256', u'ecdh-sha2-nistp384', u'ecdh-sha2-nistp521', u'diffie-hellman-group-exchange-sha256', u'diffie-hellman-group-exchange-sha1', u'diffie-hellman-group14-sha1', u'diffie-hellman-group1-sha1'] server key:[u'ssh-rsa', u'ssh-dss', u'ecdsa-sha2-nistp256', u'ssh-ed25519'] client encrypt:[u'aes128-ctr', u'aes192-ctr', u'aes256-ctr', u'arcfour256', u'arcfour128', u'aes128-gcm@openssh.com', u'aes256-gcm@openssh.com', u'chacha20-poly1305@openssh.com', u'aes128-cbc', u'3des-cbc', u'blowfish-cbc', u'cast128-cbc', u'aes192-cbc', u'aes256-cbc', u'arcfour', u'rijndael-cbc@lysator.liu.se'] server encrypt:[u'aes128-ctr', u'aes192-ctr', u'aes256-ctr', u'arcfour256', u'arcfour128', u'aes128-gcm@openssh.com', u'aes256-gcm@openssh.com', u'chacha20-poly1305@openssh.com', u'aes128-cbc', u'3des-cbc', u'blowfish-cbc', u'cast128-cbc', u'aes192-cbc', u'aes256-cbc', u'arcfour', u'rijndael-cbc@lysator.liu.se'] client mac:[u'hmac-md5-etm@openssh.com', u'hmac-sha1-etm@openssh.com', u'umac-64-etm@openssh.com', u'umac-128-etm@openssh.com', u'hmac-sha2-256-etm@openssh.com', u'hmac-sha2-512-etm@openssh.com', u'hmac-ripemd160-etm@openssh.com', u'hmac-sha1-96-etm@openssh.com', u'hmac-md5-96-etm@openssh.com', u'hmac-md5', u'hmac-sha1', u'umac-64@openssh.com', u'umac-128@openssh.com', u'hmac-sha2-256', u'hmac-sha2-512', u'hmac-ripemd160', u'hmac-ripemd160@openssh.com', u'hmac-sha1-96', u'hmac-md5-96'] server mac:[u'hmac-md5-etm@openssh.com', u'hmac-sha1-etm@openssh.com', u'umac-64-etm@openssh.com', u'umac-128-etm@openssh.com', u'hmac-sha2-256-etm@openssh.com', u'hmac-sha2-512-etm@openssh.com', u'hmac-ripemd160-etm@openssh.com', u'hmac-sha1-96-etm@openssh.com', u'hmac-md5-96-etm@openssh.com', u'hmac-md5', u'hmac-sha1', u'umac-64@openssh.com', u'umac-128@openssh.com', u'hmac-sha2-256', u'hmac-sha2-512', u'hmac-ripemd160', u'hmac-ripemd160@openssh.com', u'hmac-sha1-96', u'hmac-md5-96'] client compress:[u'none', u'zlib@openssh.com'] server compress:[u'none', u'zlib@openssh.com'] client lang:[u''] server lang:[u''] kex follows?False
09-18-2015 10:23:09 paramiko.transport DEBUG    Ciphers agreed: local=aes128-ctr, remote=aes128-ctr
09-18-2015 10:23:09 paramiko.transport DEBUG    using kex diffie-hellman-group14-sha1; server key type ssh-rsa; cipher: local aes128-ctr, remote aes128-ctr; mac: local hmac-sha1, remote hmac-sha1; compression: local none, remote none
09-18-2015 10:23:09 paramiko.transport DEBUG    Switch to new keys ...
09-18-2015 10:23:09 paramiko.transport DEBUG    Adding ssh-rsa host key for [10.25.1.82]:2226: a88cef8821fe42edfa76b9c49aa2e6a2
09-18-2015 10:23:09 paramiko.transport DEBUG    Trying SSH agent key 6d2ac6a9b80aec10f7e124fce99c24c9
09-18-2015 10:23:09 paramiko.transport DEBUG    userauth is OK
09-18-2015 10:23:09 paramiko.transport INFO     Authentication (publickey) failed.
09-18-2015 10:23:09 paramiko.transport DEBUG    userauth is OK
09-18-2015 10:23:09 paramiko.transport INFO     Authentication (password) successful!
09-18-2015 10:23:09 taTransporter DEBUG    Executing command 'cmd diag config' on remote host.
09-18-2015 10:23:09 paramiko.transport DEBUG    [chan 0] Max packet in: 32768 bytes
09-18-2015 10:23:10 paramiko.transport DEBUG    [chan 0] Max packet out: 32768 bytes
09-18-2015 10:23:10 paramiko.transport DEBUG    Secsh channel 0 opened.
09-18-2015 10:23:10 paramiko.transport DEBUG    [chan 0] Sesch channel 0 request ok
09-18-2015 10:23:10 paramiko.transport DEBUG    [chan 0] Sesch channel 0 request ok
09-18-2015 10:23:10 paramiko.transport DEBUG    [chan 0] EOF received (0)
09-18-2015 10:23:10 taTransporter DEBUG    Got expected result from command 'cmd diag config'.
09-18-2015 10:23:10 taTransporter DEBUG    Owner ID from 'diag config' retrived as '000000000000000000000000'.
09-18-2015 10:23:10 taTestbed    DEBUG    Target 'auto-tfb15-01' passed pre-fly check. It is unclaimed.
09-18-2015 10:23:10 taUser       DEBUG    Will read information from config file 'automation.cfg'.
09-18-2015 10:23:10 taBackend    DEBUG    Attempt to get customer ID by account name.
09-18-2015 10:23:10 requests.packages.urllib3.connectionpool INFO     Starting new HTTPS connection (1): dws.connecteddata.com
09-18-2015 10:23:11 requests.packages.urllib3.connectionpool DEBUG    "GET /polcentral/v1_0/customers/automation/accountname HTTP/1.1" 200 131
09-18-2015 10:23:11 taTestbed    DEBUG    User 'automation' passed pre-fly check. Has CID 54c7b9b883b37d1421d465b9.
09-18-2015 10:23:11 taUser       DEBUG    Will read information from config file 'auto-qa02.cfg'.
09-18-2015 10:23:11 taBackend    DEBUG    Attempt to get customer ID by account name.
09-18-2015 10:23:11 requests.packages.urllib3.connectionpool INFO     Starting new HTTPS connection (1): dws.connecteddata.com
09-18-2015 10:23:11 requests.packages.urllib3.connectionpool DEBUG    "GET /polcentral/v1_0/customers/auto2.org1/accountname HTTP/1.1" 200 135
09-18-2015 10:23:11 taTestbed    DEBUG    User 'auto-qa02' passed pre-fly check. Has CID 55dcd3d8bc05399c6d7b23c9.
09-18-2015 10:23:11 autobot      INFO     Testbed is ready for execution tests from 'S360: AUTO: Graceful shutdown'.
09-18-2015 10:23:11 taTestbed    INFO     Check availability of all testbed components.
09-18-2015 10:23:11 taTestbed    DEBUG    Getting testbed configuration.
09-18-2015 10:23:11 taTestbed    DEBUG    Will read list of targets.
09-18-2015 10:23:11 taTestbed    DEBUG    Found 2 targets.
09-18-2015 10:23:11 taTestbed    DEBUG    Target's list: ['auto-tfb30-01', 'auto-tfb15-01']
09-18-2015 10:23:11 taTestbed    DEBUG    Successfully got information about targets, to use in test suite.
09-18-2015 10:23:11 taTestbed    DEBUG    Will read list of clients.
09-18-2015 10:23:11 taTestbed    DEBUG    Found 1 client.
09-18-2015 10:23:11 taTestbed    DEBUG    Client's list: ['win7x64-01']
09-18-2015 10:23:11 taTestbed    DEBUG    Successfully got information about clients, to use in test suite.
09-18-2015 10:23:11 taTestbed    DEBUG    Will read list of users.
09-18-2015 10:23:11 taTestbed    DEBUG    Found 2 users.
09-18-2015 10:23:11 taTestbed    DEBUG    User's list: ['automation', 'auto-qa02']
09-18-2015 10:23:11 taTestbed    DEBUG    Successfully got information about users, to use in test suite.
09-18-2015 10:23:11 taClient     DEBUG    Will read information from config file 'win7x64-01.cfg'.
09-18-2015 10:23:11 taClient     DEBUG    Getting OS on 'win7x64-01'.
09-18-2015 10:23:12 taClient     DEBUG    Computer 'win7x64-01' (IP address 172.18.34.169) is running Windows.
09-18-2015 10:23:12 taClient     DEBUG    Check availability of client 'win7x64-01'.
09-18-2015 10:23:12 taClient     DEBUG    Getting OS on 'win7x64-01'.
09-18-2015 10:23:12 taClient     DEBUG    Computer 'win7x64-01' (IP address 172.18.34.169) is running Windows.
09-18-2015 10:23:12 taClient     INFO     Will get UUID for current user on 'win7x64-01'.
09-18-2015 10:23:12 taClient     DEBUG    Get current local user name.
09-18-2015 10:23:12 taClient     INFO     Check user name currently logged on 'win7x64-01'.
09-18-2015 10:23:12 taClient     DEBUG    Will use: 'automation'.
09-18-2015 10:23:12 taClient     DEBUG    Successfully connected to RPYC running on 'win7x64-01' over corporate IP '172.18.34.169'.
09-18-2015 10:23:13 taClient     DEBUG    Got Connected data account from 'C:\Users\automation\AppData\Roaming\Connected Data\configuration.ini'.
09-18-2015 10:23:13 taClient     INFO     Client will use desk app version '4.1.1.19860'.
09-18-2015 10:23:13 taClient     INFO     Check and remove all network file systems attached to the client 'win7x64-01'.
09-18-2015 10:23:13 taClient     INFO     Checking for network file systems attached to the client 'win7x64-01'.
09-18-2015 10:23:13 taClient     DEBUG    Client 'win7x64-01' doesn't have any network file systems attached.
09-18-2015 10:23:13 taTestbed    DEBUG    Client 'win7x64-01' is available for test execution. It runs WIN.
09-18-2015 10:23:13 taTransporter DEBUG    Will read information from config file 'auto-tfb30-01.target'.
09-18-2015 10:23:13 taTransporter DEBUG    Validate availability of TFB 'auto-tfb30-01'.
09-18-2015 10:23:13 taTransporter DEBUG    First of all check is replicator running.
09-18-2015 10:23:13 taTransporter DEBUG    Will check process id for 'replicator' process on TFB 'auto-tfb30-01'.
09-18-2015 10:23:13 taTransporter DEBUG    Connecting with SSH to the host: '10.25.1.63' over port 2294.
09-18-2015 10:23:13 paramiko.transport DEBUG    starting thread (client mode): 0x317bcd0L
09-18-2015 10:23:13 paramiko.transport INFO     Connected (version 2.0, client OpenSSH_6.6.1p1)
09-18-2015 10:23:13 paramiko.transport DEBUG    kex algos:[u'curve25519-sha256@libssh.org', u'ecdh-sha2-nistp256', u'ecdh-sha2-nistp384', u'ecdh-sha2-nistp521', u'diffie-hellman-group-exchange-sha256', u'diffie-hellman-group-exchange-sha1', u'diffie-hellman-group14-sha1', u'diffie-hellman-group1-sha1'] server key:[u'ssh-rsa', u'ssh-dss', u'ecdsa-sha2-nistp256', u'ssh-ed25519'] client encrypt:[u'aes128-ctr', u'aes192-ctr', u'aes256-ctr', u'arcfour256', u'arcfour128', u'aes128-gcm@openssh.com', u'aes256-gcm@openssh.com', u'chacha20-poly1305@openssh.com', u'aes128-cbc', u'3des-cbc', u'blowfish-cbc', u'cast128-cbc', u'aes192-cbc', u'aes256-cbc', u'arcfour', u'rijndael-cbc@lysator.liu.se'] server encrypt:[u'aes128-ctr', u'aes192-ctr', u'aes256-ctr', u'arcfour256', u'arcfour128', u'aes128-gcm@openssh.com', u'aes256-gcm@openssh.com', u'chacha20-poly1305@openssh.com', u'aes128-cbc', u'3des-cbc', u'blowfish-cbc', u'cast128-cbc', u'aes192-cbc', u'aes256-cbc', u'arcfour', u'rijndael-cbc@lysator.liu.se'] client mac:[u'hmac-md5-etm@openssh.com', u'hmac-sha1-etm@openssh.com', u'umac-64-etm@openssh.com', u'umac-128-etm@openssh.com', u'hmac-sha2-256-etm@openssh.com', u'hmac-sha2-512-etm@openssh.com', u'hmac-ripemd160-etm@openssh.com', u'hmac-sha1-96-etm@openssh.com', u'hmac-md5-96-etm@openssh.com', u'hmac-md5', u'hmac-sha1', u'umac-64@openssh.com', u'umac-128@openssh.com', u'hmac-sha2-256', u'hmac-sha2-512', u'hmac-ripemd160', u'hmac-ripemd160@openssh.com', u'hmac-sha1-96', u'hmac-md5-96'] server mac:[u'hmac-md5-etm@openssh.com', u'hmac-sha1-etm@openssh.com', u'umac-64-etm@openssh.com', u'umac-128-etm@openssh.com', u'hmac-sha2-256-etm@openssh.com', u'hmac-sha2-512-etm@openssh.com', u'hmac-ripemd160-etm@openssh.com', u'hmac-sha1-96-etm@openssh.com', u'hmac-md5-96-etm@openssh.com', u'hmac-md5', u'hmac-sha1', u'umac-64@openssh.com', u'umac-128@openssh.com', u'hmac-sha2-256', u'hmac-sha2-512', u'hmac-ripemd160', u'hmac-ripemd160@openssh.com', u'hmac-sha1-96', u'hmac-md5-96'] client compress:[u'none', u'zlib@openssh.com'] server compress:[u'none', u'zlib@openssh.com'] client lang:[u''] server lang:[u''] kex follows?False
09-18-2015 10:23:13 paramiko.transport DEBUG    Ciphers agreed: local=aes128-ctr, remote=aes128-ctr
09-18-2015 10:23:13 paramiko.transport DEBUG    using kex diffie-hellman-group14-sha1; server key type ssh-rsa; cipher: local aes128-ctr, remote aes128-ctr; mac: local hmac-sha1, remote hmac-sha1; compression: local none, remote none
09-18-2015 10:23:13 paramiko.transport DEBUG    Switch to new keys ...
09-18-2015 10:23:13 paramiko.transport DEBUG    Adding ssh-rsa host key for [10.25.1.63]:2294: df188a0939a851e67390c874b2ec75a3
09-18-2015 10:23:13 paramiko.transport DEBUG    Trying SSH agent key 6d2ac6a9b80aec10f7e124fce99c24c9
09-18-2015 10:23:13 paramiko.transport DEBUG    userauth is OK
09-18-2015 10:23:13 paramiko.transport INFO     Authentication (publickey) failed.
09-18-2015 10:23:13 paramiko.transport DEBUG    userauth is OK
09-18-2015 10:23:13 paramiko.transport INFO     Authentication (password) successful!
09-18-2015 10:23:13 taTransporter DEBUG    Executing command 'pidof replicator' on remote host.
09-18-2015 10:23:13 paramiko.transport DEBUG    [chan 0] Max packet in: 32768 bytes
09-18-2015 10:23:14 paramiko.transport DEBUG    [chan 0] Max packet out: 32768 bytes
09-18-2015 10:23:14 paramiko.transport DEBUG    Secsh channel 0 opened.
09-18-2015 10:23:14 paramiko.transport DEBUG    [chan 0] Sesch channel 0 request ok
09-18-2015 10:23:14 paramiko.transport DEBUG    [chan 0] Sesch channel 0 request ok
09-18-2015 10:23:14 paramiko.transport DEBUG    [chan 0] EOF received (0)
09-18-2015 10:23:14 taTransporter DEBUG    Got process ID for replicator: 6783.
09-18-2015 10:23:14 taTransporter DEBUG    Connecting with SSH to the host: '10.25.1.63' over port 2294.
09-18-2015 10:23:14 paramiko.transport DEBUG    starting thread (client mode): 0x43b7d0L
09-18-2015 10:23:14 paramiko.transport INFO     Connected (version 2.0, client OpenSSH_6.6.1p1)
09-18-2015 10:23:14 paramiko.transport DEBUG    kex algos:[u'curve25519-sha256@libssh.org', u'ecdh-sha2-nistp256', u'ecdh-sha2-nistp384', u'ecdh-sha2-nistp521', u'diffie-hellman-group-exchange-sha256', u'diffie-hellman-group-exchange-sha1', u'diffie-hellman-group14-sha1', u'diffie-hellman-group1-sha1'] server key:[u'ssh-rsa', u'ssh-dss', u'ecdsa-sha2-nistp256', u'ssh-ed25519'] client encrypt:[u'aes128-ctr', u'aes192-ctr', u'aes256-ctr', u'arcfour256', u'arcfour128', u'aes128-gcm@openssh.com', u'aes256-gcm@openssh.com', u'chacha20-poly1305@openssh.com', u'aes128-cbc', u'3des-cbc', u'blowfish-cbc', u'cast128-cbc', u'aes192-cbc', u'aes256-cbc', u'arcfour', u'rijndael-cbc@lysator.liu.se'] server encrypt:[u'aes128-ctr', u'aes192-ctr', u'aes256-ctr', u'arcfour256', u'arcfour128', u'aes128-gcm@openssh.com', u'aes256-gcm@openssh.com', u'chacha20-poly1305@openssh.com', u'aes128-cbc', u'3des-cbc', u'blowfish-cbc', u'cast128-cbc', u'aes192-cbc', u'aes256-cbc', u'arcfour', u'rijndael-cbc@lysator.liu.se'] client mac:[u'hmac-md5-etm@openssh.com', u'hmac-sha1-etm@openssh.com', u'umac-64-etm@openssh.com', u'umac-128-etm@openssh.com', u'hmac-sha2-256-etm@openssh.com', u'hmac-sha2-512-etm@openssh.com', u'hmac-ripemd160-etm@openssh.com', u'hmac-sha1-96-etm@openssh.com', u'hmac-md5-96-etm@openssh.com', u'hmac-md5', u'hmac-sha1', u'umac-64@openssh.com', u'umac-128@openssh.com', u'hmac-sha2-256', u'hmac-sha2-512', u'hmac-ripemd160', u'hmac-ripemd160@openssh.com', u'hmac-sha1-96', u'hmac-md5-96'] server mac:[u'hmac-md5-etm@openssh.com', u'hmac-sha1-etm@openssh.com', u'umac-64-etm@openssh.com', u'umac-128-etm@openssh.com', u'hmac-sha2-256-etm@openssh.com', u'hmac-sha2-512-etm@openssh.com', u'hmac-ripemd160-etm@openssh.com', u'hmac-sha1-96-etm@openssh.com', u'hmac-md5-96-etm@openssh.com', u'hmac-md5', u'hmac-sha1', u'umac-64@openssh.com', u'umac-128@openssh.com', u'hmac-sha2-256', u'hmac-sha2-512', u'hmac-ripemd160', u'hmac-ripemd160@openssh.com', u'hmac-sha1-96', u'hmac-md5-96'] client compress:[u'none', u'zlib@openssh.com'] server compress:[u'none', u'zlib@openssh.com'] client lang:[u''] server lang:[u''] kex follows?False
09-18-2015 10:23:14 paramiko.transport DEBUG    Ciphers agreed: local=aes128-ctr, remote=aes128-ctr
09-18-2015 10:23:14 paramiko.transport DEBUG    using kex diffie-hellman-group14-sha1; server key type ssh-rsa; cipher: local aes128-ctr, remote aes128-ctr; mac: local hmac-sha1, remote hmac-sha1; compression: local none, remote none
09-18-2015 10:23:14 paramiko.transport DEBUG    Switch to new keys ...
09-18-2015 10:23:14 paramiko.transport DEBUG    Adding ssh-rsa host key for [10.25.1.63]:2294: df188a0939a851e67390c874b2ec75a3
09-18-2015 10:23:14 paramiko.transport DEBUG    Trying SSH agent key 6d2ac6a9b80aec10f7e124fce99c24c9
09-18-2015 10:23:14 paramiko.transport DEBUG    userauth is OK
09-18-2015 10:23:14 paramiko.transport INFO     Authentication (publickey) failed.
09-18-2015 10:23:14 paramiko.transport DEBUG    userauth is OK
09-18-2015 10:23:14 paramiko.transport INFO     Authentication (password) successful!
09-18-2015 10:23:14 taTransporter DEBUG    Executing command 'cmd diag config' on remote host.
09-18-2015 10:23:14 paramiko.transport DEBUG    [chan 0] Max packet in: 32768 bytes
09-18-2015 10:23:14 paramiko.transport DEBUG    [chan 0] Max packet out: 32768 bytes
09-18-2015 10:23:14 paramiko.transport DEBUG    Secsh channel 0 opened.
09-18-2015 10:23:14 paramiko.transport DEBUG    [chan 0] Sesch channel 0 request ok
09-18-2015 10:23:14 paramiko.transport DEBUG    [chan 0] Sesch channel 0 request ok
09-18-2015 10:23:14 paramiko.transport DEBUG    [chan 0] EOF received (0)
09-18-2015 10:23:14 paramiko.transport DEBUG    EOF in transport thread
09-18-2015 10:23:14 taTransporter DEBUG    Got expected result from command 'cmd diag config'.
09-18-2015 10:23:14 taTransporter DEBUG    Owner ID from 'diag config' retrived as '000000000000000000000000'.
09-18-2015 10:23:14 taTestbed    DEBUG    Target 'auto-tfb30-01' passed pre-fly check. It is unclaimed.
09-18-2015 10:23:14 taTransporter DEBUG    Will read information from config file 'auto-tfb15-01.target'.
09-18-2015 10:23:14 taTransporter DEBUG    Validate availability of TFB 'auto-tfb15-01'.
09-18-2015 10:23:14 taTransporter DEBUG    First of all check is replicator running.
09-18-2015 10:23:14 taTransporter DEBUG    Will check process id for 'replicator' process on TFB 'auto-tfb15-01'.
09-18-2015 10:23:14 taTransporter DEBUG    Connecting with SSH to the host: '10.25.1.82' over port 2226.
09-18-2015 10:23:14 paramiko.transport DEBUG    starting thread (client mode): 0x31c5390L
09-18-2015 10:23:15 paramiko.transport INFO     Connected (version 2.0, client OpenSSH_6.6.1p1)
09-18-2015 10:23:15 paramiko.transport DEBUG    kex algos:[u'curve25519-sha256@libssh.org', u'ecdh-sha2-nistp256', u'ecdh-sha2-nistp384', u'ecdh-sha2-nistp521', u'diffie-hellman-group-exchange-sha256', u'diffie-hellman-group-exchange-sha1', u'diffie-hellman-group14-sha1', u'diffie-hellman-group1-sha1'] server key:[u'ssh-rsa', u'ssh-dss', u'ecdsa-sha2-nistp256', u'ssh-ed25519'] client encrypt:[u'aes128-ctr', u'aes192-ctr', u'aes256-ctr', u'arcfour256', u'arcfour128', u'aes128-gcm@openssh.com', u'aes256-gcm@openssh.com', u'chacha20-poly1305@openssh.com', u'aes128-cbc', u'3des-cbc', u'blowfish-cbc', u'cast128-cbc', u'aes192-cbc', u'aes256-cbc', u'arcfour', u'rijndael-cbc@lysator.liu.se'] server encrypt:[u'aes128-ctr', u'aes192-ctr', u'aes256-ctr', u'arcfour256', u'arcfour128', u'aes128-gcm@openssh.com', u'aes256-gcm@openssh.com', u'chacha20-poly1305@openssh.com', u'aes128-cbc', u'3des-cbc', u'blowfish-cbc', u'cast128-cbc', u'aes192-cbc', u'aes256-cbc', u'arcfour', u'rijndael-cbc@lysator.liu.se'] client mac:[u'hmac-md5-etm@openssh.com', u'hmac-sha1-etm@openssh.com', u'umac-64-etm@openssh.com', u'umac-128-etm@openssh.com', u'hmac-sha2-256-etm@openssh.com', u'hmac-sha2-512-etm@openssh.com', u'hmac-ripemd160-etm@openssh.com', u'hmac-sha1-96-etm@openssh.com', u'hmac-md5-96-etm@openssh.com', u'hmac-md5', u'hmac-sha1', u'umac-64@openssh.com', u'umac-128@openssh.com', u'hmac-sha2-256', u'hmac-sha2-512', u'hmac-ripemd160', u'hmac-ripemd160@openssh.com', u'hmac-sha1-96', u'hmac-md5-96'] server mac:[u'hmac-md5-etm@openssh.com', u'hmac-sha1-etm@openssh.com', u'umac-64-etm@openssh.com', u'umac-128-etm@openssh.com', u'hmac-sha2-256-etm@openssh.com', u'hmac-sha2-512-etm@openssh.com', u'hmac-ripemd160-etm@openssh.com', u'hmac-sha1-96-etm@openssh.com', u'hmac-md5-96-etm@openssh.com', u'hmac-md5', u'hmac-sha1', u'umac-64@openssh.com', u'umac-128@openssh.com', u'hmac-sha2-256', u'hmac-sha2-512', u'hmac-ripemd160', u'hmac-ripemd160@openssh.com', u'hmac-sha1-96', u'hmac-md5-96'] client compress:[u'none', u'zlib@openssh.com'] server compress:[u'none', u'zlib@openssh.com'] client lang:[u''] server lang:[u''] kex follows?False
09-18-2015 10:23:15 paramiko.transport DEBUG    Ciphers agreed: local=aes128-ctr, remote=aes128-ctr
09-18-2015 10:23:15 paramiko.transport DEBUG    using kex diffie-hellman-group14-sha1; server key type ssh-rsa; cipher: local aes128-ctr, remote aes128-ctr; mac: local hmac-sha1, remote hmac-sha1; compression: local none, remote none
09-18-2015 10:23:15 paramiko.transport DEBUG    Switch to new keys ...
09-18-2015 10:23:15 paramiko.transport DEBUG    Adding ssh-rsa host key for [10.25.1.82]:2226: a88cef8821fe42edfa76b9c49aa2e6a2
09-18-2015 10:23:15 paramiko.transport DEBUG    Trying SSH agent key 6d2ac6a9b80aec10f7e124fce99c24c9
09-18-2015 10:23:15 paramiko.transport DEBUG    userauth is OK
09-18-2015 10:23:15 paramiko.transport INFO     Authentication (publickey) failed.
09-18-2015 10:23:15 paramiko.transport DEBUG    userauth is OK
09-18-2015 10:23:15 paramiko.transport INFO     Authentication (password) successful!
09-18-2015 10:23:15 taTransporter DEBUG    Executing command 'pidof replicator' on remote host.
09-18-2015 10:23:15 paramiko.transport DEBUG    [chan 0] Max packet in: 32768 bytes
09-18-2015 10:23:15 paramiko.transport DEBUG    [chan 0] Max packet out: 32768 bytes
09-18-2015 10:23:15 paramiko.transport DEBUG    Secsh channel 0 opened.
09-18-2015 10:23:15 paramiko.transport DEBUG    [chan 0] Sesch channel 0 request ok
09-18-2015 10:23:15 paramiko.transport DEBUG    [chan 0] Sesch channel 0 request ok
09-18-2015 10:23:15 paramiko.transport DEBUG    [chan 0] EOF received (0)
09-18-2015 10:23:15 taTransporter DEBUG    Got process ID for replicator: 5346.
09-18-2015 10:23:15 taTransporter DEBUG    Connecting with SSH to the host: '10.25.1.82' over port 2226.
09-18-2015 10:23:15 paramiko.transport DEBUG    starting thread (client mode): 0x31a5290L
09-18-2015 10:23:15 paramiko.transport INFO     Connected (version 2.0, client OpenSSH_6.6.1p1)
09-18-2015 10:23:15 paramiko.transport DEBUG    kex algos:[u'curve25519-sha256@libssh.org', u'ecdh-sha2-nistp256', u'ecdh-sha2-nistp384', u'ecdh-sha2-nistp521', u'diffie-hellman-group-exchange-sha256', u'diffie-hellman-group-exchange-sha1', u'diffie-hellman-group14-sha1', u'diffie-hellman-group1-sha1'] server key:[u'ssh-rsa', u'ssh-dss', u'ecdsa-sha2-nistp256', u'ssh-ed25519'] client encrypt:[u'aes128-ctr', u'aes192-ctr', u'aes256-ctr', u'arcfour256', u'arcfour128', u'aes128-gcm@openssh.com', u'aes256-gcm@openssh.com', u'chacha20-poly1305@openssh.com', u'aes128-cbc', u'3des-cbc', u'blowfish-cbc', u'cast128-cbc', u'aes192-cbc', u'aes256-cbc', u'arcfour', u'rijndael-cbc@lysator.liu.se'] server encrypt:[u'aes128-ctr', u'aes192-ctr', u'aes256-ctr', u'arcfour256', u'arcfour128', u'aes128-gcm@openssh.com', u'aes256-gcm@openssh.com', u'chacha20-poly1305@openssh.com', u'aes128-cbc', u'3des-cbc', u'blowfish-cbc', u'cast128-cbc', u'aes192-cbc', u'aes256-cbc', u'arcfour', u'rijndael-cbc@lysator.liu.se'] client mac:[u'hmac-md5-etm@openssh.com', u'hmac-sha1-etm@openssh.com', u'umac-64-etm@openssh.com', u'umac-128-etm@openssh.com', u'hmac-sha2-256-etm@openssh.com', u'hmac-sha2-512-etm@openssh.com', u'hmac-ripemd160-etm@openssh.com', u'hmac-sha1-96-etm@openssh.com', u'hmac-md5-96-etm@openssh.com', u'hmac-md5', u'hmac-sha1', u'umac-64@openssh.com', u'umac-128@openssh.com', u'hmac-sha2-256', u'hmac-sha2-512', u'hmac-ripemd160', u'hmac-ripemd160@openssh.com', u'hmac-sha1-96', u'hmac-md5-96'] server mac:[u'hmac-md5-etm@openssh.com', u'hmac-sha1-etm@openssh.com', u'umac-64-etm@openssh.com', u'umac-128-etm@openssh.com', u'hmac-sha2-256-etm@openssh.com', u'hmac-sha2-512-etm@openssh.com', u'hmac-ripemd160-etm@openssh.com', u'hmac-sha1-96-etm@openssh.com', u'hmac-md5-96-etm@openssh.com', u'hmac-md5', u'hmac-sha1', u'umac-64@openssh.com', u'umac-128@openssh.com', u'hmac-sha2-256', u'hmac-sha2-512', u'hmac-ripemd160', u'hmac-ripemd160@openssh.com', u'hmac-sha1-96', u'hmac-md5-96'] client compress:[u'none', u'zlib@openssh.com'] server compress:[u'none', u'zlib@openssh.com'] client lang:[u''] server lang:[u''] kex follows?False
09-18-2015 10:23:15 paramiko.transport DEBUG    Ciphers agreed: local=aes128-ctr, remote=aes128-ctr
09-18-2015 10:23:15 paramiko.transport DEBUG    using kex diffie-hellman-group14-sha1; server key type ssh-rsa; cipher: local aes128-ctr, remote aes128-ctr; mac: local hmac-sha1, remote hmac-sha1; compression: local none, remote none
09-18-2015 10:23:15 paramiko.transport DEBUG    Switch to new keys ...
09-18-2015 10:23:16 paramiko.transport DEBUG    Adding ssh-rsa host key for [10.25.1.82]:2226: a88cef8821fe42edfa76b9c49aa2e6a2
09-18-2015 10:23:16 paramiko.transport DEBUG    Trying SSH agent key 6d2ac6a9b80aec10f7e124fce99c24c9
09-18-2015 10:23:16 paramiko.transport DEBUG    userauth is OK
09-18-2015 10:23:16 paramiko.transport INFO     Authentication (publickey) failed.
09-18-2015 10:23:16 paramiko.transport DEBUG    userauth is OK
09-18-2015 10:23:16 paramiko.transport INFO     Authentication (password) successful!
09-18-2015 10:23:16 taTransporter DEBUG    Executing command 'cmd diag config' on remote host.
09-18-2015 10:23:16 paramiko.transport DEBUG    [chan 0] Max packet in: 32768 bytes
09-18-2015 10:23:16 paramiko.transport DEBUG    [chan 0] Max packet out: 32768 bytes
09-18-2015 10:23:16 paramiko.transport DEBUG    Secsh channel 0 opened.
09-18-2015 10:23:16 paramiko.transport DEBUG    [chan 0] Sesch channel 0 request ok
09-18-2015 10:23:16 paramiko.transport DEBUG    [chan 0] Sesch channel 0 request ok
09-18-2015 10:23:16 paramiko.transport DEBUG    [chan 0] EOF received (0)
09-18-2015 10:23:16 taTransporter DEBUG    Got expected result from command 'cmd diag config'.
09-18-2015 10:23:16 taTransporter DEBUG    Owner ID from 'diag config' retrived as '000000000000000000000000'.
09-18-2015 10:23:16 taTestbed    DEBUG    Target 'auto-tfb15-01' passed pre-fly check. It is unclaimed.
09-18-2015 10:23:16 taUser       DEBUG    Will read information from config file 'automation.cfg'.
09-18-2015 10:23:16 taBackend    DEBUG    Attempt to get customer ID by account name.
09-18-2015 10:23:16 requests.packages.urllib3.connectionpool INFO     Starting new HTTPS connection (1): dws.connecteddata.com
09-18-2015 10:23:17 requests.packages.urllib3.connectionpool DEBUG    "GET /polcentral/v1_0/customers/automation/accountname HTTP/1.1" 200 131
09-18-2015 10:23:17 taTestbed    DEBUG    User 'automation' passed pre-fly check. Has CID 54c7b9b883b37d1421d465b9.
09-18-2015 10:23:17 taUser       DEBUG    Will read information from config file 'auto-qa02.cfg'.
09-18-2015 10:23:17 taBackend    DEBUG    Attempt to get customer ID by account name.
09-18-2015 10:23:17 requests.packages.urllib3.connectionpool INFO     Starting new HTTPS connection (1): dws.connecteddata.com
09-18-2015 10:23:17 requests.packages.urllib3.connectionpool DEBUG    "GET /polcentral/v1_0/customers/auto2.org1/accountname HTTP/1.1" 200 135
09-18-2015 10:23:17 taTestbed    DEBUG    User 'auto-qa02' passed pre-fly check. Has CID 55dcd3d8bc05399c6d7b23c9.
09-18-2015 10:23:17 autobot      INFO     Testbed is ready for execution tests from 'S360: AUTO: Graceful shutdown'.
09-18-2015 10:23:17 taTestbed    INFO     Check availability of all testbed components.
09-18-2015 10:23:17 taTestbed    DEBUG    Getting testbed configuration.
09-18-2015 10:23:17 taTestbed    DEBUG    Will read list of targets.
09-18-2015 10:23:17 taTestbed    DEBUG    Found 2 targets.
09-18-2015 10:23:17 taTestbed    DEBUG    Target's list: ['auto-tfb30-01', 'auto-tfb15-01']
09-18-2015 10:23:17 taTestbed    DEBUG    Successfully got information about targets, to use in test suite.
09-18-2015 10:23:17 taTestbed    DEBUG    Will read list of clients.
09-18-2015 10:23:17 taTestbed    DEBUG    Found 1 client.
09-18-2015 10:23:17 taTestbed    DEBUG    Client's list: ['win7x64-01']
09-18-2015 10:23:17 taTestbed    DEBUG    Successfully got information about clients, to use in test suite.
09-18-2015 10:23:17 taTestbed    DEBUG    Will read list of users.
09-18-2015 10:23:17 taTestbed    DEBUG    Found 2 users.
09-18-2015 10:23:17 taTestbed    DEBUG    User's list: ['automation', 'auto-qa02']
09-18-2015 10:23:17 taTestbed    DEBUG    Successfully got information about users, to use in test suite.
09-18-2015 10:23:17 taClient     DEBUG    Will read information from config file 'win7x64-01.cfg'.
09-18-2015 10:23:17 taClient     DEBUG    Getting OS on 'win7x64-01'.
09-18-2015 10:23:17 taClient     DEBUG    Computer 'win7x64-01' (IP address 172.18.34.169) is running Windows.
09-18-2015 10:23:17 taClient     DEBUG    Check availability of client 'win7x64-01'.
09-18-2015 10:23:17 taClient     DEBUG    Getting OS on 'win7x64-01'.
09-18-2015 10:23:17 taClient     DEBUG    Computer 'win7x64-01' (IP address 172.18.34.169) is running Windows.
09-18-2015 10:23:17 taClient     INFO     Will get UUID for current user on 'win7x64-01'.
09-18-2015 10:23:17 taClient     DEBUG    Get current local user name.
09-18-2015 10:23:17 taClient     INFO     Check user name currently logged on 'win7x64-01'.
09-18-2015 10:23:18 taClient     DEBUG    Will use: 'automation'.
09-18-2015 10:23:18 taClient     DEBUG    Successfully connected to RPYC running on 'win7x64-01' over corporate IP '172.18.34.169'.
09-18-2015 10:23:18 taClient     DEBUG    Got Connected data account from 'C:\Users\automation\AppData\Roaming\Connected Data\configuration.ini'.
09-18-2015 10:23:18 taClient     INFO     Client will use desk app version '4.1.1.19860'.
09-18-2015 10:23:18 taClient     INFO     Check and remove all network file systems attached to the client 'win7x64-01'.
09-18-2015 10:23:18 taClient     INFO     Checking for network file systems attached to the client 'win7x64-01'.
09-18-2015 10:23:19 taClient     DEBUG    Client 'win7x64-01' doesn't have any network file systems attached.
09-18-2015 10:23:19 taTestbed    DEBUG    Client 'win7x64-01' is available for test execution. It runs WIN.
09-18-2015 10:23:19 taTransporter DEBUG    Will read information from config file 'auto-tfb30-01.target'.
09-18-2015 10:23:19 taTransporter DEBUG    Validate availability of TFB 'auto-tfb30-01'.
09-18-2015 10:23:19 taTransporter DEBUG    First of all check is replicator running.
09-18-2015 10:23:19 taTransporter DEBUG    Will check process id for 'replicator' process on TFB 'auto-tfb30-01'.
09-18-2015 10:23:19 taTransporter DEBUG    Connecting with SSH to the host: '10.25.1.63' over port 2294.
09-18-2015 10:23:19 paramiko.transport DEBUG    starting thread (client mode): 0x31a5310L
09-18-2015 10:23:19 paramiko.transport INFO     Connected (version 2.0, client OpenSSH_6.6.1p1)
09-18-2015 10:23:19 paramiko.transport DEBUG    kex algos:[u'curve25519-sha256@libssh.org', u'ecdh-sha2-nistp256', u'ecdh-sha2-nistp384', u'ecdh-sha2-nistp521', u'diffie-hellman-group-exchange-sha256', u'diffie-hellman-group-exchange-sha1', u'diffie-hellman-group14-sha1', u'diffie-hellman-group1-sha1'] server key:[u'ssh-rsa', u'ssh-dss', u'ecdsa-sha2-nistp256', u'ssh-ed25519'] client encrypt:[u'aes128-ctr', u'aes192-ctr', u'aes256-ctr', u'arcfour256', u'arcfour128', u'aes128-gcm@openssh.com', u'aes256-gcm@openssh.com', u'chacha20-poly1305@openssh.com', u'aes128-cbc', u'3des-cbc', u'blowfish-cbc', u'cast128-cbc', u'aes192-cbc', u'aes256-cbc', u'arcfour', u'rijndael-cbc@lysator.liu.se'] server encrypt:[u'aes128-ctr', u'aes192-ctr', u'aes256-ctr', u'arcfour256', u'arcfour128', u'aes128-gcm@openssh.com', u'aes256-gcm@openssh.com', u'chacha20-poly1305@openssh.com', u'aes128-cbc', u'3des-cbc', u'blowfish-cbc', u'cast128-cbc', u'aes192-cbc', u'aes256-cbc', u'arcfour', u'rijndael-cbc@lysator.liu.se'] client mac:[u'hmac-md5-etm@openssh.com', u'hmac-sha1-etm@openssh.com', u'umac-64-etm@openssh.com', u'umac-128-etm@openssh.com', u'hmac-sha2-256-etm@openssh.com', u'hmac-sha2-512-etm@openssh.com', u'hmac-ripemd160-etm@openssh.com', u'hmac-sha1-96-etm@openssh.com', u'hmac-md5-96-etm@openssh.com', u'hmac-md5', u'hmac-sha1', u'umac-64@openssh.com', u'umac-128@openssh.com', u'hmac-sha2-256', u'hmac-sha2-512', u'hmac-ripemd160', u'hmac-ripemd160@openssh.com', u'hmac-sha1-96', u'hmac-md5-96'] server mac:[u'hmac-md5-etm@openssh.com', u'hmac-sha1-etm@openssh.com', u'umac-64-etm@openssh.com', u'umac-128-etm@openssh.com', u'hmac-sha2-256-etm@openssh.com', u'hmac-sha2-512-etm@openssh.com', u'hmac-ripemd160-etm@openssh.com', u'hmac-sha1-96-etm@openssh.com', u'hmac-md5-96-etm@openssh.com', u'hmac-md5', u'hmac-sha1', u'umac-64@openssh.com', u'umac-128@openssh.com', u'hmac-sha2-256', u'hmac-sha2-512', u'hmac-ripemd160', u'hmac-ripemd160@openssh.com', u'hmac-sha1-96', u'hmac-md5-96'] client compress:[u'none', u'zlib@openssh.com'] server compress:[u'none', u'zlib@openssh.com'] client lang:[u''] server lang:[u''] kex follows?False
09-18-2015 10:23:19 paramiko.transport DEBUG    Ciphers agreed: local=aes128-ctr, remote=aes128-ctr
09-18-2015 10:23:19 paramiko.transport DEBUG    using kex diffie-hellman-group14-sha1; server key type ssh-rsa; cipher: local aes128-ctr, remote aes128-ctr; mac: local hmac-sha1, remote hmac-sha1; compression: local none, remote none
09-18-2015 10:23:19 paramiko.transport DEBUG    Switch to new keys ...
09-18-2015 10:23:19 paramiko.transport DEBUG    Adding ssh-rsa host key for [10.25.1.63]:2294: df188a0939a851e67390c874b2ec75a3
09-18-2015 10:23:19 paramiko.transport DEBUG    Trying SSH agent key 6d2ac6a9b80aec10f7e124fce99c24c9
09-18-2015 10:23:19 paramiko.transport DEBUG    userauth is OK
09-18-2015 10:23:19 paramiko.transport INFO     Authentication (publickey) failed.
09-18-2015 10:23:19 paramiko.transport DEBUG    userauth is OK
09-18-2015 10:23:19 paramiko.transport INFO     Authentication (password) successful!
09-18-2015 10:23:19 taTransporter DEBUG    Executing command 'pidof replicator' on remote host.
09-18-2015 10:23:19 paramiko.transport DEBUG    [chan 0] Max packet in: 32768 bytes
09-18-2015 10:23:19 paramiko.transport DEBUG    [chan 0] Max packet out: 32768 bytes
09-18-2015 10:23:19 paramiko.transport DEBUG    Secsh channel 0 opened.
09-18-2015 10:23:19 paramiko.transport DEBUG    [chan 0] Sesch channel 0 request ok
09-18-2015 10:23:19 paramiko.transport DEBUG    [chan 0] Sesch channel 0 request ok
09-18-2015 10:23:19 paramiko.transport DEBUG    [chan 0] EOF received (0)
09-18-2015 10:23:19 taTransporter DEBUG    Got process ID for replicator: 6783.
09-18-2015 10:23:19 taTransporter DEBUG    Connecting with SSH to the host: '10.25.1.63' over port 2294.
09-18-2015 10:23:19 paramiko.transport DEBUG    starting thread (client mode): 0x31c5f50L
09-18-2015 10:23:19 paramiko.transport INFO     Connected (version 2.0, client OpenSSH_6.6.1p1)
09-18-2015 10:23:19 paramiko.transport DEBUG    kex algos:[u'curve25519-sha256@libssh.org', u'ecdh-sha2-nistp256', u'ecdh-sha2-nistp384', u'ecdh-sha2-nistp521', u'diffie-hellman-group-exchange-sha256', u'diffie-hellman-group-exchange-sha1', u'diffie-hellman-group14-sha1', u'diffie-hellman-group1-sha1'] server key:[u'ssh-rsa', u'ssh-dss', u'ecdsa-sha2-nistp256', u'ssh-ed25519'] client encrypt:[u'aes128-ctr', u'aes192-ctr', u'aes256-ctr', u'arcfour256', u'arcfour128', u'aes128-gcm@openssh.com', u'aes256-gcm@openssh.com', u'chacha20-poly1305@openssh.com', u'aes128-cbc', u'3des-cbc', u'blowfish-cbc', u'cast128-cbc', u'aes192-cbc', u'aes256-cbc', u'arcfour', u'rijndael-cbc@lysator.liu.se'] server encrypt:[u'aes128-ctr', u'aes192-ctr', u'aes256-ctr', u'arcfour256', u'arcfour128', u'aes128-gcm@openssh.com', u'aes256-gcm@openssh.com', u'chacha20-poly1305@openssh.com', u'aes128-cbc', u'3des-cbc', u'blowfish-cbc', u'cast128-cbc', u'aes192-cbc', u'aes256-cbc', u'arcfour', u'rijndael-cbc@lysator.liu.se'] client mac:[u'hmac-md5-etm@openssh.com', u'hmac-sha1-etm@openssh.com', u'umac-64-etm@openssh.com', u'umac-128-etm@openssh.com', u'hmac-sha2-256-etm@openssh.com', u'hmac-sha2-512-etm@openssh.com', u'hmac-ripemd160-etm@openssh.com', u'hmac-sha1-96-etm@openssh.com', u'hmac-md5-96-etm@openssh.com', u'hmac-md5', u'hmac-sha1', u'umac-64@openssh.com', u'umac-128@openssh.com', u'hmac-sha2-256', u'hmac-sha2-512', u'hmac-ripemd160', u'hmac-ripemd160@openssh.com', u'hmac-sha1-96', u'hmac-md5-96'] server mac:[u'hmac-md5-etm@openssh.com', u'hmac-sha1-etm@openssh.com', u'umac-64-etm@openssh.com', u'umac-128-etm@openssh.com', u'hmac-sha2-256-etm@openssh.com', u'hmac-sha2-512-etm@openssh.com', u'hmac-ripemd160-etm@openssh.com', u'hmac-sha1-96-etm@openssh.com', u'hmac-md5-96-etm@openssh.com', u'hmac-md5', u'hmac-sha1', u'umac-64@openssh.com', u'umac-128@openssh.com', u'hmac-sha2-256', u'hmac-sha2-512', u'hmac-ripemd160', u'hmac-ripemd160@openssh.com', u'hmac-sha1-96', u'hmac-md5-96'] client compress:[u'none', u'zlib@openssh.com'] server compress:[u'none', u'zlib@openssh.com'] client lang:[u''] server lang:[u''] kex follows?False
09-18-2015 10:23:19 paramiko.transport DEBUG    Ciphers agreed: local=aes128-ctr, remote=aes128-ctr
09-18-2015 10:23:19 paramiko.transport DEBUG    using kex diffie-hellman-group14-sha1; server key type ssh-rsa; cipher: local aes128-ctr, remote aes128-ctr; mac: local hmac-sha1, remote hmac-sha1; compression: local none, remote none
09-18-2015 10:23:19 paramiko.transport DEBUG    Switch to new keys ...
09-18-2015 10:23:19 paramiko.transport DEBUG    Adding ssh-rsa host key for [10.25.1.63]:2294: df188a0939a851e67390c874b2ec75a3
09-18-2015 10:23:19 paramiko.transport DEBUG    Trying SSH agent key 6d2ac6a9b80aec10f7e124fce99c24c9
09-18-2015 10:23:19 paramiko.transport DEBUG    userauth is OK
09-18-2015 10:23:19 paramiko.transport INFO     Authentication (publickey) failed.
09-18-2015 10:23:19 paramiko.transport DEBUG    userauth is OK
09-18-2015 10:23:19 paramiko.transport INFO     Authentication (password) successful!
09-18-2015 10:23:20 taTransporter DEBUG    Executing command 'cmd diag config' on remote host.
09-18-2015 10:23:20 paramiko.transport DEBUG    [chan 0] Max packet in: 32768 bytes
09-18-2015 10:23:20 paramiko.transport DEBUG    [chan 0] Max packet out: 32768 bytes
09-18-2015 10:23:20 paramiko.transport DEBUG    Secsh channel 0 opened.
09-18-2015 10:23:20 paramiko.transport DEBUG    [chan 0] Sesch channel 0 request ok
09-18-2015 10:23:20 paramiko.transport DEBUG    [chan 0] Sesch channel 0 request ok
09-18-2015 10:23:20 paramiko.transport DEBUG    [chan 0] EOF received (0)
09-18-2015 10:23:20 taTransporter DEBUG    Got expected result from command 'cmd diag config'.
09-18-2015 10:23:20 taTransporter DEBUG    Owner ID from 'diag config' retrived as '000000000000000000000000'.
09-18-2015 10:23:20 taTestbed    DEBUG    Target 'auto-tfb30-01' passed pre-fly check. It is unclaimed.
09-18-2015 10:23:20 taTransporter DEBUG    Will read information from config file 'auto-tfb15-01.target'.
09-18-2015 10:23:20 taTransporter DEBUG    Validate availability of TFB 'auto-tfb15-01'.
09-18-2015 10:23:20 taTransporter DEBUG    First of all check is replicator running.
09-18-2015 10:23:20 taTransporter DEBUG    Will check process id for 'replicator' process on TFB 'auto-tfb15-01'.
09-18-2015 10:23:20 taTransporter DEBUG    Connecting with SSH to the host: '10.25.1.82' over port 2226.
09-18-2015 10:23:20 paramiko.transport DEBUG    starting thread (client mode): 0x31a5310L
09-18-2015 10:23:20 paramiko.transport INFO     Connected (version 2.0, client OpenSSH_6.6.1p1)
09-18-2015 10:23:20 paramiko.transport DEBUG    kex algos:[u'curve25519-sha256@libssh.org', u'ecdh-sha2-nistp256', u'ecdh-sha2-nistp384', u'ecdh-sha2-nistp521', u'diffie-hellman-group-exchange-sha256', u'diffie-hellman-group-exchange-sha1', u'diffie-hellman-group14-sha1', u'diffie-hellman-group1-sha1'] server key:[u'ssh-rsa', u'ssh-dss', u'ecdsa-sha2-nistp256', u'ssh-ed25519'] client encrypt:[u'aes128-ctr', u'aes192-ctr', u'aes256-ctr', u'arcfour256', u'arcfour128', u'aes128-gcm@openssh.com', u'aes256-gcm@openssh.com', u'chacha20-poly1305@openssh.com', u'aes128-cbc', u'3des-cbc', u'blowfish-cbc', u'cast128-cbc', u'aes192-cbc', u'aes256-cbc', u'arcfour', u'rijndael-cbc@lysator.liu.se'] server encrypt:[u'aes128-ctr', u'aes192-ctr', u'aes256-ctr', u'arcfour256', u'arcfour128', u'aes128-gcm@openssh.com', u'aes256-gcm@openssh.com', u'chacha20-poly1305@openssh.com', u'aes128-cbc', u'3des-cbc', u'blowfish-cbc', u'cast128-cbc', u'aes192-cbc', u'aes256-cbc', u'arcfour', u'rijndael-cbc@lysator.liu.se'] client mac:[u'hmac-md5-etm@openssh.com', u'hmac-sha1-etm@openssh.com', u'umac-64-etm@openssh.com', u'umac-128-etm@openssh.com', u'hmac-sha2-256-etm@openssh.com', u'hmac-sha2-512-etm@openssh.com', u'hmac-ripemd160-etm@openssh.com', u'hmac-sha1-96-etm@openssh.com', u'hmac-md5-96-etm@openssh.com', u'hmac-md5', u'hmac-sha1', u'umac-64@openssh.com', u'umac-128@openssh.com', u'hmac-sha2-256', u'hmac-sha2-512', u'hmac-ripemd160', u'hmac-ripemd160@openssh.com', u'hmac-sha1-96', u'hmac-md5-96'] server mac:[u'hmac-md5-etm@openssh.com', u'hmac-sha1-etm@openssh.com', u'umac-64-etm@openssh.com', u'umac-128-etm@openssh.com', u'hmac-sha2-256-etm@openssh.com', u'hmac-sha2-512-etm@openssh.com', u'hmac-ripemd160-etm@openssh.com', u'hmac-sha1-96-etm@openssh.com', u'hmac-md5-96-etm@openssh.com', u'hmac-md5', u'hmac-sha1', u'umac-64@openssh.com', u'umac-128@openssh.com', u'hmac-sha2-256', u'hmac-sha2-512', u'hmac-ripemd160', u'hmac-ripemd160@openssh.com', u'hmac-sha1-96', u'hmac-md5-96'] client compress:[u'none', u'zlib@openssh.com'] server compress:[u'none', u'zlib@openssh.com'] client lang:[u''] server lang:[u''] kex follows?False
09-18-2015 10:23:20 paramiko.transport DEBUG    Ciphers agreed: local=aes128-ctr, remote=aes128-ctr
09-18-2015 10:23:20 paramiko.transport DEBUG    using kex diffie-hellman-group14-sha1; server key type ssh-rsa; cipher: local aes128-ctr, remote aes128-ctr; mac: local hmac-sha1, remote hmac-sha1; compression: local none, remote none
09-18-2015 10:23:20 paramiko.transport DEBUG    Switch to new keys ...
09-18-2015 10:23:20 paramiko.transport DEBUG    Adding ssh-rsa host key for [10.25.1.82]:2226: a88cef8821fe42edfa76b9c49aa2e6a2
09-18-2015 10:23:20 paramiko.transport DEBUG    Trying SSH agent key 6d2ac6a9b80aec10f7e124fce99c24c9
09-18-2015 10:23:20 paramiko.transport DEBUG    userauth is OK
09-18-2015 10:23:20 paramiko.transport INFO     Authentication (publickey) failed.
09-18-2015 10:23:20 paramiko.transport DEBUG    userauth is OK
09-18-2015 10:23:20 paramiko.transport INFO     Authentication (password) successful!
09-18-2015 10:23:20 taTransporter DEBUG    Executing command 'pidof replicator' on remote host.
09-18-2015 10:23:20 paramiko.transport DEBUG    [chan 0] Max packet in: 32768 bytes
09-18-2015 10:23:21 paramiko.transport DEBUG    [chan 0] Max packet out: 32768 bytes
09-18-2015 10:23:21 paramiko.transport DEBUG    Secsh channel 0 opened.
09-18-2015 10:23:21 paramiko.transport DEBUG    [chan 0] Sesch channel 0 request ok
09-18-2015 10:23:21 paramiko.transport DEBUG    [chan 0] Sesch channel 0 request ok
09-18-2015 10:23:21 paramiko.transport DEBUG    [chan 0] EOF received (0)
09-18-2015 10:23:21 taTransporter DEBUG    Got process ID for replicator: 5346.
09-18-2015 10:23:21 taTransporter DEBUG    Connecting with SSH to the host: '10.25.1.82' over port 2226.
09-18-2015 10:23:21 paramiko.transport DEBUG    starting thread (client mode): 0x31c5fd0L
09-18-2015 10:23:21 paramiko.transport INFO     Connected (version 2.0, client OpenSSH_6.6.1p1)
09-18-2015 10:23:21 paramiko.transport DEBUG    kex algos:[u'curve25519-sha256@libssh.org', u'ecdh-sha2-nistp256', u'ecdh-sha2-nistp384', u'ecdh-sha2-nistp521', u'diffie-hellman-group-exchange-sha256', u'diffie-hellman-group-exchange-sha1', u'diffie-hellman-group14-sha1', u'diffie-hellman-group1-sha1'] server key:[u'ssh-rsa', u'ssh-dss', u'ecdsa-sha2-nistp256', u'ssh-ed25519'] client encrypt:[u'aes128-ctr', u'aes192-ctr', u'aes256-ctr', u'arcfour256', u'arcfour128', u'aes128-gcm@openssh.com', u'aes256-gcm@openssh.com', u'chacha20-poly1305@openssh.com', u'aes128-cbc', u'3des-cbc', u'blowfish-cbc', u'cast128-cbc', u'aes192-cbc', u'aes256-cbc', u'arcfour', u'rijndael-cbc@lysator.liu.se'] server encrypt:[u'aes128-ctr', u'aes192-ctr', u'aes256-ctr', u'arcfour256', u'arcfour128', u'aes128-gcm@openssh.com', u'aes256-gcm@openssh.com', u'chacha20-poly1305@openssh.com', u'aes128-cbc', u'3des-cbc', u'blowfish-cbc', u'cast128-cbc', u'aes192-cbc', u'aes256-cbc', u'arcfour', u'rijndael-cbc@lysator.liu.se'] client mac:[u'hmac-md5-etm@openssh.com', u'hmac-sha1-etm@openssh.com', u'umac-64-etm@openssh.com', u'umac-128-etm@openssh.com', u'hmac-sha2-256-etm@openssh.com', u'hmac-sha2-512-etm@openssh.com', u'hmac-ripemd160-etm@openssh.com', u'hmac-sha1-96-etm@openssh.com', u'hmac-md5-96-etm@openssh.com', u'hmac-md5', u'hmac-sha1', u'umac-64@openssh.com', u'umac-128@openssh.com', u'hmac-sha2-256', u'hmac-sha2-512', u'hmac-ripemd160', u'hmac-ripemd160@openssh.com', u'hmac-sha1-96', u'hmac-md5-96'] server mac:[u'hmac-md5-etm@openssh.com', u'hmac-sha1-etm@openssh.com', u'umac-64-etm@openssh.com', u'umac-128-etm@openssh.com', u'hmac-sha2-256-etm@openssh.com', u'hmac-sha2-512-etm@openssh.com', u'hmac-ripemd160-etm@openssh.com', u'hmac-sha1-96-etm@openssh.com', u'hmac-md5-96-etm@openssh.com', u'hmac-md5', u'hmac-sha1', u'umac-64@openssh.com', u'umac-128@openssh.com', u'hmac-sha2-256', u'hmac-sha2-512', u'hmac-ripemd160', u'hmac-ripemd160@openssh.com', u'hmac-sha1-96', u'hmac-md5-96'] client compress:[u'none', u'zlib@openssh.com'] server compress:[u'none', u'zlib@openssh.com'] client lang:[u''] server lang:[u''] kex follows?False
09-18-2015 10:23:21 paramiko.transport DEBUG    Ciphers agreed: local=aes128-ctr, remote=aes128-ctr
09-18-2015 10:23:21 paramiko.transport DEBUG    using kex diffie-hellman-group14-sha1; server key type ssh-rsa; cipher: local aes128-ctr, remote aes128-ctr; mac: local hmac-sha1, remote hmac-sha1; compression: local none, remote none
09-18-2015 10:23:21 paramiko.transport DEBUG    Switch to new keys ...
09-18-2015 10:23:21 paramiko.transport DEBUG    Adding ssh-rsa host key for [10.25.1.82]:2226: a88cef8821fe42edfa76b9c49aa2e6a2
09-18-2015 10:23:21 paramiko.transport DEBUG    Trying SSH agent key 6d2ac6a9b80aec10f7e124fce99c24c9
09-18-2015 10:23:21 paramiko.transport DEBUG    userauth is OK
09-18-2015 10:23:21 paramiko.transport INFO     Authentication (publickey) failed.
09-18-2015 10:23:21 paramiko.transport DEBUG    userauth is OK
09-18-2015 10:23:21 paramiko.transport INFO     Authentication (password) successful!
09-18-2015 10:23:21 taTransporter DEBUG    Executing command 'cmd diag config' on remote host.
09-18-2015 10:23:21 paramiko.transport DEBUG    [chan 0] Max packet in: 32768 bytes
09-18-2015 10:23:22 paramiko.transport DEBUG    [chan 0] Max packet out: 32768 bytes
09-18-2015 10:23:22 paramiko.transport DEBUG    Secsh channel 0 opened.
09-18-2015 10:23:22 paramiko.transport DEBUG    [chan 0] Sesch channel 0 request ok
09-18-2015 10:23:22 paramiko.transport DEBUG    [chan 0] Sesch channel 0 request ok
09-18-2015 10:23:22 paramiko.transport DEBUG    [chan 0] EOF received (0)
09-18-2015 10:23:22 taTransporter DEBUG    Got expected result from command 'cmd diag config'.
09-18-2015 10:23:22 taTransporter DEBUG    Owner ID from 'diag config' retrived as '000000000000000000000000'.
09-18-2015 10:23:22 taTestbed    DEBUG    Target 'auto-tfb15-01' passed pre-fly check. It is unclaimed.
09-18-2015 10:23:22 taUser       DEBUG    Will read information from config file 'automation.cfg'.
09-18-2015 10:23:22 taBackend    DEBUG    Attempt to get customer ID by account name.
09-18-2015 10:23:22 requests.packages.urllib3.connectionpool INFO     Starting new HTTPS connection (1): dws.connecteddata.com
09-18-2015 10:23:22 requests.packages.urllib3.connectionpool DEBUG    "GET /polcentral/v1_0/customers/automation/accountname HTTP/1.1" 200 131
09-18-2015 10:23:22 taTestbed    DEBUG    User 'automation' passed pre-fly check. Has CID 54c7b9b883b37d1421d465b9.
09-18-2015 10:23:22 taUser       DEBUG    Will read information from config file 'auto-qa02.cfg'.
09-18-2015 10:23:22 taBackend    DEBUG    Attempt to get customer ID by account name.
09-18-2015 10:23:22 requests.packages.urllib3.connectionpool INFO     Starting new HTTPS connection (1): dws.connecteddata.com
09-18-2015 10:23:23 requests.packages.urllib3.connectionpool DEBUG    "GET /polcentral/v1_0/customers/auto2.org1/accountname HTTP/1.1" 200 135
09-18-2015 10:23:23 taTestbed    DEBUG    User 'auto-qa02' passed pre-fly check. Has CID 55dcd3d8bc05399c6d7b23c9.
09-18-2015 10:23:23 autobot      INFO     Testbed is ready for execution tests from 'S360: AUTO: Graceful shutdown'.
09-18-2015 10:23:23 autobot      INFO     ---> Summary for 'S360: AUTO: Graceful shutdown'.
09-18-2015 10:23:23 autobot      INFO     Executed 1 test cases.
09-18-2015 10:23:23 autobot      INFO     Execution time is 00:00:18
09-18-2015 10:23:23 autobot      INFO     ============================================================================================
09-18-2015 10:23:23 autobot      INFO     Total test execution time is 00:00:18
