09-22-2015 11:24:53 autobot      INFO     ============================================================================================
09-22-2015 11:24:53 autobot      INFO     Test execution starts 22-Sep-2015 at 11:24:53 PDT
09-22-2015 11:24:53 autobot      INFO     Test execution based on autobot.cfg file.
09-22-2015 11:24:53 autobot      INFO     ============================================================================================
09-22-2015 11:24:53 autobot      INFO     Getting TestRail configuration.
09-22-2015 11:24:53 autobot      DEBUG    Will use TestRail at 'http://172.24.1.33/testrail' using 'qa-auto@connecteddata.com/automatethis'.
09-22-2015 11:24:53 autobot      INFO     Creating connection to the TestRail.
09-22-2015 11:24:53 autobot      INFO     ===> Test suite 'S360: AUTO: Graceful shutdown'.
09-22-2015 11:24:53 autobot      INFO     Starts at 22-Sep-2015 at 11:24:53 PDT
09-22-2015 11:24:53 autobot      INFO     Test suite 'S360 - AUTO: Graceful shutdown' has 1 test case.
09-22-2015 11:24:53 testbed      DEBUG    Will read information from config file 'S360.cfg'.
09-22-2015 11:24:53 testbed      INFO     Check availability of all testbed components.
09-22-2015 11:24:53 testbed      DEBUG    Getting testbed configuration.
09-22-2015 11:24:53 testbed      DEBUG    Will read list of targets.
09-22-2015 11:24:53 testbed      DEBUG    Found 2 targets.
09-22-2015 11:24:53 testbed      DEBUG    Target's list: ['auto-tfb30-01', 'auto-tfb15-01']
09-22-2015 11:24:53 testbed      DEBUG    Successfully got information about targets, to use in test suite.
09-22-2015 11:24:53 testbed      DEBUG    Will read list of clients.
09-22-2015 11:24:53 testbed      DEBUG    Found 1 client.
09-22-2015 11:24:53 testbed      DEBUG    Client's list: ['win7x64-01']
09-22-2015 11:24:53 testbed      DEBUG    Successfully got information about clients, to use in test suite.
09-22-2015 11:24:53 testbed      DEBUG    Will read list of users.
09-22-2015 11:24:53 testbed      DEBUG    Found 2 users.
09-22-2015 11:24:53 testbed      DEBUG    User's list: ['automation', 'auto-qa01']
09-22-2015 11:24:53 testbed      DEBUG    Successfully got information about users, to use in test suite.
09-22-2015 11:24:53 client-lib   DEBUG    Will read information from config file 'win7x64-01.cfg'.
09-22-2015 11:24:53 client-lib   DEBUG    Getting OS on 'win7x64-01'.
09-22-2015 11:24:54 client-lib   DEBUG    Computer 'win7x64-01' (IP address 172.18.34.169) is running Windows.
09-22-2015 11:24:54 client-lib   DEBUG    Check availability of client 'win7x64-01'.
09-22-2015 11:24:54 client-lib   DEBUG    Getting OS on 'win7x64-01'.
09-22-2015 11:24:54 client-lib   DEBUG    Computer 'win7x64-01' (IP address 172.18.34.169) is running Windows.
09-22-2015 11:24:54 client-lib   DEBUG    Client 'win7x64-01' is running WIN.
09-22-2015 11:24:54 client-lib   INFO     Check user name currently logged on 'win7x64-01'.
09-22-2015 11:24:55 client-lib   DEBUG    Current user on 'win7x64-01' has login 'automation'.
09-22-2015 11:24:55 client-lib   DEBUG    Successfully connected to RPYC running on 'win7x64-01' over IP '172.18.34.169'.
09-22-2015 11:24:55 client-lib   DEBUG    Client's desktop information was retrived from local file 'C:\Users\automation\AppData\Roaming\Connected Data\configuration.ini'.
09-22-2015 11:24:55 client-lib   INFO     Client will use desk app version '4.1.2.19872'.
09-22-2015 11:24:55 client-lib   INFO     Check and remove all network file systems attached to the client 'win7x64-01'.
09-22-2015 11:24:55 client-lib   INFO     Checking for network file systems attached to the client 'win7x64-01'.
09-22-2015 11:24:56 client-lib   DEBUG    Client 'win7x64-01' doesn't have any network file systems attached.
09-22-2015 11:24:56 testbed      DEBUG    Client 'win7x64-01' is available for test execution. It runs WIN.
09-22-2015 11:24:56 tfb-lib      DEBUG    Will read information from config file 'auto-tfb30-01.target'.
09-22-2015 11:24:56 tfb-lib      DEBUG    Validate availability of TFB 'auto-tfb30-01'.
09-22-2015 11:24:56 tfb-lib      DEBUG    First of all check is replicator running.
09-22-2015 11:24:56 tfb-lib      DEBUG    Will check process id for 'replicator' process on TFB 'auto-tfb30-01'.
09-22-2015 11:24:56 tfb-lib      DEBUG    Connecting with SSH to the host: '10.25.1.63' over port 2294.
09-22-2015 11:24:57 tfb-lib      DEBUG    Executing command 'pidof replicator' on remote host.
09-22-2015 11:24:59 tfb-lib      DEBUG    Got process ID for replicator: 2694.
09-22-2015 11:24:59 tfb-lib      DEBUG    Connecting with SSH to the host: '10.25.1.63' over port 2294.
09-22-2015 11:24:59 tfb-lib      DEBUG    Executing command 'cmd diag config' on remote host.
09-22-2015 11:25:00 tfb-lib      DEBUG    Got expected result from command 'cmd diag config'.
09-22-2015 11:25:00 tfb-lib      DEBUG    Owner ID from 'diag config' retrived as '54c7b9b883b37d1421d465b9'.
09-22-2015 11:25:00 testbed      ERROR    Target 'auto-tfb30-01' is not ready for test execution.
09-22-2015 11:25:00 autobot      ERROR    Testbed is not ready for execution tests from 'S360: AUTO: Graceful shutdown'.
09-22-2015 11:25:00 testbed      INFO     Attempt to bring testbed into default state.
09-22-2015 11:25:00 testbed      DEBUG    Getting testbed configuration.
09-22-2015 11:25:00 testbed      DEBUG    Will read list of targets.
09-22-2015 11:25:00 testbed      DEBUG    Found 2 targets.
09-22-2015 11:25:00 testbed      DEBUG    Target's list: ['auto-tfb30-01', 'auto-tfb15-01']
09-22-2015 11:25:00 testbed      DEBUG    Successfully got information about targets, to use in test suite.
09-22-2015 11:25:00 testbed      DEBUG    Will read list of clients.
09-22-2015 11:25:00 testbed      DEBUG    Found 1 client.
09-22-2015 11:25:00 testbed      DEBUG    Client's list: ['win7x64-01']
09-22-2015 11:25:00 testbed      DEBUG    Successfully got information about clients, to use in test suite.
09-22-2015 11:25:00 testbed      DEBUG    Will read list of users.
09-22-2015 11:25:00 testbed      DEBUG    Found 2 users.
09-22-2015 11:25:00 testbed      DEBUG    User's list: ['automation', 'auto-qa01']
09-22-2015 11:25:00 testbed      DEBUG    Successfully got information about users, to use in test suite.
09-22-2015 11:25:00 user-lib     DEBUG    Will read information from config file 'automation.cfg'.
09-22-2015 11:25:00 user-lib     INFO     Will reset customer automation.
09-22-2015 11:25:00 cs-lib       DEBUG    Attempt to get customer ID by account name.
09-22-2015 11:25:01 cs-lib       DEBUG    Get list of pools (pool ids) for user with id '54c7b9b883b37d1421d465b9'.
09-22-2015 11:25:02 user-lib     DEBUG    Will read information from config file 'auto-qa01.cfg'.
09-22-2015 11:25:02 user-lib     INFO     Will reset customer auto1.org1.
09-22-2015 11:25:02 cs-lib       DEBUG    Attempt to get customer ID by account name.
09-22-2015 11:25:02 cs-lib       DEBUG    Get list of pools (pool ids) for user with id '54c8041383b37d9136d465b9'.
09-22-2015 11:25:03 cs-lib       DEBUG    Retrive information for the pool.
09-22-2015 11:25:03 cs-lib       DEBUG    Sucessfully retrive ID of the pool owner.
09-22-2015 11:25:03 cs-lib       DEBUG    Attempting to delete pool.
09-22-2015 11:25:03 cs-lib       ERROR    Pool with ID '54c804136cad8ebdb259ae99' was not deleted. Error code is 500.
09-22-2015 11:25:03 user-lib     WARNING  Unable to delete pool '39109586321340ABACE5AD908091BA0E' (pool id=54c804136cad8ebdb259ae99) assotiated with user 'auto1.org1'.
09-22-2015 11:25:03 client-lib   DEBUG    Will read information from config file 'win7x64-01.cfg'.
09-22-2015 11:25:03 client-lib   DEBUG    Getting OS on 'win7x64-01'.
09-22-2015 11:25:04 client-lib   DEBUG    Computer 'win7x64-01' (IP address 172.18.34.169) is running Windows.
09-22-2015 11:25:04 client-lib   INFO     Attempt to set client according to config file.
09-22-2015 11:25:04 client-lib   DEBUG    Disconnect all attached storages if any.
09-22-2015 11:25:04 client-lib   INFO     Check and remove all network file systems attached to the client 'win7x64-01'.
09-22-2015 11:25:04 client-lib   INFO     Checking for network file systems attached to the client 'win7x64-01'.
09-22-2015 11:25:04 client-lib   DEBUG    Client 'win7x64-01' doesn't have any network file systems attached.
09-22-2015 11:25:04 client-lib   DEBUG    All attacheg network storages should be already disconnected.
09-22-2015 11:25:04 client-lib   DEBUG    Delete everything from Transporter directory.
09-22-2015 11:25:04 client-lib   DEBUG    Will delete everything in Transporter folder
09-22-2015 11:25:04 client-lib   DEBUG    Deleting desktop.ini.
09-22-2015 11:25:04 client-lib   DEBUG    Will delete everything in desktop.ini
09-22-2015 11:25:04 client-lib   DEBUG    desktop.ini does not exist.
09-22-2015 11:25:04 client-lib   DEBUG    Will not delete Transporter Library because it is part of 'Transporter Library'.
09-22-2015 11:25:04 client-lib   DEBUG    Everything should be already removed from Transporter directory.
09-22-2015 11:25:04 testbed      INFO     Client 'win7x64-01' was successfully reset.
09-22-2015 11:25:04 tfb-lib      DEBUG    Will read information from config file 'auto-tfb30-01.target'.
09-22-2015 11:25:04 tfb-lib      INFO     Attempt to bring TFB 'auto-tfb30-01' to default state.
09-22-2015 11:25:04 tfb-lib      DEBUG    Will wait for TFB 'auto-tfb30-01' to start SSH deamon.
09-22-2015 11:25:04 tfb-lib      DEBUG    Connecting with SSH to the host: '10.25.1.63' over port 2294.
09-22-2015 11:25:05 tfb-lib      DEBUG    Executing command 'hostname' on remote host.
09-22-2015 11:25:06 tfb-lib      DEBUG    Device accessable over SSH. Response was tfb

09-22-2015 11:25:06 tfb-lib      DEBUG    Will wait for TFB 'auto-tfb30-01' to start replicator.
09-22-2015 11:25:06 tfb-lib      DEBUG    Will check process id for 'replicator' process on TFB 'auto-tfb30-01'.
09-22-2015 11:25:06 tfb-lib      DEBUG    Connecting with SSH to the host: '10.25.1.63' over port 2294.
09-22-2015 11:25:06 tfb-lib      DEBUG    Executing command 'pidof replicator' on remote host.
09-22-2015 11:25:07 tfb-lib      DEBUG    Replicator process is running. Process ID is 2694
09-22-2015 11:25:07 tfb-lib      DEBUG    Validate availability of TFB 'auto-tfb30-01'.
09-22-2015 11:25:07 tfb-lib      DEBUG    First of all check is replicator running.
09-22-2015 11:25:07 tfb-lib      DEBUG    Will check process id for 'replicator' process on TFB 'auto-tfb30-01'.
09-22-2015 11:25:07 tfb-lib      DEBUG    Connecting with SSH to the host: '10.25.1.63' over port 2294.
09-22-2015 11:25:08 tfb-lib      DEBUG    Executing command 'pidof replicator' on remote host.
09-22-2015 11:25:09 tfb-lib      DEBUG    Got process ID for replicator: 2694.
09-22-2015 11:25:09 tfb-lib      DEBUG    Connecting with SSH to the host: '10.25.1.63' over port 2294.
09-22-2015 11:25:09 tfb-lib      DEBUG    Executing command 'cmd diag config' on remote host.
09-22-2015 11:25:10 tfb-lib      DEBUG    Got expected result from command 'cmd diag config'.
09-22-2015 11:25:10 tfb-lib      DEBUG    Owner ID from 'diag config' retrived as '54c7b9b883b37d1421d465b9'.
09-22-2015 11:25:10 tfb-lib      DEBUG    First of all check is replicator running.
09-22-2015 11:25:10 tfb-lib      DEBUG    Will check process id for 'replicator' process on TFB 'auto-tfb30-01'.
09-22-2015 11:25:10 tfb-lib      DEBUG    Connecting with SSH to the host: '10.25.1.63' over port 2294.
09-22-2015 11:25:10 tfb-lib      DEBUG    Executing command 'pidof replicator' on remote host.
09-22-2015 11:25:12 tfb-lib      DEBUG    Got process ID for replicator: 2694.
09-22-2015 11:25:12 tfb-lib      DEBUG    Connecting with SSH to the host: '10.25.1.63' over port 2294.
09-22-2015 11:25:12 tfb-lib      DEBUG    Executing command 'cmd diag config' on remote host.
09-22-2015 11:25:13 tfb-lib      DEBUG    Got expected result from command 'cmd diag config'.
09-22-2015 11:25:13 tfb-lib      DEBUG    Device ID from 'diag config' retrived as '5490a7b0a01f46b8350000e9'.
09-22-2015 11:25:13 tfb-lib      DEBUG    First of all check is replicator running.
09-22-2015 11:25:13 tfb-lib      DEBUG    Will check process id for 'replicator' process on TFB 'auto-tfb30-01'.
09-22-2015 11:25:13 tfb-lib      DEBUG    Connecting with SSH to the host: '10.25.1.63' over port 2294.
09-22-2015 11:25:13 tfb-lib      DEBUG    Executing command 'pidof replicator' on remote host.
09-22-2015 11:25:14 tfb-lib      DEBUG    Got process ID for replicator: 2694.
09-22-2015 11:25:14 tfb-lib      DEBUG    Connecting with SSH to the host: '10.25.1.63' over port 2294.
09-22-2015 11:25:15 tfb-lib      DEBUG    Executing command 'cmd diag config' on remote host.
09-22-2015 11:25:16 tfb-lib      DEBUG    Got expected result from command 'cmd diag config'.
09-22-2015 11:25:16 tfb-lib      DEBUG    Owner ID from 'diag config' retrived as '54c7b9b883b37d1421d465b9'.
09-22-2015 11:25:16 cs-lib       DEBUG    Attempting to reset device
09-22-2015 11:25:17 cs-lib       DEBUG    Device with ID '5490a7b0a01f46b8350000e9' was successfully reset.
09-22-2015 11:25:17 tfb-lib      DEBUG    Archiving and storing replicator logs.
09-22-2015 11:25:17 tfb-lib      DEBUG    Connecting with SSH to the host: '10.25.1.63' over port 2294.
09-22-2015 11:25:17 tfb-lib      DEBUG    Executing command 'tar -zcvf 2015Sep22-112517_replicator_logs_from_TFB_auto-tfb30-01.tar.gz /replicator/logs' on remote host.
09-22-2015 11:25:19 tfb-lib      DEBUG    Connecting with SSH to the host: '10.25.1.63' over port 2294.
09-22-2015 11:25:19 tfb-lib      DEBUG    Executing command 'echo 2iko.8gas|sudo -S -p '' /etc/init.d/replicator restart' on remote host.
09-22-2015 11:25:30 tfb-lib      DEBUG    Replicator process is going to restart on TFB 'auto-tfb30-01'. Waiting 60 seconds.
09-22-2015 11:27:30 tfb-lib      DEBUG    Connecting with SSH to the host: '10.25.1.63' over port 2294.
09-22-2015 11:27:30 tfb-lib      DEBUG    Executing command 'echo 2iko.8gas|sudo -S -p '' /etc/init.d/replicator restart' on remote host.
09-22-2015 11:29:35 tfb-lib      DEBUG    Replicator process is going to restart on TFB 'auto-tfb30-01'. Waiting 60 seconds.
09-22-2015 11:32:35 tfb-lib      DEBUG    Validate availability of TFB 'auto-tfb30-01'.
09-22-2015 11:32:35 tfb-lib      DEBUG    First of all check is replicator running.
09-22-2015 11:32:35 tfb-lib      DEBUG    Will check process id for 'replicator' process on TFB 'auto-tfb30-01'.
09-22-2015 11:32:35 tfb-lib      DEBUG    Connecting with SSH to the host: '10.25.1.63' over port 2294.
09-22-2015 11:32:35 tfb-lib      DEBUG    Executing command 'pidof replicator' on remote host.
09-22-2015 11:32:36 tfb-lib      WARNING  Process ID for replicator returns empty string.
09-22-2015 11:32:36 tfb-lib      WARNING  Replicator is down. Will try to start it.
09-22-2015 11:32:36 tfb-lib      DEBUG    Connecting with SSH to the host: '10.25.1.63' over port 2294.
09-22-2015 11:32:36 tfb-lib      DEBUG    Executing command 'echo 2iko.8gas|sudo -S -p '' /etc/init.d/replicator start' on remote host.
09-22-2015 11:32:38 tfb-lib      DEBUG    Replicator process is going to start on TFB 'auto-tfb30-01'. Waiting 60 seconds.
09-22-2015 11:34:38 tfb-lib      DEBUG    Will check process id for 'replicator' process on TFB 'auto-tfb30-01'.
09-22-2015 11:34:38 tfb-lib      DEBUG    Connecting with SSH to the host: '10.25.1.63' over port 2294.
09-22-2015 11:34:38 tfb-lib      DEBUG    Executing command 'pidof replicator' on remote host.
09-22-2015 11:34:39 tfb-lib      DEBUG    Got process ID for replicator: 10633.
09-22-2015 11:34:39 tfb-lib      DEBUG    Connecting with SSH to the host: '10.25.1.63' over port 2294.
09-22-2015 11:34:39 tfb-lib      DEBUG    Executing command 'cmd diag config' on remote host.
09-22-2015 11:34:40 tfb-lib      DEBUG    Got expected result from command 'cmd diag config'.
09-22-2015 11:34:40 tfb-lib      DEBUG    Owner ID from 'diag config' retrived as '000000000000000000000000'.
09-22-2015 11:34:40 tfb-lib      DEBUG    TFB 'auto-tfb30-01' was successfully reset with CS call.
09-22-2015 11:35:40 tfb-lib      DEBUG    Validate availability of TFB 'auto-tfb30-01'.
09-22-2015 11:35:40 tfb-lib      DEBUG    First of all check is replicator running.
09-22-2015 11:35:40 tfb-lib      DEBUG    Will check process id for 'replicator' process on TFB 'auto-tfb30-01'.
09-22-2015 11:35:40 tfb-lib      DEBUG    Connecting with SSH to the host: '10.25.1.63' over port 2294.
09-22-2015 11:35:41 tfb-lib      DEBUG    Executing command 'pidof replicator' on remote host.
09-22-2015 11:35:42 tfb-lib      DEBUG    Got process ID for replicator: 10633.
09-22-2015 11:35:42 tfb-lib      DEBUG    Connecting with SSH to the host: '10.25.1.63' over port 2294.
09-22-2015 11:35:42 tfb-lib      DEBUG    Executing command 'cmd diag config' on remote host.
09-22-2015 11:35:43 tfb-lib      DEBUG    Got expected result from command 'cmd diag config'.
09-22-2015 11:35:43 tfb-lib      DEBUG    Owner ID from 'diag config' retrived as '000000000000000000000000'.
09-22-2015 11:35:43 tfb-lib      DEBUG    Device 'auto-tfb30-01' is in default state.
09-22-2015 11:35:43 testbed      INFO     Target 'auto-tfb30-01' was successfully reset.
09-22-2015 11:35:43 tfb-lib      DEBUG    Will read information from config file 'auto-tfb15-01.target'.
09-22-2015 11:35:43 tfb-lib      INFO     Attempt to bring TFB 'auto-tfb15-01' to default state.
09-22-2015 11:35:43 tfb-lib      DEBUG    Will wait for TFB 'auto-tfb15-01' to start SSH deamon.
09-22-2015 11:35:43 tfb-lib      DEBUG    Connecting with SSH to the host: '10.25.1.82' over port 2226.
09-22-2015 11:35:44 tfb-lib      DEBUG    Executing command 'hostname' on remote host.
09-22-2015 11:35:45 tfb-lib      DEBUG    Device accessable over SSH. Response was tfb

09-22-2015 11:35:45 tfb-lib      DEBUG    Will wait for TFB 'auto-tfb15-01' to start replicator.
09-22-2015 11:35:45 tfb-lib      DEBUG    Will check process id for 'replicator' process on TFB 'auto-tfb15-01'.
09-22-2015 11:35:45 tfb-lib      DEBUG    Connecting with SSH to the host: '10.25.1.82' over port 2226.
09-22-2015 11:35:46 tfb-lib      DEBUG    Executing command 'pidof replicator' on remote host.
09-22-2015 11:35:46 tfb-lib      DEBUG    Replicator process is running. Process ID is 9512
09-22-2015 11:35:46 tfb-lib      DEBUG    Validate availability of TFB 'auto-tfb15-01'.
09-22-2015 11:35:46 tfb-lib      DEBUG    First of all check is replicator running.
09-22-2015 11:35:46 tfb-lib      DEBUG    Will check process id for 'replicator' process on TFB 'auto-tfb15-01'.
09-22-2015 11:35:46 tfb-lib      DEBUG    Connecting with SSH to the host: '10.25.1.82' over port 2226.
09-22-2015 11:35:47 tfb-lib      DEBUG    Executing command 'pidof replicator' on remote host.
09-22-2015 11:35:47 tfb-lib      DEBUG    Got process ID for replicator: 9512.
09-22-2015 11:35:47 tfb-lib      DEBUG    Connecting with SSH to the host: '10.25.1.82' over port 2226.
09-22-2015 11:35:47 tfb-lib      DEBUG    Executing command 'cmd diag config' on remote host.
09-22-2015 11:35:48 tfb-lib      DEBUG    Got expected result from command 'cmd diag config'.
09-22-2015 11:35:48 tfb-lib      DEBUG    Owner ID from 'diag config' retrived as '54c7b9b883b37d1421d465b9'.
09-22-2015 11:35:48 tfb-lib      DEBUG    First of all check is replicator running.
09-22-2015 11:35:48 tfb-lib      DEBUG    Will check process id for 'replicator' process on TFB 'auto-tfb15-01'.
09-22-2015 11:35:48 tfb-lib      DEBUG    Connecting with SSH to the host: '10.25.1.82' over port 2226.
09-22-2015 11:35:48 tfb-lib      DEBUG    Executing command 'pidof replicator' on remote host.
09-22-2015 11:35:49 tfb-lib      DEBUG    Got process ID for replicator: 9512.
09-22-2015 11:35:49 tfb-lib      DEBUG    Connecting with SSH to the host: '10.25.1.82' over port 2226.
09-22-2015 11:35:49 tfb-lib      DEBUG    Executing command 'cmd diag config' on remote host.
09-22-2015 11:35:50 tfb-lib      DEBUG    Got expected result from command 'cmd diag config'.
09-22-2015 11:35:50 tfb-lib      DEBUG    Device ID from 'diag config' retrived as '5490a7b0a01f46b8350000e2'.
09-22-2015 11:35:50 tfb-lib      DEBUG    First of all check is replicator running.
09-22-2015 11:35:50 tfb-lib      DEBUG    Will check process id for 'replicator' process on TFB 'auto-tfb15-01'.
09-22-2015 11:35:50 tfb-lib      DEBUG    Connecting with SSH to the host: '10.25.1.82' over port 2226.
09-22-2015 11:35:50 tfb-lib      DEBUG    Executing command 'pidof replicator' on remote host.
09-22-2015 11:35:51 tfb-lib      DEBUG    Got process ID for replicator: 9512.
09-22-2015 11:35:51 tfb-lib      DEBUG    Connecting with SSH to the host: '10.25.1.82' over port 2226.
09-22-2015 11:35:51 tfb-lib      DEBUG    Executing command 'cmd diag config' on remote host.
09-22-2015 11:35:52 tfb-lib      DEBUG    Got expected result from command 'cmd diag config'.
09-22-2015 11:35:52 tfb-lib      DEBUG    Owner ID from 'diag config' retrived as '54c7b9b883b37d1421d465b9'.
09-22-2015 11:35:52 cs-lib       DEBUG    Attempting to reset device
09-22-2015 11:35:53 cs-lib       DEBUG    Device with ID '5490a7b0a01f46b8350000e2' was successfully reset.
09-22-2015 11:35:53 tfb-lib      DEBUG    Archiving and storing replicator logs.
09-22-2015 11:35:53 tfb-lib      DEBUG    Connecting with SSH to the host: '10.25.1.82' over port 2226.
09-22-2015 11:35:54 tfb-lib      DEBUG    Executing command 'tar -zcvf 2015Sep22-113553_replicator_logs_from_TFB_auto-tfb15-01.tar.gz /replicator/logs' on remote host.
09-22-2015 11:35:55 tfb-lib      DEBUG    Connecting with SSH to the host: '10.25.1.82' over port 2226.
09-22-2015 11:35:55 tfb-lib      DEBUG    Executing command 'echo 2iko.8gas|sudo -S -p '' /etc/init.d/replicator restart' on remote host.
09-22-2015 11:36:02 tfb-lib      DEBUG    Replicator process is going to restart on TFB 'auto-tfb15-01'. Waiting 60 seconds.
09-22-2015 11:38:02 tfb-lib      DEBUG    Connecting with SSH to the host: '10.25.1.82' over port 2226.
09-22-2015 11:38:03 tfb-lib      DEBUG    Executing command 'echo 2iko.8gas|sudo -S -p '' /etc/init.d/replicator restart' on remote host.
09-22-2015 11:40:07 tfb-lib      DEBUG    Replicator process is going to restart on TFB 'auto-tfb15-01'. Waiting 60 seconds.
09-22-2015 11:43:07 tfb-lib      DEBUG    Validate availability of TFB 'auto-tfb15-01'.
09-22-2015 11:43:07 tfb-lib      DEBUG    First of all check is replicator running.
09-22-2015 11:43:07 tfb-lib      DEBUG    Will check process id for 'replicator' process on TFB 'auto-tfb15-01'.
09-22-2015 11:43:07 tfb-lib      DEBUG    Connecting with SSH to the host: '10.25.1.82' over port 2226.
09-22-2015 11:43:07 tfb-lib      DEBUG    Executing command 'pidof replicator' on remote host.
09-22-2015 11:43:07 tfb-lib      WARNING  Process ID for replicator returns empty string.
09-22-2015 11:43:07 tfb-lib      WARNING  Replicator is down. Will try to start it.
09-22-2015 11:43:07 tfb-lib      DEBUG    Connecting with SSH to the host: '10.25.1.82' over port 2226.
09-22-2015 11:43:08 tfb-lib      DEBUG    Executing command 'echo 2iko.8gas|sudo -S -p '' /etc/init.d/replicator start' on remote host.
09-22-2015 11:43:08 tfb-lib      DEBUG    Replicator process is going to start on TFB 'auto-tfb15-01'. Waiting 60 seconds.
09-22-2015 11:45:08 tfb-lib      DEBUG    Will check process id for 'replicator' process on TFB 'auto-tfb15-01'.
09-22-2015 11:45:08 tfb-lib      DEBUG    Connecting with SSH to the host: '10.25.1.82' over port 2226.
09-22-2015 11:45:09 tfb-lib      DEBUG    Executing command 'pidof replicator' on remote host.
09-22-2015 11:45:09 tfb-lib      WARNING  Process ID for replicator returns empty string.
09-22-2015 11:45:09 tfb-lib      WARNING  Replicator is down. Will try to start it.
09-22-2015 11:45:09 tfb-lib      DEBUG    Connecting with SSH to the host: '10.25.1.82' over port 2226.
09-22-2015 11:45:09 tfb-lib      DEBUG    Executing command 'echo 2iko.8gas|sudo -S -p '' /etc/init.d/replicator start' on remote host.
09-22-2015 11:45:10 tfb-lib      DEBUG    Replicator process is going to start on TFB 'auto-tfb15-01'. Waiting 60 seconds.
09-22-2015 11:47:10 tfb-lib      DEBUG    Will check process id for 'replicator' process on TFB 'auto-tfb15-01'.
09-22-2015 11:47:10 tfb-lib      DEBUG    Connecting with SSH to the host: '10.25.1.82' over port 2226.
09-22-2015 11:47:10 tfb-lib      DEBUG    Executing command 'pidof replicator' on remote host.
09-22-2015 11:47:11 tfb-lib      DEBUG    Got process ID for replicator: 17044.
09-22-2015 11:47:11 tfb-lib      DEBUG    Connecting with SSH to the host: '10.25.1.82' over port 2226.
09-22-2015 11:47:11 tfb-lib      DEBUG    Executing command 'cmd diag config' on remote host.
09-22-2015 11:47:12 tfb-lib      DEBUG    Got expected result from command 'cmd diag config'.
09-22-2015 11:47:12 tfb-lib      DEBUG    Owner ID from 'diag config' retrived as '000000000000000000000000'.
09-22-2015 11:47:12 tfb-lib      DEBUG    TFB 'auto-tfb15-01' was successfully reset with CS call.
09-22-2015 11:48:12 tfb-lib      DEBUG    Validate availability of TFB 'auto-tfb15-01'.
09-22-2015 11:48:12 tfb-lib      DEBUG    First of all check is replicator running.
09-22-2015 11:48:12 tfb-lib      DEBUG    Will check process id for 'replicator' process on TFB 'auto-tfb15-01'.
09-22-2015 11:48:12 tfb-lib      DEBUG    Connecting with SSH to the host: '10.25.1.82' over port 2226.
09-22-2015 11:48:12 tfb-lib      DEBUG    Executing command 'pidof replicator' on remote host.
09-22-2015 11:48:13 tfb-lib      DEBUG    Got process ID for replicator: 17044.
09-22-2015 11:48:13 tfb-lib      DEBUG    Connecting with SSH to the host: '10.25.1.82' over port 2226.
09-22-2015 11:48:13 tfb-lib      DEBUG    Executing command 'cmd diag config' on remote host.
09-22-2015 11:48:14 tfb-lib      DEBUG    Got expected result from command 'cmd diag config'.
09-22-2015 11:48:14 tfb-lib      DEBUG    Owner ID from 'diag config' retrived as '000000000000000000000000'.
09-22-2015 11:48:14 tfb-lib      DEBUG    Device 'auto-tfb15-01' is in default state.
09-22-2015 11:48:14 testbed      INFO     Target 'auto-tfb15-01' was successfully reset.
09-22-2015 11:49:14 testbed      INFO     Check availability of all testbed components.
09-22-2015 11:49:14 testbed      DEBUG    Getting testbed configuration.
09-22-2015 11:49:14 testbed      DEBUG    Will read list of targets.
09-22-2015 11:49:14 testbed      DEBUG    Found 2 targets.
09-22-2015 11:49:14 testbed      DEBUG    Target's list: ['auto-tfb30-01', 'auto-tfb15-01']
09-22-2015 11:49:14 testbed      DEBUG    Successfully got information about targets, to use in test suite.
09-22-2015 11:49:14 testbed      DEBUG    Will read list of clients.
09-22-2015 11:49:14 testbed      DEBUG    Found 1 client.
09-22-2015 11:49:14 testbed      DEBUG    Client's list: ['win7x64-01']
09-22-2015 11:49:14 testbed      DEBUG    Successfully got information about clients, to use in test suite.
09-22-2015 11:49:14 testbed      DEBUG    Will read list of users.
09-22-2015 11:49:14 testbed      DEBUG    Found 2 users.
09-22-2015 11:49:14 testbed      DEBUG    User's list: ['automation', 'auto-qa01']
09-22-2015 11:49:14 testbed      DEBUG    Successfully got information about users, to use in test suite.
09-22-2015 11:49:14 client-lib   DEBUG    Will read information from config file 'win7x64-01.cfg'.
09-22-2015 11:49:14 client-lib   DEBUG    Getting OS on 'win7x64-01'.
09-22-2015 11:49:14 client-lib   DEBUG    Computer 'win7x64-01' (IP address 172.18.34.169) is running Windows.
09-22-2015 11:49:14 client-lib   DEBUG    Check availability of client 'win7x64-01'.
09-22-2015 11:49:14 client-lib   DEBUG    Getting OS on 'win7x64-01'.
09-22-2015 11:49:14 client-lib   DEBUG    Computer 'win7x64-01' (IP address 172.18.34.169) is running Windows.
09-22-2015 11:49:14 client-lib   DEBUG    Client 'win7x64-01' is running WIN.
09-22-2015 11:49:14 client-lib   INFO     Check user name currently logged on 'win7x64-01'.
09-22-2015 11:49:15 client-lib   DEBUG    Current user on 'win7x64-01' has login 'automation'.
09-22-2015 11:49:15 client-lib   DEBUG    Successfully connected to RPYC running on 'win7x64-01' over IP '172.18.34.169'.
09-22-2015 11:49:15 client-lib   DEBUG    Client's desktop information was retrived from local file 'C:\Users\automation\AppData\Roaming\Connected Data\configuration.ini'.
09-22-2015 11:49:15 client-lib   INFO     Client will use desk app version '4.1.2.19872'.
09-22-2015 11:49:15 client-lib   INFO     Check and remove all network file systems attached to the client 'win7x64-01'.
09-22-2015 11:49:15 client-lib   INFO     Checking for network file systems attached to the client 'win7x64-01'.
09-22-2015 11:49:15 client-lib   DEBUG    Client 'win7x64-01' doesn't have any network file systems attached.
09-22-2015 11:49:15 testbed      DEBUG    Client 'win7x64-01' is available for test execution. It runs WIN.
09-22-2015 11:49:15 tfb-lib      DEBUG    Will read information from config file 'auto-tfb30-01.target'.
09-22-2015 11:49:15 tfb-lib      DEBUG    Validate availability of TFB 'auto-tfb30-01'.
09-22-2015 11:49:15 tfb-lib      DEBUG    First of all check is replicator running.
09-22-2015 11:49:15 tfb-lib      DEBUG    Will check process id for 'replicator' process on TFB 'auto-tfb30-01'.
09-22-2015 11:49:15 tfb-lib      DEBUG    Connecting with SSH to the host: '10.25.1.63' over port 2294.
09-22-2015 11:49:16 tfb-lib      DEBUG    Executing command 'pidof replicator' on remote host.
09-22-2015 11:49:17 tfb-lib      DEBUG    Got process ID for replicator: 10633.
09-22-2015 11:49:17 tfb-lib      DEBUG    Connecting with SSH to the host: '10.25.1.63' over port 2294.
09-22-2015 11:49:17 tfb-lib      DEBUG    Executing command 'cmd diag config' on remote host.
09-22-2015 11:49:19 tfb-lib      DEBUG    Got expected result from command 'cmd diag config'.
09-22-2015 11:49:19 tfb-lib      DEBUG    Owner ID from 'diag config' retrived as '000000000000000000000000'.
09-22-2015 11:49:19 testbed      DEBUG    Target 'auto-tfb30-01' passed pre-fly check. It is unclaimed.
09-22-2015 11:49:19 tfb-lib      DEBUG    Will read information from config file 'auto-tfb15-01.target'.
09-22-2015 11:49:19 tfb-lib      DEBUG    Validate availability of TFB 'auto-tfb15-01'.
09-22-2015 11:49:19 tfb-lib      DEBUG    First of all check is replicator running.
09-22-2015 11:49:19 tfb-lib      DEBUG    Will check process id for 'replicator' process on TFB 'auto-tfb15-01'.
09-22-2015 11:49:19 tfb-lib      DEBUG    Connecting with SSH to the host: '10.25.1.82' over port 2226.
09-22-2015 11:49:19 tfb-lib      DEBUG    Executing command 'pidof replicator' on remote host.
09-22-2015 11:49:19 tfb-lib      DEBUG    Got process ID for replicator: 17044.
09-22-2015 11:49:19 tfb-lib      DEBUG    Connecting with SSH to the host: '10.25.1.82' over port 2226.
09-22-2015 11:49:20 tfb-lib      DEBUG    Executing command 'cmd diag config' on remote host.
09-22-2015 11:49:20 tfb-lib      DEBUG    Got expected result from command 'cmd diag config'.
09-22-2015 11:49:20 tfb-lib      DEBUG    Owner ID from 'diag config' retrived as '000000000000000000000000'.
09-22-2015 11:49:20 testbed      DEBUG    Target 'auto-tfb15-01' passed pre-fly check. It is unclaimed.
09-22-2015 11:49:20 user-lib     DEBUG    Will read information from config file 'automation.cfg'.
09-22-2015 11:49:20 cs-lib       DEBUG    Attempt to get customer ID by account name.
09-22-2015 11:49:22 testbed      DEBUG    User 'automation' passed pre-fly check. Has CID 54c7b9b883b37d1421d465b9.
09-22-2015 11:49:22 user-lib     DEBUG    Will read information from config file 'auto-qa01.cfg'.
09-22-2015 11:49:22 cs-lib       DEBUG    Attempt to get customer ID by account name.
09-22-2015 11:49:22 testbed      DEBUG    User 'auto-qa01' passed pre-fly check. Has CID 54c8041383b37d9136d465b9.
09-22-2015 11:49:22 autobot      INFO     Testbed is ready for execution tests from 'S360: AUTO: Graceful shutdown'.
09-22-2015 11:49:22 tfb-lib      DEBUG    Will read information from config file 'auto-tfb30-01.target'.
09-22-2015 11:49:22 tfb-lib      DEBUG    Configuration requires to install latest build.
09-22-2015 11:49:22 tfb-lib      DEBUG    Will search for latest build for '4.2.x' version.
09-22-2015 11:49:22 tfb-lib      DEBUG    Working with build from BuildBot.
09-22-2015 11:49:22 tfb-lib      DEBUG    Delete old version of temporary file.
09-22-2015 11:49:27 tfb-lib      DEBUG    Build path is: http://172.24.12.10/builds/data/buildbot/945/Product/Device/installation/tfb/tfb64-4.2.X.XXXXX.tar.gz
09-22-2015 11:49:27 tfb-lib      DEBUG    Will compare FW version on device versus build version.
09-22-2015 11:49:27 tfb-lib      DEBUG    First of all check is replicator running.
09-22-2015 11:49:27 tfb-lib      DEBUG    Will check process id for 'replicator' process on TFB 'auto-tfb30-01'.
09-22-2015 11:49:27 tfb-lib      DEBUG    Connecting with SSH to the host: '10.25.1.63' over port 2294.
09-22-2015 11:49:27 tfb-lib      DEBUG    Executing command 'pidof replicator' on remote host.
09-22-2015 11:49:29 tfb-lib      DEBUG    Got process ID for replicator: 10633.
09-22-2015 11:49:29 tfb-lib      DEBUG    Connecting with SSH to the host: '10.25.1.63' over port 2294.
09-22-2015 11:49:29 tfb-lib      DEBUG    Executing command 'cmd diag config' on remote host.
09-22-2015 11:49:30 tfb-lib      DEBUG    Got expected result from command 'cmd diag config'.
09-22-2015 11:49:30 tfb-lib      DEBUG    FW version from 'diag config' retrived as '4.2.0 (19881) '.
09-22-2015 11:49:30 tfb-lib      INFO     Build has same version as FW installed on TFB 'auto-tfb30-01'. Will skip installation.
09-22-2015 11:49:30 tfb-lib      DEBUG    Will read information from config file 'auto-tfb15-01.target'.
09-22-2015 11:49:30 tfb-lib      DEBUG    Configuration requires to install latest build.
09-22-2015 11:49:30 tfb-lib      DEBUG    Will search for latest build for '4.2.x' version.
09-22-2015 11:49:30 tfb-lib      DEBUG    Working with build from BuildBot.
09-22-2015 11:49:30 tfb-lib      DEBUG    Delete old version of temporary file.
09-22-2015 11:49:35 tfb-lib      DEBUG    Build path is: http://172.24.12.10/builds/data/buildbot/945/Product/Device/installation/tfb/tfb64-4.2.X.XXXXX.tar.gz
09-22-2015 11:49:35 tfb-lib      DEBUG    Will compare FW version on device versus build version.
09-22-2015 11:49:35 tfb-lib      DEBUG    First of all check is replicator running.
09-22-2015 11:49:35 tfb-lib      DEBUG    Will check process id for 'replicator' process on TFB 'auto-tfb15-01'.
09-22-2015 11:49:35 tfb-lib      DEBUG    Connecting with SSH to the host: '10.25.1.82' over port 2226.
09-22-2015 11:49:35 tfb-lib      DEBUG    Executing command 'pidof replicator' on remote host.
09-22-2015 11:49:36 tfb-lib      DEBUG    Got process ID for replicator: 17044.
09-22-2015 11:49:36 tfb-lib      DEBUG    Connecting with SSH to the host: '10.25.1.82' over port 2226.
09-22-2015 11:49:36 tfb-lib      DEBUG    Executing command 'cmd diag config' on remote host.
09-22-2015 11:49:37 tfb-lib      DEBUG    Got expected result from command 'cmd diag config'.
09-22-2015 11:49:37 tfb-lib      DEBUG    FW version from 'diag config' retrived as '4.2.0 (19881) '.
09-22-2015 11:49:37 tfb-lib      INFO     Build has same version as FW installed on TFB 'auto-tfb15-01'. Will skip installation.
09-22-2015 11:49:37 tfb-lib      DEBUG    Will read information from config file 'auto-tfb30-01.target'.
09-22-2015 11:49:37 tfb-lib      DEBUG    First of all check is replicator running.
09-22-2015 11:49:37 tfb-lib      DEBUG    Will check process id for 'replicator' process on TFB 'auto-tfb30-01'.
09-22-2015 11:49:37 tfb-lib      DEBUG    Connecting with SSH to the host: '10.25.1.63' over port 2294.
09-22-2015 11:49:37 tfb-lib      DEBUG    Executing command 'pidof replicator' on remote host.
09-22-2015 11:49:38 tfb-lib      DEBUG    Got process ID for replicator: 10633.
09-22-2015 11:49:38 tfb-lib      DEBUG    Connecting with SSH to the host: '10.25.1.63' over port 2294.
09-22-2015 11:49:38 tfb-lib      DEBUG    Executing command 'cmd diag config' on remote host.
09-22-2015 11:49:40 tfb-lib      DEBUG    Got expected result from command 'cmd diag config'.
09-22-2015 11:49:40 tfb-lib      DEBUG    FW version from 'diag config' retrived as '4.2.0 (19881) '.
09-22-2015 11:49:40 tfb-lib      DEBUG    Will read information from config file 'auto-tfb15-01.target'.
09-22-2015 11:49:40 tfb-lib      DEBUG    First of all check is replicator running.
09-22-2015 11:49:40 tfb-lib      DEBUG    Will check process id for 'replicator' process on TFB 'auto-tfb15-01'.
09-22-2015 11:49:40 tfb-lib      DEBUG    Connecting with SSH to the host: '10.25.1.82' over port 2226.
09-22-2015 11:49:40 tfb-lib      DEBUG    Executing command 'pidof replicator' on remote host.
09-22-2015 11:49:40 tfb-lib      DEBUG    Got process ID for replicator: 17044.
09-22-2015 11:49:40 tfb-lib      DEBUG    Connecting with SSH to the host: '10.25.1.82' over port 2226.
09-22-2015 11:49:41 tfb-lib      DEBUG    Executing command 'cmd diag config' on remote host.
09-22-2015 11:49:41 tfb-lib      DEBUG    Got expected result from command 'cmd diag config'.
09-22-2015 11:49:41 tfb-lib      DEBUG    FW version from 'diag config' retrived as '4.2.0 (19881) '.
09-22-2015 11:49:41 testbed      DEBUG    All transporters are running version '4.2.0 (19881) '.
09-22-2015 11:49:41 autobot      INFO     ------>>
09-22-2015 11:49:41 autobot      INFO     Going to execute test case 'C34209'.
09-22-2015 11:49:41 S360         DEBUG    Start replicator after crash.
09-22-2015 11:49:41 S360         INFO     Transporter will perform crash, then nothing and then check start-up scan.
09-22-2015 11:49:41 S360         DEBUG    Getting list of devices and users.
09-22-2015 11:49:41 testbed      DEBUG    Will read list of targets.
09-22-2015 11:49:41 testbed      DEBUG    Found 2 targets.
09-22-2015 11:49:41 testbed      DEBUG    Target's list: ['auto-tfb30-01', 'auto-tfb15-01']
09-22-2015 11:49:41 testbed      DEBUG    Will read list of users.
09-22-2015 11:49:41 testbed      DEBUG    Found 2 users.
09-22-2015 11:49:41 testbed      DEBUG    User's list: ['automation', 'auto-qa01']
09-22-2015 11:49:41 testbed      DEBUG    Will read list of clients.
09-22-2015 11:49:41 testbed      DEBUG    Found 1 client.
09-22-2015 11:49:41 testbed      DEBUG    Client's list: ['win7x64-01']
09-22-2015 11:49:41 S360         DEBUG    Got URL to send requests to CS - https://dws.connecteddata.com:8078.
09-22-2015 11:49:41 user-lib     DEBUG    Will read information from config file 'automation.cfg'.
09-22-2015 11:49:41 cs-lib       DEBUG    Attempt to get customer ID by account name.
09-22-2015 11:49:42 S360         DEBUG    Got customer ID (54c7b9b883b37d1421d465b9) for org admin (automation).
09-22-2015 11:49:42 user-lib     DEBUG    Will read information from config file 'auto-qa01.cfg'.
09-22-2015 11:49:42 cs-lib       DEBUG    Attempt to get customer ID by account name.
09-22-2015 11:49:42 S360         DEBUG    Got customer ID (54c8041383b37d9136d465b9) for regular user (auto-qa01).
09-22-2015 11:49:42 tfb-lib      DEBUG    Will read information from config file 'auto-tfb30-01.target'.
09-22-2015 11:49:42 tfb-lib      DEBUG    Validate availability of TFB 'auto-tfb30-01'.
09-22-2015 11:49:42 tfb-lib      DEBUG    First of all check is replicator running.
09-22-2015 11:49:42 tfb-lib      DEBUG    Will check process id for 'replicator' process on TFB 'auto-tfb30-01'.
09-22-2015 11:49:42 tfb-lib      DEBUG    Connecting with SSH to the host: '10.25.1.63' over port 2294.
09-22-2015 11:49:43 tfb-lib      DEBUG    Executing command 'pidof replicator' on remote host.
09-22-2015 11:49:44 tfb-lib      DEBUG    Got process ID for replicator: 10633.
09-22-2015 11:49:44 tfb-lib      DEBUG    Connecting with SSH to the host: '10.25.1.63' over port 2294.
09-22-2015 11:49:44 tfb-lib      DEBUG    Executing command 'cmd diag config' on remote host.
09-22-2015 11:49:45 tfb-lib      DEBUG    Got expected result from command 'cmd diag config'.
09-22-2015 11:49:45 tfb-lib      DEBUG    Owner ID from 'diag config' retrived as '000000000000000000000000'.
09-22-2015 11:49:45 tfb-lib      DEBUG    First of all check is replicator running.
09-22-2015 11:49:45 tfb-lib      DEBUG    Will check process id for 'replicator' process on TFB 'auto-tfb30-01'.
09-22-2015 11:49:45 tfb-lib      DEBUG    Connecting with SSH to the host: '10.25.1.63' over port 2294.
09-22-2015 11:49:46 tfb-lib      DEBUG    Executing command 'pidof replicator' on remote host.
09-22-2015 11:49:47 tfb-lib      DEBUG    Got process ID for replicator: 10633.
09-22-2015 11:49:47 tfb-lib      DEBUG    Connecting with SSH to the host: '10.25.1.63' over port 2294.
09-22-2015 11:49:47 tfb-lib      DEBUG    Executing command 'cmd diag config' on remote host.
09-22-2015 11:49:48 tfb-lib      DEBUG    Got expected result from command 'cmd diag config'.
09-22-2015 11:49:48 tfb-lib      DEBUG    Device ID from 'diag config' retrived as '5490a7b0a01f46b8350000e9'.
09-22-2015 11:49:48 cs-lib       DEBUG    Attempting to claim device '5490a7b0a01f46b8350000e9' by user '54c7b9b883b37d1421d465b9'.
09-22-2015 11:49:49 cs-lib       DEBUG    Device with ID '5490a7b0a01f46b8350000e9' was successfully claimed.
09-22-2015 11:49:49 tfb-lib      DEBUG    Connecting with SSH to the host: '10.25.1.63' over port 2294.
09-22-2015 11:49:50 tfb-lib      DEBUG    Executing command 'echo 2iko.8gas|sudo -S -p '' /etc/init.d/replicator restart' on remote host.
09-22-2015 11:49:55 tfb-lib      DEBUG    Replicator process is going to restart on TFB 'auto-tfb30-01'. Waiting 60 seconds.
09-22-2015 11:51:55 tfb-lib      DEBUG    Validate availability of TFB 'auto-tfb30-01'.
09-22-2015 11:51:55 tfb-lib      DEBUG    First of all check is replicator running.
09-22-2015 11:51:55 tfb-lib      DEBUG    Will check process id for 'replicator' process on TFB 'auto-tfb30-01'.
09-22-2015 11:51:55 tfb-lib      DEBUG    Connecting with SSH to the host: '10.25.1.63' over port 2294.
09-22-2015 11:51:56 tfb-lib      DEBUG    Executing command 'pidof replicator' on remote host.
09-22-2015 11:51:57 tfb-lib      DEBUG    Got process ID for replicator: 12935.
09-22-2015 11:51:57 tfb-lib      DEBUG    Connecting with SSH to the host: '10.25.1.63' over port 2294.
09-22-2015 11:51:57 tfb-lib      DEBUG    Executing command 'cmd diag config' on remote host.
09-22-2015 11:51:58 tfb-lib      DEBUG    Got expected result from command 'cmd diag config'.
09-22-2015 11:51:58 tfb-lib      DEBUG    Owner ID from 'diag config' retrived as '54c7b9b883b37d1421d465b9'.
09-22-2015 11:51:58 tfb-lib      DEBUG    TFB 'auto-tfb30-01' was successfully claimed with CS call.
09-22-2015 11:51:58 tfb-lib      DEBUG    Rename TFB.
09-22-2015 11:51:58 cs-lib       DEBUG    Rename device to 'auto-tfb30-01'.
09-22-2015 11:52:00 S360         DEBUG    TFB 'auto-tfb30-01' was successfully claimed.
09-22-2015 11:52:00 tfb-lib      DEBUG    Will read information from config file 'auto-tfb15-01.target'.
09-22-2015 11:52:00 tfb-lib      DEBUG    Validate availability of TFB 'auto-tfb15-01'.
09-22-2015 11:52:00 tfb-lib      DEBUG    First of all check is replicator running.
09-22-2015 11:52:00 tfb-lib      DEBUG    Will check process id for 'replicator' process on TFB 'auto-tfb15-01'.
09-22-2015 11:52:00 tfb-lib      DEBUG    Connecting with SSH to the host: '10.25.1.82' over port 2226.
09-22-2015 11:52:00 tfb-lib      DEBUG    Executing command 'pidof replicator' on remote host.
09-22-2015 11:52:01 tfb-lib      DEBUG    Got process ID for replicator: 17044.
09-22-2015 11:52:01 tfb-lib      DEBUG    Connecting with SSH to the host: '10.25.1.82' over port 2226.
09-22-2015 11:52:01 tfb-lib      DEBUG    Executing command 'cmd diag config' on remote host.
09-22-2015 11:52:01 tfb-lib      DEBUG    Got expected result from command 'cmd diag config'.
09-22-2015 11:52:01 tfb-lib      DEBUG    Owner ID from 'diag config' retrived as '000000000000000000000000'.
09-22-2015 11:52:01 tfb-lib      DEBUG    First of all check is replicator running.
09-22-2015 11:52:01 tfb-lib      DEBUG    Will check process id for 'replicator' process on TFB 'auto-tfb15-01'.
09-22-2015 11:52:01 tfb-lib      DEBUG    Connecting with SSH to the host: '10.25.1.82' over port 2226.
09-22-2015 11:52:02 tfb-lib      DEBUG    Executing command 'pidof replicator' on remote host.
09-22-2015 11:52:02 tfb-lib      DEBUG    Got process ID for replicator: 17044.
09-22-2015 11:52:02 tfb-lib      DEBUG    Connecting with SSH to the host: '10.25.1.82' over port 2226.
09-22-2015 11:52:03 tfb-lib      DEBUG    Executing command 'cmd diag config' on remote host.
09-22-2015 11:52:03 tfb-lib      DEBUG    Got expected result from command 'cmd diag config'.
09-22-2015 11:52:03 tfb-lib      DEBUG    Device ID from 'diag config' retrived as '5490a7b0a01f46b8350000e2'.
09-22-2015 11:52:03 cs-lib       DEBUG    Attempting to claim device '5490a7b0a01f46b8350000e2' by user '54c7b9b883b37d1421d465b9'.
09-22-2015 11:52:04 cs-lib       DEBUG    Device with ID '5490a7b0a01f46b8350000e2' was successfully claimed.
09-22-2015 11:52:04 tfb-lib      DEBUG    Connecting with SSH to the host: '10.25.1.82' over port 2226.
09-22-2015 11:52:04 tfb-lib      DEBUG    Executing command 'echo 2iko.8gas|sudo -S -p '' /etc/init.d/replicator restart' on remote host.
09-22-2015 11:52:09 tfb-lib      DEBUG    Replicator process is going to restart on TFB 'auto-tfb15-01'. Waiting 60 seconds.
09-22-2015 11:54:09 tfb-lib      DEBUG    Validate availability of TFB 'auto-tfb15-01'.
09-22-2015 11:54:09 tfb-lib      DEBUG    First of all check is replicator running.
09-22-2015 11:54:09 tfb-lib      DEBUG    Will check process id for 'replicator' process on TFB 'auto-tfb15-01'.
09-22-2015 11:54:09 tfb-lib      DEBUG    Connecting with SSH to the host: '10.25.1.82' over port 2226.
09-22-2015 11:54:10 tfb-lib      DEBUG    Executing command 'pidof replicator' on remote host.
09-22-2015 11:54:10 tfb-lib      DEBUG    Got process ID for replicator: 18405.
09-22-2015 11:54:10 tfb-lib      DEBUG    Connecting with SSH to the host: '10.25.1.82' over port 2226.
09-22-2015 11:54:10 tfb-lib      DEBUG    Executing command 'cmd diag config' on remote host.
09-22-2015 11:54:11 tfb-lib      DEBUG    Got expected result from command 'cmd diag config'.
09-22-2015 11:54:11 tfb-lib      DEBUG    Owner ID from 'diag config' retrived as '54c7b9b883b37d1421d465b9'.
09-22-2015 11:54:11 tfb-lib      DEBUG    TFB 'auto-tfb15-01' was successfully claimed with CS call.
09-22-2015 11:54:11 tfb-lib      DEBUG    Rename TFB.
09-22-2015 11:54:11 cs-lib       DEBUG    Rename device to 'auto-tfb15-01'.
09-22-2015 11:54:13 S360         DEBUG    TFB 'auto-tfb15-01' was claimed.
09-22-2015 11:54:13 client-lib   DEBUG    Will read information from config file 'win7x64-01.cfg'.
09-22-2015 11:54:13 client-lib   DEBUG    Getting OS on 'win7x64-01'.
09-22-2015 11:54:13 client-lib   DEBUG    Computer 'win7x64-01' (IP address 172.18.34.169) is running Windows.
09-22-2015 11:54:13 cs-lib       DEBUG    Will create pool 'AUTO_S360-01'.
09-22-2015 11:54:13 cs-lib       DEBUG    Attempting to create pool.
09-22-2015 11:54:13 cs-lib       DEBUG    No NAS object provided, will create pool 'AUTO_S360-01' type 'MW'.
09-22-2015 11:54:13 cs-lib       ERROR    Pool 'AUTO_S360-01' was not created. Error code is 206.
09-22-2015 11:54:13 cs-lib       ERROR    Failed to create pool 'AUTO_S360-01'.
09-22-2015 11:54:13 S360         ERROR    Unable to setup pool 'AUTO_S360-01'.
09-22-2015 11:54:13 S360         ERROR    There are not enough shared pools on client 'win7x64-01'.
09-22-2015 11:54:13 S360         ERROR    Test case C34209 didn't pass. Returned code is '13'.
09-22-2015 11:54:13 autobot      WARNING  Test case 'C34209' cannot run because of error not related to the case.
09-22-2015 11:54:13 autobot      INFO     Will retry to execute test case on clean setup.
09-22-2015 11:54:13 testbed      INFO     Attempt to bring testbed into default state.
09-22-2015 11:54:13 testbed      DEBUG    Getting testbed configuration.
09-22-2015 11:54:13 testbed      DEBUG    Will read list of targets.
09-22-2015 11:54:13 testbed      DEBUG    Found 2 targets.
09-22-2015 11:54:13 testbed      DEBUG    Target's list: ['auto-tfb30-01', 'auto-tfb15-01']
09-22-2015 11:54:13 testbed      DEBUG    Successfully got information about targets, to use in test suite.
09-22-2015 11:54:13 testbed      DEBUG    Will read list of clients.
09-22-2015 11:54:13 testbed      DEBUG    Found 1 client.
09-22-2015 11:54:13 testbed      DEBUG    Client's list: ['win7x64-01']
09-22-2015 11:54:13 testbed      DEBUG    Successfully got information about clients, to use in test suite.
09-22-2015 11:54:13 testbed      DEBUG    Will read list of users.
09-22-2015 11:54:13 testbed      DEBUG    Found 2 users.
09-22-2015 11:54:13 testbed      DEBUG    User's list: ['automation', 'auto-qa01']
09-22-2015 11:54:13 testbed      DEBUG    Successfully got information about users, to use in test suite.
09-22-2015 11:54:13 user-lib     DEBUG    Will read information from config file 'automation.cfg'.
09-22-2015 11:54:13 user-lib     INFO     Will reset customer automation.
09-22-2015 11:54:13 cs-lib       DEBUG    Attempt to get customer ID by account name.
09-22-2015 11:54:14 cs-lib       DEBUG    Get list of pools (pool ids) for user with id '54c7b9b883b37d1421d465b9'.
09-22-2015 11:54:14 user-lib     DEBUG    Will read information from config file 'auto-qa01.cfg'.
09-22-2015 11:54:14 user-lib     INFO     Will reset customer auto1.org1.
09-22-2015 11:54:14 cs-lib       DEBUG    Attempt to get customer ID by account name.
09-22-2015 11:54:14 cs-lib       DEBUG    Get list of pools (pool ids) for user with id '54c8041383b37d9136d465b9'.
09-22-2015 11:54:15 cs-lib       DEBUG    Retrive information for the pool.
09-22-2015 11:54:15 cs-lib       DEBUG    Sucessfully retrive ID of the pool owner.
09-22-2015 11:54:15 cs-lib       DEBUG    Attempting to delete pool.
09-22-2015 11:54:15 cs-lib       ERROR    Pool with ID '54c804136cad8ebdb259ae99' was not deleted. Error code is 500.
09-22-2015 11:54:15 user-lib     WARNING  Unable to delete pool '39109586321340ABACE5AD908091BA0E' (pool id=54c804136cad8ebdb259ae99) assotiated with user 'auto1.org1'.
09-22-2015 11:54:15 client-lib   DEBUG    Will read information from config file 'win7x64-01.cfg'.
09-22-2015 11:54:15 client-lib   DEBUG    Getting OS on 'win7x64-01'.
09-22-2015 11:54:16 client-lib   DEBUG    Computer 'win7x64-01' (IP address 172.18.34.169) is running Windows.
09-22-2015 11:54:16 client-lib   INFO     Attempt to set client according to config file.
09-22-2015 11:54:16 client-lib   DEBUG    Disconnect all attached storages if any.
09-22-2015 11:54:16 client-lib   INFO     Check and remove all network file systems attached to the client 'win7x64-01'.
09-22-2015 11:54:16 client-lib   INFO     Checking for network file systems attached to the client 'win7x64-01'.
09-22-2015 11:54:16 client-lib   DEBUG    Client 'win7x64-01' doesn't have any network file systems attached.
09-22-2015 11:54:16 client-lib   DEBUG    All attacheg network storages should be already disconnected.
09-22-2015 11:54:16 client-lib   DEBUG    Delete everything from Transporter directory.
09-22-2015 11:54:16 client-lib   DEBUG    Will delete everything in Transporter folder
09-22-2015 11:54:16 client-lib   DEBUG    Deleting AUTO_S358.
09-22-2015 11:54:16 client-lib   DEBUG    Will delete everything in AUTO_S358
09-22-2015 11:54:16 client-lib   DEBUG    auto_s358 does not exist.
09-22-2015 11:54:16 client-lib   DEBUG    Deleting desktop.ini.
09-22-2015 11:54:16 client-lib   DEBUG    Will delete everything in desktop.ini
09-22-2015 11:54:17 client-lib   DEBUG    desktop.ini does not exist.
09-22-2015 11:54:17 client-lib   DEBUG    Will not delete Transporter Library because it is part of 'Transporter Library'.
09-22-2015 11:54:17 client-lib   DEBUG    Everything should be already removed from Transporter directory.
09-22-2015 11:54:17 testbed      INFO     Client 'win7x64-01' was successfully reset.
09-22-2015 11:54:17 tfb-lib      DEBUG    Will read information from config file 'auto-tfb30-01.target'.
09-22-2015 11:54:17 tfb-lib      INFO     Attempt to bring TFB 'auto-tfb30-01' to default state.
09-22-2015 11:54:17 tfb-lib      DEBUG    Will wait for TFB 'auto-tfb30-01' to start SSH deamon.
09-22-2015 11:54:17 tfb-lib      DEBUG    Connecting with SSH to the host: '10.25.1.63' over port 2294.
09-22-2015 11:54:17 tfb-lib      DEBUG    Executing command 'hostname' on remote host.
09-22-2015 11:54:19 tfb-lib      DEBUG    Device accessable over SSH. Response was tfb

09-22-2015 11:54:19 tfb-lib      DEBUG    Will wait for TFB 'auto-tfb30-01' to start replicator.
09-22-2015 11:54:19 tfb-lib      DEBUG    Will check process id for 'replicator' process on TFB 'auto-tfb30-01'.
09-22-2015 11:54:19 tfb-lib      DEBUG    Connecting with SSH to the host: '10.25.1.63' over port 2294.
09-22-2015 11:54:19 tfb-lib      DEBUG    Executing command 'pidof replicator' on remote host.
09-22-2015 11:54:20 tfb-lib      DEBUG    Replicator process is running. Process ID is 12935
09-22-2015 11:54:20 tfb-lib      DEBUG    Validate availability of TFB 'auto-tfb30-01'.
09-22-2015 11:54:20 tfb-lib      DEBUG    First of all check is replicator running.
09-22-2015 11:54:20 tfb-lib      DEBUG    Will check process id for 'replicator' process on TFB 'auto-tfb30-01'.
09-22-2015 11:54:20 tfb-lib      DEBUG    Connecting with SSH to the host: '10.25.1.63' over port 2294.
09-22-2015 11:54:20 tfb-lib      DEBUG    Executing command 'pidof replicator' on remote host.
09-22-2015 11:54:21 tfb-lib      DEBUG    Got process ID for replicator: 12935.
09-22-2015 11:54:21 tfb-lib      DEBUG    Connecting with SSH to the host: '10.25.1.63' over port 2294.
09-22-2015 11:54:22 tfb-lib      DEBUG    Executing command 'cmd diag config' on remote host.
09-22-2015 11:54:23 tfb-lib      DEBUG    Got expected result from command 'cmd diag config'.
09-22-2015 11:54:23 tfb-lib      DEBUG    Owner ID from 'diag config' retrived as '54c7b9b883b37d1421d465b9'.
09-22-2015 11:54:23 tfb-lib      DEBUG    First of all check is replicator running.
09-22-2015 11:54:23 tfb-lib      DEBUG    Will check process id for 'replicator' process on TFB 'auto-tfb30-01'.
09-22-2015 11:54:23 tfb-lib      DEBUG    Connecting with SSH to the host: '10.25.1.63' over port 2294.
09-22-2015 11:54:23 tfb-lib      DEBUG    Executing command 'pidof replicator' on remote host.
09-22-2015 11:54:24 tfb-lib      DEBUG    Got process ID for replicator: 12935.
09-22-2015 11:54:24 tfb-lib      DEBUG    Connecting with SSH to the host: '10.25.1.63' over port 2294.
09-22-2015 11:54:24 tfb-lib      DEBUG    Executing command 'cmd diag config' on remote host.
09-22-2015 11:54:26 tfb-lib      DEBUG    Got expected result from command 'cmd diag config'.
09-22-2015 11:54:26 tfb-lib      DEBUG    Device ID from 'diag config' retrived as '5490a7b0a01f46b8350000e9'.
09-22-2015 11:54:26 tfb-lib      DEBUG    First of all check is replicator running.
09-22-2015 11:54:26 tfb-lib      DEBUG    Will check process id for 'replicator' process on TFB 'auto-tfb30-01'.
09-22-2015 11:54:26 tfb-lib      DEBUG    Connecting with SSH to the host: '10.25.1.63' over port 2294.
09-22-2015 11:54:26 tfb-lib      DEBUG    Executing command 'pidof replicator' on remote host.
09-22-2015 11:54:27 tfb-lib      DEBUG    Got process ID for replicator: 12935.
09-22-2015 11:54:27 tfb-lib      DEBUG    Connecting with SSH to the host: '10.25.1.63' over port 2294.
09-22-2015 11:54:27 tfb-lib      DEBUG    Executing command 'cmd diag config' on remote host.
09-22-2015 11:54:28 tfb-lib      DEBUG    Got expected result from command 'cmd diag config'.
09-22-2015 11:54:28 tfb-lib      DEBUG    Owner ID from 'diag config' retrived as '54c7b9b883b37d1421d465b9'.
09-22-2015 11:54:28 cs-lib       DEBUG    Attempting to reset device
09-22-2015 11:54:29 cs-lib       DEBUG    Device with ID '5490a7b0a01f46b8350000e9' was successfully reset.
09-22-2015 11:54:29 tfb-lib      DEBUG    Archiving and storing replicator logs.
09-22-2015 11:54:29 tfb-lib      DEBUG    Connecting with SSH to the host: '10.25.1.63' over port 2294.
09-22-2015 11:54:29 tfb-lib      DEBUG    Executing command 'tar -zcvf 2015Sep22-115429_replicator_logs_from_TFB_auto-tfb30-01.tar.gz /replicator/logs' on remote host.
09-22-2015 11:54:31 tfb-lib      DEBUG    Connecting with SSH to the host: '10.25.1.63' over port 2294.
09-22-2015 11:54:31 tfb-lib      DEBUG    Executing command 'echo 2iko.8gas|sudo -S -p '' /etc/init.d/replicator restart' on remote host.
09-22-2015 11:54:43 tfb-lib      DEBUG    Replicator process is going to restart on TFB 'auto-tfb30-01'. Waiting 60 seconds.
09-22-2015 11:56:43 tfb-lib      DEBUG    Connecting with SSH to the host: '10.25.1.63' over port 2294.
09-22-2015 11:56:43 tfb-lib      DEBUG    Executing command 'echo 2iko.8gas|sudo -S -p '' /etc/init.d/replicator restart' on remote host.
09-22-2015 11:58:47 tfb-lib      DEBUG    Replicator process is going to restart on TFB 'auto-tfb30-01'. Waiting 60 seconds.
09-22-2015 12:01:47 tfb-lib      DEBUG    Validate availability of TFB 'auto-tfb30-01'.
09-22-2015 12:01:47 tfb-lib      DEBUG    First of all check is replicator running.
09-22-2015 12:01:47 tfb-lib      DEBUG    Will check process id for 'replicator' process on TFB 'auto-tfb30-01'.
09-22-2015 12:01:47 tfb-lib      DEBUG    Connecting with SSH to the host: '10.25.1.63' over port 2294.
09-22-2015 12:01:47 tfb-lib      DEBUG    Executing command 'pidof replicator' on remote host.
09-22-2015 12:01:48 tfb-lib      WARNING  Process ID for replicator returns empty string.
09-22-2015 12:01:48 tfb-lib      WARNING  Replicator is down. Will try to start it.
09-22-2015 12:01:48 tfb-lib      DEBUG    Connecting with SSH to the host: '10.25.1.63' over port 2294.
09-22-2015 12:01:49 tfb-lib      DEBUG    Executing command 'echo 2iko.8gas|sudo -S -p '' /etc/init.d/replicator start' on remote host.
09-22-2015 12:01:50 tfb-lib      DEBUG    Replicator process is going to start on TFB 'auto-tfb30-01'. Waiting 60 seconds.
09-22-2015 12:03:50 tfb-lib      DEBUG    Will check process id for 'replicator' process on TFB 'auto-tfb30-01'.
09-22-2015 12:03:50 tfb-lib      DEBUG    Connecting with SSH to the host: '10.25.1.63' over port 2294.
09-22-2015 12:03:50 tfb-lib      DEBUG    Executing command 'pidof replicator' on remote host.
09-22-2015 12:03:51 tfb-lib      DEBUG    Got process ID for replicator: 14407.
09-22-2015 12:03:51 tfb-lib      DEBUG    Connecting with SSH to the host: '10.25.1.63' over port 2294.
09-22-2015 12:03:52 tfb-lib      DEBUG    Executing command 'cmd diag config' on remote host.
09-22-2015 12:03:53 tfb-lib      DEBUG    Got expected result from command 'cmd diag config'.
09-22-2015 12:03:53 tfb-lib      DEBUG    Owner ID from 'diag config' retrived as '000000000000000000000000'.
09-22-2015 12:03:53 tfb-lib      DEBUG    TFB 'auto-tfb30-01' was successfully reset with CS call.
09-22-2015 12:04:53 tfb-lib      DEBUG    Validate availability of TFB 'auto-tfb30-01'.
09-22-2015 12:04:53 tfb-lib      DEBUG    First of all check is replicator running.
09-22-2015 12:04:53 tfb-lib      DEBUG    Will check process id for 'replicator' process on TFB 'auto-tfb30-01'.
09-22-2015 12:04:53 tfb-lib      DEBUG    Connecting with SSH to the host: '10.25.1.63' over port 2294.
09-22-2015 12:04:53 tfb-lib      DEBUG    Executing command 'pidof replicator' on remote host.
09-22-2015 12:04:54 tfb-lib      DEBUG    Got process ID for replicator: 14407.
09-22-2015 12:04:54 tfb-lib      DEBUG    Connecting with SSH to the host: '10.25.1.63' over port 2294.
09-22-2015 12:04:54 tfb-lib      DEBUG    Executing command 'cmd diag config' on remote host.
09-22-2015 12:04:55 tfb-lib      DEBUG    Got expected result from command 'cmd diag config'.
09-22-2015 12:04:55 tfb-lib      DEBUG    Owner ID from 'diag config' retrived as '000000000000000000000000'.
09-22-2015 12:04:55 tfb-lib      DEBUG    Device 'auto-tfb30-01' is in default state.
09-22-2015 12:04:55 testbed      INFO     Target 'auto-tfb30-01' was successfully reset.
09-22-2015 12:04:55 tfb-lib      DEBUG    Will read information from config file 'auto-tfb15-01.target'.
09-22-2015 12:04:55 tfb-lib      INFO     Attempt to bring TFB 'auto-tfb15-01' to default state.
09-22-2015 12:04:55 tfb-lib      DEBUG    Will wait for TFB 'auto-tfb15-01' to start SSH deamon.
09-22-2015 12:04:55 tfb-lib      DEBUG    Connecting with SSH to the host: '10.25.1.82' over port 2226.
09-22-2015 12:04:57 tfb-lib      DEBUG    Executing command 'hostname' on remote host.
09-22-2015 12:04:58 tfb-lib      DEBUG    Device accessable over SSH. Response was tfb

09-22-2015 12:04:58 tfb-lib      DEBUG    Will wait for TFB 'auto-tfb15-01' to start replicator.
09-22-2015 12:04:58 tfb-lib      DEBUG    Will check process id for 'replicator' process on TFB 'auto-tfb15-01'.
09-22-2015 12:04:58 tfb-lib      DEBUG    Connecting with SSH to the host: '10.25.1.82' over port 2226.
09-22-2015 12:04:58 tfb-lib      DEBUG    Executing command 'pidof replicator' on remote host.
09-22-2015 12:04:59 tfb-lib      DEBUG    Replicator process is running. Process ID is 18405
09-22-2015 12:04:59 tfb-lib      DEBUG    Validate availability of TFB 'auto-tfb15-01'.
09-22-2015 12:04:59 tfb-lib      DEBUG    First of all check is replicator running.
09-22-2015 12:04:59 tfb-lib      DEBUG    Will check process id for 'replicator' process on TFB 'auto-tfb15-01'.
09-22-2015 12:04:59 tfb-lib      DEBUG    Connecting with SSH to the host: '10.25.1.82' over port 2226.
09-22-2015 12:04:59 tfb-lib      DEBUG    Executing command 'pidof replicator' on remote host.
09-22-2015 12:05:00 tfb-lib      DEBUG    Got process ID for replicator: 18405.
09-22-2015 12:05:00 tfb-lib      DEBUG    Connecting with SSH to the host: '10.25.1.82' over port 2226.
09-22-2015 12:05:00 tfb-lib      DEBUG    Executing command 'cmd diag config' on remote host.
09-22-2015 12:05:00 tfb-lib      DEBUG    Got expected result from command 'cmd diag config'.
09-22-2015 12:05:00 tfb-lib      DEBUG    Owner ID from 'diag config' retrived as '54c7b9b883b37d1421d465b9'.
09-22-2015 12:05:00 tfb-lib      DEBUG    First of all check is replicator running.
09-22-2015 12:05:00 tfb-lib      DEBUG    Will check process id for 'replicator' process on TFB 'auto-tfb15-01'.
09-22-2015 12:05:00 tfb-lib      DEBUG    Connecting with SSH to the host: '10.25.1.82' over port 2226.
09-22-2015 12:05:01 tfb-lib      DEBUG    Executing command 'pidof replicator' on remote host.
09-22-2015 12:05:01 tfb-lib      DEBUG    Got process ID for replicator: 18405.
09-22-2015 12:05:01 tfb-lib      DEBUG    Connecting with SSH to the host: '10.25.1.82' over port 2226.
09-22-2015 12:05:01 tfb-lib      DEBUG    Executing command 'cmd diag config' on remote host.
09-22-2015 12:05:02 tfb-lib      DEBUG    Got expected result from command 'cmd diag config'.
09-22-2015 12:05:02 tfb-lib      DEBUG    Device ID from 'diag config' retrived as '5490a7b0a01f46b8350000e2'.
09-22-2015 12:05:02 tfb-lib      DEBUG    First of all check is replicator running.
09-22-2015 12:05:02 tfb-lib      DEBUG    Will check process id for 'replicator' process on TFB 'auto-tfb15-01'.
09-22-2015 12:05:02 tfb-lib      DEBUG    Connecting with SSH to the host: '10.25.1.82' over port 2226.
09-22-2015 12:05:02 tfb-lib      DEBUG    Executing command 'pidof replicator' on remote host.
09-22-2015 12:05:03 tfb-lib      DEBUG    Got process ID for replicator: 18405.
09-22-2015 12:05:03 tfb-lib      DEBUG    Connecting with SSH to the host: '10.25.1.82' over port 2226.
09-22-2015 12:05:03 tfb-lib      DEBUG    Executing command 'cmd diag config' on remote host.
09-22-2015 12:05:04 tfb-lib      DEBUG    Got expected result from command 'cmd diag config'.
09-22-2015 12:05:04 tfb-lib      DEBUG    Owner ID from 'diag config' retrived as '54c7b9b883b37d1421d465b9'.
09-22-2015 12:05:04 cs-lib       DEBUG    Attempting to reset device
09-22-2015 12:05:05 cs-lib       DEBUG    Device with ID '5490a7b0a01f46b8350000e2' was successfully reset.
09-22-2015 12:05:05 tfb-lib      DEBUG    Archiving and storing replicator logs.
09-22-2015 12:05:05 tfb-lib      DEBUG    Connecting with SSH to the host: '10.25.1.82' over port 2226.
09-22-2015 12:05:06 tfb-lib      DEBUG    Executing command 'tar -zcvf 2015Sep22-120505_replicator_logs_from_TFB_auto-tfb15-01.tar.gz /replicator/logs' on remote host.
09-22-2015 12:05:07 tfb-lib      DEBUG    Connecting with SSH to the host: '10.25.1.82' over port 2226.
09-22-2015 12:05:07 tfb-lib      DEBUG    Executing command 'echo 2iko.8gas|sudo -S -p '' /etc/init.d/replicator restart' on remote host.
09-22-2015 12:05:18 tfb-lib      DEBUG    Replicator process is going to restart on TFB 'auto-tfb15-01'. Waiting 60 seconds.
09-22-2015 12:07:18 tfb-lib      DEBUG    Connecting with SSH to the host: '10.25.1.82' over port 2226.
09-22-2015 12:07:18 tfb-lib      DEBUG    Executing command 'echo 2iko.8gas|sudo -S -p '' /etc/init.d/replicator restart' on remote host.
09-22-2015 12:09:22 tfb-lib      DEBUG    Replicator process is going to restart on TFB 'auto-tfb15-01'. Waiting 60 seconds.
09-22-2015 12:12:22 tfb-lib      DEBUG    Validate availability of TFB 'auto-tfb15-01'.
09-22-2015 12:12:22 tfb-lib      DEBUG    First of all check is replicator running.
09-22-2015 12:12:22 tfb-lib      DEBUG    Will check process id for 'replicator' process on TFB 'auto-tfb15-01'.
09-22-2015 12:12:22 tfb-lib      DEBUG    Connecting with SSH to the host: '10.25.1.82' over port 2226.
09-22-2015 12:12:22 tfb-lib      DEBUG    Executing command 'pidof replicator' on remote host.
09-22-2015 12:12:23 tfb-lib      WARNING  Process ID for replicator returns empty string.
09-22-2015 12:12:23 tfb-lib      WARNING  Replicator is down. Will try to start it.
09-22-2015 12:12:23 tfb-lib      DEBUG    Connecting with SSH to the host: '10.25.1.82' over port 2226.
09-22-2015 12:12:23 tfb-lib      DEBUG    Executing command 'echo 2iko.8gas|sudo -S -p '' /etc/init.d/replicator start' on remote host.
09-22-2015 12:12:24 tfb-lib      DEBUG    Replicator process is going to start on TFB 'auto-tfb15-01'. Waiting 60 seconds.
09-22-2015 12:14:24 tfb-lib      DEBUG    Will check process id for 'replicator' process on TFB 'auto-tfb15-01'.
09-22-2015 12:14:24 tfb-lib      DEBUG    Connecting with SSH to the host: '10.25.1.82' over port 2226.
09-22-2015 12:14:24 tfb-lib      DEBUG    Executing command 'pidof replicator' on remote host.
09-22-2015 12:14:24 tfb-lib      DEBUG    Got process ID for replicator: 20554.
09-22-2015 12:14:24 tfb-lib      DEBUG    Connecting with SSH to the host: '10.25.1.82' over port 2226.
09-22-2015 12:14:25 tfb-lib      DEBUG    Executing command 'cmd diag config' on remote host.
09-22-2015 12:14:25 tfb-lib      DEBUG    Got expected result from command 'cmd diag config'.
09-22-2015 12:14:25 tfb-lib      DEBUG    Owner ID from 'diag config' retrived as '000000000000000000000000'.
09-22-2015 12:14:25 tfb-lib      DEBUG    TFB 'auto-tfb15-01' was successfully reset with CS call.
09-22-2015 12:15:25 tfb-lib      DEBUG    Validate availability of TFB 'auto-tfb15-01'.
09-22-2015 12:15:25 tfb-lib      DEBUG    First of all check is replicator running.
09-22-2015 12:15:25 tfb-lib      DEBUG    Will check process id for 'replicator' process on TFB 'auto-tfb15-01'.
09-22-2015 12:15:25 tfb-lib      DEBUG    Connecting with SSH to the host: '10.25.1.82' over port 2226.
09-22-2015 12:15:26 tfb-lib      DEBUG    Executing command 'pidof replicator' on remote host.
09-22-2015 12:15:26 tfb-lib      DEBUG    Got process ID for replicator: 20554.
09-22-2015 12:15:26 tfb-lib      DEBUG    Connecting with SSH to the host: '10.25.1.82' over port 2226.
09-22-2015 12:15:26 tfb-lib      DEBUG    Executing command 'cmd diag config' on remote host.
09-22-2015 12:15:27 tfb-lib      DEBUG    Got expected result from command 'cmd diag config'.
09-22-2015 12:15:27 tfb-lib      DEBUG    Owner ID from 'diag config' retrived as '000000000000000000000000'.
09-22-2015 12:15:27 tfb-lib      DEBUG    Device 'auto-tfb15-01' is in default state.
09-22-2015 12:15:27 testbed      INFO     Target 'auto-tfb15-01' was successfully reset.
09-22-2015 12:15:27 S360         DEBUG    Start replicator after crash.
09-22-2015 12:15:27 S360         INFO     Transporter will perform crash, then nothing and then check start-up scan.
09-22-2015 12:15:27 S360         DEBUG    Getting list of devices and users.
09-22-2015 12:15:27 testbed      DEBUG    Will read list of targets.
09-22-2015 12:15:27 testbed      DEBUG    Found 2 targets.
09-22-2015 12:15:27 testbed      DEBUG    Target's list: ['auto-tfb30-01', 'auto-tfb15-01']
09-22-2015 12:15:27 testbed      DEBUG    Will read list of users.
09-22-2015 12:15:27 testbed      DEBUG    Found 2 users.
09-22-2015 12:15:27 testbed      DEBUG    User's list: ['automation', 'auto-qa01']
09-22-2015 12:15:27 testbed      DEBUG    Will read list of clients.
09-22-2015 12:15:27 testbed      DEBUG    Found 1 client.
09-22-2015 12:15:27 testbed      DEBUG    Client's list: ['win7x64-01']
09-22-2015 12:15:27 S360         DEBUG    Got URL to send requests to CS - https://dws.connecteddata.com:8078.
09-22-2015 12:15:27 user-lib     DEBUG    Will read information from config file 'automation.cfg'.
09-22-2015 12:15:27 cs-lib       DEBUG    Attempt to get customer ID by account name.
09-22-2015 12:15:28 S360         DEBUG    Got customer ID (54c7b9b883b37d1421d465b9) for org admin (automation).
09-22-2015 12:15:28 user-lib     DEBUG    Will read information from config file 'auto-qa01.cfg'.
09-22-2015 12:15:28 cs-lib       DEBUG    Attempt to get customer ID by account name.
09-22-2015 12:15:29 S360         DEBUG    Got customer ID (54c8041383b37d9136d465b9) for regular user (auto-qa01).
09-22-2015 12:15:29 tfb-lib      DEBUG    Will read information from config file 'auto-tfb30-01.target'.
09-22-2015 12:15:29 tfb-lib      DEBUG    Validate availability of TFB 'auto-tfb30-01'.
09-22-2015 12:15:29 tfb-lib      DEBUG    First of all check is replicator running.
09-22-2015 12:15:29 tfb-lib      DEBUG    Will check process id for 'replicator' process on TFB 'auto-tfb30-01'.
09-22-2015 12:15:29 tfb-lib      DEBUG    Connecting with SSH to the host: '10.25.1.63' over port 2294.
09-22-2015 12:15:29 tfb-lib      DEBUG    Executing command 'pidof replicator' on remote host.
09-22-2015 12:15:30 tfb-lib      DEBUG    Got process ID for replicator: 14407.
09-22-2015 12:15:30 tfb-lib      DEBUG    Connecting with SSH to the host: '10.25.1.63' over port 2294.
09-22-2015 12:15:30 tfb-lib      DEBUG    Executing command 'cmd diag config' on remote host.
09-22-2015 12:15:32 tfb-lib      DEBUG    Got expected result from command 'cmd diag config'.
09-22-2015 12:15:32 tfb-lib      DEBUG    Owner ID from 'diag config' retrived as '000000000000000000000000'.
09-22-2015 12:15:32 tfb-lib      DEBUG    First of all check is replicator running.
09-22-2015 12:15:32 tfb-lib      DEBUG    Will check process id for 'replicator' process on TFB 'auto-tfb30-01'.
09-22-2015 12:15:32 tfb-lib      DEBUG    Connecting with SSH to the host: '10.25.1.63' over port 2294.
09-22-2015 12:15:32 tfb-lib      DEBUG    Executing command 'pidof replicator' on remote host.
09-22-2015 12:15:33 tfb-lib      DEBUG    Got process ID for replicator: 14407.
09-22-2015 12:15:33 tfb-lib      DEBUG    Connecting with SSH to the host: '10.25.1.63' over port 2294.
09-22-2015 12:15:33 tfb-lib      DEBUG    Executing command 'cmd diag config' on remote host.
09-22-2015 12:15:34 tfb-lib      DEBUG    Got expected result from command 'cmd diag config'.
09-22-2015 12:15:34 tfb-lib      DEBUG    Device ID from 'diag config' retrived as '5490a7b0a01f46b8350000e9'.
09-22-2015 12:15:34 cs-lib       DEBUG    Attempting to claim device '5490a7b0a01f46b8350000e9' by user '54c7b9b883b37d1421d465b9'.
09-22-2015 12:15:35 cs-lib       DEBUG    Device with ID '5490a7b0a01f46b8350000e9' was successfully claimed.
09-22-2015 12:15:35 tfb-lib      DEBUG    Connecting with SSH to the host: '10.25.1.63' over port 2294.
09-22-2015 12:15:36 tfb-lib      DEBUG    Executing command 'echo 2iko.8gas|sudo -S -p '' /etc/init.d/replicator restart' on remote host.
09-22-2015 12:15:41 tfb-lib      DEBUG    Replicator process is going to restart on TFB 'auto-tfb30-01'. Waiting 60 seconds.
09-22-2015 12:17:41 tfb-lib      DEBUG    Validate availability of TFB 'auto-tfb30-01'.
09-22-2015 12:17:41 tfb-lib      DEBUG    First of all check is replicator running.
09-22-2015 12:17:41 tfb-lib      DEBUG    Will check process id for 'replicator' process on TFB 'auto-tfb30-01'.
09-22-2015 12:17:41 tfb-lib      DEBUG    Connecting with SSH to the host: '10.25.1.63' over port 2294.
09-22-2015 12:17:42 tfb-lib      DEBUG    Executing command 'pidof replicator' on remote host.
09-22-2015 12:17:43 tfb-lib      DEBUG    Got process ID for replicator: 16060.
09-22-2015 12:17:43 tfb-lib      DEBUG    Connecting with SSH to the host: '10.25.1.63' over port 2294.
09-22-2015 12:17:43 tfb-lib      DEBUG    Executing command 'cmd diag config' on remote host.
09-22-2015 12:17:44 tfb-lib      DEBUG    Got expected result from command 'cmd diag config'.
09-22-2015 12:17:44 tfb-lib      DEBUG    Owner ID from 'diag config' retrived as '54c7b9b883b37d1421d465b9'.
09-22-2015 12:17:44 tfb-lib      DEBUG    TFB 'auto-tfb30-01' was successfully claimed with CS call.
09-22-2015 12:17:44 tfb-lib      DEBUG    Rename TFB.
09-22-2015 12:17:44 cs-lib       DEBUG    Rename device to 'auto-tfb30-01'.
09-22-2015 12:17:46 S360         DEBUG    TFB 'auto-tfb30-01' was successfully claimed.
09-22-2015 12:17:46 tfb-lib      DEBUG    Will read information from config file 'auto-tfb15-01.target'.
09-22-2015 12:17:46 tfb-lib      DEBUG    Validate availability of TFB 'auto-tfb15-01'.
09-22-2015 12:17:46 tfb-lib      DEBUG    First of all check is replicator running.
09-22-2015 12:17:46 tfb-lib      DEBUG    Will check process id for 'replicator' process on TFB 'auto-tfb15-01'.
09-22-2015 12:17:46 tfb-lib      DEBUG    Connecting with SSH to the host: '10.25.1.82' over port 2226.
09-22-2015 12:17:46 tfb-lib      DEBUG    Executing command 'pidof replicator' on remote host.
09-22-2015 12:17:47 tfb-lib      DEBUG    Got process ID for replicator: 20554.
09-22-2015 12:17:47 tfb-lib      DEBUG    Connecting with SSH to the host: '10.25.1.82' over port 2226.
09-22-2015 12:17:47 tfb-lib      DEBUG    Executing command 'cmd diag config' on remote host.
09-22-2015 12:17:48 tfb-lib      DEBUG    Got expected result from command 'cmd diag config'.
09-22-2015 12:17:48 tfb-lib      DEBUG    Owner ID from 'diag config' retrived as '000000000000000000000000'.
09-22-2015 12:17:48 tfb-lib      DEBUG    First of all check is replicator running.
09-22-2015 12:17:48 tfb-lib      DEBUG    Will check process id for 'replicator' process on TFB 'auto-tfb15-01'.
09-22-2015 12:17:48 tfb-lib      DEBUG    Connecting with SSH to the host: '10.25.1.82' over port 2226.
09-22-2015 12:17:48 tfb-lib      DEBUG    Executing command 'pidof replicator' on remote host.
09-22-2015 12:17:48 tfb-lib      DEBUG    Got process ID for replicator: 20554.
09-22-2015 12:17:48 tfb-lib      DEBUG    Connecting with SSH to the host: '10.25.1.82' over port 2226.
09-22-2015 12:17:49 tfb-lib      DEBUG    Executing command 'cmd diag config' on remote host.
09-22-2015 12:17:49 tfb-lib      DEBUG    Got expected result from command 'cmd diag config'.
09-22-2015 12:17:49 tfb-lib      DEBUG    Device ID from 'diag config' retrived as '5490a7b0a01f46b8350000e2'.
09-22-2015 12:17:49 cs-lib       DEBUG    Attempting to claim device '5490a7b0a01f46b8350000e2' by user '54c7b9b883b37d1421d465b9'.
09-22-2015 12:17:50 cs-lib       DEBUG    Device with ID '5490a7b0a01f46b8350000e2' was successfully claimed.
09-22-2015 12:17:50 tfb-lib      DEBUG    Connecting with SSH to the host: '10.25.1.82' over port 2226.
09-22-2015 12:17:50 tfb-lib      DEBUG    Executing command 'echo 2iko.8gas|sudo -S -p '' /etc/init.d/replicator restart' on remote host.
09-22-2015 12:17:55 tfb-lib      DEBUG    Replicator process is going to restart on TFB 'auto-tfb15-01'. Waiting 60 seconds.
09-22-2015 12:19:56 tfb-lib      DEBUG    Validate availability of TFB 'auto-tfb15-01'.
09-22-2015 12:19:56 tfb-lib      DEBUG    First of all check is replicator running.
09-22-2015 12:19:56 tfb-lib      DEBUG    Will check process id for 'replicator' process on TFB 'auto-tfb15-01'.
09-22-2015 12:19:56 tfb-lib      DEBUG    Connecting with SSH to the host: '10.25.1.82' over port 2226.
09-22-2015 12:19:56 tfb-lib      DEBUG    Executing command 'pidof replicator' on remote host.
09-22-2015 12:19:56 tfb-lib      DEBUG    Got process ID for replicator: 21484.
09-22-2015 12:19:56 tfb-lib      DEBUG    Connecting with SSH to the host: '10.25.1.82' over port 2226.
09-22-2015 12:19:57 tfb-lib      DEBUG    Executing command 'cmd diag config' on remote host.
09-22-2015 12:19:57 tfb-lib      DEBUG    Got expected result from command 'cmd diag config'.
09-22-2015 12:19:57 tfb-lib      DEBUG    Owner ID from 'diag config' retrived as '54c7b9b883b37d1421d465b9'.
09-22-2015 12:19:57 tfb-lib      DEBUG    TFB 'auto-tfb15-01' was successfully claimed with CS call.
09-22-2015 12:19:57 tfb-lib      DEBUG    Rename TFB.
09-22-2015 12:19:57 cs-lib       DEBUG    Rename device to 'auto-tfb15-01'.
09-22-2015 12:19:59 S360         DEBUG    TFB 'auto-tfb15-01' was claimed.
09-22-2015 12:19:59 client-lib   DEBUG    Will read information from config file 'win7x64-01.cfg'.
09-22-2015 12:19:59 client-lib   DEBUG    Getting OS on 'win7x64-01'.
09-22-2015 12:19:59 client-lib   DEBUG    Computer 'win7x64-01' (IP address 172.18.34.169) is running Windows.
09-22-2015 12:19:59 cs-lib       DEBUG    Will create pool 'AUTO_S360-01'.
09-22-2015 12:19:59 cs-lib       DEBUG    Attempting to create pool.
09-22-2015 12:19:59 cs-lib       DEBUG    No NAS object provided, will create pool 'AUTO_S360-01' type 'MW'.
09-22-2015 12:19:59 cs-lib       ERROR    Pool 'AUTO_S360-01' was not created. Error code is 206.
09-22-2015 12:19:59 cs-lib       ERROR    Failed to create pool 'AUTO_S360-01'.
09-22-2015 12:19:59 S360         ERROR    Unable to setup pool 'AUTO_S360-01'.
09-22-2015 12:19:59 S360         ERROR    There are not enough shared pools on client 'win7x64-01'.
09-22-2015 12:19:59 S360         ERROR    Test case C34209 didn't pass. Returned code is '13'.
09-22-2015 12:19:59 autobot      DEBUG    Re-execution on freshly cleaned setup: Test case 'C34209' didn't pass.
09-22-2015 12:19:59 autobot      INFO     Test case 'C34209' didn't pass.
09-22-2015 12:20:00 autobot      DEBUG    Execution result of test case 'C34209' was successfully submitted to the TestRail.
09-22-2015 12:20:00 autobot      INFO     ---> Summary for 'S360: AUTO: Graceful shutdown'.
09-22-2015 12:20:00 autobot      INFO     Executed 1 test cases.
09-22-2015 12:20:00 autobot      INFO     Execution time is 00:55:06
09-22-2015 12:20:00 autobot      INFO     ============================================================================================
09-22-2015 12:20:00 autobot      INFO     Total test execution time is 00:55:06
