09-21-2015 09:12:40 autobot      INFO     ============================================================================================
09-21-2015 09:12:40 autobot      INFO     Test execution starts 21-Sep-2015 at 09:12:40 PDT
09-21-2015 09:12:40 autobot      INFO     Test execution based on autobot.cfg file.
09-21-2015 09:12:40 autobot      INFO     ============================================================================================
09-21-2015 09:12:40 autobot      INFO     Getting TestRail configuration.
09-21-2015 09:12:40 autobot      DEBUG    Will use TestRail at 'http://172.24.1.33/testrail' using 'qa-auto@connecteddata.com/automatethis'.
09-21-2015 09:12:40 autobot      INFO     Creating connection to the TestRail.
09-21-2015 09:12:41 autobot      INFO     ===> Test suite 'S358: AUTO: Initial play'.
09-21-2015 09:12:41 autobot      INFO     Starts at 21-Sep-2015 at 09:12:41 PDT
09-21-2015 09:12:41 autobot      INFO     Test suite 'S358 - AUTO: Initial play' has 8 test cases.
09-21-2015 09:12:41 testbed      DEBUG    Will read information from config file 'S358.cfg'.
09-21-2015 09:12:41 testbed      INFO     Check availability of all testbed components.
09-21-2015 09:12:41 testbed      DEBUG    Getting testbed configuration.
09-21-2015 09:12:41 testbed      DEBUG    Will read list of targets.
09-21-2015 09:12:41 testbed      DEBUG    Found 2 targets.
09-21-2015 09:12:41 testbed      DEBUG    Target's list: ['auto-tfb30-01', 'auto-tfb15-01']
09-21-2015 09:12:41 testbed      DEBUG    Successfully got information about targets, to use in test suite.
09-21-2015 09:12:41 testbed      DEBUG    Will read list of clients.
09-21-2015 09:12:41 testbed      DEBUG    Found 1 client.
09-21-2015 09:12:41 testbed      DEBUG    Client's list: ['win7x64-02']
09-21-2015 09:12:41 testbed      DEBUG    Successfully got information about clients, to use in test suite.
09-21-2015 09:12:41 testbed      DEBUG    Will read list of users.
09-21-2015 09:12:41 testbed      DEBUG    Found 2 users.
09-21-2015 09:12:41 testbed      DEBUG    User's list: ['automation', 'auto-qa01']
09-21-2015 09:12:41 testbed      DEBUG    Successfully got information about users, to use in test suite.
09-21-2015 09:12:41 client-lib   DEBUG    Will read information from config file 'win7x64-02.cfg'.
09-21-2015 09:12:41 client-lib   DEBUG    Getting OS on 'win7x64-02'.
09-21-2015 09:12:41 client-lib   DEBUG    Computer 'win7x64-02' (IP address 172.18.34.163) is running Windows.
09-21-2015 09:12:41 client-lib   DEBUG    Check availability of client 'win7x64-02'.
09-21-2015 09:12:41 client-lib   DEBUG    Getting OS on 'win7x64-02'.
09-21-2015 09:12:41 client-lib   DEBUG    Computer 'win7x64-02' (IP address 172.18.34.163) is running Windows.
09-21-2015 09:12:41 client-lib   DEBUG    Client 'win7x64-02' is running WIN.
09-21-2015 09:12:41 client-lib   INFO     Check user name currently logged on 'win7x64-02'.
09-21-2015 09:12:42 client-lib   DEBUG    Current user on 'win7x64-02' has login 'automation'.
09-21-2015 09:12:42 client-lib   DEBUG    Successfully connected to RPYC running on 'win7x64-02' over IP '172.18.34.163'.
09-21-2015 09:12:42 client-lib   DEBUG    Client's desktop information was retrived from local file 'C:\Users\automation\AppData\Roaming\Connected Data\configuration.ini'.
09-21-2015 09:12:42 client-lib   INFO     Client will use desk app version '4.1.1.19860'.
09-21-2015 09:12:42 client-lib   INFO     Check and remove all network file systems attached to the client 'win7x64-02'.
09-21-2015 09:12:42 client-lib   INFO     Checking for network file systems attached to the client 'win7x64-02'.
09-21-2015 09:12:42 client-lib   DEBUG    Client 'win7x64-02' doesn't have any network file systems attached.
09-21-2015 09:12:42 testbed      DEBUG    Client 'win7x64-02' is available for test execution. It runs WIN.
09-21-2015 09:12:42 tfb-lib      DEBUG    Will read information from config file 'auto-tfb30-01.target'.
09-21-2015 09:12:42 tfb-lib      DEBUG    Validate availability of TFB 'auto-tfb30-01'.
09-21-2015 09:12:42 tfb-lib      DEBUG    First of all check is replicator running.
09-21-2015 09:12:42 tfb-lib      DEBUG    Will check process id for 'replicator' process on TFB 'auto-tfb30-01'.
09-21-2015 09:12:42 tfb-lib      DEBUG    Connecting with SSH to the host: '10.25.1.63' over port 2294.
09-21-2015 09:12:43 tfb-lib      DEBUG    Executing command 'pidof replicator' on remote host.
09-21-2015 09:12:44 tfb-lib      DEBUG    Got process ID for replicator: 3032.
09-21-2015 09:12:44 tfb-lib      DEBUG    Connecting with SSH to the host: '10.25.1.63' over port 2294.
09-21-2015 09:12:45 tfb-lib      DEBUG    Executing command 'cmd diag config' on remote host.
09-21-2015 09:12:45 tfb-lib      DEBUG    Got expected result from command 'cmd diag config'.
09-21-2015 09:12:45 tfb-lib      DEBUG    Owner ID from 'diag config' retrived as '54c7b9b883b37d1421d465b9'.
09-21-2015 09:12:45 testbed      ERROR    Target 'auto-tfb30-01' is not ready for test execution.
09-21-2015 09:12:45 autobot      ERROR    Testbed is not ready for execution tests from 'S358: AUTO: Initial play'.
09-21-2015 09:12:45 testbed      INFO     Attempt to bring testbed into default state.
09-21-2015 09:12:45 testbed      DEBUG    Getting testbed configuration.
09-21-2015 09:12:45 testbed      DEBUG    Will read list of targets.
09-21-2015 09:12:45 testbed      DEBUG    Found 2 targets.
09-21-2015 09:12:45 testbed      DEBUG    Target's list: ['auto-tfb30-01', 'auto-tfb15-01']
09-21-2015 09:12:45 testbed      DEBUG    Successfully got information about targets, to use in test suite.
09-21-2015 09:12:45 testbed      DEBUG    Will read list of clients.
09-21-2015 09:12:45 testbed      DEBUG    Found 1 client.
09-21-2015 09:12:45 testbed      DEBUG    Client's list: ['win7x64-02']
09-21-2015 09:12:45 testbed      DEBUG    Successfully got information about clients, to use in test suite.
09-21-2015 09:12:45 testbed      DEBUG    Will read list of users.
09-21-2015 09:12:45 testbed      DEBUG    Found 2 users.
09-21-2015 09:12:45 testbed      DEBUG    User's list: ['automation', 'auto-qa01']
09-21-2015 09:12:45 testbed      DEBUG    Successfully got information about users, to use in test suite.
09-21-2015 09:12:45 client-lib   DEBUG    Will read information from config file 'win7x64-02.cfg'.
09-21-2015 09:12:45 client-lib   DEBUG    Getting OS on 'win7x64-02'.
09-21-2015 09:12:46 client-lib   DEBUG    Computer 'win7x64-02' (IP address 172.18.34.163) is running Windows.
09-21-2015 09:12:46 client-lib   INFO     Attempt to set client according to config file.
09-21-2015 09:12:46 client-lib   DEBUG    Disconnect all attached storages if any.
09-21-2015 09:12:46 client-lib   INFO     Check and remove all network file systems attached to the client 'win7x64-02'.
09-21-2015 09:12:46 client-lib   INFO     Checking for network file systems attached to the client 'win7x64-02'.
09-21-2015 09:12:46 client-lib   DEBUG    Client 'win7x64-02' doesn't have any network file systems attached.
09-21-2015 09:12:46 client-lib   DEBUG    All attacheg network storages should be already disconnected.
09-21-2015 09:12:46 client-lib   DEBUG    Delete everything from Transporter directory.
09-21-2015 09:12:46 client-lib   DEBUG    Will delete everything in Transporter folder
09-21-2015 09:12:46 client-lib   DEBUG    Deleting desktop.ini.
09-21-2015 09:12:46 client-lib   DEBUG    Will delete everything in desktop.ini
09-21-2015 09:12:47 client-lib   DEBUG    desktop.ini does not exist.
09-21-2015 09:12:47 client-lib   DEBUG    Will not delete Transporter Library because it is part of 'Transporter Library'.
09-21-2015 09:12:47 client-lib   DEBUG    Everything should be already removed from Transporter directory.
09-21-2015 09:12:47 testbed      INFO     Client 'win7x64-02' was successfully reset.
09-21-2015 09:12:47 tfb-lib      DEBUG    Will read information from config file 'auto-tfb30-01.target'.
09-21-2015 09:12:47 tfb-lib      INFO     Attempt to bring TFB 'auto-tfb30-01' to default state.
09-21-2015 09:12:47 tfb-lib      DEBUG    Will wait for TFB 'auto-tfb30-01' to start SSH deamon.
09-21-2015 09:12:47 tfb-lib      DEBUG    Connecting with SSH to the host: '10.25.1.63' over port 2294.
09-21-2015 09:12:47 tfb-lib      DEBUG    Executing command 'hostname' on remote host.
09-21-2015 09:12:48 tfb-lib      DEBUG    Device accessable over SSH. Response was tfb

09-21-2015 09:12:48 tfb-lib      DEBUG    Will wait for TFB 'auto-tfb30-01' to start replicator.
09-21-2015 09:12:48 tfb-lib      DEBUG    Will check process id for 'replicator' process on TFB 'auto-tfb30-01'.
09-21-2015 09:12:48 tfb-lib      DEBUG    Connecting with SSH to the host: '10.25.1.63' over port 2294.
09-21-2015 09:12:48 tfb-lib      DEBUG    Executing command 'pidof replicator' on remote host.
09-21-2015 09:12:49 tfb-lib      DEBUG    Replicator process is running. Process ID is 3032
09-21-2015 09:12:49 tfb-lib      DEBUG    Validate availability of TFB 'auto-tfb30-01'.
09-21-2015 09:12:49 tfb-lib      DEBUG    First of all check is replicator running.
09-21-2015 09:12:49 tfb-lib      DEBUG    Will check process id for 'replicator' process on TFB 'auto-tfb30-01'.
09-21-2015 09:12:49 tfb-lib      DEBUG    Connecting with SSH to the host: '10.25.1.63' over port 2294.
09-21-2015 09:12:49 tfb-lib      DEBUG    Executing command 'pidof replicator' on remote host.
09-21-2015 09:12:50 tfb-lib      DEBUG    Got process ID for replicator: 3032.
09-21-2015 09:12:50 tfb-lib      DEBUG    Connecting with SSH to the host: '10.25.1.63' over port 2294.
09-21-2015 09:12:50 tfb-lib      DEBUG    Executing command 'cmd diag config' on remote host.
09-21-2015 09:12:51 tfb-lib      DEBUG    Got expected result from command 'cmd diag config'.
09-21-2015 09:12:51 tfb-lib      DEBUG    Owner ID from 'diag config' retrived as '54c7b9b883b37d1421d465b9'.
09-21-2015 09:12:51 tfb-lib      DEBUG    First of all check is replicator running.
09-21-2015 09:12:51 tfb-lib      DEBUG    Will check process id for 'replicator' process on TFB 'auto-tfb30-01'.
09-21-2015 09:12:51 tfb-lib      DEBUG    Connecting with SSH to the host: '10.25.1.63' over port 2294.
09-21-2015 09:12:51 tfb-lib      DEBUG    Executing command 'pidof replicator' on remote host.
09-21-2015 09:12:52 tfb-lib      DEBUG    Got process ID for replicator: 3032.
09-21-2015 09:12:52 tfb-lib      DEBUG    Connecting with SSH to the host: '10.25.1.63' over port 2294.
09-21-2015 09:12:52 tfb-lib      DEBUG    Executing command 'cmd diag config' on remote host.
09-21-2015 09:12:53 tfb-lib      DEBUG    Got expected result from command 'cmd diag config'.
09-21-2015 09:12:53 tfb-lib      DEBUG    Device ID from 'diag config' retrived as '5490a7b0a01f46b8350000e9'.
09-21-2015 09:12:53 tfb-lib      DEBUG    First of all check is replicator running.
09-21-2015 09:12:53 tfb-lib      DEBUG    Will check process id for 'replicator' process on TFB 'auto-tfb30-01'.
09-21-2015 09:12:53 tfb-lib      DEBUG    Connecting with SSH to the host: '10.25.1.63' over port 2294.
09-21-2015 09:12:53 tfb-lib      DEBUG    Executing command 'pidof replicator' on remote host.
09-21-2015 09:12:54 tfb-lib      DEBUG    Got process ID for replicator: 3032.
09-21-2015 09:12:54 tfb-lib      DEBUG    Connecting with SSH to the host: '10.25.1.63' over port 2294.
09-21-2015 09:12:54 tfb-lib      DEBUG    Executing command 'cmd diag config' on remote host.
09-21-2015 09:12:55 tfb-lib      DEBUG    Got expected result from command 'cmd diag config'.
09-21-2015 09:12:55 tfb-lib      DEBUG    Owner ID from 'diag config' retrived as '54c7b9b883b37d1421d465b9'.
09-21-2015 09:12:55 cs-lib       DEBUG    Attempting to reset device
09-21-2015 09:12:57 cs-lib       DEBUG    Device with ID '5490a7b0a01f46b8350000e9' was successfully reset.
09-21-2015 09:12:57 tfb-lib      DEBUG    Archiving and storing replicator logs.
09-21-2015 09:12:57 tfb-lib      DEBUG    Connecting with SSH to the host: '10.25.1.63' over port 2294.
09-21-2015 09:12:57 tfb-lib      DEBUG    Executing command 'tar -zcvf 2015Sep21-091257_replicator_logs_from_TFB_auto-tfb30-01.tar.gz /replicator/logs' on remote host.
09-21-2015 09:12:59 tfb-lib      DEBUG    Connecting with SSH to the host: '10.25.1.63' over port 2294.
09-21-2015 09:12:59 tfb-lib      DEBUG    Executing command 'echo 2iko.8gas|sudo -S -p '' /etc/init.d/replicator restart' on remote host.
09-21-2015 09:13:06 tfb-lib      DEBUG    Replicator process is going to restart on TFB 'auto-tfb30-01'. Waiting 60 seconds.
09-21-2015 09:15:06 tfb-lib      DEBUG    Connecting with SSH to the host: '10.25.1.63' over port 2294.
09-21-2015 09:15:06 tfb-lib      DEBUG    Executing command 'echo 2iko.8gas|sudo -S -p '' /etc/init.d/replicator restart' on remote host.
09-21-2015 09:17:10 tfb-lib      DEBUG    Replicator process is going to restart on TFB 'auto-tfb30-01'. Waiting 60 seconds.
09-21-2015 09:20:10 tfb-lib      DEBUG    Validate availability of TFB 'auto-tfb30-01'.
09-21-2015 09:20:10 tfb-lib      DEBUG    First of all check is replicator running.
09-21-2015 09:20:10 tfb-lib      DEBUG    Will check process id for 'replicator' process on TFB 'auto-tfb30-01'.
09-21-2015 09:20:10 tfb-lib      DEBUG    Connecting with SSH to the host: '10.25.1.63' over port 2294.
09-21-2015 09:20:10 tfb-lib      DEBUG    Executing command 'pidof replicator' on remote host.
09-21-2015 09:20:11 tfb-lib      WARNING  Process ID for replicator returns empty string.
09-21-2015 09:20:11 tfb-lib      WARNING  Replicator is down. Will try to start it.
09-21-2015 09:20:11 tfb-lib      DEBUG    Connecting with SSH to the host: '10.25.1.63' over port 2294.
09-21-2015 09:20:12 tfb-lib      DEBUG    Executing command 'echo 2iko.8gas|sudo -S -p '' /etc/init.d/replicator start' on remote host.
09-21-2015 09:20:12 tfb-lib      DEBUG    Replicator process is going to start on TFB 'auto-tfb30-01'. Waiting 60 seconds.
09-21-2015 09:22:12 tfb-lib      DEBUG    Will check process id for 'replicator' process on TFB 'auto-tfb30-01'.
09-21-2015 09:22:12 tfb-lib      DEBUG    Connecting with SSH to the host: '10.25.1.63' over port 2294.
09-21-2015 09:22:13 tfb-lib      DEBUG    Executing command 'pidof replicator' on remote host.
09-21-2015 09:22:13 tfb-lib      DEBUG    Got process ID for replicator: 6436.
09-21-2015 09:22:13 tfb-lib      DEBUG    Connecting with SSH to the host: '10.25.1.63' over port 2294.
09-21-2015 09:22:14 tfb-lib      DEBUG    Executing command 'cmd diag config' on remote host.
09-21-2015 09:22:15 tfb-lib      DEBUG    Got expected result from command 'cmd diag config'.
09-21-2015 09:22:15 tfb-lib      DEBUG    Owner ID from 'diag config' retrived as '000000000000000000000000'.
09-21-2015 09:22:15 tfb-lib      DEBUG    TFB 'auto-tfb30-01' was successfully reset with CS call.
09-21-2015 09:23:15 tfb-lib      DEBUG    Validate availability of TFB 'auto-tfb30-01'.
09-21-2015 09:23:15 tfb-lib      DEBUG    First of all check is replicator running.
09-21-2015 09:23:15 tfb-lib      DEBUG    Will check process id for 'replicator' process on TFB 'auto-tfb30-01'.
09-21-2015 09:23:15 tfb-lib      DEBUG    Connecting with SSH to the host: '10.25.1.63' over port 2294.
09-21-2015 09:23:15 tfb-lib      DEBUG    Executing command 'pidof replicator' on remote host.
09-21-2015 09:23:15 tfb-lib      DEBUG    Got process ID for replicator: 6436.
09-21-2015 09:23:15 tfb-lib      DEBUG    Connecting with SSH to the host: '10.25.1.63' over port 2294.
09-21-2015 09:23:16 tfb-lib      DEBUG    Executing command 'cmd diag config' on remote host.
09-21-2015 09:23:16 tfb-lib      DEBUG    Got expected result from command 'cmd diag config'.
09-21-2015 09:23:16 tfb-lib      DEBUG    Owner ID from 'diag config' retrived as '000000000000000000000000'.
09-21-2015 09:23:16 tfb-lib      DEBUG    Device 'auto-tfb30-01' is in default state.
09-21-2015 09:23:16 testbed      INFO     Target 'auto-tfb30-01' was successfully reset.
09-21-2015 09:23:16 tfb-lib      DEBUG    Will read information from config file 'auto-tfb15-01.target'.
09-21-2015 09:23:16 tfb-lib      INFO     Attempt to bring TFB 'auto-tfb15-01' to default state.
09-21-2015 09:23:16 tfb-lib      DEBUG    Will wait for TFB 'auto-tfb15-01' to start SSH deamon.
09-21-2015 09:23:16 tfb-lib      DEBUG    Connecting with SSH to the host: '10.25.1.82' over port 2226.
09-21-2015 09:23:17 tfb-lib      DEBUG    Executing command 'hostname' on remote host.
09-21-2015 09:23:17 tfb-lib      DEBUG    Device accessable over SSH. Response was tfb

09-21-2015 09:23:17 tfb-lib      DEBUG    Will wait for TFB 'auto-tfb15-01' to start replicator.
09-21-2015 09:23:17 tfb-lib      DEBUG    Will check process id for 'replicator' process on TFB 'auto-tfb15-01'.
09-21-2015 09:23:17 tfb-lib      DEBUG    Connecting with SSH to the host: '10.25.1.82' over port 2226.
09-21-2015 09:23:18 tfb-lib      DEBUG    Executing command 'pidof replicator' on remote host.
09-21-2015 09:23:18 tfb-lib      DEBUG    Replicator process is running. Process ID is 1748
09-21-2015 09:23:18 tfb-lib      DEBUG    Validate availability of TFB 'auto-tfb15-01'.
09-21-2015 09:23:18 tfb-lib      DEBUG    First of all check is replicator running.
09-21-2015 09:23:18 tfb-lib      DEBUG    Will check process id for 'replicator' process on TFB 'auto-tfb15-01'.
09-21-2015 09:23:18 tfb-lib      DEBUG    Connecting with SSH to the host: '10.25.1.82' over port 2226.
09-21-2015 09:23:18 tfb-lib      DEBUG    Executing command 'pidof replicator' on remote host.
09-21-2015 09:23:19 tfb-lib      DEBUG    Got process ID for replicator: 1748.
09-21-2015 09:23:19 tfb-lib      DEBUG    Connecting with SSH to the host: '10.25.1.82' over port 2226.
09-21-2015 09:23:19 tfb-lib      DEBUG    Executing command 'cmd diag config' on remote host.
09-21-2015 09:23:20 tfb-lib      DEBUG    Got expected result from command 'cmd diag config'.
09-21-2015 09:23:20 tfb-lib      DEBUG    Owner ID from 'diag config' retrived as '000000000000000000000000'.
09-21-2015 09:23:20 tfb-lib      DEBUG    Device 'auto-tfb15-01' is in default state.
09-21-2015 09:23:20 testbed      INFO     Target 'auto-tfb15-01' was successfully reset.
09-21-2015 09:24:20 testbed      INFO     Check availability of all testbed components.
09-21-2015 09:24:20 testbed      DEBUG    Getting testbed configuration.
09-21-2015 09:24:20 testbed      DEBUG    Will read list of targets.
09-21-2015 09:24:20 testbed      DEBUG    Found 2 targets.
09-21-2015 09:24:20 testbed      DEBUG    Target's list: ['auto-tfb30-01', 'auto-tfb15-01']
09-21-2015 09:24:20 testbed      DEBUG    Successfully got information about targets, to use in test suite.
09-21-2015 09:24:20 testbed      DEBUG    Will read list of clients.
09-21-2015 09:24:20 testbed      DEBUG    Found 1 client.
09-21-2015 09:24:20 testbed      DEBUG    Client's list: ['win7x64-02']
09-21-2015 09:24:20 testbed      DEBUG    Successfully got information about clients, to use in test suite.
09-21-2015 09:24:20 testbed      DEBUG    Will read list of users.
09-21-2015 09:24:20 testbed      DEBUG    Found 2 users.
09-21-2015 09:24:20 testbed      DEBUG    User's list: ['automation', 'auto-qa01']
09-21-2015 09:24:20 testbed      DEBUG    Successfully got information about users, to use in test suite.
09-21-2015 09:24:20 client-lib   DEBUG    Will read information from config file 'win7x64-02.cfg'.
09-21-2015 09:24:20 client-lib   DEBUG    Getting OS on 'win7x64-02'.
09-21-2015 09:24:20 client-lib   DEBUG    Computer 'win7x64-02' (IP address 172.18.34.163) is running Windows.
09-21-2015 09:24:20 client-lib   DEBUG    Check availability of client 'win7x64-02'.
09-21-2015 09:24:20 client-lib   DEBUG    Getting OS on 'win7x64-02'.
09-21-2015 09:24:21 client-lib   DEBUG    Computer 'win7x64-02' (IP address 172.18.34.163) is running Windows.
09-21-2015 09:24:21 client-lib   DEBUG    Client 'win7x64-02' is running WIN.
09-21-2015 09:24:21 client-lib   INFO     Check user name currently logged on 'win7x64-02'.
09-21-2015 09:24:21 client-lib   DEBUG    Current user on 'win7x64-02' has login 'automation'.
09-21-2015 09:24:21 client-lib   DEBUG    Successfully connected to RPYC running on 'win7x64-02' over IP '172.18.34.163'.
09-21-2015 09:24:21 client-lib   DEBUG    Client's desktop information was retrived from local file 'C:\Users\automation\AppData\Roaming\Connected Data\configuration.ini'.
09-21-2015 09:24:21 client-lib   INFO     Client will use desk app version '4.1.1.19860'.
09-21-2015 09:24:21 client-lib   INFO     Check and remove all network file systems attached to the client 'win7x64-02'.
09-21-2015 09:24:21 client-lib   INFO     Checking for network file systems attached to the client 'win7x64-02'.
09-21-2015 09:24:21 client-lib   DEBUG    Client 'win7x64-02' doesn't have any network file systems attached.
09-21-2015 09:24:21 testbed      DEBUG    Client 'win7x64-02' is available for test execution. It runs WIN.
09-21-2015 09:24:21 tfb-lib      DEBUG    Will read information from config file 'auto-tfb30-01.target'.
09-21-2015 09:24:21 tfb-lib      DEBUG    Validate availability of TFB 'auto-tfb30-01'.
09-21-2015 09:24:21 tfb-lib      DEBUG    First of all check is replicator running.
09-21-2015 09:24:21 tfb-lib      DEBUG    Will check process id for 'replicator' process on TFB 'auto-tfb30-01'.
09-21-2015 09:24:21 tfb-lib      DEBUG    Connecting with SSH to the host: '10.25.1.63' over port 2294.
09-21-2015 09:24:22 tfb-lib      DEBUG    Executing command 'pidof replicator' on remote host.
09-21-2015 09:24:22 tfb-lib      DEBUG    Got process ID for replicator: 6436.
09-21-2015 09:24:22 tfb-lib      DEBUG    Connecting with SSH to the host: '10.25.1.63' over port 2294.
09-21-2015 09:24:23 tfb-lib      DEBUG    Executing command 'cmd diag config' on remote host.
09-21-2015 09:24:24 tfb-lib      DEBUG    Got expected result from command 'cmd diag config'.
09-21-2015 09:24:24 tfb-lib      DEBUG    Owner ID from 'diag config' retrived as '000000000000000000000000'.
09-21-2015 09:24:24 testbed      DEBUG    Target 'auto-tfb30-01' passed pre-fly check. It is unclaimed.
09-21-2015 09:24:24 tfb-lib      DEBUG    Will read information from config file 'auto-tfb15-01.target'.
09-21-2015 09:24:24 tfb-lib      DEBUG    Validate availability of TFB 'auto-tfb15-01'.
09-21-2015 09:24:24 tfb-lib      DEBUG    First of all check is replicator running.
09-21-2015 09:24:24 tfb-lib      DEBUG    Will check process id for 'replicator' process on TFB 'auto-tfb15-01'.
09-21-2015 09:24:24 tfb-lib      DEBUG    Connecting with SSH to the host: '10.25.1.82' over port 2226.
09-21-2015 09:24:24 tfb-lib      DEBUG    Executing command 'pidof replicator' on remote host.
09-21-2015 09:24:24 tfb-lib      DEBUG    Got process ID for replicator: 1748.
09-21-2015 09:24:24 tfb-lib      DEBUG    Connecting with SSH to the host: '10.25.1.82' over port 2226.
09-21-2015 09:24:25 tfb-lib      DEBUG    Executing command 'cmd diag config' on remote host.
09-21-2015 09:24:25 tfb-lib      DEBUG    Got expected result from command 'cmd diag config'.
09-21-2015 09:24:25 tfb-lib      DEBUG    Owner ID from 'diag config' retrived as '000000000000000000000000'.
09-21-2015 09:24:25 testbed      DEBUG    Target 'auto-tfb15-01' passed pre-fly check. It is unclaimed.
09-21-2015 09:24:25 user-lib     DEBUG    Will read information from config file 'automation.cfg'.
09-21-2015 09:24:25 cs-lib       DEBUG    Attempt to get customer ID by account name.
09-21-2015 09:24:27 testbed      DEBUG    User 'automation' passed pre-fly check. Has CID 54c7b9b883b37d1421d465b9.
09-21-2015 09:24:27 user-lib     DEBUG    Will read information from config file 'auto-qa01.cfg'.
09-21-2015 09:24:27 cs-lib       DEBUG    Attempt to get customer ID by account name.
09-21-2015 09:24:27 testbed      DEBUG    User 'auto-qa01' passed pre-fly check. Has CID 54c8041383b37d9136d465b9.
09-21-2015 09:24:27 autobot      INFO     Testbed is ready for execution tests from 'S358: AUTO: Initial play'.
09-21-2015 09:24:27 tfb-lib      DEBUG    Will read information from config file 'auto-tfb30-01.target'.
09-21-2015 09:24:27 tfb-lib      DEBUG    Configuration requires to install latest build.
09-21-2015 09:24:27 tfb-lib      DEBUG    Will search for latest build for '4.2.x' version.
09-21-2015 09:24:27 tfb-lib      DEBUG    Working with build from BuildBot.
09-21-2015 09:24:27 tfb-lib      DEBUG    Delete old version of temporary file.
09-21-2015 09:24:32 tfb-lib      DEBUG    Build path is: http://172.24.12.10/builds/data/buildbot/943/Product/Device/installation/tfb/tfb64-4.2.X.XXXXX.tar.gz
09-21-2015 09:24:32 tfb-lib      DEBUG    Will compare FW version on device versus build version.
09-21-2015 09:24:32 tfb-lib      DEBUG    First of all check is replicator running.
09-21-2015 09:24:32 tfb-lib      DEBUG    Will check process id for 'replicator' process on TFB 'auto-tfb30-01'.
09-21-2015 09:24:32 tfb-lib      DEBUG    Connecting with SSH to the host: '10.25.1.63' over port 2294.
09-21-2015 09:24:33 tfb-lib      DEBUG    Executing command 'pidof replicator' on remote host.
09-21-2015 09:24:33 tfb-lib      DEBUG    Got process ID for replicator: 6436.
09-21-2015 09:24:33 tfb-lib      DEBUG    Connecting with SSH to the host: '10.25.1.63' over port 2294.
09-21-2015 09:24:34 tfb-lib      DEBUG    Executing command 'cmd diag config' on remote host.
09-21-2015 09:24:34 tfb-lib      DEBUG    Got expected result from command 'cmd diag config'.
09-21-2015 09:24:34 tfb-lib      DEBUG    FW version from 'diag config' retrived as '4.2.0 (19876) '.
09-21-2015 09:24:34 tfb-lib      DEBUG    Build exists at http://172.24.12.10/builds/data/buildbot/943/Product/Device/installation/tfb/tfb64-4.2.X.XXXXX.tar.gz
09-21-2015 09:24:34 tfb-lib      DEBUG    Connecting with SSH to the host: '10.25.1.63' over port 2294.
09-21-2015 09:24:35 tfb-lib      DEBUG    Executing command 'echo 2iko.8gas|sudo -S -p '' upgrade-manager full none none http://172.24.12.10/builds/data/buildbot/943/Product/Device/installation/tfb/tfb64-4.2.X.XXXXX.tar.gz' on remote host.
09-21-2015 09:26:30 tfb-lib      DEBUG    Successfully run installation of new build on TFB 'auto-tfb30-01'. Waiting up to 600 seconds.
09-21-2015 09:27:30 tfb-lib      DEBUG    First of all check is replicator running.
09-21-2015 09:27:30 tfb-lib      DEBUG    Will check process id for 'replicator' process on TFB 'auto-tfb30-01'.
09-21-2015 09:27:30 tfb-lib      DEBUG    Connecting with SSH to the host: '10.25.1.63' over port 2294.
09-21-2015 09:27:30 tfb-lib      DEBUG    Executing command 'pidof replicator' on remote host.
09-21-2015 09:27:31 tfb-lib      DEBUG    Got process ID for replicator: 1650.
09-21-2015 09:27:31 tfb-lib      DEBUG    Connecting with SSH to the host: '10.25.1.63' over port 2294.
09-21-2015 09:27:32 tfb-lib      DEBUG    Executing command 'cmd diag config' on remote host.
09-21-2015 09:27:32 tfb-lib      WARNING  Command didn't return expected result. Will wait and then re-run 9 times.
09-21-2015 09:28:32 tfb-lib      DEBUG    Connecting with SSH to the host: '10.25.1.63' over port 2294.
09-21-2015 09:28:33 tfb-lib      DEBUG    Executing command 'cmd diag config' on remote host.
09-21-2015 09:28:33 tfb-lib      DEBUG    Got expected result from command 'cmd diag config'.
09-21-2015 09:28:33 tfb-lib      DEBUG    FW version from 'diag config' retrived as '4.2.0 (19877) '.
09-21-2015 09:28:33 tfb-lib      DEBUG    After 60 seconds TFB 'auto-tfb30-01' reported FW version: '4.2.0 (19877) '.
09-21-2015 09:28:33 tfb-lib      DEBUG    Will read information from config file 'auto-tfb15-01.target'.
09-21-2015 09:28:33 tfb-lib      DEBUG    Configuration requires to install latest build.
09-21-2015 09:28:33 tfb-lib      DEBUG    Will search for latest build for '4.2.x' version.
09-21-2015 09:28:33 tfb-lib      DEBUG    Working with build from BuildBot.
09-21-2015 09:28:33 tfb-lib      DEBUG    Delete old version of temporary file.
09-21-2015 09:28:38 tfb-lib      DEBUG    Build path is: http://172.24.12.10/builds/data/buildbot/943/Product/Device/installation/tfb/tfb64-4.2.X.XXXXX.tar.gz
09-21-2015 09:28:38 tfb-lib      DEBUG    Will compare FW version on device versus build version.
09-21-2015 09:28:38 tfb-lib      DEBUG    First of all check is replicator running.
09-21-2015 09:28:38 tfb-lib      DEBUG    Will check process id for 'replicator' process on TFB 'auto-tfb15-01'.
09-21-2015 09:28:38 tfb-lib      DEBUG    Connecting with SSH to the host: '10.25.1.82' over port 2226.
09-21-2015 09:28:38 tfb-lib      DEBUG    Executing command 'pidof replicator' on remote host.
09-21-2015 09:28:39 tfb-lib      DEBUG    Got process ID for replicator: 1748.
09-21-2015 09:28:39 tfb-lib      DEBUG    Connecting with SSH to the host: '10.25.1.82' over port 2226.
09-21-2015 09:28:39 tfb-lib      DEBUG    Executing command 'cmd diag config' on remote host.
09-21-2015 09:28:40 tfb-lib      DEBUG    Got expected result from command 'cmd diag config'.
09-21-2015 09:28:40 tfb-lib      DEBUG    FW version from 'diag config' retrived as '4.2.0 (19876) '.
09-21-2015 09:28:40 tfb-lib      DEBUG    Build exists at http://172.24.12.10/builds/data/buildbot/943/Product/Device/installation/tfb/tfb64-4.2.X.XXXXX.tar.gz
09-21-2015 09:28:40 tfb-lib      DEBUG    Connecting with SSH to the host: '10.25.1.82' over port 2226.
09-21-2015 09:28:40 tfb-lib      DEBUG    Executing command 'echo 2iko.8gas|sudo -S -p '' upgrade-manager full none none http://172.24.12.10/builds/data/buildbot/943/Product/Device/installation/tfb/tfb64-4.2.X.XXXXX.tar.gz' on remote host.
09-21-2015 09:30:31 tfb-lib      DEBUG    Successfully run installation of new build on TFB 'auto-tfb15-01'. Waiting up to 600 seconds.
09-21-2015 09:31:31 tfb-lib      DEBUG    First of all check is replicator running.
09-21-2015 09:31:31 tfb-lib      DEBUG    Will check process id for 'replicator' process on TFB 'auto-tfb15-01'.
09-21-2015 09:31:31 tfb-lib      DEBUG    Connecting with SSH to the host: '10.25.1.82' over port 2226.
09-21-2015 09:31:54 tfb-lib      WARNING  SSH connection failed: [Errno 51] Network is unreachable.
09-21-2015 09:31:54 tfb-lib      DEBUG    Got process ID for replicator: E.
09-21-2015 09:31:54 tfb-lib      DEBUG    Connecting with SSH to the host: '10.25.1.82' over port 2226.
09-21-2015 09:31:57 tfb-lib      WARNING  SSH connection failed: [Errno 51] Network is unreachable.
09-21-2015 09:31:57 tfb-lib      ERROR    Failed to execute remote command 'cmd diag configWill wait and then retry 9 times.
09-21-2015 09:32:57 tfb-lib      DEBUG    Connecting with SSH to the host: '10.25.1.82' over port 2226.
09-21-2015 09:32:57 tfb-lib      DEBUG    Executing command 'cmd diag config' on remote host.
09-21-2015 09:32:58 tfb-lib      DEBUG    Got expected result from command 'cmd diag config'.
09-21-2015 09:32:58 tfb-lib      DEBUG    FW version from 'diag config' retrived as '4.2.0 (19877) '.
09-21-2015 09:32:58 tfb-lib      DEBUG    After 60 seconds TFB 'auto-tfb15-01' reported FW version: '4.2.0 (19877) '.
09-21-2015 09:32:58 tfb-lib      DEBUG    Will read information from config file 'auto-tfb30-01.target'.
09-21-2015 09:32:58 tfb-lib      DEBUG    First of all check is replicator running.
09-21-2015 09:32:58 tfb-lib      DEBUG    Will check process id for 'replicator' process on TFB 'auto-tfb30-01'.
09-21-2015 09:32:58 tfb-lib      DEBUG    Connecting with SSH to the host: '10.25.1.63' over port 2294.
09-21-2015 09:32:58 tfb-lib      DEBUG    Executing command 'pidof replicator' on remote host.
09-21-2015 09:32:59 tfb-lib      DEBUG    Got process ID for replicator: 1650.
09-21-2015 09:32:59 tfb-lib      DEBUG    Connecting with SSH to the host: '10.25.1.63' over port 2294.
09-21-2015 09:32:59 tfb-lib      DEBUG    Executing command 'cmd diag config' on remote host.
09-21-2015 09:33:00 tfb-lib      DEBUG    Got expected result from command 'cmd diag config'.
09-21-2015 09:33:00 tfb-lib      DEBUG    FW version from 'diag config' retrived as '4.2.0 (19877) '.
09-21-2015 09:33:00 tfb-lib      DEBUG    Will read information from config file 'auto-tfb15-01.target'.
09-21-2015 09:33:00 tfb-lib      DEBUG    First of all check is replicator running.
09-21-2015 09:33:00 tfb-lib      DEBUG    Will check process id for 'replicator' process on TFB 'auto-tfb15-01'.
09-21-2015 09:33:00 tfb-lib      DEBUG    Connecting with SSH to the host: '10.25.1.82' over port 2226.
09-21-2015 09:33:00 tfb-lib      DEBUG    Executing command 'pidof replicator' on remote host.
09-21-2015 09:33:01 tfb-lib      DEBUG    Got process ID for replicator: 1614.
09-21-2015 09:33:01 tfb-lib      DEBUG    Connecting with SSH to the host: '10.25.1.82' over port 2226.
09-21-2015 09:33:01 tfb-lib      DEBUG    Executing command 'cmd diag config' on remote host.
09-21-2015 09:33:01 tfb-lib      DEBUG    Got expected result from command 'cmd diag config'.
09-21-2015 09:33:01 tfb-lib      DEBUG    FW version from 'diag config' retrived as '4.2.0 (19877) '.
09-21-2015 09:33:01 testbed      DEBUG    All transporters are running version '4.2.0 (19877) '.
09-21-2015 09:33:01 autobot      INFO     ------>>
09-21-2015 09:33:01 autobot      INFO     Going to execute test case 'C34126'.
09-21-2015 09:33:01 testbot      DEBUG    Primary transporter will perform nothing, secondary transporter will perform nothing during synchronization.
09-21-2015 09:33:01 testbot      DEBUG    Getting list of devices and users.
