09-21-2015 09:40:14 autobot      INFO     ============================================================================================
09-21-2015 09:40:14 autobot      INFO     Test execution starts 21-Sep-2015 at 09:40:14 PDT
09-21-2015 09:40:14 autobot      INFO     Test execution based on autobot.cfg file.
09-21-2015 09:40:14 autobot      INFO     ============================================================================================
09-21-2015 09:40:14 autobot      INFO     Getting TestRail configuration.
09-21-2015 09:40:14 autobot      DEBUG    Will use TestRail at 'http://172.24.1.33/testrail' using 'qa-auto@connecteddata.com/automatethis'.
09-21-2015 09:40:14 autobot      INFO     Creating connection to the TestRail.
09-21-2015 09:40:15 autobot      INFO     ===> Test suite 'S360: AUTO: Graceful shutdown'.
09-21-2015 09:40:15 autobot      INFO     Starts at 21-Sep-2015 at 09:40:15 PDT
09-21-2015 09:40:15 autobot      INFO     Test suite 'S360 - AUTO: Graceful shutdown' has 1 test case.
09-21-2015 09:40:15 testbed      DEBUG    Will read information from config file 'S360.cfg'.
09-21-2015 09:40:15 testbed      INFO     Check availability of all testbed components.
09-21-2015 09:40:15 testbed      DEBUG    Getting testbed configuration.
09-21-2015 09:40:15 testbed      DEBUG    Will read list of targets.
09-21-2015 09:40:15 testbed      DEBUG    Found 2 targets.
09-21-2015 09:40:15 testbed      DEBUG    Target's list: ['auto-tfb30-01', 'auto-tfb15-01']
09-21-2015 09:40:15 testbed      DEBUG    Successfully got information about targets, to use in test suite.
09-21-2015 09:40:15 testbed      DEBUG    Will read list of clients.
09-21-2015 09:40:15 testbed      DEBUG    Found 1 client.
09-21-2015 09:40:15 testbed      DEBUG    Client's list: ['win7x64-01']
09-21-2015 09:40:15 testbed      DEBUG    Successfully got information about clients, to use in test suite.
09-21-2015 09:40:15 testbed      DEBUG    Will read list of users.
09-21-2015 09:40:15 testbed      DEBUG    Found 2 users.
09-21-2015 09:40:15 testbed      DEBUG    User's list: ['automation', 'auto-qa02']
09-21-2015 09:40:15 testbed      DEBUG    Successfully got information about users, to use in test suite.
09-21-2015 09:40:15 client-lib   DEBUG    Will read information from config file 'win7x64-01.cfg'.
09-21-2015 09:40:15 client-lib   DEBUG    Getting OS on 'win7x64-01'.
09-21-2015 09:40:16 client-lib   DEBUG    Computer 'win7x64-01' (IP address 172.18.34.169) is running Windows.
09-21-2015 09:40:16 client-lib   DEBUG    Check availability of client 'win7x64-01'.
09-21-2015 09:40:16 client-lib   DEBUG    Getting OS on 'win7x64-01'.
09-21-2015 09:40:16 client-lib   DEBUG    Computer 'win7x64-01' (IP address 172.18.34.169) is running Windows.
09-21-2015 09:40:16 client-lib   DEBUG    Client 'win7x64-01' is running WIN.
09-21-2015 09:40:16 client-lib   INFO     Check user name currently logged on 'win7x64-01'.
09-21-2015 09:40:16 client-lib   DEBUG    Current user on 'win7x64-01' has login 'automation'.
09-21-2015 09:40:16 client-lib   DEBUG    Successfully connected to RPYC running on 'win7x64-01' over IP '172.18.34.169'.
09-21-2015 09:40:16 client-lib   DEBUG    Client's desktop information was retrived from local file 'C:\Users\automation\AppData\Roaming\Connected Data\configuration.ini'.
09-21-2015 09:40:16 client-lib   INFO     Client will use desk app version '4.1.1.19860'.
09-21-2015 09:40:16 client-lib   INFO     Check and remove all network file systems attached to the client 'win7x64-01'.
09-21-2015 09:40:16 client-lib   INFO     Checking for network file systems attached to the client 'win7x64-01'.
09-21-2015 09:40:17 client-lib   DEBUG    Client 'win7x64-01' doesn't have any network file systems attached.
09-21-2015 09:40:17 testbed      DEBUG    Client 'win7x64-01' is available for test execution. It runs WIN.
09-21-2015 09:40:17 tfb-lib      DEBUG    Will read information from config file 'auto-tfb30-01.target'.
09-21-2015 09:40:17 tfb-lib      DEBUG    Validate availability of TFB 'auto-tfb30-01'.
09-21-2015 09:40:17 tfb-lib      DEBUG    First of all check is replicator running.
09-21-2015 09:40:17 tfb-lib      DEBUG    Will check process id for 'replicator' process on TFB 'auto-tfb30-01'.
09-21-2015 09:40:17 tfb-lib      DEBUG    Connecting with SSH to the host: '10.25.1.63' over port 2294.
09-21-2015 09:40:17 tfb-lib      DEBUG    Executing command 'pidof replicator' on remote host.
09-21-2015 09:40:18 tfb-lib      DEBUG    Got process ID for replicator: 1650.
09-21-2015 09:40:18 tfb-lib      DEBUG    Connecting with SSH to the host: '10.25.1.63' over port 2294.
09-21-2015 09:40:18 tfb-lib      DEBUG    Executing command 'cmd diag config' on remote host.
09-21-2015 09:40:18 tfb-lib      DEBUG    Got expected result from command 'cmd diag config'.
09-21-2015 09:40:18 tfb-lib      DEBUG    Owner ID from 'diag config' retrived as '000000000000000000000000'.
09-21-2015 09:40:18 testbed      DEBUG    Target 'auto-tfb30-01' passed pre-fly check. It is unclaimed.
09-21-2015 09:40:18 tfb-lib      DEBUG    Will read information from config file 'auto-tfb15-01.target'.
09-21-2015 09:40:18 tfb-lib      DEBUG    Validate availability of TFB 'auto-tfb15-01'.
09-21-2015 09:40:18 tfb-lib      DEBUG    First of all check is replicator running.
09-21-2015 09:40:18 tfb-lib      DEBUG    Will check process id for 'replicator' process on TFB 'auto-tfb15-01'.
09-21-2015 09:40:18 tfb-lib      DEBUG    Connecting with SSH to the host: '10.25.1.82' over port 2226.
09-21-2015 09:40:19 tfb-lib      DEBUG    Executing command 'pidof replicator' on remote host.
09-21-2015 09:40:19 tfb-lib      DEBUG    Got process ID for replicator: 1614.
09-21-2015 09:40:19 tfb-lib      DEBUG    Connecting with SSH to the host: '10.25.1.82' over port 2226.
09-21-2015 09:40:19 tfb-lib      DEBUG    Executing command 'cmd diag config' on remote host.
09-21-2015 09:40:20 tfb-lib      DEBUG    Got expected result from command 'cmd diag config'.
09-21-2015 09:40:20 tfb-lib      DEBUG    Owner ID from 'diag config' retrived as '000000000000000000000000'.
09-21-2015 09:40:20 testbed      DEBUG    Target 'auto-tfb15-01' passed pre-fly check. It is unclaimed.
09-21-2015 09:40:20 user-lib     DEBUG    Will read information from config file 'automation.cfg'.
09-21-2015 09:40:20 cs-lib       DEBUG    Attempt to get customer ID by account name.
09-21-2015 09:40:21 testbed      DEBUG    User 'automation' passed pre-fly check. Has CID 54c7b9b883b37d1421d465b9.
09-21-2015 09:40:21 user-lib     DEBUG    Will read information from config file 'auto-qa02.cfg'.
09-21-2015 09:40:21 cs-lib       DEBUG    Attempt to get customer ID by account name.
09-21-2015 09:40:22 testbed      DEBUG    User 'auto-qa02' passed pre-fly check. Has CID 55dcd3d8bc05399c6d7b23c9.
09-21-2015 09:40:22 autobot      INFO     Testbed is ready for execution tests from 'S360: AUTO: Graceful shutdown'.
09-21-2015 09:40:22 tfb-lib      DEBUG    Will read information from config file 'auto-tfb30-01.target'.
09-21-2015 09:40:22 tfb-lib      DEBUG    Configuration requires to install latest build.
09-21-2015 09:40:22 tfb-lib      DEBUG    Will search for latest build for '4.2.x' version.
09-21-2015 09:40:22 tfb-lib      DEBUG    Working with build from BuildBot.
09-21-2015 09:40:22 tfb-lib      DEBUG    Delete old version of temporary file.
09-21-2015 09:40:27 tfb-lib      DEBUG    Build path is: http://172.24.12.10/builds/data/buildbot/943/Product/Device/installation/tfb/tfb64-4.2.X.XXXXX.tar.gz
09-21-2015 09:40:27 tfb-lib      DEBUG    Will compare FW version on device versus build version.
09-21-2015 09:40:27 tfb-lib      DEBUG    First of all check is replicator running.
09-21-2015 09:40:27 tfb-lib      DEBUG    Will check process id for 'replicator' process on TFB 'auto-tfb30-01'.
09-21-2015 09:40:27 tfb-lib      DEBUG    Connecting with SSH to the host: '10.25.1.63' over port 2294.
09-21-2015 09:40:27 tfb-lib      DEBUG    Executing command 'pidof replicator' on remote host.
09-21-2015 09:40:28 tfb-lib      DEBUG    Got process ID for replicator: 1650.
09-21-2015 09:40:28 tfb-lib      DEBUG    Connecting with SSH to the host: '10.25.1.63' over port 2294.
09-21-2015 09:40:28 tfb-lib      DEBUG    Executing command 'cmd diag config' on remote host.
09-21-2015 09:40:28 tfb-lib      DEBUG    Got expected result from command 'cmd diag config'.
09-21-2015 09:40:28 tfb-lib      DEBUG    FW version from 'diag config' retrived as '4.2.0 (19877) '.
09-21-2015 09:40:28 tfb-lib      INFO     Build has same version as FW installed on TFB 'auto-tfb30-01'. Will skip installation.
09-21-2015 09:40:28 tfb-lib      DEBUG    Will read information from config file 'auto-tfb15-01.target'.
09-21-2015 09:40:28 tfb-lib      DEBUG    Configuration requires to install latest build.
09-21-2015 09:40:28 tfb-lib      DEBUG    Will search for latest build for '4.2.x' version.
09-21-2015 09:40:28 tfb-lib      DEBUG    Working with build from BuildBot.
09-21-2015 09:40:28 tfb-lib      DEBUG    Delete old version of temporary file.
09-21-2015 09:40:33 tfb-lib      DEBUG    Build path is: http://172.24.12.10/builds/data/buildbot/943/Product/Device/installation/tfb/tfb64-4.2.X.XXXXX.tar.gz
09-21-2015 09:40:33 tfb-lib      DEBUG    Will compare FW version on device versus build version.
09-21-2015 09:40:33 tfb-lib      DEBUG    First of all check is replicator running.
09-21-2015 09:40:33 tfb-lib      DEBUG    Will check process id for 'replicator' process on TFB 'auto-tfb15-01'.
09-21-2015 09:40:33 tfb-lib      DEBUG    Connecting with SSH to the host: '10.25.1.82' over port 2226.
09-21-2015 09:40:34 tfb-lib      DEBUG    Executing command 'pidof replicator' on remote host.
09-21-2015 09:40:34 tfb-lib      DEBUG    Got process ID for replicator: 1614.
09-21-2015 09:40:34 tfb-lib      DEBUG    Connecting with SSH to the host: '10.25.1.82' over port 2226.
09-21-2015 09:40:34 tfb-lib      DEBUG    Executing command 'cmd diag config' on remote host.
09-21-2015 09:40:35 tfb-lib      DEBUG    Got expected result from command 'cmd diag config'.
09-21-2015 09:40:35 tfb-lib      DEBUG    FW version from 'diag config' retrived as '4.2.0 (19877) '.
09-21-2015 09:40:35 tfb-lib      INFO     Build has same version as FW installed on TFB 'auto-tfb15-01'. Will skip installation.
09-21-2015 09:40:35 tfb-lib      DEBUG    Will read information from config file 'auto-tfb30-01.target'.
09-21-2015 09:40:35 tfb-lib      DEBUG    First of all check is replicator running.
09-21-2015 09:40:35 tfb-lib      DEBUG    Will check process id for 'replicator' process on TFB 'auto-tfb30-01'.
09-21-2015 09:40:35 tfb-lib      DEBUG    Connecting with SSH to the host: '10.25.1.63' over port 2294.
09-21-2015 09:40:35 tfb-lib      DEBUG    Executing command 'pidof replicator' on remote host.
09-21-2015 09:40:36 tfb-lib      DEBUG    Got process ID for replicator: 1650.
09-21-2015 09:40:36 tfb-lib      DEBUG    Connecting with SSH to the host: '10.25.1.63' over port 2294.
09-21-2015 09:40:36 tfb-lib      DEBUG    Executing command 'cmd diag config' on remote host.
09-21-2015 09:40:37 tfb-lib      DEBUG    Got expected result from command 'cmd diag config'.
09-21-2015 09:40:37 tfb-lib      DEBUG    FW version from 'diag config' retrived as '4.2.0 (19877) '.
09-21-2015 09:40:37 tfb-lib      DEBUG    Will read information from config file 'auto-tfb15-01.target'.
09-21-2015 09:40:37 tfb-lib      DEBUG    First of all check is replicator running.
09-21-2015 09:40:37 tfb-lib      DEBUG    Will check process id for 'replicator' process on TFB 'auto-tfb15-01'.
09-21-2015 09:40:37 tfb-lib      DEBUG    Connecting with SSH to the host: '10.25.1.82' over port 2226.
09-21-2015 09:40:37 tfb-lib      DEBUG    Executing command 'pidof replicator' on remote host.
09-21-2015 09:40:38 tfb-lib      DEBUG    Got process ID for replicator: 1614.
09-21-2015 09:40:38 tfb-lib      DEBUG    Connecting with SSH to the host: '10.25.1.82' over port 2226.
09-21-2015 09:40:38 tfb-lib      DEBUG    Executing command 'cmd diag config' on remote host.
09-21-2015 09:40:39 tfb-lib      DEBUG    Got expected result from command 'cmd diag config'.
09-21-2015 09:40:39 tfb-lib      DEBUG    FW version from 'diag config' retrived as '4.2.0 (19877) '.
09-21-2015 09:40:39 testbed      DEBUG    All transporters are running version '4.2.0 (19877) '.
09-21-2015 09:40:39 autobot      INFO     ------>>
09-21-2015 09:40:39 autobot      INFO     Going to execute test case 'C34209'.
09-21-2015 09:40:39 S360         DEBUG    Start replicator after crash.
09-21-2015 09:40:39 S360         INFO     Transporter will perform crash, then nothing and then check start-up scan.
09-21-2015 09:40:39 S360         DEBUG    Getting list of devices and users.
09-21-2015 09:40:39 testbed      DEBUG    Will read list of targets.
09-21-2015 09:40:39 testbed      DEBUG    Found 2 targets.
09-21-2015 09:40:39 testbed      DEBUG    Target's list: ['auto-tfb30-01', 'auto-tfb15-01']
09-21-2015 09:40:39 testbed      DEBUG    Will read list of users.
09-21-2015 09:40:39 testbed      DEBUG    Found 2 users.
09-21-2015 09:40:39 testbed      DEBUG    User's list: ['automation', 'auto-qa02']
09-21-2015 09:40:39 testbed      DEBUG    Will read list of clients.
09-21-2015 09:40:39 testbed      DEBUG    Found 1 client.
09-21-2015 09:40:39 testbed      DEBUG    Client's list: ['win7x64-01']
09-21-2015 09:40:39 S360         DEBUG    Got URL to send requests to CS - https://dws.connecteddata.com:8078.
09-21-2015 09:40:39 user-lib     DEBUG    Will read information from config file 'automation.cfg'.
09-21-2015 09:40:39 cs-lib       DEBUG    Attempt to get customer ID by account name.
09-21-2015 09:40:39 S360         DEBUG    Got customer ID (54c7b9b883b37d1421d465b9) for org admin (automation).
09-21-2015 09:40:39 user-lib     DEBUG    Will read information from config file 'auto-qa02.cfg'.
09-21-2015 09:40:39 cs-lib       DEBUG    Attempt to get customer ID by account name.
09-21-2015 09:40:39 S360         DEBUG    Got customer ID (55dcd3d8bc05399c6d7b23c9) for regular user (auto-qa02).
09-21-2015 09:40:39 tfb-lib      DEBUG    Will read information from config file 'auto-tfb30-01.target'.
09-21-2015 09:40:39 tfb-lib      DEBUG    Validate availability of TFB 'auto-tfb30-01'.
09-21-2015 09:40:39 tfb-lib      DEBUG    First of all check is replicator running.
09-21-2015 09:40:39 tfb-lib      DEBUG    Will check process id for 'replicator' process on TFB 'auto-tfb30-01'.
09-21-2015 09:40:39 tfb-lib      DEBUG    Connecting with SSH to the host: '10.25.1.63' over port 2294.
09-21-2015 09:40:40 tfb-lib      DEBUG    Executing command 'pidof replicator' on remote host.
09-21-2015 09:40:40 tfb-lib      DEBUG    Got process ID for replicator: 1650.
09-21-2015 09:40:40 tfb-lib      DEBUG    Connecting with SSH to the host: '10.25.1.63' over port 2294.
09-21-2015 09:40:40 tfb-lib      DEBUG    Executing command 'cmd diag config' on remote host.
09-21-2015 09:40:41 tfb-lib      DEBUG    Got expected result from command 'cmd diag config'.
09-21-2015 09:40:41 tfb-lib      DEBUG    Owner ID from 'diag config' retrived as '000000000000000000000000'.
09-21-2015 09:40:41 tfb-lib      DEBUG    First of all check is replicator running.
09-21-2015 09:40:41 tfb-lib      DEBUG    Will check process id for 'replicator' process on TFB 'auto-tfb30-01'.
09-21-2015 09:40:41 tfb-lib      DEBUG    Connecting with SSH to the host: '10.25.1.63' over port 2294.
09-21-2015 09:40:41 tfb-lib      DEBUG    Executing command 'pidof replicator' on remote host.
09-21-2015 09:40:42 tfb-lib      DEBUG    Got process ID for replicator: 1650.
09-21-2015 09:40:42 tfb-lib      DEBUG    Connecting with SSH to the host: '10.25.1.63' over port 2294.
09-21-2015 09:40:42 tfb-lib      DEBUG    Executing command 'cmd diag config' on remote host.
09-21-2015 09:40:43 tfb-lib      DEBUG    Got expected result from command 'cmd diag config'.
09-21-2015 09:40:43 tfb-lib      DEBUG    Device ID from 'diag config' retrived as '5490a7b0a01f46b8350000e9'.
09-21-2015 09:40:43 cs-lib       DEBUG    Attempting to claim device '5490a7b0a01f46b8350000e9' by user '54c7b9b883b37d1421d465b9'.
09-21-2015 09:40:44 cs-lib       DEBUG    Device with ID '5490a7b0a01f46b8350000e9' was successfully claimed.
09-21-2015 09:40:44 tfb-lib      DEBUG    Connecting with SSH to the host: '10.25.1.63' over port 2294.
09-21-2015 09:40:44 tfb-lib      DEBUG    Executing command 'echo 2iko.8gas|sudo -S -p '' /etc/init.d/replicator restart' on remote host.
09-21-2015 09:40:49 tfb-lib      DEBUG    Replicator process is going to restart on TFB 'auto-tfb30-01'. Waiting 60 seconds.
09-21-2015 09:42:49 tfb-lib      DEBUG    Validate availability of TFB 'auto-tfb30-01'.
09-21-2015 09:42:49 tfb-lib      DEBUG    First of all check is replicator running.
09-21-2015 09:42:49 tfb-lib      DEBUG    Will check process id for 'replicator' process on TFB 'auto-tfb30-01'.
09-21-2015 09:42:49 tfb-lib      DEBUG    Connecting with SSH to the host: '10.25.1.63' over port 2294.
09-21-2015 09:42:49 tfb-lib      DEBUG    Executing command 'pidof replicator' on remote host.
09-21-2015 09:42:50 tfb-lib      DEBUG    Got process ID for replicator: 4082.
09-21-2015 09:42:50 tfb-lib      DEBUG    Connecting with SSH to the host: '10.25.1.63' over port 2294.
09-21-2015 09:42:50 tfb-lib      DEBUG    Executing command 'cmd diag config' on remote host.
09-21-2015 09:42:51 tfb-lib      DEBUG    Got expected result from command 'cmd diag config'.
09-21-2015 09:42:51 tfb-lib      DEBUG    Owner ID from 'diag config' retrived as '54c7b9b883b37d1421d465b9'.
09-21-2015 09:42:51 tfb-lib      DEBUG    TFB 'auto-tfb30-01' was successfully claimed with CS call.
09-21-2015 09:42:51 tfb-lib      DEBUG    Rename TFB.
09-21-2015 09:42:51 cs-lib       DEBUG    Rename device to 'auto-tfb30-01'.
09-21-2015 09:42:52 S360         DEBUG    TFB 'auto-tfb30-01' was successfully claimed.
09-21-2015 09:42:52 tfb-lib      DEBUG    Will read information from config file 'auto-tfb15-01.target'.
09-21-2015 09:42:52 tfb-lib      DEBUG    Validate availability of TFB 'auto-tfb15-01'.
09-21-2015 09:42:52 tfb-lib      DEBUG    First of all check is replicator running.
09-21-2015 09:42:52 tfb-lib      DEBUG    Will check process id for 'replicator' process on TFB 'auto-tfb15-01'.
09-21-2015 09:42:52 tfb-lib      DEBUG    Connecting with SSH to the host: '10.25.1.82' over port 2226.
09-21-2015 09:42:53 tfb-lib      DEBUG    Executing command 'pidof replicator' on remote host.
09-21-2015 09:42:53 tfb-lib      DEBUG    Got process ID for replicator: 1614.
09-21-2015 09:42:53 tfb-lib      DEBUG    Connecting with SSH to the host: '10.25.1.82' over port 2226.
09-21-2015 09:42:53 tfb-lib      DEBUG    Executing command 'cmd diag config' on remote host.
09-21-2015 09:42:54 tfb-lib      DEBUG    Got expected result from command 'cmd diag config'.
09-21-2015 09:42:54 tfb-lib      DEBUG    Owner ID from 'diag config' retrived as '000000000000000000000000'.
09-21-2015 09:42:54 tfb-lib      DEBUG    First of all check is replicator running.
09-21-2015 09:42:54 tfb-lib      DEBUG    Will check process id for 'replicator' process on TFB 'auto-tfb15-01'.
09-21-2015 09:42:54 tfb-lib      DEBUG    Connecting with SSH to the host: '10.25.1.82' over port 2226.
09-21-2015 09:42:54 tfb-lib      DEBUG    Executing command 'pidof replicator' on remote host.
09-21-2015 09:42:55 tfb-lib      DEBUG    Got process ID for replicator: 1614.
09-21-2015 09:42:55 tfb-lib      DEBUG    Connecting with SSH to the host: '10.25.1.82' over port 2226.
09-21-2015 09:42:55 tfb-lib      DEBUG    Executing command 'cmd diag config' on remote host.
09-21-2015 09:42:56 tfb-lib      DEBUG    Got expected result from command 'cmd diag config'.
09-21-2015 09:42:56 tfb-lib      DEBUG    Device ID from 'diag config' retrived as '5490a7b0a01f46b8350000e2'.
09-21-2015 09:42:56 cs-lib       DEBUG    Attempting to claim device '5490a7b0a01f46b8350000e2' by user '54c7b9b883b37d1421d465b9'.
09-21-2015 09:42:57 cs-lib       DEBUG    Device with ID '5490a7b0a01f46b8350000e2' was successfully claimed.
09-21-2015 09:42:57 tfb-lib      DEBUG    Connecting with SSH to the host: '10.25.1.82' over port 2226.
09-21-2015 09:42:57 tfb-lib      DEBUG    Executing command 'echo 2iko.8gas|sudo -S -p '' /etc/init.d/replicator restart' on remote host.
09-21-2015 09:43:02 tfb-lib      DEBUG    Replicator process is going to restart on TFB 'auto-tfb15-01'. Waiting 60 seconds.
09-21-2015 09:45:02 tfb-lib      DEBUG    Validate availability of TFB 'auto-tfb15-01'.
09-21-2015 09:45:02 tfb-lib      DEBUG    First of all check is replicator running.
09-21-2015 09:45:02 tfb-lib      DEBUG    Will check process id for 'replicator' process on TFB 'auto-tfb15-01'.
09-21-2015 09:45:02 tfb-lib      DEBUG    Connecting with SSH to the host: '10.25.1.82' over port 2226.
09-21-2015 09:45:02 tfb-lib      DEBUG    Executing command 'pidof replicator' on remote host.
09-21-2015 09:45:03 tfb-lib      DEBUG    Got process ID for replicator: 3622.
09-21-2015 09:45:03 tfb-lib      DEBUG    Connecting with SSH to the host: '10.25.1.82' over port 2226.
09-21-2015 09:45:03 tfb-lib      DEBUG    Executing command 'cmd diag config' on remote host.
09-21-2015 09:45:04 tfb-lib      DEBUG    Got expected result from command 'cmd diag config'.
09-21-2015 09:45:04 tfb-lib      DEBUG    Owner ID from 'diag config' retrived as '54c7b9b883b37d1421d465b9'.
09-21-2015 09:45:04 tfb-lib      DEBUG    TFB 'auto-tfb15-01' was successfully claimed with CS call.
09-21-2015 09:45:04 tfb-lib      DEBUG    Rename TFB.
09-21-2015 09:45:04 cs-lib       DEBUG    Rename device to 'auto-tfb15-01'.
09-21-2015 09:45:05 S360         DEBUG    TFB 'auto-tfb15-01' was claimed.
09-21-2015 09:45:05 client-lib   DEBUG    Will read information from config file 'win7x64-01.cfg'.
09-21-2015 09:45:05 client-lib   DEBUG    Getting OS on 'win7x64-01'.
09-21-2015 09:45:05 client-lib   DEBUG    Computer 'win7x64-01' (IP address 172.18.34.169) is running Windows.
09-21-2015 09:45:05 cs-lib       DEBUG    Will create pool 'AUTO_S360-01'.
09-21-2015 09:45:05 cs-lib       DEBUG    Attempting to create pool.
09-21-2015 09:45:05 cs-lib       DEBUG    Configuration required 'MW' type of AUTO_S360-01 pool.
09-21-2015 09:45:05 cs-lib       WARNING  NAS info is missing. Pool will be created as 'MW' type.
09-21-2015 09:45:06 cs-lib       ERROR    Pool 'AUTO_S360-01' was not created. Error code is 409.
09-21-2015 09:45:06 cs-lib       ERROR    Failed to create pool 'AUTO_S360-01'.
09-21-2015 09:45:06 S360         ERROR    Unable to setup pool 'AUTO_S360-01'.
09-21-2015 09:45:06 S360         ERROR    There are not enough shared pools on client 'win7x64-01'.
09-21-2015 09:45:06 S360         ERROR    Test case C34209 didn't pass. Returned code is '13'.
09-21-2015 09:45:06 autobot      WARNING  Test case 'C34209' cannot run because of error not related to the case.
09-21-2015 09:45:06 autobot      INFO     Will retry to execute test case on clean setup.
09-21-2015 09:45:06 testbed      INFO     Attempt to bring testbed into default state.
09-21-2015 09:45:06 testbed      DEBUG    Getting testbed configuration.
09-21-2015 09:45:06 testbed      DEBUG    Will read list of targets.
09-21-2015 09:45:06 testbed      DEBUG    Found 2 targets.
09-21-2015 09:45:06 testbed      DEBUG    Target's list: ['auto-tfb30-01', 'auto-tfb15-01']
09-21-2015 09:45:06 testbed      DEBUG    Successfully got information about targets, to use in test suite.
09-21-2015 09:45:06 testbed      DEBUG    Will read list of clients.
09-21-2015 09:45:06 testbed      DEBUG    Found 1 client.
09-21-2015 09:45:06 testbed      DEBUG    Client's list: ['win7x64-01']
09-21-2015 09:45:06 testbed      DEBUG    Successfully got information about clients, to use in test suite.
09-21-2015 09:45:06 testbed      DEBUG    Will read list of users.
09-21-2015 09:45:06 testbed      DEBUG    Found 2 users.
09-21-2015 09:45:06 testbed      DEBUG    User's list: ['automation', 'auto-qa02']
09-21-2015 09:45:06 testbed      DEBUG    Successfully got information about users, to use in test suite.
09-21-2015 09:45:06 client-lib   DEBUG    Will read information from config file 'win7x64-01.cfg'.
09-21-2015 09:45:06 client-lib   DEBUG    Getting OS on 'win7x64-01'.
09-21-2015 09:45:06 client-lib   DEBUG    Computer 'win7x64-01' (IP address 172.18.34.169) is running Windows.
09-21-2015 09:45:06 client-lib   INFO     Attempt to set client according to config file.
09-21-2015 09:45:06 client-lib   DEBUG    Disconnect all attached storages if any.
09-21-2015 09:45:06 client-lib   INFO     Check and remove all network file systems attached to the client 'win7x64-01'.
09-21-2015 09:45:06 client-lib   INFO     Checking for network file systems attached to the client 'win7x64-01'.
09-21-2015 09:45:06 client-lib   DEBUG    Client 'win7x64-01' doesn't have any network file systems attached.
09-21-2015 09:45:06 client-lib   DEBUG    All attacheg network storages should be already disconnected.
09-21-2015 09:45:06 client-lib   DEBUG    Delete everything from Transporter directory.
09-21-2015 09:45:06 client-lib   DEBUG    Will delete everything in Transporter folder
09-21-2015 09:45:07 client-lib   DEBUG    Deleting AUTO_S358.
09-21-2015 09:45:07 client-lib   DEBUG    Will delete everything in AUTO_S358
09-21-2015 09:45:07 client-lib   DEBUG    auto_s358 does not exist.
09-21-2015 09:45:07 client-lib   DEBUG    Deleting desktop.ini.
09-21-2015 09:45:07 client-lib   DEBUG    Will delete everything in desktop.ini
09-21-2015 09:45:07 client-lib   DEBUG    desktop.ini does not exist.
09-21-2015 09:45:07 client-lib   DEBUG    Will not delete Transporter Library because it is part of 'Transporter Library'.
09-21-2015 09:45:07 client-lib   DEBUG    Everything should be already removed from Transporter directory.
09-21-2015 09:45:07 testbed      INFO     Client 'win7x64-01' was successfully reset.
09-21-2015 09:45:07 tfb-lib      DEBUG    Will read information from config file 'auto-tfb30-01.target'.
09-21-2015 09:45:07 tfb-lib      INFO     Attempt to bring TFB 'auto-tfb30-01' to default state.
09-21-2015 09:45:07 tfb-lib      DEBUG    Will wait for TFB 'auto-tfb30-01' to start SSH deamon.
09-21-2015 09:45:07 tfb-lib      DEBUG    Connecting with SSH to the host: '10.25.1.63' over port 2294.
09-21-2015 09:45:08 tfb-lib      DEBUG    Executing command 'hostname' on remote host.
09-21-2015 09:45:08 tfb-lib      DEBUG    Device accessable over SSH. Response was tfb

09-21-2015 09:45:08 tfb-lib      DEBUG    Will wait for TFB 'auto-tfb30-01' to start replicator.
09-21-2015 09:45:08 tfb-lib      DEBUG    Will check process id for 'replicator' process on TFB 'auto-tfb30-01'.
09-21-2015 09:45:08 tfb-lib      DEBUG    Connecting with SSH to the host: '10.25.1.63' over port 2294.
09-21-2015 09:45:08 tfb-lib      DEBUG    Executing command 'pidof replicator' on remote host.
09-21-2015 09:45:09 tfb-lib      DEBUG    Replicator process is running. Process ID is 4082
09-21-2015 09:45:09 tfb-lib      DEBUG    Validate availability of TFB 'auto-tfb30-01'.
09-21-2015 09:45:09 tfb-lib      DEBUG    First of all check is replicator running.
09-21-2015 09:45:09 tfb-lib      DEBUG    Will check process id for 'replicator' process on TFB 'auto-tfb30-01'.
09-21-2015 09:45:09 tfb-lib      DEBUG    Connecting with SSH to the host: '10.25.1.63' over port 2294.
09-21-2015 09:45:09 tfb-lib      DEBUG    Executing command 'pidof replicator' on remote host.
09-21-2015 09:45:10 tfb-lib      DEBUG    Got process ID for replicator: 4082.
09-21-2015 09:45:10 tfb-lib      DEBUG    Connecting with SSH to the host: '10.25.1.63' over port 2294.
09-21-2015 09:45:10 tfb-lib      DEBUG    Executing command 'cmd diag config' on remote host.
09-21-2015 09:45:11 tfb-lib      DEBUG    Got expected result from command 'cmd diag config'.
09-21-2015 09:45:11 tfb-lib      DEBUG    Owner ID from 'diag config' retrived as '54c7b9b883b37d1421d465b9'.
09-21-2015 09:45:11 tfb-lib      DEBUG    First of all check is replicator running.
09-21-2015 09:45:11 tfb-lib      DEBUG    Will check process id for 'replicator' process on TFB 'auto-tfb30-01'.
09-21-2015 09:45:11 tfb-lib      DEBUG    Connecting with SSH to the host: '10.25.1.63' over port 2294.
09-21-2015 09:45:11 tfb-lib      DEBUG    Executing command 'pidof replicator' on remote host.
09-21-2015 09:45:11 tfb-lib      DEBUG    Got process ID for replicator: 4082.
09-21-2015 09:45:11 tfb-lib      DEBUG    Connecting with SSH to the host: '10.25.1.63' over port 2294.
09-21-2015 09:45:12 tfb-lib      DEBUG    Executing command 'cmd diag config' on remote host.
09-21-2015 09:45:12 tfb-lib      DEBUG    Got expected result from command 'cmd diag config'.
09-21-2015 09:45:12 tfb-lib      DEBUG    Device ID from 'diag config' retrived as '5490a7b0a01f46b8350000e9'.
09-21-2015 09:45:12 tfb-lib      DEBUG    First of all check is replicator running.
09-21-2015 09:45:12 tfb-lib      DEBUG    Will check process id for 'replicator' process on TFB 'auto-tfb30-01'.
09-21-2015 09:45:12 tfb-lib      DEBUG    Connecting with SSH to the host: '10.25.1.63' over port 2294.
09-21-2015 09:45:13 tfb-lib      DEBUG    Executing command 'pidof replicator' on remote host.
09-21-2015 09:45:13 tfb-lib      DEBUG    Got process ID for replicator: 4082.
09-21-2015 09:45:13 tfb-lib      DEBUG    Connecting with SSH to the host: '10.25.1.63' over port 2294.
09-21-2015 09:45:13 tfb-lib      DEBUG    Executing command 'cmd diag config' on remote host.
09-21-2015 09:45:14 tfb-lib      DEBUG    Got expected result from command 'cmd diag config'.
09-21-2015 09:45:14 tfb-lib      DEBUG    Owner ID from 'diag config' retrived as '54c7b9b883b37d1421d465b9'.
09-21-2015 09:45:14 cs-lib       DEBUG    Attempting to reset device
09-21-2015 09:45:15 cs-lib       DEBUG    Device with ID '5490a7b0a01f46b8350000e9' was successfully reset.
09-21-2015 09:45:15 tfb-lib      DEBUG    Archiving and storing replicator logs.
09-21-2015 09:45:15 tfb-lib      DEBUG    Connecting with SSH to the host: '10.25.1.63' over port 2294.
09-21-2015 09:45:15 tfb-lib      DEBUG    Executing command 'tar -zcvf 2015Sep21-094515_replicator_logs_from_TFB_auto-tfb30-01.tar.gz /replicator/logs' on remote host.
09-21-2015 09:45:16 tfb-lib      DEBUG    Connecting with SSH to the host: '10.25.1.63' over port 2294.
09-21-2015 09:45:16 tfb-lib      DEBUG    Executing command 'echo 2iko.8gas|sudo -S -p '' /etc/init.d/replicator restart' on remote host.
09-21-2015 09:45:24 tfb-lib      DEBUG    Replicator process is going to restart on TFB 'auto-tfb30-01'. Waiting 60 seconds.
09-21-2015 09:47:24 tfb-lib      DEBUG    Connecting with SSH to the host: '10.25.1.63' over port 2294.
09-21-2015 09:47:25 tfb-lib      DEBUG    Executing command 'echo 2iko.8gas|sudo -S -p '' /etc/init.d/replicator restart' on remote host.
09-21-2015 09:49:28 tfb-lib      DEBUG    Replicator process is going to restart on TFB 'auto-tfb30-01'. Waiting 60 seconds.
09-21-2015 09:52:28 tfb-lib      DEBUG    Validate availability of TFB 'auto-tfb30-01'.
09-21-2015 09:52:28 tfb-lib      DEBUG    First of all check is replicator running.
09-21-2015 09:52:28 tfb-lib      DEBUG    Will check process id for 'replicator' process on TFB 'auto-tfb30-01'.
09-21-2015 09:52:28 tfb-lib      DEBUG    Connecting with SSH to the host: '10.25.1.63' over port 2294.
09-21-2015 09:52:29 tfb-lib      DEBUG    Executing command 'pidof replicator' on remote host.
09-21-2015 09:52:29 tfb-lib      WARNING  Process ID for replicator returns empty string.
09-21-2015 09:52:29 tfb-lib      WARNING  Replicator is down. Will try to start it.
09-21-2015 09:52:29 tfb-lib      DEBUG    Connecting with SSH to the host: '10.25.1.63' over port 2294.
09-21-2015 09:52:29 tfb-lib      DEBUG    Executing command 'echo 2iko.8gas|sudo -S -p '' /etc/init.d/replicator start' on remote host.
09-21-2015 09:52:30 tfb-lib      DEBUG    Replicator process is going to start on TFB 'auto-tfb30-01'. Waiting 60 seconds.
09-21-2015 09:54:30 tfb-lib      DEBUG    Will check process id for 'replicator' process on TFB 'auto-tfb30-01'.
09-21-2015 09:54:30 tfb-lib      DEBUG    Connecting with SSH to the host: '10.25.1.63' over port 2294.
09-21-2015 09:54:30 tfb-lib      DEBUG    Executing command 'pidof replicator' on remote host.
09-21-2015 09:54:31 tfb-lib      DEBUG    Got process ID for replicator: 5671.
09-21-2015 09:54:31 tfb-lib      DEBUG    Connecting with SSH to the host: '10.25.1.63' over port 2294.
09-21-2015 09:54:31 tfb-lib      DEBUG    Executing command 'cmd diag config' on remote host.
09-21-2015 09:54:32 tfb-lib      DEBUG    Got expected result from command 'cmd diag config'.
09-21-2015 09:54:32 tfb-lib      DEBUG    Owner ID from 'diag config' retrived as '000000000000000000000000'.
09-21-2015 09:54:32 tfb-lib      DEBUG    TFB 'auto-tfb30-01' was successfully reset with CS call.
09-21-2015 09:55:32 tfb-lib      DEBUG    Validate availability of TFB 'auto-tfb30-01'.
09-21-2015 09:55:32 tfb-lib      DEBUG    First of all check is replicator running.
09-21-2015 09:55:32 tfb-lib      DEBUG    Will check process id for 'replicator' process on TFB 'auto-tfb30-01'.
09-21-2015 09:55:32 tfb-lib      DEBUG    Connecting with SSH to the host: '10.25.1.63' over port 2294.
09-21-2015 09:55:32 tfb-lib      DEBUG    Executing command 'pidof replicator' on remote host.
09-21-2015 09:55:33 tfb-lib      DEBUG    Got process ID for replicator: 5671.
09-21-2015 09:55:33 tfb-lib      DEBUG    Connecting with SSH to the host: '10.25.1.63' over port 2294.
09-21-2015 09:55:33 tfb-lib      DEBUG    Executing command 'cmd diag config' on remote host.
09-21-2015 09:55:33 tfb-lib      DEBUG    Got expected result from command 'cmd diag config'.
09-21-2015 09:55:33 tfb-lib      DEBUG    Owner ID from 'diag config' retrived as '000000000000000000000000'.
09-21-2015 09:55:33 tfb-lib      DEBUG    Device 'auto-tfb30-01' is in default state.
09-21-2015 09:55:33 testbed      INFO     Target 'auto-tfb30-01' was successfully reset.
09-21-2015 09:55:33 tfb-lib      DEBUG    Will read information from config file 'auto-tfb15-01.target'.
09-21-2015 09:55:33 tfb-lib      INFO     Attempt to bring TFB 'auto-tfb15-01' to default state.
09-21-2015 09:55:33 tfb-lib      DEBUG    Will wait for TFB 'auto-tfb15-01' to start SSH deamon.
09-21-2015 09:55:33 tfb-lib      DEBUG    Connecting with SSH to the host: '10.25.1.82' over port 2226.
09-21-2015 09:55:35 tfb-lib      DEBUG    Executing command 'hostname' on remote host.
09-21-2015 09:55:38 tfb-lib      DEBUG    Device accessable over SSH. Response was tfb

09-21-2015 09:55:38 tfb-lib      DEBUG    Will wait for TFB 'auto-tfb15-01' to start replicator.
09-21-2015 09:55:38 tfb-lib      DEBUG    Will check process id for 'replicator' process on TFB 'auto-tfb15-01'.
09-21-2015 09:55:38 tfb-lib      DEBUG    Connecting with SSH to the host: '10.25.1.82' over port 2226.
09-21-2015 09:55:38 tfb-lib      DEBUG    Executing command 'pidof replicator' on remote host.
09-21-2015 09:55:39 tfb-lib      DEBUG    Replicator process is running. Process ID is 3622
09-21-2015 09:55:39 tfb-lib      DEBUG    Validate availability of TFB 'auto-tfb15-01'.
09-21-2015 09:55:39 tfb-lib      DEBUG    First of all check is replicator running.
09-21-2015 09:55:39 tfb-lib      DEBUG    Will check process id for 'replicator' process on TFB 'auto-tfb15-01'.
09-21-2015 09:55:39 tfb-lib      DEBUG    Connecting with SSH to the host: '10.25.1.82' over port 2226.
09-21-2015 09:55:39 tfb-lib      DEBUG    Executing command 'pidof replicator' on remote host.
09-21-2015 09:55:39 tfb-lib      DEBUG    Got process ID for replicator: 3622.
09-21-2015 09:55:39 tfb-lib      DEBUG    Connecting with SSH to the host: '10.25.1.82' over port 2226.
09-21-2015 09:55:40 tfb-lib      DEBUG    Executing command 'cmd diag config' on remote host.
09-21-2015 09:55:40 tfb-lib      DEBUG    Got expected result from command 'cmd diag config'.
09-21-2015 09:55:40 tfb-lib      DEBUG    Owner ID from 'diag config' retrived as '54c7b9b883b37d1421d465b9'.
09-21-2015 09:55:40 tfb-lib      DEBUG    First of all check is replicator running.
09-21-2015 09:55:40 tfb-lib      DEBUG    Will check process id for 'replicator' process on TFB 'auto-tfb15-01'.
09-21-2015 09:55:40 tfb-lib      DEBUG    Connecting with SSH to the host: '10.25.1.82' over port 2226.
09-21-2015 09:55:40 tfb-lib      DEBUG    Executing command 'pidof replicator' on remote host.
09-21-2015 09:55:41 tfb-lib      DEBUG    Got process ID for replicator: 3622.
09-21-2015 09:55:41 tfb-lib      DEBUG    Connecting with SSH to the host: '10.25.1.82' over port 2226.
09-21-2015 09:55:41 tfb-lib      DEBUG    Executing command 'cmd diag config' on remote host.
09-21-2015 09:55:42 tfb-lib      DEBUG    Got expected result from command 'cmd diag config'.
09-21-2015 09:55:42 tfb-lib      DEBUG    Device ID from 'diag config' retrived as '5490a7b0a01f46b8350000e2'.
09-21-2015 09:55:42 tfb-lib      DEBUG    First of all check is replicator running.
09-21-2015 09:55:42 tfb-lib      DEBUG    Will check process id for 'replicator' process on TFB 'auto-tfb15-01'.
09-21-2015 09:55:42 tfb-lib      DEBUG    Connecting with SSH to the host: '10.25.1.82' over port 2226.
09-21-2015 09:55:42 tfb-lib      DEBUG    Executing command 'pidof replicator' on remote host.
09-21-2015 09:55:43 tfb-lib      DEBUG    Got process ID for replicator: 3622.
09-21-2015 09:55:43 tfb-lib      DEBUG    Connecting with SSH to the host: '10.25.1.82' over port 2226.
09-21-2015 09:55:43 tfb-lib      DEBUG    Executing command 'cmd diag config' on remote host.
09-21-2015 09:55:44 tfb-lib      DEBUG    Got expected result from command 'cmd diag config'.
09-21-2015 09:55:44 tfb-lib      DEBUG    Owner ID from 'diag config' retrived as '54c7b9b883b37d1421d465b9'.
09-21-2015 09:55:44 cs-lib       DEBUG    Attempting to reset device
09-21-2015 09:55:45 cs-lib       DEBUG    Device with ID '5490a7b0a01f46b8350000e2' was successfully reset.
09-21-2015 09:55:45 tfb-lib      DEBUG    Archiving and storing replicator logs.
09-21-2015 09:55:45 tfb-lib      DEBUG    Connecting with SSH to the host: '10.25.1.82' over port 2226.
09-21-2015 09:55:45 tfb-lib      DEBUG    Executing command 'tar -zcvf 2015Sep21-095545_replicator_logs_from_TFB_auto-tfb15-01.tar.gz /replicator/logs' on remote host.
09-21-2015 09:55:46 tfb-lib      DEBUG    Connecting with SSH to the host: '10.25.1.82' over port 2226.
09-21-2015 09:55:47 tfb-lib      DEBUG    Executing command 'echo 2iko.8gas|sudo -S -p '' /etc/init.d/replicator restart' on remote host.
09-21-2015 09:57:51 tfb-lib      DEBUG    Replicator process is going to restart on TFB 'auto-tfb15-01'. Waiting 60 seconds.
09-21-2015 09:59:51 tfb-lib      DEBUG    Connecting with SSH to the host: '10.25.1.82' over port 2226.
09-21-2015 09:59:51 tfb-lib      DEBUG    Executing command 'echo 2iko.8gas|sudo -S -p '' /etc/init.d/replicator restart' on remote host.
09-21-2015 10:01:55 tfb-lib      DEBUG    Replicator process is going to restart on TFB 'auto-tfb15-01'. Waiting 60 seconds.
09-21-2015 10:04:55 tfb-lib      DEBUG    Validate availability of TFB 'auto-tfb15-01'.
09-21-2015 10:04:55 tfb-lib      DEBUG    First of all check is replicator running.
09-21-2015 10:04:55 tfb-lib      DEBUG    Will check process id for 'replicator' process on TFB 'auto-tfb15-01'.
09-21-2015 10:04:55 tfb-lib      DEBUG    Connecting with SSH to the host: '10.25.1.82' over port 2226.
09-21-2015 10:04:55 tfb-lib      DEBUG    Executing command 'pidof replicator' on remote host.
09-21-2015 10:04:56 tfb-lib      DEBUG    Got process ID for replicator: 6294.
09-21-2015 10:04:56 tfb-lib      DEBUG    Connecting with SSH to the host: '10.25.1.82' over port 2226.
09-21-2015 10:04:56 tfb-lib      DEBUG    Executing command 'cmd diag config' on remote host.
09-21-2015 10:04:57 tfb-lib      DEBUG    Got expected result from command 'cmd diag config'.
09-21-2015 10:04:57 tfb-lib      DEBUG    Owner ID from 'diag config' retrived as '000000000000000000000000'.
09-21-2015 10:04:57 tfb-lib      DEBUG    TFB 'auto-tfb15-01' was successfully reset with CS call.
09-21-2015 10:05:57 tfb-lib      DEBUG    Validate availability of TFB 'auto-tfb15-01'.
09-21-2015 10:05:57 tfb-lib      DEBUG    First of all check is replicator running.
09-21-2015 10:05:57 tfb-lib      DEBUG    Will check process id for 'replicator' process on TFB 'auto-tfb15-01'.
09-21-2015 10:05:57 tfb-lib      DEBUG    Connecting with SSH to the host: '10.25.1.82' over port 2226.
09-21-2015 10:05:57 tfb-lib      DEBUG    Executing command 'pidof replicator' on remote host.
09-21-2015 10:05:58 tfb-lib      DEBUG    Got process ID for replicator: 6294.
09-21-2015 10:05:58 tfb-lib      DEBUG    Connecting with SSH to the host: '10.25.1.82' over port 2226.
09-21-2015 10:05:58 tfb-lib      DEBUG    Executing command 'cmd diag config' on remote host.
09-21-2015 10:05:59 tfb-lib      DEBUG    Got expected result from command 'cmd diag config'.
09-21-2015 10:05:59 tfb-lib      DEBUG    Owner ID from 'diag config' retrived as '000000000000000000000000'.
09-21-2015 10:05:59 tfb-lib      DEBUG    Device 'auto-tfb15-01' is in default state.
09-21-2015 10:05:59 testbed      INFO     Target 'auto-tfb15-01' was successfully reset.
09-21-2015 10:05:59 S360         DEBUG    Start replicator after crash.
09-21-2015 10:05:59 S360         INFO     Transporter will perform crash, then nothing and then check start-up scan.
09-21-2015 10:05:59 S360         DEBUG    Getting list of devices and users.
09-21-2015 10:05:59 testbed      DEBUG    Will read list of targets.
09-21-2015 10:05:59 testbed      DEBUG    Found 2 targets.
09-21-2015 10:05:59 testbed      DEBUG    Target's list: ['auto-tfb30-01', 'auto-tfb15-01']
09-21-2015 10:05:59 testbed      DEBUG    Will read list of users.
09-21-2015 10:05:59 testbed      DEBUG    Found 2 users.
09-21-2015 10:05:59 testbed      DEBUG    User's list: ['automation', 'auto-qa02']
09-21-2015 10:05:59 testbed      DEBUG    Will read list of clients.
09-21-2015 10:05:59 testbed      DEBUG    Found 1 client.
09-21-2015 10:05:59 testbed      DEBUG    Client's list: ['win7x64-01']
09-21-2015 10:05:59 S360         DEBUG    Got URL to send requests to CS - https://dws.connecteddata.com:8078.
09-21-2015 10:05:59 user-lib     DEBUG    Will read information from config file 'automation.cfg'.
09-21-2015 10:05:59 cs-lib       DEBUG    Attempt to get customer ID by account name.
09-21-2015 10:06:00 S360         DEBUG    Got customer ID (54c7b9b883b37d1421d465b9) for org admin (automation).
09-21-2015 10:06:00 user-lib     DEBUG    Will read information from config file 'auto-qa02.cfg'.
09-21-2015 10:06:00 cs-lib       DEBUG    Attempt to get customer ID by account name.
09-21-2015 10:06:00 S360         DEBUG    Got customer ID (55dcd3d8bc05399c6d7b23c9) for regular user (auto-qa02).
09-21-2015 10:06:00 tfb-lib      DEBUG    Will read information from config file 'auto-tfb30-01.target'.
09-21-2015 10:06:00 tfb-lib      DEBUG    Validate availability of TFB 'auto-tfb30-01'.
09-21-2015 10:06:00 tfb-lib      DEBUG    First of all check is replicator running.
09-21-2015 10:06:00 tfb-lib      DEBUG    Will check process id for 'replicator' process on TFB 'auto-tfb30-01'.
09-21-2015 10:06:00 tfb-lib      DEBUG    Connecting with SSH to the host: '10.25.1.63' over port 2294.
09-21-2015 10:06:01 tfb-lib      DEBUG    Executing command 'pidof replicator' on remote host.
09-21-2015 10:06:01 tfb-lib      DEBUG    Got process ID for replicator: 5671.
09-21-2015 10:06:01 tfb-lib      DEBUG    Connecting with SSH to the host: '10.25.1.63' over port 2294.
09-21-2015 10:06:02 tfb-lib      DEBUG    Executing command 'cmd diag config' on remote host.
09-21-2015 10:06:02 tfb-lib      DEBUG    Got expected result from command 'cmd diag config'.
09-21-2015 10:06:02 tfb-lib      DEBUG    Owner ID from 'diag config' retrived as '000000000000000000000000'.
09-21-2015 10:06:02 tfb-lib      DEBUG    First of all check is replicator running.
09-21-2015 10:06:02 tfb-lib      DEBUG    Will check process id for 'replicator' process on TFB 'auto-tfb30-01'.
09-21-2015 10:06:02 tfb-lib      DEBUG    Connecting with SSH to the host: '10.25.1.63' over port 2294.
09-21-2015 10:06:02 tfb-lib      DEBUG    Executing command 'pidof replicator' on remote host.
09-21-2015 10:06:03 tfb-lib      DEBUG    Got process ID for replicator: 5671.
09-21-2015 10:06:03 tfb-lib      DEBUG    Connecting with SSH to the host: '10.25.1.63' over port 2294.
09-21-2015 10:06:03 tfb-lib      DEBUG    Executing command 'cmd diag config' on remote host.
09-21-2015 10:06:04 tfb-lib      DEBUG    Got expected result from command 'cmd diag config'.
09-21-2015 10:06:04 tfb-lib      DEBUG    Device ID from 'diag config' retrived as '5490a7b0a01f46b8350000e9'.
09-21-2015 10:06:04 cs-lib       DEBUG    Attempting to claim device '5490a7b0a01f46b8350000e9' by user '54c7b9b883b37d1421d465b9'.
09-21-2015 10:06:05 cs-lib       DEBUG    Device with ID '5490a7b0a01f46b8350000e9' was successfully claimed.
09-21-2015 10:06:05 tfb-lib      DEBUG    Connecting with SSH to the host: '10.25.1.63' over port 2294.
09-21-2015 10:06:05 tfb-lib      DEBUG    Executing command 'echo 2iko.8gas|sudo -S -p '' /etc/init.d/replicator restart' on remote host.
09-21-2015 10:06:10 tfb-lib      DEBUG    Replicator process is going to restart on TFB 'auto-tfb30-01'. Waiting 60 seconds.
09-21-2015 10:08:10 tfb-lib      DEBUG    Validate availability of TFB 'auto-tfb30-01'.
09-21-2015 10:08:10 tfb-lib      DEBUG    First of all check is replicator running.
09-21-2015 10:08:10 tfb-lib      DEBUG    Will check process id for 'replicator' process on TFB 'auto-tfb30-01'.
09-21-2015 10:08:10 tfb-lib      DEBUG    Connecting with SSH to the host: '10.25.1.63' over port 2294.
09-21-2015 10:08:10 tfb-lib      DEBUG    Executing command 'pidof replicator' on remote host.
09-21-2015 10:08:11 tfb-lib      DEBUG    Got process ID for replicator: 7338.
09-21-2015 10:08:11 tfb-lib      DEBUG    Connecting with SSH to the host: '10.25.1.63' over port 2294.
09-21-2015 10:08:11 tfb-lib      DEBUG    Executing command 'cmd diag config' on remote host.
09-21-2015 10:08:12 tfb-lib      DEBUG    Got expected result from command 'cmd diag config'.
09-21-2015 10:08:12 tfb-lib      DEBUG    Owner ID from 'diag config' retrived as '54c7b9b883b37d1421d465b9'.
09-21-2015 10:08:12 tfb-lib      DEBUG    TFB 'auto-tfb30-01' was successfully claimed with CS call.
09-21-2015 10:08:12 tfb-lib      DEBUG    Rename TFB.
09-21-2015 10:08:12 cs-lib       DEBUG    Rename device to 'auto-tfb30-01'.
09-21-2015 10:08:13 S360         DEBUG    TFB 'auto-tfb30-01' was successfully claimed.
09-21-2015 10:08:13 tfb-lib      DEBUG    Will read information from config file 'auto-tfb15-01.target'.
09-21-2015 10:08:13 tfb-lib      DEBUG    Validate availability of TFB 'auto-tfb15-01'.
09-21-2015 10:08:13 tfb-lib      DEBUG    First of all check is replicator running.
09-21-2015 10:08:13 tfb-lib      DEBUG    Will check process id for 'replicator' process on TFB 'auto-tfb15-01'.
09-21-2015 10:08:13 tfb-lib      DEBUG    Connecting with SSH to the host: '10.25.1.82' over port 2226.
09-21-2015 10:08:13 tfb-lib      DEBUG    Executing command 'pidof replicator' on remote host.
09-21-2015 10:08:14 tfb-lib      DEBUG    Got process ID for replicator: 6294.
09-21-2015 10:08:14 tfb-lib      DEBUG    Connecting with SSH to the host: '10.25.1.82' over port 2226.
09-21-2015 10:08:14 tfb-lib      DEBUG    Executing command 'cmd diag config' on remote host.
09-21-2015 10:08:15 tfb-lib      DEBUG    Got expected result from command 'cmd diag config'.
09-21-2015 10:08:15 tfb-lib      DEBUG    Owner ID from 'diag config' retrived as '000000000000000000000000'.
09-21-2015 10:08:15 tfb-lib      DEBUG    First of all check is replicator running.
09-21-2015 10:08:15 tfb-lib      DEBUG    Will check process id for 'replicator' process on TFB 'auto-tfb15-01'.
09-21-2015 10:08:15 tfb-lib      DEBUG    Connecting with SSH to the host: '10.25.1.82' over port 2226.
09-21-2015 10:08:15 tfb-lib      DEBUG    Executing command 'pidof replicator' on remote host.
09-21-2015 10:08:16 tfb-lib      DEBUG    Got process ID for replicator: 6294.
09-21-2015 10:08:16 tfb-lib      DEBUG    Connecting with SSH to the host: '10.25.1.82' over port 2226.
09-21-2015 10:08:16 tfb-lib      DEBUG    Executing command 'cmd diag config' on remote host.
09-21-2015 10:08:17 tfb-lib      DEBUG    Got expected result from command 'cmd diag config'.
09-21-2015 10:08:17 tfb-lib      DEBUG    Device ID from 'diag config' retrived as '5490a7b0a01f46b8350000e2'.
09-21-2015 10:08:17 cs-lib       DEBUG    Attempting to claim device '5490a7b0a01f46b8350000e2' by user '54c7b9b883b37d1421d465b9'.
09-21-2015 10:08:18 cs-lib       DEBUG    Device with ID '5490a7b0a01f46b8350000e2' was successfully claimed.
09-21-2015 10:08:18 tfb-lib      DEBUG    Connecting with SSH to the host: '10.25.1.82' over port 2226.
09-21-2015 10:08:18 tfb-lib      DEBUG    Executing command 'echo 2iko.8gas|sudo -S -p '' /etc/init.d/replicator restart' on remote host.
09-21-2015 10:08:23 tfb-lib      DEBUG    Replicator process is going to restart on TFB 'auto-tfb15-01'. Waiting 60 seconds.
09-21-2015 10:10:23 tfb-lib      DEBUG    Validate availability of TFB 'auto-tfb15-01'.
09-21-2015 10:10:23 tfb-lib      DEBUG    First of all check is replicator running.
09-21-2015 10:10:23 tfb-lib      DEBUG    Will check process id for 'replicator' process on TFB 'auto-tfb15-01'.
09-21-2015 10:10:23 tfb-lib      DEBUG    Connecting with SSH to the host: '10.25.1.82' over port 2226.
09-21-2015 10:10:23 tfb-lib      DEBUG    Executing command 'pidof replicator' on remote host.
09-21-2015 10:10:24 tfb-lib      DEBUG    Got process ID for replicator: 7290.
09-21-2015 10:10:24 tfb-lib      DEBUG    Connecting with SSH to the host: '10.25.1.82' over port 2226.
09-21-2015 10:10:24 tfb-lib      DEBUG    Executing command 'cmd diag config' on remote host.
09-21-2015 10:10:25 tfb-lib      DEBUG    Got expected result from command 'cmd diag config'.
09-21-2015 10:10:25 tfb-lib      DEBUG    Owner ID from 'diag config' retrived as '54c7b9b883b37d1421d465b9'.
09-21-2015 10:10:25 tfb-lib      DEBUG    TFB 'auto-tfb15-01' was successfully claimed with CS call.
09-21-2015 10:10:25 tfb-lib      DEBUG    Rename TFB.
09-21-2015 10:10:25 cs-lib       DEBUG    Rename device to 'auto-tfb15-01'.
09-21-2015 10:10:26 S360         DEBUG    TFB 'auto-tfb15-01' was claimed.
09-21-2015 10:10:26 client-lib   DEBUG    Will read information from config file 'win7x64-01.cfg'.
09-21-2015 10:10:26 client-lib   DEBUG    Getting OS on 'win7x64-01'.
09-21-2015 10:10:26 client-lib   DEBUG    Computer 'win7x64-01' (IP address 172.18.34.169) is running Windows.
09-21-2015 10:10:26 cs-lib       DEBUG    Will create pool 'AUTO_S360-01'.
09-21-2015 10:10:26 cs-lib       DEBUG    Attempting to create pool.
09-21-2015 10:10:26 cs-lib       DEBUG    Configuration required 'MW' type of AUTO_S360-01 pool.
09-21-2015 10:10:26 cs-lib       WARNING  NAS info is missing. Pool will be created as 'MW' type.
09-21-2015 10:10:27 cs-lib       ERROR    Pool 'AUTO_S360-01' was not created. Error code is 409.
09-21-2015 10:10:27 cs-lib       ERROR    Failed to create pool 'AUTO_S360-01'.
09-21-2015 10:10:27 S360         ERROR    Unable to setup pool 'AUTO_S360-01'.
09-21-2015 10:10:27 S360         ERROR    There are not enough shared pools on client 'win7x64-01'.
09-21-2015 10:10:27 S360         ERROR    Test case C34209 didn't pass. Returned code is '13'.
09-21-2015 10:10:27 autobot      DEBUG    Re-execution on freshly cleaned setup: Test case 'C34209' didn't pass.
09-21-2015 10:10:27 autobot      INFO     Test case 'C34209' didn't pass.
09-21-2015 10:10:27 autobot      DEBUG    Execution result of test case 'C34209' was successfully submitted to the TestRail.
09-21-2015 10:10:27 autobot      INFO     ---> Summary for 'S360: AUTO: Graceful shutdown'.
09-21-2015 10:10:27 autobot      INFO     Executed 1 test cases.
09-21-2015 10:10:27 autobot      INFO     Execution time is 00:30:11
09-21-2015 10:10:27 autobot      INFO     ============================================================================================
09-21-2015 10:10:27 autobot      INFO     Total test execution time is 00:30:12
