09-22-2015 09:50:24 autobot      INFO     ============================================================================================
09-22-2015 09:50:24 autobot      INFO     Test execution starts 22-Sep-2015 at 09:50:24 PDT
09-22-2015 09:50:24 autobot      INFO     Test execution based on autobot.cfg file.
09-22-2015 09:50:24 autobot      INFO     ============================================================================================
09-22-2015 09:50:24 autobot      INFO     Getting TestRail configuration.
09-22-2015 09:50:24 autobot      DEBUG    Will use TestRail at 'http://172.24.1.33/testrail' using 'qa-auto@connecteddata.com/automatethis'.
09-22-2015 09:50:24 autobot      INFO     Creating connection to the TestRail.
09-22-2015 09:50:25 autobot      INFO     ===> Test suite 'S360: AUTO: Graceful shutdown'.
09-22-2015 09:50:25 autobot      INFO     Starts at 22-Sep-2015 at 09:50:25 PDT
09-22-2015 09:50:25 autobot      INFO     Test suite 'S360 - AUTO: Graceful shutdown' has 1 test case.
09-22-2015 09:50:25 testbed      DEBUG    Will read information from config file 'S360.cfg'.
09-22-2015 09:50:25 testbed      INFO     Check availability of all testbed components.
09-22-2015 09:50:25 testbed      DEBUG    Getting testbed configuration.
09-22-2015 09:50:25 testbed      DEBUG    Will read list of targets.
09-22-2015 09:50:25 testbed      DEBUG    Found 2 targets.
09-22-2015 09:50:25 testbed      DEBUG    Target's list: ['auto-tfb30-01', 'auto-tfb15-01']
09-22-2015 09:50:25 testbed      DEBUG    Successfully got information about targets, to use in test suite.
09-22-2015 09:50:25 testbed      DEBUG    Will read list of clients.
09-22-2015 09:50:25 testbed      DEBUG    Found 1 client.
09-22-2015 09:50:25 testbed      DEBUG    Client's list: ['win7x64-01']
09-22-2015 09:50:25 testbed      DEBUG    Successfully got information about clients, to use in test suite.
09-22-2015 09:50:25 testbed      DEBUG    Will read list of users.
09-22-2015 09:50:25 testbed      DEBUG    Found 2 users.
09-22-2015 09:50:25 testbed      DEBUG    User's list: ['automation', 'auto-qa02']
09-22-2015 09:50:25 testbed      DEBUG    Successfully got information about users, to use in test suite.
09-22-2015 09:50:25 client-lib   DEBUG    Will read information from config file 'win7x64-01.cfg'.
09-22-2015 09:50:25 client-lib   DEBUG    Getting OS on 'win7x64-01'.
09-22-2015 09:50:25 client-lib   DEBUG    Computer 'win7x64-01' (IP address 172.18.34.169) is running Windows.
09-22-2015 09:50:25 client-lib   DEBUG    Check availability of client 'win7x64-01'.
09-22-2015 09:50:25 client-lib   DEBUG    Getting OS on 'win7x64-01'.
09-22-2015 09:50:26 client-lib   DEBUG    Computer 'win7x64-01' (IP address 172.18.34.169) is running Windows.
09-22-2015 09:50:26 client-lib   DEBUG    Client 'win7x64-01' is running WIN.
09-22-2015 09:50:26 client-lib   INFO     Check user name currently logged on 'win7x64-01'.
09-22-2015 09:50:26 client-lib   DEBUG    Current user on 'win7x64-01' has login 'automation'.
09-22-2015 09:50:26 client-lib   DEBUG    Successfully connected to RPYC running on 'win7x64-01' over IP '172.18.34.169'.
09-22-2015 09:50:26 client-lib   DEBUG    Client's desktop information was retrived from local file 'C:\Users\automation\AppData\Roaming\Connected Data\configuration.ini'.
09-22-2015 09:50:26 client-lib   INFO     Client will use desk app version '4.1.1.19860'.
09-22-2015 09:50:26 client-lib   INFO     Check and remove all network file systems attached to the client 'win7x64-01'.
09-22-2015 09:50:26 client-lib   INFO     Checking for network file systems attached to the client 'win7x64-01'.
09-22-2015 09:50:27 client-lib   DEBUG    Client 'win7x64-01' doesn't have any network file systems attached.
09-22-2015 09:50:27 testbed      DEBUG    Client 'win7x64-01' is available for test execution. It runs WIN.
09-22-2015 09:50:27 tfb-lib      DEBUG    Will read information from config file 'auto-tfb30-01.target'.
09-22-2015 09:50:27 tfb-lib      DEBUG    Validate availability of TFB 'auto-tfb30-01'.
09-22-2015 09:50:27 tfb-lib      DEBUG    First of all check is replicator running.
09-22-2015 09:50:27 tfb-lib      DEBUG    Will check process id for 'replicator' process on TFB 'auto-tfb30-01'.
09-22-2015 09:50:27 tfb-lib      DEBUG    Connecting with SSH to the host: '10.25.1.63' over port 2294.
09-22-2015 09:50:27 tfb-lib      DEBUG    Executing command 'pidof replicator' on remote host.
09-22-2015 09:50:28 tfb-lib      WARNING  Process ID for replicator returns empty string.
09-22-2015 09:50:28 tfb-lib      WARNING  Replicator is down. Will try to start it.
09-22-2015 09:50:28 tfb-lib      DEBUG    Connecting with SSH to the host: '10.25.1.63' over port 2294.
09-22-2015 09:50:28 tfb-lib      DEBUG    Executing command 'echo 2iko.8gas|sudo -S -p '' /etc/init.d/replicator start' on remote host.
09-22-2015 09:50:29 tfb-lib      DEBUG    Replicator process is going to start on TFB 'auto-tfb30-01'. Waiting 60 seconds.
09-22-2015 09:52:29 tfb-lib      DEBUG    Will check process id for 'replicator' process on TFB 'auto-tfb30-01'.
09-22-2015 09:52:29 tfb-lib      DEBUG    Connecting with SSH to the host: '10.25.1.63' over port 2294.
09-22-2015 09:52:29 tfb-lib      DEBUG    Executing command 'pidof replicator' on remote host.
09-22-2015 09:52:30 tfb-lib      DEBUG    Got process ID for replicator: 6250.
09-22-2015 09:52:30 tfb-lib      DEBUG    Connecting with SSH to the host: '10.25.1.63' over port 2294.
09-22-2015 09:52:30 tfb-lib      DEBUG    Executing command 'cmd diag config' on remote host.
09-22-2015 09:52:31 tfb-lib      DEBUG    Got expected result from command 'cmd diag config'.
09-22-2015 09:52:31 tfb-lib      DEBUG    Owner ID from 'diag config' retrived as '000000000000000000000000'.
09-22-2015 09:52:31 testbed      DEBUG    Target 'auto-tfb30-01' passed pre-fly check. It is unclaimed.
09-22-2015 09:52:31 tfb-lib      DEBUG    Will read information from config file 'auto-tfb15-01.target'.
09-22-2015 09:52:31 tfb-lib      DEBUG    Validate availability of TFB 'auto-tfb15-01'.
09-22-2015 09:52:31 tfb-lib      DEBUG    First of all check is replicator running.
09-22-2015 09:52:31 tfb-lib      DEBUG    Will check process id for 'replicator' process on TFB 'auto-tfb15-01'.
09-22-2015 09:52:31 tfb-lib      DEBUG    Connecting with SSH to the host: '10.25.1.82' over port 2226.
09-22-2015 09:52:32 tfb-lib      DEBUG    Executing command 'pidof replicator' on remote host.
09-22-2015 09:52:32 tfb-lib      DEBUG    Got process ID for replicator: 5358.
09-22-2015 09:52:32 tfb-lib      DEBUG    Connecting with SSH to the host: '10.25.1.82' over port 2226.
09-22-2015 09:52:32 tfb-lib      DEBUG    Executing command 'cmd diag config' on remote host.
09-22-2015 09:52:33 tfb-lib      DEBUG    Got expected result from command 'cmd diag config'.
09-22-2015 09:52:33 tfb-lib      DEBUG    Owner ID from 'diag config' retrived as '000000000000000000000000'.
09-22-2015 09:52:33 testbed      DEBUG    Target 'auto-tfb15-01' passed pre-fly check. It is unclaimed.
09-22-2015 09:52:33 user-lib     DEBUG    Will read information from config file 'automation.cfg'.
09-22-2015 09:52:33 cs-lib       DEBUG    Attempt to get customer ID by account name.
09-22-2015 09:52:34 testbed      DEBUG    User 'automation' passed pre-fly check. Has CID 54c7b9b883b37d1421d465b9.
09-22-2015 09:52:34 user-lib     DEBUG    Will read information from config file 'auto-qa02.cfg'.
09-22-2015 09:52:34 cs-lib       DEBUG    Attempt to get customer ID by account name.
09-22-2015 09:52:35 testbed      DEBUG    User 'auto-qa02' passed pre-fly check. Has CID 55dcd3d8bc05399c6d7b23c9.
09-22-2015 09:52:35 autobot      INFO     Testbed is ready for execution tests from 'S360: AUTO: Graceful shutdown'.
09-22-2015 09:52:35 tfb-lib      DEBUG    Will read information from config file 'auto-tfb30-01.target'.
09-22-2015 09:52:35 tfb-lib      DEBUG    Configuration requires to install latest build.
09-22-2015 09:52:35 tfb-lib      DEBUG    Will search for latest build for '4.2.x' version.
09-22-2015 09:52:35 tfb-lib      DEBUG    Working with build from BuildBot.
09-22-2015 09:52:35 tfb-lib      DEBUG    Delete old version of temporary file.
09-22-2015 09:52:40 tfb-lib      DEBUG    Build path is: http://172.24.12.10/builds/data/buildbot/945/Product/Device/installation/tfb/tfb64-4.2.X.XXXXX.tar.gz
09-22-2015 09:52:40 tfb-lib      DEBUG    Will compare FW version on device versus build version.
09-22-2015 09:52:40 tfb-lib      DEBUG    First of all check is replicator running.
09-22-2015 09:52:40 tfb-lib      DEBUG    Will check process id for 'replicator' process on TFB 'auto-tfb30-01'.
09-22-2015 09:52:40 tfb-lib      DEBUG    Connecting with SSH to the host: '10.25.1.63' over port 2294.
09-22-2015 09:52:40 tfb-lib      DEBUG    Executing command 'pidof replicator' on remote host.
09-22-2015 09:52:41 tfb-lib      DEBUG    Got process ID for replicator: 6250.
09-22-2015 09:52:41 tfb-lib      DEBUG    Connecting with SSH to the host: '10.25.1.63' over port 2294.
09-22-2015 09:52:41 tfb-lib      DEBUG    Executing command 'cmd diag config' on remote host.
09-22-2015 09:52:45 tfb-lib      WARNING  Command didn't return expected result. Will wait and then re-run 9 times.
09-22-2015 09:53:45 tfb-lib      DEBUG    Connecting with SSH to the host: '10.25.1.63' over port 2294.
09-22-2015 09:53:45 tfb-lib      DEBUG    Executing command 'cmd diag config' on remote host.
09-22-2015 09:55:47 tfb-lib      WARNING  Command didn't return expected result. Will wait and then re-run 8 times.
09-22-2015 09:56:47 tfb-lib      DEBUG    Connecting with SSH to the host: '10.25.1.63' over port 2294.
09-22-2015 09:56:47 tfb-lib      DEBUG    Executing command 'cmd diag config' on remote host.
09-22-2015 09:58:48 tfb-lib      WARNING  Command didn't return expected result. Will wait and then re-run 7 times.
09-22-2015 09:59:48 tfb-lib      DEBUG    Connecting with SSH to the host: '10.25.1.63' over port 2294.
09-22-2015 09:59:48 tfb-lib      DEBUG    Executing command 'cmd diag config' on remote host.
09-22-2015 10:01:49 tfb-lib      WARNING  Command didn't return expected result. Will wait and then re-run 6 times.
09-22-2015 10:02:49 tfb-lib      DEBUG    Connecting with SSH to the host: '10.25.1.63' over port 2294.
09-22-2015 10:02:49 tfb-lib      DEBUG    Executing command 'cmd diag config' on remote host.
09-22-2015 10:04:50 tfb-lib      WARNING  Command didn't return expected result. Will wait and then re-run 5 times.
09-22-2015 10:05:50 tfb-lib      DEBUG    Connecting with SSH to the host: '10.25.1.63' over port 2294.
09-22-2015 10:05:50 tfb-lib      DEBUG    Executing command 'cmd diag config' on remote host.
09-22-2015 10:07:51 tfb-lib      WARNING  Command didn't return expected result. Will wait and then re-run 4 times.
09-22-2015 10:08:51 tfb-lib      DEBUG    Connecting with SSH to the host: '10.25.1.63' over port 2294.
09-22-2015 10:08:51 tfb-lib      DEBUG    Executing command 'cmd diag config' on remote host.
09-22-2015 10:10:52 tfb-lib      WARNING  Command didn't return expected result. Will wait and then re-run 3 times.
09-22-2015 10:11:52 tfb-lib      DEBUG    Connecting with SSH to the host: '10.25.1.63' over port 2294.
09-22-2015 10:11:52 tfb-lib      DEBUG    Executing command 'cmd diag config' on remote host.
09-22-2015 10:13:53 tfb-lib      WARNING  Command didn't return expected result. Will wait and then re-run 2 times.
09-22-2015 10:14:53 tfb-lib      DEBUG    Connecting with SSH to the host: '10.25.1.63' over port 2294.
09-22-2015 10:14:53 tfb-lib      DEBUG    Executing command 'cmd diag config' on remote host.
09-22-2015 10:15:15 tfb-lib      WARNING  Command didn't return expected result. Will wait and then re-run 1 times.
09-22-2015 10:16:15 tfb-lib      ERROR    It takes too long to get reply. Something is wrong!
09-22-2015 10:16:15 tfb-lib      ERROR    Cannot read FW version from 'diag config'. It didn't reply.
09-22-2015 10:16:15 tfb-lib      DEBUG    Build exists at http://172.24.12.10/builds/data/buildbot/945/Product/Device/installation/tfb/tfb64-4.2.X.XXXXX.tar.gz
09-22-2015 10:16:15 tfb-lib      DEBUG    Connecting with SSH to the host: '10.25.1.63' over port 2294.
09-22-2015 10:16:15 tfb-lib      DEBUG    Executing command 'echo 2iko.8gas|sudo -S -p '' upgrade-manager full none none http://172.24.12.10/builds/data/buildbot/945/Product/Device/installation/tfb/tfb64-4.2.X.XXXXX.tar.gz' on remote host.
09-22-2015 10:18:11 tfb-lib      DEBUG    Successfully run installation of new build on TFB 'auto-tfb30-01'. Waiting up to 600 seconds.
09-22-2015 10:19:11 tfb-lib      DEBUG    First of all check is replicator running.
09-22-2015 10:19:11 tfb-lib      DEBUG    Will check process id for 'replicator' process on TFB 'auto-tfb30-01'.
09-22-2015 10:19:11 tfb-lib      DEBUG    Connecting with SSH to the host: '10.25.1.63' over port 2294.
09-22-2015 10:19:12 tfb-lib      DEBUG    Executing command 'pidof replicator' on remote host.
09-22-2015 10:19:13 tfb-lib      DEBUG    Got process ID for replicator: 1806.
09-22-2015 10:19:13 tfb-lib      DEBUG    Connecting with SSH to the host: '10.25.1.63' over port 2294.
09-22-2015 10:19:13 tfb-lib      DEBUG    Executing command 'cmd diag config' on remote host.
09-22-2015 10:19:13 tfb-lib      WARNING  Command didn't return expected result. Will wait and then re-run 9 times.
09-22-2015 10:20:13 tfb-lib      DEBUG    Connecting with SSH to the host: '10.25.1.63' over port 2294.
09-22-2015 10:20:14 tfb-lib      DEBUG    Executing command 'cmd diag config' on remote host.
09-22-2015 10:20:14 tfb-lib      DEBUG    Got expected result from command 'cmd diag config'.
09-22-2015 10:20:14 tfb-lib      DEBUG    FW version from 'diag config' retrived as '4.2.0 (19881) '.
09-22-2015 10:20:14 tfb-lib      DEBUG    After 60 seconds TFB 'auto-tfb30-01' reported FW version: '4.2.0 (19881) '.
09-22-2015 10:20:14 tfb-lib      DEBUG    Will read information from config file 'auto-tfb15-01.target'.
09-22-2015 10:20:14 tfb-lib      DEBUG    Configuration requires to install latest build.
09-22-2015 10:20:14 tfb-lib      DEBUG    Will search for latest build for '4.2.x' version.
09-22-2015 10:20:14 tfb-lib      DEBUG    Working with build from BuildBot.
09-22-2015 10:20:14 tfb-lib      DEBUG    Delete old version of temporary file.
09-22-2015 10:20:19 tfb-lib      DEBUG    Build path is: http://172.24.12.10/builds/data/buildbot/945/Product/Device/installation/tfb/tfb64-4.2.X.XXXXX.tar.gz
09-22-2015 10:20:19 tfb-lib      DEBUG    Will compare FW version on device versus build version.
09-22-2015 10:20:19 tfb-lib      DEBUG    First of all check is replicator running.
09-22-2015 10:20:19 tfb-lib      DEBUG    Will check process id for 'replicator' process on TFB 'auto-tfb15-01'.
09-22-2015 10:20:19 tfb-lib      DEBUG    Connecting with SSH to the host: '10.25.1.82' over port 2226.
09-22-2015 10:20:20 tfb-lib      DEBUG    Executing command 'pidof replicator' on remote host.
09-22-2015 10:20:20 tfb-lib      DEBUG    Got process ID for replicator: 5358.
09-22-2015 10:20:20 tfb-lib      DEBUG    Connecting with SSH to the host: '10.25.1.82' over port 2226.
09-22-2015 10:20:21 tfb-lib      DEBUG    Executing command 'cmd diag config' on remote host.
09-22-2015 10:20:21 tfb-lib      DEBUG    Got expected result from command 'cmd diag config'.
09-22-2015 10:20:21 tfb-lib      DEBUG    FW version from 'diag config' retrived as '4.2.0 (19881) '.
09-22-2015 10:20:21 tfb-lib      INFO     Build has same version as FW installed on TFB 'auto-tfb15-01'. Will skip installation.
09-22-2015 10:20:21 tfb-lib      DEBUG    Will read information from config file 'auto-tfb30-01.target'.
09-22-2015 10:20:21 tfb-lib      DEBUG    First of all check is replicator running.
09-22-2015 10:20:21 tfb-lib      DEBUG    Will check process id for 'replicator' process on TFB 'auto-tfb30-01'.
09-22-2015 10:20:21 tfb-lib      DEBUG    Connecting with SSH to the host: '10.25.1.63' over port 2294.
09-22-2015 10:20:21 tfb-lib      DEBUG    Executing command 'pidof replicator' on remote host.
09-22-2015 10:20:22 tfb-lib      DEBUG    Got process ID for replicator: 1806.
09-22-2015 10:20:22 tfb-lib      DEBUG    Connecting with SSH to the host: '10.25.1.63' over port 2294.
09-22-2015 10:20:22 tfb-lib      DEBUG    Executing command 'cmd diag config' on remote host.
09-22-2015 10:20:23 tfb-lib      DEBUG    Got expected result from command 'cmd diag config'.
09-22-2015 10:20:23 tfb-lib      DEBUG    FW version from 'diag config' retrived as '4.2.0 (19881) '.
09-22-2015 10:20:23 tfb-lib      DEBUG    Will read information from config file 'auto-tfb15-01.target'.
09-22-2015 10:20:23 tfb-lib      DEBUG    First of all check is replicator running.
09-22-2015 10:20:23 tfb-lib      DEBUG    Will check process id for 'replicator' process on TFB 'auto-tfb15-01'.
09-22-2015 10:20:23 tfb-lib      DEBUG    Connecting with SSH to the host: '10.25.1.82' over port 2226.
09-22-2015 10:20:23 tfb-lib      DEBUG    Executing command 'pidof replicator' on remote host.
09-22-2015 10:20:24 tfb-lib      DEBUG    Got process ID for replicator: 5358.
09-22-2015 10:20:24 tfb-lib      DEBUG    Connecting with SSH to the host: '10.25.1.82' over port 2226.
09-22-2015 10:20:24 tfb-lib      DEBUG    Executing command 'cmd diag config' on remote host.
09-22-2015 10:20:25 tfb-lib      DEBUG    Got expected result from command 'cmd diag config'.
09-22-2015 10:20:25 tfb-lib      DEBUG    FW version from 'diag config' retrived as '4.2.0 (19881) '.
09-22-2015 10:20:25 testbed      DEBUG    All transporters are running version '4.2.0 (19881) '.
09-22-2015 10:20:25 autobot      INFO     ------>>
09-22-2015 10:20:25 autobot      INFO     Going to execute test case 'C34209'.
09-22-2015 10:20:25 S360         DEBUG    Start replicator after crash.
09-22-2015 10:20:25 S360         INFO     Transporter will perform crash, then nothing and then check start-up scan.
09-22-2015 10:20:25 S360         DEBUG    Getting list of devices and users.
09-22-2015 10:20:25 testbed      DEBUG    Will read list of targets.
09-22-2015 10:20:25 testbed      DEBUG    Found 2 targets.
09-22-2015 10:20:25 testbed      DEBUG    Target's list: ['auto-tfb30-01', 'auto-tfb15-01']
09-22-2015 10:20:25 testbed      DEBUG    Will read list of users.
09-22-2015 10:20:25 testbed      DEBUG    Found 2 users.
09-22-2015 10:20:25 testbed      DEBUG    User's list: ['automation', 'auto-qa02']
09-22-2015 10:20:25 testbed      DEBUG    Will read list of clients.
09-22-2015 10:20:25 testbed      DEBUG    Found 1 client.
09-22-2015 10:20:25 testbed      DEBUG    Client's list: ['win7x64-01']
09-22-2015 10:20:25 S360         DEBUG    Got URL to send requests to CS - https://dws.connecteddata.com:8078.
09-22-2015 10:20:25 user-lib     DEBUG    Will read information from config file 'automation.cfg'.
09-22-2015 10:20:25 cs-lib       DEBUG    Attempt to get customer ID by account name.
09-22-2015 10:20:26 S360         DEBUG    Got customer ID (54c7b9b883b37d1421d465b9) for org admin (automation).
09-22-2015 10:20:26 user-lib     DEBUG    Will read information from config file 'auto-qa02.cfg'.
09-22-2015 10:20:26 cs-lib       DEBUG    Attempt to get customer ID by account name.
09-22-2015 10:20:26 S360         DEBUG    Got customer ID (55dcd3d8bc05399c6d7b23c9) for regular user (auto-qa02).
09-22-2015 10:20:26 tfb-lib      DEBUG    Will read information from config file 'auto-tfb30-01.target'.
09-22-2015 10:20:26 tfb-lib      DEBUG    Validate availability of TFB 'auto-tfb30-01'.
09-22-2015 10:20:26 tfb-lib      DEBUG    First of all check is replicator running.
09-22-2015 10:20:26 tfb-lib      DEBUG    Will check process id for 'replicator' process on TFB 'auto-tfb30-01'.
09-22-2015 10:20:26 tfb-lib      DEBUG    Connecting with SSH to the host: '10.25.1.63' over port 2294.
09-22-2015 10:20:27 tfb-lib      DEBUG    Executing command 'pidof replicator' on remote host.
09-22-2015 10:20:27 tfb-lib      DEBUG    Got process ID for replicator: 1806.
09-22-2015 10:20:27 tfb-lib      DEBUG    Connecting with SSH to the host: '10.25.1.63' over port 2294.
09-22-2015 10:20:27 tfb-lib      DEBUG    Executing command 'cmd diag config' on remote host.
09-22-2015 10:20:28 tfb-lib      DEBUG    Got expected result from command 'cmd diag config'.
09-22-2015 10:20:28 tfb-lib      DEBUG    Owner ID from 'diag config' retrived as '000000000000000000000000'.
09-22-2015 10:20:28 tfb-lib      DEBUG    First of all check is replicator running.
09-22-2015 10:20:28 tfb-lib      DEBUG    Will check process id for 'replicator' process on TFB 'auto-tfb30-01'.
09-22-2015 10:20:28 tfb-lib      DEBUG    Connecting with SSH to the host: '10.25.1.63' over port 2294.
09-22-2015 10:20:28 tfb-lib      DEBUG    Executing command 'pidof replicator' on remote host.
09-22-2015 10:20:29 tfb-lib      DEBUG    Got process ID for replicator: 1806.
09-22-2015 10:20:29 tfb-lib      DEBUG    Connecting with SSH to the host: '10.25.1.63' over port 2294.
09-22-2015 10:20:29 tfb-lib      DEBUG    Executing command 'cmd diag config' on remote host.
09-22-2015 10:20:30 tfb-lib      DEBUG    Got expected result from command 'cmd diag config'.
09-22-2015 10:20:30 tfb-lib      DEBUG    Device ID from 'diag config' retrived as '5490a7b0a01f46b8350000e9'.
09-22-2015 10:20:30 cs-lib       DEBUG    Attempting to claim device '5490a7b0a01f46b8350000e9' by user '54c7b9b883b37d1421d465b9'.
09-22-2015 10:20:31 cs-lib       DEBUG    Device with ID '5490a7b0a01f46b8350000e9' was successfully claimed.
09-22-2015 10:20:31 tfb-lib      DEBUG    Connecting with SSH to the host: '10.25.1.63' over port 2294.
09-22-2015 10:20:31 tfb-lib      DEBUG    Executing command 'echo 2iko.8gas|sudo -S -p '' /etc/init.d/replicator restart' on remote host.
09-22-2015 10:20:36 tfb-lib      DEBUG    Replicator process is going to restart on TFB 'auto-tfb30-01'. Waiting 60 seconds.
09-22-2015 10:22:36 tfb-lib      DEBUG    Validate availability of TFB 'auto-tfb30-01'.
09-22-2015 10:22:36 tfb-lib      DEBUG    First of all check is replicator running.
09-22-2015 10:22:36 tfb-lib      DEBUG    Will check process id for 'replicator' process on TFB 'auto-tfb30-01'.
09-22-2015 10:22:36 tfb-lib      DEBUG    Connecting with SSH to the host: '10.25.1.63' over port 2294.
09-22-2015 10:22:37 tfb-lib      DEBUG    Executing command 'pidof replicator' on remote host.
09-22-2015 10:22:37 tfb-lib      DEBUG    Got process ID for replicator: 2694.
09-22-2015 10:22:37 tfb-lib      DEBUG    Connecting with SSH to the host: '10.25.1.63' over port 2294.
09-22-2015 10:22:38 tfb-lib      DEBUG    Executing command 'cmd diag config' on remote host.
09-22-2015 10:22:38 tfb-lib      DEBUG    Got expected result from command 'cmd diag config'.
09-22-2015 10:22:38 tfb-lib      DEBUG    Owner ID from 'diag config' retrived as '54c7b9b883b37d1421d465b9'.
09-22-2015 10:22:38 tfb-lib      DEBUG    TFB 'auto-tfb30-01' was successfully claimed with CS call.
09-22-2015 10:22:38 tfb-lib      DEBUG    Rename TFB.
09-22-2015 10:22:38 cs-lib       DEBUG    Rename device to 'auto-tfb30-01'.
09-22-2015 10:22:39 S360         DEBUG    TFB 'auto-tfb30-01' was successfully claimed.
09-22-2015 10:22:39 tfb-lib      DEBUG    Will read information from config file 'auto-tfb15-01.target'.
09-22-2015 10:22:39 tfb-lib      DEBUG    Validate availability of TFB 'auto-tfb15-01'.
09-22-2015 10:22:39 tfb-lib      DEBUG    First of all check is replicator running.
09-22-2015 10:22:39 tfb-lib      DEBUG    Will check process id for 'replicator' process on TFB 'auto-tfb15-01'.
09-22-2015 10:22:39 tfb-lib      DEBUG    Connecting with SSH to the host: '10.25.1.82' over port 2226.
09-22-2015 10:22:40 tfb-lib      DEBUG    Executing command 'pidof replicator' on remote host.
09-22-2015 10:22:40 tfb-lib      DEBUG    Got process ID for replicator: 5358.
09-22-2015 10:22:40 tfb-lib      DEBUG    Connecting with SSH to the host: '10.25.1.82' over port 2226.
09-22-2015 10:22:41 tfb-lib      DEBUG    Executing command 'cmd diag config' on remote host.
09-22-2015 10:22:41 tfb-lib      DEBUG    Got expected result from command 'cmd diag config'.
09-22-2015 10:22:41 tfb-lib      DEBUG    Owner ID from 'diag config' retrived as '000000000000000000000000'.
09-22-2015 10:22:41 tfb-lib      DEBUG    First of all check is replicator running.
09-22-2015 10:22:41 tfb-lib      DEBUG    Will check process id for 'replicator' process on TFB 'auto-tfb15-01'.
09-22-2015 10:22:41 tfb-lib      DEBUG    Connecting with SSH to the host: '10.25.1.82' over port 2226.
09-22-2015 10:22:41 tfb-lib      DEBUG    Executing command 'pidof replicator' on remote host.
09-22-2015 10:22:42 tfb-lib      DEBUG    Got process ID for replicator: 5358.
09-22-2015 10:22:42 tfb-lib      DEBUG    Connecting with SSH to the host: '10.25.1.82' over port 2226.
09-22-2015 10:22:42 tfb-lib      DEBUG    Executing command 'cmd diag config' on remote host.
09-22-2015 10:22:43 tfb-lib      DEBUG    Got expected result from command 'cmd diag config'.
09-22-2015 10:22:43 tfb-lib      DEBUG    Device ID from 'diag config' retrived as '5490a7b0a01f46b8350000e2'.
09-22-2015 10:22:43 cs-lib       DEBUG    Attempting to claim device '5490a7b0a01f46b8350000e2' by user '54c7b9b883b37d1421d465b9'.
09-22-2015 10:22:44 cs-lib       DEBUG    Device with ID '5490a7b0a01f46b8350000e2' was successfully claimed.
09-22-2015 10:22:44 tfb-lib      DEBUG    Connecting with SSH to the host: '10.25.1.82' over port 2226.
09-22-2015 10:22:44 tfb-lib      DEBUG    Executing command 'echo 2iko.8gas|sudo -S -p '' /etc/init.d/replicator restart' on remote host.
09-22-2015 10:22:49 tfb-lib      DEBUG    Replicator process is going to restart on TFB 'auto-tfb15-01'. Waiting 60 seconds.
09-22-2015 10:24:49 tfb-lib      DEBUG    Validate availability of TFB 'auto-tfb15-01'.
09-22-2015 10:24:49 tfb-lib      DEBUG    First of all check is replicator running.
09-22-2015 10:24:49 tfb-lib      DEBUG    Will check process id for 'replicator' process on TFB 'auto-tfb15-01'.
09-22-2015 10:24:49 tfb-lib      DEBUG    Connecting with SSH to the host: '10.25.1.82' over port 2226.
09-22-2015 10:24:49 tfb-lib      DEBUG    Executing command 'pidof replicator' on remote host.
09-22-2015 10:24:50 tfb-lib      DEBUG    Got process ID for replicator: 9512.
09-22-2015 10:24:50 tfb-lib      DEBUG    Connecting with SSH to the host: '10.25.1.82' over port 2226.
09-22-2015 10:24:50 tfb-lib      DEBUG    Executing command 'cmd diag config' on remote host.
09-22-2015 10:24:51 tfb-lib      DEBUG    Got expected result from command 'cmd diag config'.
09-22-2015 10:24:51 tfb-lib      DEBUG    Owner ID from 'diag config' retrived as '54c7b9b883b37d1421d465b9'.
09-22-2015 10:24:51 tfb-lib      DEBUG    TFB 'auto-tfb15-01' was successfully claimed with CS call.
09-22-2015 10:24:51 tfb-lib      DEBUG    Rename TFB.
09-22-2015 10:24:51 cs-lib       DEBUG    Rename device to 'auto-tfb15-01'.
09-22-2015 10:24:52 S360         DEBUG    TFB 'auto-tfb15-01' was claimed.
09-22-2015 10:24:52 client-lib   DEBUG    Will read information from config file 'win7x64-01.cfg'.
09-22-2015 10:24:52 client-lib   DEBUG    Getting OS on 'win7x64-01'.
09-22-2015 10:24:52 client-lib   DEBUG    Computer 'win7x64-01' (IP address 172.18.34.169) is running Windows.
09-22-2015 10:24:52 cs-lib       DEBUG    Will create pool 'AUTO_S360-01'.
09-22-2015 10:24:52 cs-lib       DEBUG    Attempting to create pool.
09-22-2015 10:24:53 cs-lib       DEBUG    Pool 'AUTO_S360-01' was successfully created.
09-22-2015 10:24:53 cs-lib       DEBUG    Pool 'AUTO_S360-01' successfully created. Pool ID is '56018ee562f16bf51b7b23c6'.
09-22-2015 10:24:53 cs-lib       DEBUG    Attempt to send invitation to the pool.
09-22-2015 10:24:53 cs-lib       DEBUG    Invitation was successfully send.
09-22-2015 10:24:53 cs-lib       DEBUG    Invitation '56018ee5b7d99aea7c0b398b' for pool 'AUTO_S360-01' was send to the used with ID '55dcd3d8bc05399c6d7b23c9'.
09-22-2015 10:24:53 cs-lib       DEBUG    Attempt to reply to the pool invitation.
09-22-2015 10:24:53 cs-lib       DEBUG    Will accept invitation.
09-22-2015 10:24:54 cs-lib       DEBUG    Successfully replyed to the invitation.
09-22-2015 10:24:54 cs-lib       DEBUG    Invitation was successfully accepted.
09-22-2015 10:24:54 S360         DEBUG    Pool 'AUTO_S360-01' was successfully setup. It has ID '56018ee562f16bf51b7b23c6'.
09-22-2015 10:24:54 tfb-lib      DEBUG    Will read information from config file 'auto-tfb30-01.target'.
09-22-2015 10:24:54 tfb-lib      DEBUG    Checking for actual pool name on device by pool ID, which is 56018ee562f16bf51b7b23c6
09-22-2015 10:24:54 tfb-lib      DEBUG    Connecting with SSH to the host: '10.25.1.63' over port 2294.
09-22-2015 10:24:54 tfb-lib      DEBUG    Executing command 'cmd pools|grep "Pool:"' on remote host.
09-22-2015 10:24:55 tfb-lib      WARNING  Cannot find pool with ID '56018ee562f16bf51b7b23c6' on TFB 'auto-tfb30-01'. Will wait 60 seconds.
09-22-2015 10:25:55 tfb-lib      DEBUG    Connecting with SSH to the host: '10.25.1.63' over port 2294.
09-22-2015 10:25:58 tfb-lib      DEBUG    Executing command 'cmd pools|grep "Pool:"' on remote host.
09-22-2015 10:25:59 tfb-lib      DEBUG    Found pool with ID '56018ee562f16bf51b7b23c6' on TFB 'auto-tfb30-01'.
09-22-2015 10:25:59 tfb-lib      DEBUG    It took less than 120 to create pool '56018ee562f16bf51b7b23c6 on TFB 'auto-tfb30-01'.
09-22-2015 10:25:59 tfb-lib      DEBUG    Pool with ID '56018ee562f16bf51b7b23c6' created with actual name 'AUTO_S360-01'.
09-22-2015 10:25:59 S360         DEBUG    Pool AUTO_S360-01'was created on TFB 'auto-tfb30-01'.
09-22-2015 10:25:59 tfb-lib      DEBUG    Will read information from config file 'auto-tfb15-01.target'.
09-22-2015 10:25:59 tfb-lib      DEBUG    Checking for actual pool name on device by pool ID, which is 56018ee562f16bf51b7b23c6
09-22-2015 10:25:59 tfb-lib      DEBUG    Connecting with SSH to the host: '10.25.1.82' over port 2226.
09-22-2015 10:26:00 tfb-lib      DEBUG    Executing command 'cmd pools|grep "Pool:"' on remote host.
09-22-2015 10:26:01 tfb-lib      DEBUG    Found pool with ID '56018ee562f16bf51b7b23c6' on TFB 'auto-tfb15-01'.
09-22-2015 10:26:01 tfb-lib      DEBUG    It took less than 60 to create pool '56018ee562f16bf51b7b23c6 on TFB 'auto-tfb15-01'.
09-22-2015 10:26:01 tfb-lib      DEBUG    Pool with ID '56018ee562f16bf51b7b23c6' created with actual name 'AUTO_S360-01'.
09-22-2015 10:26:01 S360         DEBUG    Pool AUTO_S360-01'was created on TFB 'auto-tfb15-01'.
09-22-2015 10:26:01 S360         DEBUG    Waiting for pool 'AUTO_S360-01' to get populated on client 'win7x64-01'.
09-22-2015 10:26:01 client-lib   DEBUG    Check if 'AUTO_S360-01' exists and it is directory.
09-22-2015 10:26:01 client-lib   DEBUG    Pool's directory path will be 'C:\Users\automation\Transporter\AUTO_S360-01'.
09-22-2015 10:26:01 S360         WARNING  Pool 'AUTO_S360-01' doesn't exist on client 'win7x64-01' after 60 seconds.
09-22-2015 10:27:01 client-lib   DEBUG    Check if 'AUTO_S360-01' exists and it is directory.
09-22-2015 10:27:01 client-lib   DEBUG    Pool's directory path will be 'C:\Users\automation\Transporter\AUTO_S360-01'.
09-22-2015 10:27:02 S360         WARNING  Pool 'AUTO_S360-01' doesn't exist on client 'win7x64-01' after 120 seconds.
09-22-2015 10:28:02 client-lib   DEBUG    Check if 'AUTO_S360-01' exists and it is directory.
09-22-2015 10:28:02 client-lib   DEBUG    Pool's directory path will be 'C:\Users\automation\Transporter\AUTO_S360-01'.
09-22-2015 10:28:02 S360         WARNING  Pool 'AUTO_S360-01' doesn't exist on client 'win7x64-01' after 180 seconds.
